{"target": -15.747043788028625, "params": {"omega": 0.0, "theta": 10.0, "u": 0.0, "v": 8.54691252827581, "x": 7.690254396139949, "y": 11.497865594389532}, "datetime": {"datetime": "2023-04-17 13:18:35", "elapsed": 7550.450664, "delta": 10.688816}}
{"target": -14.781785127168352, "params": {"omega": 0.009405097237999871, "theta": 9.994796660602725, "u": 0.08631602562103546, "v": 5.535894183282269, "x": 9.657866333746188, "y": 9.453595977386996}, "datetime": {"datetime": "2023-04-17 13:18:41", "elapsed": 7556.188006, "delta": 5.737342}}
{"target": -10000.0, "params": {"omega": 0.9278046951394858, "theta": 9.929001398832881, "u": 0.12615297493124622, "v": 0.007820265136412319, "x": 8.962452634935424, "y": 5.060453071215621}, "datetime": {"datetime": "2023-04-17 13:18:43", "elapsed": 7558.13239, "delta": 1.944384}}
{"target": -25.408804048150998, "params": {"omega": 0.0, "theta": 10.0, "u": 1.0, "v": 8.296879259285236, "x": 6.91135839165146, "y": 5.0}, "datetime": {"datetime": "2023-04-17 13:18:49", "elapsed": 7564.596124, "delta": 6.463734}}
{"target": -14.687674342585648, "params": {"omega": 0.0, "theta": 10.0, "u": 0.0, "v": 10.0, "x": 8.091712172259586, "y": 7.44824443315947}, "datetime": {"datetime": "2023-04-17 13:19:00", "elapsed": 7574.90265, "delta": 10.306526}}
{"target": -24.942421349142705, "params": {"omega": 0.0, "theta": 10.0, "u": 1.0, "v": 7.662804163643293, "x": 6.251051526252938, "y": 11.066492536280078}, "datetime": {"datetime": "2023-04-17 13:19:05", "elapsed": 7580.76862, "delta": 5.86597}}
{"target": -25.53541460353292, "params": {"omega": 0.0, "theta": 10.0, "u": 1.0, "v": 10.0, "x": 5.0, "y": 6.736924272567607}, "datetime": {"datetime": "2023-04-17 13:19:11", "elapsed": 7586.760699, "delta": 5.992079}}
{"target": -66.59165121730494, "params": {"omega": 0.0, "theta": 7.996742443549394, "u": 1.0, "v": 0.0, "x": 10.123939325483935, "y": 7.101627059438158}, "datetime": {"datetime": "2023-04-17 13:19:40", "elapsed": 7615.13381, "delta": 28.373111}}
{"target": -23.108950240268864, "params": {"omega": 0.04377142947365287, "theta": 9.997987657987878, "u": 0.8803178523222576, "v": 4.5704837139156425, "x": 8.201811779804125, "y": 6.798599680937624}, "datetime": {"datetime": "2023-04-17 13:19:46", "elapsed": 7621.1211, "delta": 5.98729}}
{"target": -5000.0, "params": {"omega": 0.0, "theta": 0.0, "u": 1.0, "v": 10.0, "x": 15.0, "y": 15.0}, "datetime": {"datetime": "2023-04-17 13:20:35", "elapsed": 7670.508675, "delta": 49.387575}}
{"target": -10000.0, "params": {"omega": 1.0, "theta": 3.61229922963571, "u": 1.0, "v": 0.0, "x": 9.830375035262586, "y": 15.0}, "datetime": {"datetime": "2023-04-17 13:20:37", "elapsed": 7671.986991, "delta": 1.478316}}
{"target": -31.644276099041686, "params": {"omega": 0.0, "theta": 5.62423093772535, "u": 1.0, "v": 8.413031777591389, "x": 12.871231152444777, "y": 5.0}, "datetime": {"datetime": "2023-04-17 13:20:43", "elapsed": 7678.36792, "delta": 6.380929}}
{"target": -14.579855744757534, "params": {"omega": 0.0, "theta": 3.2139027364581416, "u": 0.0, "v": 7.266855684071004, "x": 10.229923720900823, "y": 15.0}, "datetime": {"datetime": "2023-04-17 13:20:53", "elapsed": 7688.333949, "delta": 9.966029}}
{"target": -16.200404582681728, "params": {"omega": 0.09692329831014734, "theta": 9.913965787564816, "u": 0.0064444771556730895, "v": 8.298254287970245, "x": 5.64724656258977, "y": 8.90575915551869}, "datetime": {"datetime": "2023-04-17 13:21:01", "elapsed": 7696.673763, "delta": 8.339814}}
{"target": -25.327258761512155, "params": {"omega": 0.0, "theta": 10.0, "u": 1.0, "v": 2.198054648772619, "x": 8.35499980331577, "y": 10.376995863607727}, "datetime": {"datetime": "2023-04-17 13:21:09", "elapsed": 7704.425708, "delta": 7.751945}}
{"target": -15.552966540697984, "params": {"omega": 0.0, "theta": 2.9458920654889993, "u": 0.0, "v": 10.0, "x": 8.21052917311083, "y": 8.836552011162512}, "datetime": {"datetime": "2023-04-17 13:21:19", "elapsed": 7714.567486, "delta": 10.141778}}
{"target": -17.9359555078339, "params": {"omega": 0.0, "theta": 10.0, "u": 0.0, "v": 10.0, "x": 5.0, "y": 8.661505686155722}, "datetime": {"datetime": "2023-04-17 13:21:30", "elapsed": 7725.025987, "delta": 10.458501}}
{"target": -62.55073167963069, "params": {"omega": 0.004653765994048653, "theta": 1.28677112154451, "u": 0.5742913549859197, "v": 9.98344280875458, "x": 9.52681539993062, "y": 8.73812262753003}, "datetime": {"datetime": "2023-04-17 13:21:38", "elapsed": 7733.439002, "delta": 8.413015}}
{"target": -48.52796425833517, "params": {"omega": 0.0, "theta": 2.896194401293929, "u": 1.0, "v": 8.88759886336625, "x": 9.684919631400875, "y": 8.529934579650194}, "datetime": {"datetime": "2023-04-17 13:21:45", "elapsed": 7740.8062, "delta": 7.367198}}
{"target": -16.602974926560986, "params": {"omega": 0.0, "theta": 2.7844463732045623, "u": 0.0, "v": 10.0, "x": 10.193585498043705, "y": 9.506887241023595}, "datetime": {"datetime": "2023-04-17 13:21:55", "elapsed": 7750.689252, "delta": 9.883052}}
{"target": -10000.0, "params": {"omega": 1.0, "theta": 2.090911377658497, "u": 0.0, "v": 8.945393961166232, "x": 9.122915853719466, "y": 9.209567478326038}, "datetime": {"datetime": "2023-04-17 13:22:09", "elapsed": 7763.946292, "delta": 13.25704}}
{"target": -54.7446350868796, "params": {"omega": 0.0, "theta": 2.4076345332585967, "u": 1.0, "v": 10.0, "x": 10.878078412856548, "y": 8.18062621307401}, "datetime": {"datetime": "2023-04-17 13:22:16", "elapsed": 7771.777677, "delta": 7.831385}}
{"target": -15.679587499563564, "params": {"omega": 0.0, "theta": 10.0, "u": 0.0, "v": 7.254100126105316, "x": 9.868605267321058, "y": 8.889670770781384}, "datetime": {"datetime": "2023-04-17 13:22:27", "elapsed": 7782.8282, "delta": 11.050523}}
{"target": -5000.0, "params": {"omega": 0.2139618066259409, "theta": 3.5500889434855476, "u": 0.44238596058257607, "v": 9.962261725404362, "x": 9.848663020613982, "y": 8.086384679685294}, "datetime": {"datetime": "2023-04-17 13:23:21", "elapsed": 7836.013636, "delta": 53.185436}}
{"target": -5000.0, "params": {"omega": 0.2357817301100319, "theta": 0.18944589810777734, "u": 0.9779541756651912, "v": 9.618541084763901, "x": 10.914369969456313, "y": 7.4482932026727156}, "datetime": {"datetime": "2023-04-17 13:24:08", "elapsed": 7883.728996, "delta": 47.71536}}
{"target": -16.054654717498277, "params": {"omega": 0.0, "theta": 6.422079013645227, "u": 0.0, "v": 6.2783992483293805, "x": 13.164835495729598, "y": 5.0}, "datetime": {"datetime": "2023-04-17 13:24:19", "elapsed": 7894.297186, "delta": 10.56819}}
{"target": -60.064612266785446, "params": {"omega": 0.0, "theta": 1.997897120033805, "u": 1.0, "v": 10.0, "x": 10.762873330933203, "y": 9.847272016681831}, "datetime": {"datetime": "2023-04-17 13:24:27", "elapsed": 7902.291475, "delta": 7.994289}}
{"target": -25.06375935641652, "params": {"omega": 0.0, "theta": 10.0, "u": 1.0, "v": 8.521204918539576, "x": 7.422343123484294, "y": 8.84922119373017}, "datetime": {"datetime": "2023-04-17 13:24:33", "elapsed": 7908.099836, "delta": 5.808361}}
{"target": -25.146232331143437, "params": {"omega": 0.0, "theta": 10.0, "u": 1.0, "v": 10.0, "x": 7.290933615517351, "y": 15.0}, "datetime": {"datetime": "2023-04-17 13:24:38", "elapsed": 7913.716875, "delta": 5.617039}}
{"target": -14.963171492062417, "params": {"omega": 0.0, "theta": 5.530702116066424, "u": 0.0, "v": 10.0, "x": 11.456701121801716, "y": 15.0}, "datetime": {"datetime": "2023-04-17 13:24:49", "elapsed": 7924.179506, "delta": 10.462631}}
{"target": -16.898559703363865, "params": {"omega": 0.0, "theta": 10.0, "u": 0.0, "v": 10.0, "x": 9.717471021818776, "y": 15.0}, "datetime": {"datetime": "2023-04-17 13:24:59", "elapsed": 7934.241936, "delta": 10.06243}}
{"target": -63.326586728649325, "params": {"omega": 0.0, "theta": 1.8289250927876215, "u": 1.0, "v": 10.0, "x": 7.5877621933598425, "y": 7.907096176381831}, "datetime": {"datetime": "2023-04-17 13:25:06", "elapsed": 7941.849204, "delta": 7.607268}}
{"target": -48.8354824061877, "params": {"omega": 0.0, "theta": 2.918332013236188, "u": 1.0, "v": 10.0, "x": 7.038309686098546, "y": 5.0}, "datetime": {"datetime": "2023-04-17 13:25:14", "elapsed": 7948.935605, "delta": 7.086401}}
{"target": -53.26124364283689, "params": {"omega": 0.0, "theta": 2.532490330068721, "u": 1.0, "v": 8.037259512719032, "x": 6.601590222695071, "y": 5.0}, "datetime": {"datetime": "2023-04-17 13:25:21", "elapsed": 7956.560523, "delta": 7.624918}}
{"target": -46.69148544579607, "params": {"omega": 0.0, "theta": 3.083842867445532, "u": 1.0, "v": 8.718159297067963, "x": 7.689673142280446, "y": 6.621077995902483}, "datetime": {"datetime": "2023-04-17 13:25:29", "elapsed": 7964.073688, "delta": 7.513165}}
{"target": -25.207825890408582, "params": {"omega": 0.0, "theta": 10.0, "u": 1.0, "v": 2.560944886367193, "x": 9.45573250633234, "y": 6.4911422530079115}, "datetime": {"datetime": "2023-04-17 13:25:35", "elapsed": 7970.642533, "delta": 6.568845}}
{"target": -13.759611012746166, "params": {"omega": 0.0, "theta": 10.0, "u": 0.0, "v": 10.0, "x": 6.106451829287967, "y": 15.0}, "datetime": {"datetime": "2023-04-17 13:25:44", "elapsed": 7979.607381, "delta": 8.964848}}
{"target": -49.931751042268786, "params": {"omega": 0.0, "theta": 2.867966692351383, "u": 1.0, "v": 9.370280914911458, "x": 5.0, "y": 5.0}, "datetime": {"datetime": "2023-04-17 13:25:52", "elapsed": 7986.957617, "delta": 7.350236}}
{"target": -5000.0, "params": {"omega": 0.16401745259876277, "theta": 1.8201599851681372, "u": 0.34317684394247083, "v": 9.033982199269232, "x": 6.455303267783002, "y": 6.069539797993252}, "datetime": {"datetime": "2023-04-17 13:26:43", "elapsed": 8038.226357, "delta": 51.26874}}
{"target": -5000.0, "params": {"omega": 0.8777297714423686, "theta": 3.3052412948162324, "u": 0.9715352342464899, "v": 8.673662261889447, "x": 7.886305629694991, "y": 5.051670967148353}, "datetime": {"datetime": "2023-04-17 13:27:33", "elapsed": 8088.701075, "delta": 50.474718}}
{"target": -25.50943463294714, "params": {"omega": 0.11072815847876616, "theta": 9.982572162148514, "u": 0.3831369210278516, "v": 8.676139882061145, "x": 7.730596968387679, "y": 14.634451316334905}, "datetime": {"datetime": "2023-04-17 13:27:39", "elapsed": 8094.089132, "delta": 5.388057}}
{"target": -18.67449835357095, "params": {"omega": 0.0, "theta": 3.578391058125681, "u": 0.0, "v": 7.926794415918481, "x": 8.49406307530591, "y": 15.0}, "datetime": {"datetime": "2023-04-17 13:27:49", "elapsed": 8104.564642, "delta": 10.47551}}
{"target": -46.716721775516504, "params": {"omega": 0.0, "theta": 3.0023652779168954, "u": 1.0, "v": 8.510793499878655, "x": 11.45924642177872, "y": 9.229625149143645}, "datetime": {"datetime": "2023-04-17 13:27:57", "elapsed": 8112.095404, "delta": 7.530762}}
{"target": -27.013866180307417, "params": {"omega": 0.010428233670268017, "theta": 4.16109294489978, "u": 0.6336948610036232, "v": 7.63440618181963, "x": 6.839935316048642, "y": 8.02855151981832}, "datetime": {"datetime": "2023-04-17 13:28:03", "elapsed": 8118.437977, "delta": 6.342573}}
{"target": -36.93874205404079, "params": {"omega": 0.0, "theta": 4.201678088677431, "u": 1.0, "v": 6.595690056399967, "x": 5.0, "y": 7.823194249245967}, "datetime": {"datetime": "2023-04-17 13:28:10", "elapsed": 8125.662101, "delta": 7.224124}}
{"target": -88.2422897838408, "params": {"omega": 0.10117296693410249, "theta": 4.420707619756417, "u": 0.8530396767250995, "v": 7.672132281136548, "x": 5.082646808860724, "y": 5.142426947278942}, "datetime": {"datetime": "2023-04-17 13:28:18", "elapsed": 8133.437771, "delta": 7.77567}}
{"target": -41.44376396909805, "params": {"omega": 0.0, "theta": 3.648320006598215, "u": 1.0, "v": 6.992850875412106, "x": 6.3111919968110195, "y": 6.243963391528885}, "datetime": {"datetime": "2023-04-17 13:28:25", "elapsed": 8140.703473, "delta": 7.265702}}
{"target": -51.84482962081556, "params": {"omega": 0.0, "theta": 2.6185670767859515, "u": 1.0, "v": 7.129186810606315, "x": 5.0, "y": 5.0}, "datetime": {"datetime": "2023-04-17 13:28:33", "elapsed": 8148.461898, "delta": 7.758425}}
{"target": -5000.0, "params": {"omega": 0.0, "theta": 0.0, "u": 0.0, "v": 4.83806291574422, "x": 5.0, "y": 15.0}, "datetime": {"datetime": "2023-04-17 13:30:09", "elapsed": 8243.952244, "delta": 95.490346}}
{"target": -14.914689439039066, "params": {"omega": 0.0, "theta": 4.034840108340818, "u": 0.0, "v": 10.0, "x": 6.928709808067184, "y": 10.339057330634352}, "datetime": {"datetime": "2023-04-17 13:30:19", "elapsed": 8254.315081, "delta": 10.362837}}
{"target": -19.58742132201332, "params": {"omega": 0.0, "theta": 10.0, "u": 0.0, "v": 8.265878488588276, "x": 11.010200617082594, "y": 15.0}, "datetime": {"datetime": "2023-04-17 13:30:29", "elapsed": 8264.683249, "delta": 10.368168}}
{"target": -53.97572026773919, "params": {"omega": 0.0, "theta": 2.4753998859100403, "u": 1.0, "v": 7.403600374322696, "x": 5.0, "y": 7.884848783586624}, "datetime": {"datetime": "2023-04-17 13:30:38", "elapsed": 8272.886391, "delta": 8.203142}}
{"target": -18.194329075810487, "params": {"omega": 0.0, "theta": 10.0, "u": 0.0, "v": 6.411717815592827, "x": 5.0, "y": 11.121062313211981}, "datetime": {"datetime": "2023-04-17 13:30:49", "elapsed": 8283.865577, "delta": 10.979186}}
{"target": -5000.0, "params": {"omega": 0.0, "theta": 10.0, "u": 0.0, "v": 0.0, "x": 15.0, "y": 15.0}, "datetime": {"datetime": "2023-04-17 13:32:30", "elapsed": 8385.387812, "delta": 101.522235}}
{"target": -15.908746229648415, "params": {"omega": 0.0, "theta": 10.0, "u": 0.0, "v": 10.0, "x": 7.690914176349455, "y": 13.304849396744531}, "datetime": {"datetime": "2023-04-17 13:32:41", "elapsed": 8396.025347, "delta": 10.637535}}
{"target": -41.09789333860803, "params": {"omega": 0.0, "theta": 3.715823458941303, "u": 1.0, "v": 10.0, "x": 7.395069181302718, "y": 8.01478826238883}, "datetime": {"datetime": "2023-04-17 13:32:48", "elapsed": 8403.193325, "delta": 7.167978}}
{"target": -15.894933398123591, "params": {"omega": 0.0, "theta": 10.0, "u": 0.0, "v": 5.969295718308419, "x": 6.0756820578599555, "y": 12.206530959790786}, "datetime": {"datetime": "2023-04-17 13:32:58", "elapsed": 8413.287829, "delta": 10.094504}}
{"target": -5000.0, "params": {"omega": 0.08229141543773133, "theta": 2.6985913410729845, "u": 0.9775196845970688, "v": 8.947334142727781, "x": 6.5667360983377145, "y": 9.022982974496186}, "datetime": {"datetime": "2023-04-17 13:33:48", "elapsed": 8463.749908, "delta": 50.462079}}
{"target": -14.531185378184624, "params": {"omega": 0.0, "theta": 10.0, "u": 0.0, "v": 3.959074899619864, "x": 8.382809929775306, "y": 8.881210434872276}, "datetime": {"datetime": "2023-04-17 13:33:59", "elapsed": 8473.925228, "delta": 10.17532}}
{"target": -33.52574551166126, "params": {"omega": 0.0, "theta": 4.884401225092653, "u": 1.0, "v": 7.86586217398083, "x": 8.599295833891963, "y": 7.454922489859641}, "datetime": {"datetime": "2023-04-17 13:34:05", "elapsed": 8480.49308, "delta": 6.567852}}
{"target": -67.11594488418818, "params": {"omega": 0.0, "theta": 7.0780983454044675, "u": 1.0, "v": 0.0, "x": 9.911680405895178, "y": 9.927194913881468}, "datetime": {"datetime": "2023-04-17 13:34:35", "elapsed": 8510.611718, "delta": 30.118638}}
{"target": -13.903528132583677, "params": {"omega": 0.0, "theta": 3.4740833765010213, "u": 0.0, "v": 8.06130883984085, "x": 5.742071371775639, "y": 5.0}, "datetime": {"datetime": "2023-04-17 13:34:46", "elapsed": 8520.931722, "delta": 10.320004}}
{"target": -5000.0, "params": {"omega": 0.0, "theta": 0.0, "u": 1.0, "v": 6.419348460933045, "x": 5.0, "y": 8.307211125782791}, "datetime": {"datetime": "2023-04-17 13:35:34", "elapsed": 8569.584923, "delta": 48.653201}}
{"target": -10000.0, "params": {"omega": 1.0, "theta": 3.4492814174680566, "u": 0.0, "v": 6.91413465679338, "x": 5.0, "y": 6.62358382443739}, "datetime": {"datetime": "2023-04-17 13:35:44", "elapsed": 8579.179299, "delta": 9.594376}}
{"target": -24.557067138986778, "params": {"omega": 0.0, "theta": 10.0, "u": 1.0, "v": 1.6390223955627752, "x": 7.556766621816497, "y": 7.373419564011712}, "datetime": {"datetime": "2023-04-17 13:35:51", "elapsed": 8586.292013, "delta": 7.112714}}
{"target": -22.917173823251115, "params": {"omega": 0.0, "theta": 2.996870389471066, "u": 0.0, "v": 7.779709723780949, "x": 11.937347048307744, "y": 11.124444248191804}, "datetime": {"datetime": "2023-04-17 13:36:01", "elapsed": 8596.446566, "delta": 10.154553}}
{"target": -33.507088016930496, "params": {"omega": 0.0, "theta": 4.8326718810968226, "u": 1.0, "v": 6.742234397722734, "x": 5.0, "y": 9.469555106848206}, "datetime": {"datetime": "2023-04-17 13:36:08", "elapsed": 8603.368379, "delta": 6.921813}}
{"target": -42.72626063831902, "params": {"omega": 0.0, "theta": 3.404994089191848, "u": 1.0, "v": 6.872224743578491, "x": 8.18793779351258, "y": 7.397102587236517}, "datetime": {"datetime": "2023-04-17 13:36:15", "elapsed": 8610.396312, "delta": 7.027933}}
{"target": -25.006824392292327, "params": {"omega": 0.0, "theta": 10.0, "u": 1.0, "v": 2.3768490707091523, "x": 5.0, "y": 15.0}, "datetime": {"datetime": "2023-04-17 13:36:22", "elapsed": 8617.336513, "delta": 6.940201}}
{"target": -40.96063809204979, "params": {"omega": 0.0, "theta": 3.609948442784875, "u": 1.0, "v": 7.507124803065068, "x": 10.34265471082462, "y": 7.861480281564637}, "datetime": {"datetime": "2023-04-17 13:36:29", "elapsed": 8624.719561, "delta": 7.383048}}
{"target": -32.73401684304625, "params": {"omega": 0.0, "theta": 5.1503169748530295, "u": 1.0, "v": 6.718899310821855, "x": 6.979229372648344, "y": 7.247989653733802}, "datetime": {"datetime": "2023-04-17 13:36:36", "elapsed": 8631.834175, "delta": 7.114614}}
{"target": -36.57940291332548, "params": {"omega": 0.0, "theta": 4.436899745585546, "u": 1.0, "v": 10.0, "x": 5.8095250516635835, "y": 5.0}, "datetime": {"datetime": "2023-04-17 13:36:43", "elapsed": 8638.134414, "delta": 6.300239}}
{"target": -25.221482518130713, "params": {"omega": 0.0, "theta": 10.0, "u": 1.0, "v": 10.0, "x": 10.354195720617932, "y": 6.389746331246587}, "datetime": {"datetime": "2023-04-17 13:36:48", "elapsed": 8643.809128, "delta": 5.674714}}
{"target": -10000.0, "params": {"omega": 1.0, "theta": 10.0, "u": 1.0, "v": 0.0, "x": 15.0, "y": 5.0}, "datetime": {"datetime": "2023-04-17 13:36:50", "elapsed": 8645.600613, "delta": 1.791485}}
{"target": -41.35566995052824, "params": {"omega": 0.0, "theta": 3.5283610049222527, "u": 1.0, "v": 6.290342907673919, "x": 6.300657873965613, "y": 8.642337845152722}, "datetime": {"datetime": "2023-04-17 13:36:58", "elapsed": 8653.267688, "delta": 7.667075}}
{"target": -25.992309321218663, "params": {"omega": 0.0, "theta": 8.753834834969926, "u": 1.0, "v": 7.809863076396118, "x": 5.0, "y": 10.822695273141198}, "datetime": {"datetime": "2023-04-17 13:37:05", "elapsed": 8659.88348, "delta": 6.615792}}
{"target": -5000.0, "params": {"omega": 0.0, "theta": 0.0, "u": 1.0, "v": 6.846277871767862, "x": 5.0, "y": 5.0}, "datetime": {"datetime": "2023-04-17 13:37:50", "elapsed": 8705.75577, "delta": 45.87229}}
{"target": -5000.0, "params": {"omega": 0.0, "theta": 0.0, "u": 1.0, "v": 10.0, "x": 15.0, "y": 8.845294635509239}, "datetime": {"datetime": "2023-04-17 13:38:38", "elapsed": 8752.995775, "delta": 47.240005}}
{"target": -38.101541330143036, "params": {"omega": 0.16367685227420292, "theta": 9.950359897485006, "u": 0.9495394693988216, "v": 8.556861929101363, "x": 5.480282858199334, "y": 7.293898933664882}, "datetime": {"datetime": "2023-04-17 13:38:43", "elapsed": 8758.466853, "delta": 5.471078}}
{"target": -38.48747961474248, "params": {"omega": 0.0, "theta": 4.030852931733647, "u": 1.0, "v": 8.422795289713559, "x": 6.261991143502747, "y": 5.0}, "datetime": {"datetime": "2023-04-17 13:38:50", "elapsed": 8765.555502, "delta": 7.088649}}
{"target": -26.23214312897459, "params": {"omega": 0.0, "theta": 8.429091350688749, "u": 1.0, "v": 1.5884239977226635, "x": 8.513493580519578, "y": 11.416484409976452}, "datetime": {"datetime": "2023-04-17 13:38:58", "elapsed": 8773.405377, "delta": 7.849875}}
{"target": -27.487873968120592, "params": {"omega": 0.0, "theta": 6.506107518407052, "u": 1.0, "v": 3.111084409442287, "x": 13.544863936564962, "y": 11.326540794670157}, "datetime": {"datetime": "2023-04-17 13:39:05", "elapsed": 8780.054766, "delta": 6.649389}}
{"target": -29.921686091574365, "params": {"omega": 0.0, "theta": 6.422899829119842, "u": 1.0, "v": 7.039767292375333, "x": 5.0, "y": 8.097232097647145}, "datetime": {"datetime": "2023-04-17 13:39:11", "elapsed": 8786.310638, "delta": 6.255872}}
{"target": -18.285345837388487, "params": {"omega": 0.0, "theta": 2.460351964258153, "u": 0.0, "v": 8.017200111148219, "x": 15.0, "y": 5.0}, "datetime": {"datetime": "2023-04-17 13:39:21", "elapsed": 8796.650038, "delta": 10.3394}}
{"target": -1243.1937217091663, "params": {"omega": 0.0, "theta": 0.0, "u": 1.0, "v": 7.391194633388328, "x": 15.0, "y": 5.0}, "datetime": {"datetime": "2023-04-17 13:40:09", "elapsed": 8844.349865, "delta": 47.699827}}
{"target": -28.616804188743725, "params": {"omega": 0.0, "theta": 6.758784739601781, "u": 1.0, "v": 1.6051829649263623, "x": 13.678186312919733, "y": 9.522158914637215}, "datetime": {"datetime": "2023-04-17 13:40:17", "elapsed": 8851.956471, "delta": 7.606606}}
{"target": -19.82953006252194, "params": {"omega": 0.0, "theta": 1.8450559693042834, "u": 0.0, "v": 10.0, "x": 15.0, "y": 5.0}, "datetime": {"datetime": "2023-04-17 13:40:27", "elapsed": 8862.489136, "delta": 10.532665}}
{"target": -19.141657775749398, "params": {"omega": 0.0, "theta": 8.752245209119785, "u": 0.0, "v": 5.819789684506832, "x": 6.35631556507012, "y": 15.0}, "datetime": {"datetime": "2023-04-17 13:40:38", "elapsed": 8873.239634, "delta": 10.750498}}
{"target": -27.678873173020577, "params": {"omega": 0.0, "theta": 7.5467158279349436, "u": 1.0, "v": 10.0, "x": 15.0, "y": 15.0}, "datetime": {"datetime": "2023-04-17 13:40:44", "elapsed": 8879.432861, "delta": 6.193227}}
