{"target": -12.655139308607833, "params": {"omega": 0.0, "theta": 3.807480758268519, "u": 0.0, "v": 6.821052008465834, "x": 5.0, "y": 7.713660370148227}, "datetime": {"datetime": "2023-04-17 13:52:19", "elapsed": 9753.870348, "delta": 8.874143}}
{"target": -14.657142019162283, "params": {"omega": 0.0, "theta": 10.0, "u": 0.0, "v": 6.763952844454576, "x": 5.0, "y": 15.0}, "datetime": {"datetime": "2023-04-17 13:52:31", "elapsed": 9765.222304, "delta": 11.351956}}
{"target": -14.985112808079649, "params": {"omega": 0.0, "theta": 5.655746711005709, "u": 0.0, "v": 6.905376631798504, "x": 5.0, "y": 6.583389624900604}, "datetime": {"datetime": "2023-04-17 13:52:40", "elapsed": 9774.743531, "delta": 9.521227}}
{"target": -37.1923116436941, "params": {"omega": 0.0, "theta": 4.096507562264276, "u": 1.0, "v": 7.253415952977895, "x": 6.384478567615069, "y": 7.730971866336368}, "datetime": {"datetime": "2023-04-17 13:52:47", "elapsed": 9781.842136, "delta": 7.098605}}
{"target": -16.651031576998804, "params": {"omega": 0.0, "theta": 10.0, "u": 0.0, "v": 8.329051453892589, "x": 6.8408683300973285, "y": 8.851890789108767}, "datetime": {"datetime": "2023-04-17 13:52:57", "elapsed": 9791.222426, "delta": 9.38029}}
{"target": -10000.0, "params": {"omega": 1.0, "theta": 4.728677315488831, "u": 0.0, "v": 6.648324642463441, "x": 5.0, "y": 5.0}, "datetime": {"datetime": "2023-04-17 13:53:03", "elapsed": 9797.337159, "delta": 6.114733}}
{"target": -14.385033166666854, "params": {"omega": 0.0, "theta": 10.0, "u": 0.0, "v": 5.73171937377786, "x": 8.28960337986437, "y": 12.020200564647109}, "datetime": {"datetime": "2023-04-17 13:53:13", "elapsed": 9807.091023, "delta": 9.753864}}
{"target": -31.357520957146114, "params": {"omega": 0.0, "theta": 5.083768151379425, "u": 1.0, "v": 6.5767989906860285, "x": 5.0, "y": 7.8459864302422435}, "datetime": {"datetime": "2023-04-17 13:53:19", "elapsed": 9813.756341, "delta": 6.665318}}
{"target": -21.967557999650253, "params": {"omega": 0.0, "theta": 2.1641393845916927, "u": 0.0, "v": 9.066519910952156, "x": 5.0, "y": 10.035127337038698}, "datetime": {"datetime": "2023-04-17 13:53:30", "elapsed": 9824.414134, "delta": 10.657793}}
{"target": -14.013021556691124, "params": {"omega": 0.0, "theta": 5.105009500112562, "u": 0.0, "v": 10.0, "x": 5.0, "y": 6.20404648243965}, "datetime": {"datetime": "2023-04-17 13:53:41", "elapsed": 9835.147097, "delta": 10.732963}}
{"target": -14.995352029788638, "params": {"omega": 0.0, "theta": 7.144384816211368, "u": 0.0, "v": 7.1632211706715365, "x": 5.0, "y": 7.4274599112488655}, "datetime": {"datetime": "2023-04-17 13:53:51", "elapsed": 9845.422369, "delta": 10.275272}}
{"target": -22.70142134650827, "params": {"omega": 0.0, "theta": 10.0, "u": 1.0, "v": 5.876654356236016, "x": 10.179576196809533, "y": 13.984596364525608}, "datetime": {"datetime": "2023-04-17 13:53:57", "elapsed": 9851.653832, "delta": 6.231463}}
{"target": -24.049657415233447, "params": {"omega": 0.0, "theta": 8.575358549257249, "u": 1.0, "v": 7.632207618145534, "x": 9.62342065904466, "y": 15.0}, "datetime": {"datetime": "2023-04-17 13:54:03", "elapsed": 9857.765933, "delta": 6.112101}}
{"target": -25.873373086699083, "params": {"omega": 0.0, "theta": 7.850237677689286, "u": 1.0, "v": 10.0, "x": 6.20962400263434, "y": 10.288499009671039}, "datetime": {"datetime": "2023-04-17 13:54:10", "elapsed": 9864.012839, "delta": 6.246906}}
{"target": -15.497693883703665, "params": {"omega": 0.0, "theta": 10.0, "u": 0.0, "v": 5.0344832408887035, "x": 9.931016538300765, "y": 12.76587837341243}, "datetime": {"datetime": "2023-04-17 13:54:20", "elapsed": 9874.69528, "delta": 10.682441}}
{"target": -41.74456478082781, "params": {"omega": 0.0, "theta": 3.3599678657390863, "u": 1.0, "v": 7.963269141217747, "x": 9.453345106311518, "y": 13.112959992714412}, "datetime": {"datetime": "2023-04-17 13:54:27", "elapsed": 9881.722729, "delta": 7.027449}}
{"target": -14.80903649809701, "params": {"omega": 0.0, "theta": 8.76429984550896, "u": 0.0, "v": 8.246851004451429, "x": 7.604732321817784, "y": 10.921907483931264}, "datetime": {"datetime": "2023-04-17 13:54:37", "elapsed": 9891.599708, "delta": 9.876979}}
{"target": -10000.0, "params": {"omega": 1.0, "theta": 3.392758783268275, "u": 1.0, "v": 0.0, "x": 10.853420326313447, "y": 15.0}, "datetime": {"datetime": "2023-04-17 13:54:39", "elapsed": 9893.555618, "delta": 1.95591}}
{"target": -25.503346377478948, "params": {"omega": 0.0, "theta": 8.412810845503424, "u": 1.0, "v": 1.6419099792937333, "x": 15.0, "y": 15.0}, "datetime": {"datetime": "2023-04-17 13:54:47", "elapsed": 9901.602116, "delta": 8.046498}}
{"target": -27.458338769375224, "params": {"omega": 0.0, "theta": 6.512196822063663, "u": 1.0, "v": 1.6001980415827637, "x": 15.0, "y": 15.0}, "datetime": {"datetime": "2023-04-17 13:54:55", "elapsed": 9909.704457, "delta": 8.102341}}
{"target": -23.12664125038006, "params": {"omega": 0.0, "theta": 10.0, "u": 1.0, "v": 7.518729021131973, "x": 6.111436812512095, "y": 15.0}, "datetime": {"datetime": "2023-04-17 13:55:02", "elapsed": 9916.127914, "delta": 6.423457}}
{"target": -23.98615864271673, "params": {"omega": 0.0, "theta": 10.0, "u": 1.0, "v": 10.0, "x": 15.0, "y": 6.315786383442112}, "datetime": {"datetime": "2023-04-17 13:55:08", "elapsed": 9922.56173, "delta": 6.433816}}
{"target": -38.35409809682412, "params": {"omega": 0.0, "theta": 3.6654245771996767, "u": 1.0, "v": 10.0, "x": 15.0, "y": 9.94873546264625}, "datetime": {"datetime": "2023-04-17 13:55:16", "elapsed": 9929.940681, "delta": 7.378951}}
{"target": -37.77429188462292, "params": {"omega": 0.0, "theta": 3.7921265534904323, "u": 1.0, "v": 10.0, "x": 15.0, "y": 8.006715862141935}, "datetime": {"datetime": "2023-04-17 13:55:22", "elapsed": 9936.781611, "delta": 6.84093}}
{"target": -10000.0, "params": {"omega": 0.539915143122735, "theta": 4.047169307125516, "u": 0.19108280972296732, "v": 8.992763351848922, "x": 14.942605718089712, "y": 10.586853944351098}, "datetime": {"datetime": "2023-04-17 13:55:59", "elapsed": 9973.611801, "delta": 36.83019}}
{"target": -22.899954784081146, "params": {"omega": 0.0, "theta": 10.0, "u": 1.0, "v": 6.341822333183801, "x": 5.0, "y": 13.439075483786189}, "datetime": {"datetime": "2023-04-17 13:56:06", "elapsed": 9980.097476, "delta": 6.485675}}
{"target": -23.18959047578624, "params": {"omega": 0.0, "theta": 10.0, "u": 1.0, "v": 7.614731374102472, "x": 6.4806636115868335, "y": 7.0644743516137565}, "datetime": {"datetime": "2023-04-17 13:56:12", "elapsed": 9986.258236, "delta": 6.16076}}
{"target": -22.924220932775704, "params": {"omega": 0.0, "theta": 10.0, "u": 1.0, "v": 5.107061605231264, "x": 5.0, "y": 15.0}, "datetime": {"datetime": "2023-04-17 13:56:18", "elapsed": 9992.796979, "delta": 6.538743}}
{"target": -28.491746704408865, "params": {"omega": 0.0, "theta": 6.404259932269733, "u": 1.0, "v": 7.681572224881794, "x": 5.0, "y": 6.426060986868291}, "datetime": {"datetime": "2023-04-17 13:56:25", "elapsed": 9999.610372, "delta": 6.813393}}
{"target": -34.53267712422584, "params": {"omega": 0.007684919315829153, "theta": 3.186162937835685, "u": 0.7199975433664244, "v": 9.963015830852077, "x": 13.011186892687887, "y": 8.142669338858926}, "datetime": {"datetime": "2023-04-17 13:56:32", "elapsed": 10006.777736, "delta": 7.167364}}
{"target": -22.67917337661322, "params": {"omega": 0.0, "theta": 10.0, "u": 1.0, "v": 5.195576218215101, "x": 8.11551684664348, "y": 13.44995722027648}, "datetime": {"datetime": "2023-04-17 13:56:40", "elapsed": 10014.368326, "delta": 7.59059}}
{"target": -13.98300734415011, "params": {"omega": 0.0, "theta": 10.0, "u": 0.0, "v": 6.269775447981857, "x": 6.287032164451071, "y": 6.491729628005751}, "datetime": {"datetime": "2023-04-17 13:56:52", "elapsed": 10026.296943, "delta": 11.928617}}
{"target": -5000.0, "params": {"omega": 0.6253098299840759, "theta": 2.846994729105452, "u": 0.9454275133475547, "v": 9.967634669359368, "x": 12.82073816871976, "y": 6.101631813598592}, "datetime": {"datetime": "2023-04-17 13:57:45", "elapsed": 10079.709814, "delta": 53.412871}}
{"target": -26.196701587862126, "params": {"omega": 0.0, "theta": 7.312256101039995, "u": 1.0, "v": 6.764769447457036, "x": 8.556831695280142, "y": 15.0}, "datetime": {"datetime": "2023-04-17 13:57:52", "elapsed": 10086.537892, "delta": 6.828078}}
{"target": -14.824754716850006, "params": {"omega": 0.0, "theta": 3.2368278165984026, "u": 0.0, "v": 6.406929166386759, "x": 14.116666843380044, "y": 10.999977024976294}, "datetime": {"datetime": "2023-04-17 13:58:02", "elapsed": 10096.295381, "delta": 9.757489}}
{"target": -51.752954604141095, "params": {"omega": 0.0, "theta": 2.520272776656395, "u": 1.0, "v": 10.0, "x": 14.691969375570995, "y": 8.9467752945802}, "datetime": {"datetime": "2023-04-17 13:58:10", "elapsed": 10104.28614, "delta": 7.990759}}
{"target": -5000.0, "params": {"omega": 0.11122393914588602, "theta": 0.9456360845773915, "u": 0.6037428608180445, "v": 7.799062670326194, "x": 14.82967720762224, "y": 10.889088353018717}, "datetime": {"datetime": "2023-04-17 13:59:00", "elapsed": 10154.5246, "delta": 50.23846}}
{"target": -14.730954151364186, "params": {"omega": 0.0, "theta": 4.3712524981098575, "u": 0.0, "v": 6.793702984379057, "x": 5.0, "y": 9.350786017391563}, "datetime": {"datetime": "2023-04-17 13:59:10", "elapsed": 10164.655741, "delta": 10.131141}}
{"target": -23.35044327544349, "params": {"omega": 0.0, "theta": 10.0, "u": 1.0, "v": 2.830145119345199, "x": 5.0, "y": 15.0}, "datetime": {"datetime": "2023-04-17 13:59:18", "elapsed": 10172.376934, "delta": 7.721193}}
{"target": -24.08083569347486, "params": {"omega": 0.0, "theta": 8.93171234406206, "u": 1.0, "v": 7.5017950569754985, "x": 5.0, "y": 7.750977525135351}, "datetime": {"datetime": "2023-04-17 13:59:25", "elapsed": 10179.380265, "delta": 7.003331}}
{"target": -15.379050433125252, "params": {"omega": 0.0, "theta": 5.351039778089924, "u": 0.0, "v": 7.869223238588871, "x": 6.193068632207171, "y": 7.224019131259354}, "datetime": {"datetime": "2023-04-17 13:59:36", "elapsed": 10190.257491, "delta": 10.877226}}
{"target": -31.390676570427644, "params": {"omega": 0.0, "theta": 4.9550574630817374, "u": 1.0, "v": 7.61513876724229, "x": 5.0, "y": 15.0}, "datetime": {"datetime": "2023-04-17 13:59:43", "elapsed": 10197.452866, "delta": 7.195375}}
{"target": -43.060374263415994, "params": {"omega": 0.0, "theta": 3.2301986800766307, "u": 1.0, "v": 10.0, "x": 11.074115189654814, "y": 8.21464416274998}, "datetime": {"datetime": "2023-04-17 13:59:51", "elapsed": 10205.558851, "delta": 8.105985}}
{"target": -24.178849526334602, "params": {"omega": 0.0, "theta": 10.0, "u": 1.0, "v": 0.8112372106250862, "x": 5.0, "y": 15.0}, "datetime": {"datetime": "2023-04-17 14:00:01", "elapsed": 10214.962822, "delta": 9.403971}}
{"target": -5000.0, "params": {"omega": 0.0, "theta": 5.652256740288548, "u": 0.0, "v": 0.0, "x": 15.0, "y": 15.0}, "datetime": {"datetime": "2023-04-17 14:01:42", "elapsed": 10316.883322, "delta": 101.9205}}
{"target": -28.562048988914317, "params": {"omega": 0.0, "theta": 5.789241859594759, "u": 1.0, "v": 3.088518762186989, "x": 15.0, "y": 9.875429028556894}, "datetime": {"datetime": "2023-04-17 14:01:50", "elapsed": 10324.668975, "delta": 7.785653}}
{"target": -35.546971159760176, "params": {"omega": 0.0, "theta": 4.116322363245933, "u": 1.0, "v": 10.0, "x": 13.660119258428086, "y": 8.997837753385667}, "datetime": {"datetime": "2023-04-17 14:01:58", "elapsed": 10332.368461, "delta": 7.699486}}
{"target": -49.908350248311805, "params": {"omega": 0.0, "theta": 2.6531029797994026, "u": 1.0, "v": 7.297252584103393, "x": 5.0, "y": 12.020600434738183}, "datetime": {"datetime": "2023-04-17 14:02:06", "elapsed": 10340.69374, "delta": 8.325279}}
{"target": -5000.0, "params": {"omega": 1.0, "theta": 0.0, "u": 0.0, "v": 6.197019705685188, "x": 15.0, "y": 15.0}, "datetime": {"datetime": "2023-04-17 14:03:40", "elapsed": 10434.87407, "delta": 94.18033}}
{"target": -17.770945035640224, "params": {"omega": 0.0, "theta": 10.0, "u": 0.0, "v": 6.504760616086204, "x": 11.593073805541332, "y": 15.0}, "datetime": {"datetime": "2023-04-17 14:03:52", "elapsed": 10446.409902, "delta": 11.535832}}
{"target": -89.16046161838945, "params": {"omega": 0.0, "theta": 7.162234113930791, "u": 1.0, "v": 0.0, "x": 5.0, "y": 15.0}, "datetime": {"datetime": "2023-04-17 14:04:37", "elapsed": 10491.765983, "delta": 45.356081}}
{"target": -30.474501870474565, "params": {"omega": 0.13695529901597525, "theta": 7.915267970383476, "u": 0.29509402934579454, "v": 3.0543545987267673, "x": 5.08046089785873, "y": 14.570922453600213}, "datetime": {"datetime": "2023-04-17 14:04:43", "elapsed": 10497.827377, "delta": 6.061394}}
{"target": -25.55060729464465, "params": {"omega": 0.0, "theta": 8.137540155433447, "u": 1.0, "v": 1.7102946246999806, "x": 5.0, "y": 15.0}, "datetime": {"datetime": "2023-04-17 14:04:52", "elapsed": 10506.875415, "delta": 9.048038}}
{"target": -68.48600892638366, "params": {"omega": 0.0, "theta": 10.0, "u": 1.0, "v": 0.0, "x": 9.06528694479077, "y": 5.0}, "datetime": {"datetime": "2023-04-17 14:05:29", "elapsed": 10543.650273, "delta": 36.774858}}
{"target": -40.252834239873394, "params": {"omega": 0.0, "theta": 3.5668587078672784, "u": 1.0, "v": 6.303419242282671, "x": 5.0, "y": 8.807158308933328}, "datetime": {"datetime": "2023-04-17 14:05:39", "elapsed": 10553.12226, "delta": 9.471987}}
{"target": -10000.0, "params": {"omega": 1.0, "theta": 0.0, "u": 1.0, "v": 0.0, "x": 15.0, "y": 11.157470130558726}, "datetime": {"datetime": "2023-04-17 14:05:59", "elapsed": 10573.504604, "delta": 20.382344}}
{"target": -35.842428644047885, "params": {"omega": 0.0, "theta": 4.097218988081738, "u": 1.0, "v": 6.857138517329466, "x": 8.286640051091169, "y": 15.0}, "datetime": {"datetime": "2023-04-17 14:06:07", "elapsed": 10581.407673, "delta": 7.903069}}
{"target": -13.479885629011932, "params": {"omega": 0.0, "theta": 10.0, "u": 0.0, "v": 8.21425519614231, "x": 7.552623124741325, "y": 12.34968891236241}, "datetime": {"datetime": "2023-04-17 14:06:18", "elapsed": 10592.26565, "delta": 10.857977}}
{"target": -25.24900627259303, "params": {"omega": 0.0, "theta": 6.640137310181144, "u": 1.0, "v": 2.0050892911989826, "x": 5.0, "y": 13.729891335898703}, "datetime": {"datetime": "2023-04-17 14:06:26", "elapsed": 10600.16638, "delta": 7.90073}}
{"target": -16.711086864441217, "params": {"omega": 0.0, "theta": 1.9868139121507733, "u": 0.0, "v": 10.0, "x": 6.342106094927824, "y": 10.514079079965292}, "datetime": {"datetime": "2023-04-17 14:06:36", "elapsed": 10610.872648, "delta": 10.706268}}
{"target": -27.27856996865615, "params": {"omega": 0.11744997018730385, "theta": 6.580519216908626, "u": 0.061927080314062244, "v": 1.2113421253321155, "x": 5.657936291316189, "y": 14.939208690030865}, "datetime": {"datetime": "2023-04-17 14:06:43", "elapsed": 10617.39538, "delta": 6.522732}}
{"target": -24.38816923314177, "params": {"omega": 0.0, "theta": 7.024042931555717, "u": 1.0, "v": 2.5670023264678288, "x": 6.291884826289756, "y": 15.0}, "datetime": {"datetime": "2023-04-17 14:06:52", "elapsed": 10626.691229, "delta": 9.295849}}
{"target": -23.379493144277887, "params": {"omega": 0.0, "theta": 8.749736362403127, "u": 1.0, "v": 2.8236560021373847, "x": 5.0, "y": 13.329388629777338}, "datetime": {"datetime": "2023-04-17 14:07:01", "elapsed": 10635.691617, "delta": 9.000388}}
{"target": -5000.0, "params": {"omega": 1.0, "theta": 6.78898730780814, "u": 1.0, "v": 2.3901049274219233, "x": 5.0, "y": 15.0}, "datetime": {"datetime": "2023-04-17 14:08:03", "elapsed": 10697.191773, "delta": 61.500156}}
{"target": -36.845606706632246, "params": {"omega": 0.013025284756548738, "theta": 5.923419345757534, "u": 0.8996281775178002, "v": 0.2417805586694899, "x": 7.0605610415893185, "y": 14.297056923784686}, "datetime": {"datetime": "2023-04-17 14:08:18", "elapsed": 10712.157968, "delta": 14.966195}}
{"target": -25.913451539886296, "params": {"omega": 0.0, "theta": 7.132854973630705, "u": 1.0, "v": 0.9782245529432916, "x": 6.884957338125811, "y": 15.0}, "datetime": {"datetime": "2023-04-17 14:08:29", "elapsed": 10723.008001, "delta": 10.850033}}
{"target": -10000.0, "params": {"omega": 0.08923485979847379, "theta": 5.80660438580907, "u": 0.39748494150270997, "v": 0.033168967101477875, "x": 5.053597190107474, "y": 13.790402118099083}, "datetime": {"datetime": "2023-04-17 14:08:35", "elapsed": 10728.956257, "delta": 5.948256}}
{"target": -10.945080785248217, "params": {"omega": 0.02267145506424828, "theta": 7.424536082460307, "u": 0.006601053947256297, "v": 2.3268619430099635, "x": 6.837009650729609, "y": 13.807270503593863}, "datetime": {"datetime": "2023-04-17 14:08:43", "elapsed": 10737.055512, "delta": 8.099255}}
{"target": -23.59665341350577, "params": {"omega": 0.0, "theta": 10.0, "u": 1.0, "v": 1.9325275527772057, "x": 9.201984274183035, "y": 5.0}, "datetime": {"datetime": "2023-04-17 14:08:51", "elapsed": 10745.118895, "delta": 8.063383}}
{"target": -10000.0, "params": {"omega": 1.0, "theta": 5.614788121878807, "u": 1.0, "v": 0.0, "x": 7.839376369202391, "y": 15.0}, "datetime": {"datetime": "2023-04-17 14:08:53", "elapsed": 10747.443324, "delta": 2.324429}}
{"target": -89.10618814789626, "params": {"omega": 0.0, "theta": 8.659398992205826, "u": 1.0, "v": 0.0, "x": 5.0, "y": 15.0}, "datetime": {"datetime": "2023-04-17 14:09:35", "elapsed": 10788.985166, "delta": 41.541842}}
{"target": -10000.0, "params": {"omega": 0.18409242771875656, "theta": 8.572248558566544, "u": 0.9907466501251314, "v": 0.17553717760876775, "x": 10.087758044275045, "y": 5.478107386140534}, "datetime": {"datetime": "2023-04-17 14:09:40", "elapsed": 10794.031554, "delta": 5.046388}}
{"target": -23.628309843228386, "params": {"omega": 0.0, "theta": 10.0, "u": 1.0, "v": 1.1816514651794259, "x": 7.985649296435102, "y": 6.300741138151017}, "datetime": {"datetime": "2023-04-17 14:09:49", "elapsed": 10803.309057, "delta": 9.277503}}
{"target": -25.741675255235876, "params": {"omega": 0.0, "theta": 7.168493797143315, "u": 1.0, "v": 3.5551079928133924, "x": 5.0, "y": 13.103361513142703}, "datetime": {"datetime": "2023-04-17 14:09:56", "elapsed": 10810.770397, "delta": 7.46134}}
{"target": -45.34870827193282, "params": {"omega": 0.14335664247668756, "theta": 7.591708268489983, "u": 0.9834925454127964, "v": 2.1737599766244786, "x": 6.232831024913708, "y": 12.736455988187814}, "datetime": {"datetime": "2023-04-17 14:10:04", "elapsed": 10818.092323, "delta": 7.321926}}
{"target": -46.08556466919553, "params": {"omega": 0.12350771005283778, "theta": 6.1085722689776, "u": 0.6050037767643011, "v": 1.488320476540389, "x": 6.931832312357034, "y": 13.597899640617863}, "datetime": {"datetime": "2023-04-17 14:10:11", "elapsed": 10825.146802, "delta": 7.054479}}
{"target": -24.17886128072397, "params": {"omega": 0.0, "theta": 8.593147012306718, "u": 1.0, "v": 4.713983887971559, "x": 5.0, "y": 13.841318477229713}, "datetime": {"datetime": "2023-04-17 14:10:18", "elapsed": 10832.212593, "delta": 7.065791}}
{"target": -71.65525666844472, "params": {"omega": 0.0, "theta": 8.24611719605315, "u": 1.0, "v": 0.0, "x": 8.318240107802138, "y": 10.890613775891763}, "datetime": {"datetime": "2023-04-17 14:10:50", "elapsed": 10864.639793, "delta": 32.4272}}
{"target": -26.27140537628925, "params": {"omega": 0.0, "theta": 7.62645651994143, "u": 1.0, "v": 1.3565161084868715, "x": 7.885970494382388, "y": 12.601771969138293}, "datetime": {"datetime": "2023-04-17 14:10:59", "elapsed": 10872.981117, "delta": 8.341324}}
{"target": -15.313706477366027, "params": {"omega": 0.0, "theta": 10.0, "u": 0.0, "v": 3.7406162284868194, "x": 8.063885498117283, "y": 5.0}, "datetime": {"datetime": "2023-04-17 14:11:09", "elapsed": 10883.178844, "delta": 10.197727}}
{"target": -19.026315438978134, "params": {"omega": 0.023259547130292324, "theta": 9.93743089787596, "u": 0.7625966289850163, "v": 2.650132172166625, "x": 6.98337113842412, "y": 5.093984515179387}, "datetime": {"datetime": "2023-04-17 14:11:16", "elapsed": 10890.482014, "delta": 7.30317}}
{"target": -25.840457517367135, "params": {"omega": 0.0, "theta": 7.821370689233298, "u": 1.0, "v": 10.0, "x": 15.0, "y": 15.0}, "datetime": {"datetime": "2023-04-17 14:11:23", "elapsed": 10897.706579, "delta": 7.224565}}
{"target": -24.439826918534788, "params": {"omega": 0.0, "theta": 8.836678600420626, "u": 1.0, "v": 1.3735325715084021, "x": 8.342524545508365, "y": 11.241695496640734}, "datetime": {"datetime": "2023-04-17 14:11:32", "elapsed": 10906.452251, "delta": 8.745672}}
{"target": -23.13328386637812, "params": {"omega": 0.0, "theta": 10.0, "u": 1.0, "v": 7.9190489172392295, "x": 15.0, "y": 15.0}, "datetime": {"datetime": "2023-04-17 14:11:39", "elapsed": 10913.811918, "delta": 7.359667}}
{"target": -73.00073822880168, "params": {"omega": 0.0, "theta": 6.643764684068721, "u": 1.0, "v": 0.0, "x": 8.227434363188856, "y": 9.307760730111047}, "datetime": {"datetime": "2023-04-17 14:12:12", "elapsed": 10946.791449, "delta": 32.979531}}
{"target": -14.716420988534505, "params": {"omega": 0.0, "theta": 8.594071016581806, "u": 0.0, "v": 8.16615776906193, "x": 5.0, "y": 9.144854328844682}, "datetime": {"datetime": "2023-04-17 14:12:23", "elapsed": 10957.613453, "delta": 10.822004}}
{"target": -10000.0, "params": {"omega": 0.3773549397884768, "theta": 9.96249116813763, "u": 0.4475221010615398, "v": 1.2036023494804593, "x": 8.028617711102028, "y": 5.177771343355342}, "datetime": {"datetime": "2023-04-17 14:12:30", "elapsed": 10964.634556, "delta": 7.021103}}
{"target": -19.30266391730952, "params": {"omega": 0.08054607085893328, "theta": 9.942415898172046, "u": 0.20479977992589105, "v": 3.7095248289067118, "x": 6.252590015205508, "y": 5.397803225502003}, "datetime": {"datetime": "2023-04-17 14:12:36", "elapsed": 10970.5803, "delta": 5.945744}}
