{"target": -5000.0, "params": {"omega": 0.14679237341724316, "theta": 2.642974827269007, "u": 0.8190891786335308, "v": 3.1058725179420996, "x": 14.824174492929428, "y": 7.666387021516352}, "datetime": {"datetime": "2023-04-17 11:50:27", "elapsed": 2444.79969, "delta": 47.298533}}
{"target": -5000.0, "params": {"omega": 0.5336533449712114, "theta": 3.1446701118584963, "u": 0.9107728311738374, "v": 3.6655664385123443, "x": 9.335923272731645, "y": 10.122926922783613}, "datetime": {"datetime": "2023-04-17 11:51:15", "elapsed": 2492.919344, "delta": 48.119654}}
{"target": -5000.0, "params": {"omega": 0.9388864773697133, "theta": 0.30949006271150714, "u": 0.7168786636316892, "v": 8.910189542923389, "x": 5.272872235174688, "y": 10.220512472525108}, "datetime": {"datetime": "2023-04-17 11:51:57", "elapsed": 2535.012628, "delta": 42.093284}}
{"target": -10000.0, "params": {"omega": 0.3259898117700253, "theta": 8.594893208655858, "u": 0.5585165509225178, "v": 6.902278681627479, "x": 9.528534999515374, "y": 11.283090375213572}, "datetime": {"datetime": "2023-04-17 11:52:55", "elapsed": 2592.065672, "delta": 57.053044}}
{"target": -10000.0, "params": {"omega": 0.2900968516874258, "theta": 0.09348577966515781, "u": 0.5767559349870908, "v": 3.114442141324628, "x": 10.172675985011299, "y": 14.164058530538977}, "datetime": {"datetime": "2023-04-17 11:53:22", "elapsed": 2619.636754, "delta": 27.571082}}
{"target": -5000.0, "params": {"omega": 0.426474788501396, "theta": 2.473960366023854, "u": 0.37129376127905445, "v": 9.318611166365406, "x": 14.368683813090936, "y": 13.443299485657132}, "datetime": {"datetime": "2023-04-17 11:54:08", "elapsed": 2665.703372, "delta": 46.066618}}
{"target": -10000.0, "params": {"omega": 0.9202065143056605, "theta": 2.2790028995131695, "u": 0.08748220955359087, "v": 2.2730973628468876, "x": 8.143766161140505, "y": 6.747658763563116}, "datetime": {"datetime": "2023-04-17 11:54:41", "elapsed": 2698.790865, "delta": 33.087493}}
{"target": -10000.0, "params": {"omega": 0.6070941619724605, "theta": 4.135864150011614, "u": 0.8163515118272141, "v": 1.8513039826903066, "x": 12.018765297563103, "y": 7.403556248491388}, "datetime": {"datetime": "2023-04-17 11:55:13", "elapsed": 2730.305899, "delta": 31.515034}}
{"target": -10000.0, "params": {"omega": 0.5742190888408597, "theta": 3.489875972207889, "u": 0.05696439948283272, "v": 2.2881367096037586, "x": 11.641025553547934, "y": 9.972500933605312}, "datetime": {"datetime": "2023-04-17 11:55:28", "elapsed": 2745.341769, "delta": 15.03587}}
{"target": -5000.0, "params": {"omega": 0.5190159840736788, "theta": 1.747201501089225, "u": 0.5707158515462564, "v": 9.9675342520821, "x": 13.16835108791622, "y": 10.943726238309779}, "datetime": {"datetime": "2023-04-17 11:56:13", "elapsed": 2790.579532, "delta": 45.237763}}
{"target": -10000.0, "params": {"omega": 0.9759890683309049, "theta": 9.015625846693213, "u": 0.5956079336026455, "v": 0.32426325314457105, "x": 5.935770958174808, "y": 5.653717150422263}, "datetime": {"datetime": "2023-04-17 11:56:20", "elapsed": 2797.734672, "delta": 7.15514}}
{"target": -10000.0, "params": {"omega": 0.4517331486914753, "theta": 3.7543483316785773, "u": 0.9753500342702865, "v": 1.6798329319961491, "x": 14.727875919326552, "y": 12.674748688630132}, "datetime": {"datetime": "2023-04-17 11:56:48", "elapsed": 2825.971749, "delta": 28.237077}}
{"target": -5000.0, "params": {"omega": 0.8242378396244978, "theta": 6.3261581677799725, "u": 0.668732770206732, "v": 4.768823335211934, "x": 5.1313635692307225, "y": 8.530060855418249}, "datetime": {"datetime": "2023-04-17 11:57:46", "elapsed": 2883.921162, "delta": 57.949413}}
{"target": -10000.0, "params": {"omega": 0.49207180149355845, "theta": 7.300912110901043, "u": 0.4686283427461092, "v": 4.574049160894317, "x": 6.376627409456032, "y": 5.10888733803479}, "datetime": {"datetime": "2023-04-17 11:58:52", "elapsed": 2949.918124, "delta": 65.996962}}
{"target": -5000.0, "params": {"omega": 0.7582782604769962, "theta": 3.199528380776784, "u": 0.9843834501935107, "v": 2.2023422615915598, "x": 8.387080254816796, "y": 10.238961356661317}, "datetime": {"datetime": "2023-04-17 11:59:42", "elapsed": 2999.278533, "delta": 49.360409}}
{"target": -10000.0, "params": {"omega": 0.7548914570605327, "theta": 4.638577839002957, "u": 0.12482254311167629, "v": 3.125013784920495, "x": 10.045191697009948, "y": 11.738490080168678}, "datetime": {"datetime": "2023-04-17 12:00:26", "elapsed": 3043.072628, "delta": 43.794095}}
{"target": -10000.0, "params": {"omega": 0.7701499563120922, "theta": 1.3033578095435427, "u": 0.022915131322381765, "v": 5.190823222119895, "x": 13.099887106624163, "y": 5.126037670298763}, "datetime": {"datetime": "2023-04-17 12:01:06", "elapsed": 3083.185533, "delta": 40.112905}}
{"target": -5000.0, "params": {"omega": 0.6724698446537339, "theta": 6.868082266569918, "u": 0.44924675358663757, "v": 9.147886867419343, "x": 11.443610847569929, "y": 5.052398376514659}, "datetime": {"datetime": "2023-04-17 12:01:59", "elapsed": 3136.682125, "delta": 53.496592}}
{"target": -10000.0, "params": {"omega": 0.4844284455143756, "theta": 8.593178060976, "u": 0.8303995700373394, "v": 6.491541971124779, "x": 11.736984238986317, "y": 10.784995797892005}, "datetime": {"datetime": "2023-04-17 12:02:51", "elapsed": 3188.618379, "delta": 51.936254}}
{"target": -10000.0, "params": {"omega": 0.27411977516685215, "theta": 5.605299905360588, "u": 0.6717297848174203, "v": 3.524296302164088, "x": 13.558283672539277, "y": 6.950374860087073}, "datetime": {"datetime": "2023-04-17 12:02:54", "elapsed": 3191.126325, "delta": 2.507946}}
{"target": -1119.4644527053838, "params": {"omega": 0.7473208103319232, "theta": 2.8960274618687745, "u": 0.773799287244182, "v": 4.277373293360762, "x": 13.076984091122094, "y": 8.535348626679903}, "datetime": {"datetime": "2023-04-17 12:03:35", "elapsed": 3232.658674, "delta": 41.532349}}
{"target": -10000.0, "params": {"omega": 0.21369323762958115, "theta": 7.672845084217665, "u": 0.3086419476306511, "v": 7.332450677264275, "x": 12.444731530777322, "y": 7.213967009082011}, "datetime": {"datetime": "2023-04-17 12:04:38", "elapsed": 3295.379917, "delta": 62.721243}}
{"target": -10000.0, "params": {"omega": 0.21411213682064845, "theta": 1.9894792342706669, "u": 0.14251833776584466, "v": 3.770825992073341, "x": 5.266278846916215, "y": 6.109203690342406}, "datetime": {"datetime": "2023-04-17 12:05:40", "elapsed": 3357.673609, "delta": 62.293692}}
{"target": -17.292378366300927, "params": {"omega": 0.09836719451545972, "theta": 6.979934815906001, "u": 0.271304663776195, "v": 9.159588718486578, "x": 7.154183492298767, "y": 7.7042982367118364}, "datetime": {"datetime": "2023-04-17 12:05:45", "elapsed": 3362.700695, "delta": 5.027086}}
{"target": -5000.0, "params": {"omega": 0.30454444289354576, "theta": 7.27679292365469, "u": 0.5021557678415598, "v": 9.221513424074457, "x": 6.846905878494022, "y": 7.231931765160104}, "datetime": {"datetime": "2023-04-17 12:06:59", "elapsed": 3436.601757, "delta": 73.901062}}
{"target": -9.063456454876427, "params": {"omega": 0.12370082959154682, "theta": 8.511623013773844, "u": 0.0, "v": 6.850001385299627, "x": 9.164284237531042, "y": 10.131914974040585}, "datetime": {"datetime": "2023-04-17 12:07:09", "elapsed": 3446.734591, "delta": 10.132834}}
{"target": -8.434215642477128, "params": {"omega": 0.0, "theta": 6.832515280875988, "u": 0.37709194908136007, "v": 9.332891056995281, "x": 7.631782362717473, "y": 8.23672852544652}, "datetime": {"datetime": "2023-04-17 12:07:16", "elapsed": 3453.608701, "delta": 6.87411}}
{"target": -6.160584252530842, "params": {"omega": 0.0, "theta": 7.984074724095271, "u": 0.2622818403617799, "v": 7.426237686867558, "x": 8.826006105641632, "y": 9.218055962674011}, "datetime": {"datetime": "2023-04-17 12:07:23", "elapsed": 3460.172299, "delta": 6.563598}}
{"target": -7.961264280714067, "params": {"omega": 0.0, "theta": 8.240686332250249, "u": 0.38415556122081207, "v": 6.65263956962323, "x": 9.382789040871893, "y": 8.911332551278768}, "datetime": {"datetime": "2023-04-17 12:07:29", "elapsed": 3466.701052, "delta": 6.528753}}
{"target": -10000.0, "params": {"omega": 0.7864921585647482, "theta": 8.778332467239283, "u": 0.27003101373350014, "v": 6.296388609865685, "x": 9.296502588993887, "y": 9.565675062003352}, "datetime": {"datetime": "2023-04-17 12:08:33", "elapsed": 3530.11156, "delta": 63.410508}}
{"target": -5.8948235290978515, "params": {"omega": 0.0, "theta": 7.545864811445034, "u": 0.0, "v": 6.854686750825, "x": 9.215180393537223, "y": 9.192826705307722}, "datetime": {"datetime": "2023-04-17 12:08:43", "elapsed": 3540.311591, "delta": 10.200031}}
{"target": -7.769705945143014, "params": {"omega": 0.0, "theta": 8.66476168981663, "u": 0.38553951449873897, "v": 6.461703841736514, "x": 9.095952886396855, "y": 7.73954507428748}, "datetime": {"datetime": "2023-04-17 12:08:49", "elapsed": 3546.200735, "delta": 5.889144}}
{"target": -8.996369744638143, "params": {"omega": 0.0, "theta": 7.724115496669587, "u": 0.50664740527756, "v": 7.2698371829413375, "x": 9.29698680205615, "y": 8.324218088906937}, "datetime": {"datetime": "2023-04-17 12:08:55", "elapsed": 3552.137553, "delta": 5.936818}}
{"target": -22.54572558173701, "params": {"omega": 0.13786199016067524, "theta": 7.469773158441416, "u": 0.33447094641892816, "v": 8.447786170695865, "x": 8.279103670795854, "y": 8.019033631473638}, "datetime": {"datetime": "2023-04-17 12:09:00", "elapsed": 3557.863021, "delta": 5.725468}}
{"target": -5.085074687950313, "params": {"omega": 0.0, "theta": 7.810546101055119, "u": 0.0, "v": 9.21906164163867, "x": 7.5705696379612055, "y": 8.255962108583038}, "datetime": {"datetime": "2023-04-17 12:09:10", "elapsed": 3567.946465, "delta": 10.083444}}
{"target": -7.4869506654800615, "params": {"omega": 0.0, "theta": 8.681181009842932, "u": 0.0, "v": 7.750113067628504, "x": 9.028944419391003, "y": 8.105565400926816}, "datetime": {"datetime": "2023-04-17 12:09:20", "elapsed": 3577.667766, "delta": 9.721301}}
{"target": -6.606833612206781, "params": {"omega": 0.0, "theta": 7.23812542890929, "u": 0.0, "v": 9.468590998866677, "x": 8.2690514286933, "y": 7.471289402064332}, "datetime": {"datetime": "2023-04-17 12:09:30", "elapsed": 3587.149031, "delta": 9.481265}}
{"target": -2.8669881746091863, "params": {"omega": 0.0, "theta": 7.866992485045167, "u": 0.0, "v": 8.828448999427048, "x": 9.107807040678932, "y": 8.660294295022073}, "datetime": {"datetime": "2023-04-17 12:09:40", "elapsed": 3597.131722, "delta": 9.982691}}
{"target": -5000.0, "params": {"omega": 0.32661863853911544, "theta": 9.529650400127709, "u": 0.8979995515260588, "v": 6.91056825027297, "x": 9.01158812622307, "y": 6.716411073436718}, "datetime": {"datetime": "2023-04-17 12:10:53", "elapsed": 3670.74427, "delta": 73.612548}}
{"target": -868.8122636334755, "params": {"omega": 0.8362100808560485, "theta": 2.573120878855265, "u": 0.7255273078488103, "v": 5.325444704938439, "x": 14.35794069978801, "y": 8.161040431766583}, "datetime": {"datetime": "2023-04-17 12:11:36", "elapsed": 3713.351302, "delta": 42.607032}}
{"target": -12.461583367918571, "params": {"omega": 0.0, "theta": 7.758570255060682, "u": 0.7981529728856587, "v": 9.88814211270682, "x": 11.110322773389216, "y": 6.712791659126056}, "datetime": {"datetime": "2023-04-17 12:11:41", "elapsed": 3718.876118, "delta": 5.524816}}
{"target": -9.925404148043304, "params": {"omega": 0.0, "theta": 8.00628286456714, "u": 0.571497519656353, "v": 9.081496008915742, "x": 9.622506649119641, "y": 7.333599970101951}, "datetime": {"datetime": "2023-04-17 12:11:47", "elapsed": 3724.5648, "delta": 5.688682}}
{"target": -13.31653816126275, "params": {"omega": 0.0, "theta": 8.19971174123262, "u": 1.0, "v": 9.528976098703138, "x": 8.606436390600114, "y": 8.113114045194498}, "datetime": {"datetime": "2023-04-17 12:11:53", "elapsed": 3730.184476, "delta": 5.619676}}
{"target": -14.76415647834189, "params": {"omega": 0.0, "theta": 7.044421311297053, "u": 1.0, "v": 10.0, "x": 9.519896148155153, "y": 7.562115217073711}, "datetime": {"datetime": "2023-04-17 12:11:58", "elapsed": 3735.984828, "delta": 5.800352}}
{"target": -2.063733149513516, "params": {"omega": 0.022403484351004803, "theta": 8.324071180792247, "u": 0.10624694648656437, "v": 9.83909968460408, "x": 10.39702535005547, "y": 14.93508554666528}, "datetime": {"datetime": "2023-04-17 12:12:03", "elapsed": 3741.045955, "delta": 5.061127}}
{"target": -5000.0, "params": {"omega": 1.0, "theta": 8.363763343566548, "u": 0.9995055639480026, "v": 9.636426628571968, "x": 10.747990859802336, "y": 14.688814278119036}, "datetime": {"datetime": "2023-04-17 12:12:54", "elapsed": 3791.930905, "delta": 50.88495}}
{"target": -2.8934396803432225, "params": {"omega": 0.0, "theta": 7.722984496817782, "u": 0.0, "v": 9.976424613626131, "x": 9.668163229035104, "y": 13.959022002171926}, "datetime": {"datetime": "2023-04-17 12:13:05", "elapsed": 3802.440959, "delta": 10.510054}}
{"target": -10000.0, "params": {"omega": 0.08446740669873855, "theta": 3.5223225536101146, "u": 0.04643183699446631, "v": 6.4289125438038655, "x": 13.186981456327159, "y": 10.664663158673276}, "datetime": {"datetime": "2023-04-17 12:13:30", "elapsed": 3827.701375, "delta": 25.260416}}
{"target": -3.469847405399136, "params": {"omega": 0.0, "theta": 7.335621234453131, "u": 0.0, "v": 9.022599302430638, "x": 10.2739027385448, "y": 14.615638462334019}, "datetime": {"datetime": "2023-04-17 12:13:40", "elapsed": 3837.247795, "delta": 9.54642}}
{"target": -3.1998794264020076, "params": {"omega": 0.0, "theta": 8.578472104221223, "u": 0.0, "v": 8.933746615328616, "x": 9.75215413139226, "y": 14.261392040140484}, "datetime": {"datetime": "2023-04-17 12:13:49", "elapsed": 3846.255321, "delta": 9.007526}}
{"target": -2.7467877985071643, "params": {"omega": 0.0, "theta": 9.34499160958524, "u": 0.0, "v": 7.322077925380552, "x": 8.396232306162345, "y": 10.436541000234058}, "datetime": {"datetime": "2023-04-17 12:13:59", "elapsed": 3856.705404, "delta": 10.450083}}
{"target": -5.699933055422786, "params": {"omega": 0.0, "theta": 7.76470408601712, "u": 0.0, "v": 9.417033748392956, "x": 8.75666873928956, "y": 15.0}, "datetime": {"datetime": "2023-04-17 12:14:10", "elapsed": 3867.655731, "delta": 10.950327}}
{"target": -16.12318077150169, "params": {"omega": 0.0, "theta": 6.559241456262081, "u": 1.0, "v": 10.0, "x": 12.0184379813732, "y": 6.805032009232676}, "datetime": {"datetime": "2023-04-17 12:14:17", "elapsed": 3874.292327, "delta": 6.636596}}
{"target": -16.935117586741722, "params": {"omega": 0.03871452771822337, "theta": 6.375023181352859, "u": 0.851181740766463, "v": 9.240254813853287, "x": 10.7043028692187, "y": 6.680610539632631}, "datetime": {"datetime": "2023-04-17 12:14:23", "elapsed": 3880.94465, "delta": 6.652323}}
{"target": -10.845819410628575, "params": {"omega": 0.0, "theta": 5.216526020279949, "u": 0.44583480446419793, "v": 9.420173596929878, "x": 6.295532616078216, "y": 14.861291872852515}, "datetime": {"datetime": "2023-04-17 12:14:29", "elapsed": 3886.891866, "delta": 5.947216}}
{"target": -5000.0, "params": {"omega": 0.18765776497540299, "theta": 3.5977791935621317, "u": 0.4432978734144699, "v": 9.377778473845664, "x": 6.548299998050407, "y": 14.813617583216296}, "datetime": {"datetime": "2023-04-17 12:15:20", "elapsed": 3937.259495, "delta": 50.367629}}
{"target": -17.262700345954325, "params": {"omega": 0.0, "theta": 5.8131301566195575, "u": 1.0, "v": 9.124735298012844, "x": 5.0, "y": 14.832139139333933}, "datetime": {"datetime": "2023-04-17 12:15:26", "elapsed": 3943.346587, "delta": 6.087092}}
{"target": -1.4401665941215833, "params": {"omega": 0.0, "theta": 5.2970771493367295, "u": 0.0, "v": 10.0, "x": 5.0, "y": 15.0}, "datetime": {"datetime": "2023-04-17 12:15:36", "elapsed": 3953.463705, "delta": 10.117118}}
{"target": -5000.0, "params": {"omega": 0.5787730797128532, "theta": 5.403361851239285, "u": 0.9775440991888183, "v": 9.360801211698021, "x": 5.6624419487683575, "y": 13.475635405627457}, "datetime": {"datetime": "2023-04-17 12:16:26", "elapsed": 4003.077566, "delta": 49.613861}}
{"target": -6.062403786863431, "params": {"omega": 0.0, "theta": 6.891827681494265, "u": 0.0, "v": 9.474173991758107, "x": 6.33427535919332, "y": 15.0}, "datetime": {"datetime": "2023-04-17 12:16:36", "elapsed": 4013.600361, "delta": 10.522795}}
{"target": -4.448611656704285, "params": {"omega": 0.0, "theta": 5.442336259841941, "u": 0.0, "v": 8.267641881670386, "x": 5.338365170357263, "y": 15.0}, "datetime": {"datetime": "2023-04-17 12:16:45", "elapsed": 4022.306722, "delta": 8.706361}}
{"target": -5.87178029548331, "params": {"omega": 0.0, "theta": 8.307195752457964, "u": 0.335612086382671, "v": 0.41877188229583295, "x": 15.0, "y": 7.80355449165881}, "datetime": {"datetime": "2023-04-17 12:16:52", "elapsed": 4029.897621, "delta": 7.590899}}
{"target": -23.813151796684355, "params": {"omega": 0.05950503866553547, "theta": 7.138925071352772, "u": 0.7685256548452086, "v": 0.5350618113168149, "x": 14.738771403262978, "y": 8.86100171122612}, "datetime": {"datetime": "2023-04-17 12:17:01", "elapsed": 4038.572995, "delta": 8.675374}}
{"target": -10000.0, "params": {"omega": 0.13698918048320985, "theta": 7.603083981268078, "u": 0.9952331781197175, "v": 0.08603765433001898, "x": 13.695017524061146, "y": 7.783288259567328}, "datetime": {"datetime": "2023-04-17 12:17:05", "elapsed": 4042.971156, "delta": 4.398161}}
{"target": -24.853275669911927, "params": {"omega": 0.11216476814921383, "theta": 9.10011741898525, "u": 0.7726626971842946, "v": 1.1808446835522801, "x": 14.989334998196112, "y": 8.512042656047779}, "datetime": {"datetime": "2023-04-17 12:17:13", "elapsed": 4050.129263, "delta": 7.158107}}
{"target": -10000.0, "params": {"omega": 0.97849938563135, "theta": 7.6114226282372694, "u": 0.15644763590654753, "v": 0.09145651493369544, "x": 14.98218014960996, "y": 9.301933287471524}, "datetime": {"datetime": "2023-04-17 12:17:15", "elapsed": 4052.941683, "delta": 2.81242}}
{"target": -13.272867457463352, "params": {"omega": 0.0, "theta": 6.53050860990321, "u": 0.7305269430715481, "v": 8.478745795536724, "x": 7.3670136401974995, "y": 15.0}, "datetime": {"datetime": "2023-04-17 12:17:22", "elapsed": 4059.88123, "delta": 6.939547}}
{"target": -11.09875944729236, "params": {"omega": 0.0, "theta": 10.0, "u": 1.0, "v": 0.0, "x": 8.104220543038183, "y": 7.987882908862559}, "datetime": {"datetime": "2023-04-17 12:18:00", "elapsed": 4097.166077, "delta": 37.284847}}
{"target": -16.569430805117076, "params": {"omega": 0.06314879892263392, "theta": 5.991384429773387, "u": 0.38916083483712194, "v": 9.829648175270849, "x": 8.058707803144994, "y": 14.78476940872613}, "datetime": {"datetime": "2023-04-17 12:18:06", "elapsed": 4103.302887, "delta": 6.13681}}
{"target": -3.5740939647217154, "params": {"omega": 0.0, "theta": 8.816606577819115, "u": 0.0, "v": 1.6868277102790972, "x": 15.0, "y": 7.2973354042687}, "datetime": {"datetime": "2023-04-17 12:18:19", "elapsed": 4116.405399, "delta": 13.102512}}
{"target": -5000.0, "params": {"omega": 0.9628563808998006, "theta": 7.02369150329047, "u": 0.9140287832407358, "v": 9.93938252126423, "x": 7.30817536627568, "y": 14.732503910202224}, "datetime": {"datetime": "2023-04-17 12:19:16", "elapsed": 4173.450604, "delta": 57.045205}}
{"target": -6.9050834292923895, "params": {"omega": 0.0, "theta": 8.52593940692329, "u": 0.0, "v": 5.059504238477536, "x": 9.778248067574255, "y": 6.789557061515724}, "datetime": {"datetime": "2023-04-17 12:19:28", "elapsed": 4185.173975, "delta": 11.723371}}
{"target": -2.1731581893930207, "params": {"omega": 0.0, "theta": 8.188072618018227, "u": 0.0035179775697619644, "v": 4.789587560827868, "x": 11.312668851543842, "y": 5.0}, "datetime": {"datetime": "2023-04-17 12:19:37", "elapsed": 4194.449527, "delta": 9.275552}}
{"target": -4.4450013752297775, "params": {"omega": 0.0, "theta": 7.38038690649079, "u": 0.0, "v": 7.73613406318728, "x": 5.834728456206471, "y": 15.0}, "datetime": {"datetime": "2023-04-17 12:19:50", "elapsed": 4207.427567, "delta": 12.97804}}
{"target": -11.087148910072827, "params": {"omega": 0.0, "theta": 8.728500292057054, "u": 1.0, "v": 4.2908017546822945, "x": 12.48166775953698, "y": 5.0}, "datetime": {"datetime": "2023-04-17 12:19:58", "elapsed": 4215.517716, "delta": 8.090149}}
{"target": -10000.0, "params": {"omega": 0.5361356064012597, "theta": 9.77679799759428, "u": 0.7572342252738414, "v": 4.385126684367209, "x": 10.497607257628605, "y": 5.279111471543349}, "datetime": {"datetime": "2023-04-17 12:20:03", "elapsed": 4220.547775, "delta": 5.030059}}
{"target": -1.5964554992337447, "params": {"omega": 0.0, "theta": 8.087886663648309, "u": 0.0, "v": 9.081090399938747, "x": 5.0, "y": 15.0}, "datetime": {"datetime": "2023-04-17 12:20:13", "elapsed": 4230.632636, "delta": 10.084861}}
{"target": -5000.0, "params": {"omega": 0.5087201430683855, "theta": 5.8037675184916875, "u": 0.07329139075978974, "v": 8.39331339754969, "x": 8.604434731576386, "y": 14.996459439638732}, "datetime": {"datetime": "2023-04-17 12:21:27", "elapsed": 4304.774176, "delta": 74.14154}}
{"target": -3.095420862547614, "params": {"omega": 0.0, "theta": 8.77993918802886, "u": 0.0, "v": 8.492304161918424, "x": 6.8706946847647545, "y": 15.0}, "datetime": {"datetime": "2023-04-17 12:21:37", "elapsed": 4314.508992, "delta": 9.734816}}
{"target": -2.578905904876586, "params": {"omega": 0.0, "theta": 8.138713602678525, "u": 0.0, "v": 8.547127824099213, "x": 6.078311175662772, "y": 13.509570183610185}, "datetime": {"datetime": "2023-04-17 12:21:47", "elapsed": 4324.30671, "delta": 9.797718}}
{"target": -10000.0, "params": {"omega": 0.31104953683316716, "theta": 9.492319416566502, "u": 0.07172554166140721, "v": 7.40155232908282, "x": 5.171504283660026, "y": 14.845606679886615}, "datetime": {"datetime": "2023-04-17 12:23:04", "elapsed": 4401.290363, "delta": 76.983653}}
