{"target": -20.524813566626573, "params": {"omega": 0.37447474726595664, "theta": 1.557131416902987, "u": 0.2542488575384849, "v": 8.88781545891313, "x": 63.48184187719802, "y": 53.37689613027543}, "datetime": {"datetime": "2023-02-09 15:15:05", "elapsed": 1935.077389, "delta": 7.861188}}
{"target": -21.65411314530676, "params": {"omega": 0.4823799226648683, "theta": 8.97636427579662, "u": 1.0715240371519275, "v": 9.13268984495424, "x": 52.848653128688774, "y": 71.0405781103033}, "datetime": {"datetime": "2023-02-09 15:15:12", "elapsed": 1942.225054, "delta": 7.147665}}
{"target": -40.26272866734334, "params": {"omega": 0.4390713062289746, "theta": 5.42124214790198, "u": 2.8609584432598414, "v": 7.583841275023895, "x": 70.14484798457138, "y": 51.25408600903921}, "datetime": {"datetime": "2023-02-09 15:15:20", "elapsed": 1950.483886, "delta": 8.258832}}
{"target": -39.20711159751355, "params": {"omega": 1.0, "theta": 10.0, "u": 1.5119708888725232, "v": 10.0, "x": 82.90369201426472, "y": 24.867558806071685}, "datetime": {"datetime": "2023-02-09 15:15:28", "elapsed": 1957.829123, "delta": 7.345237}}
{"target": -4.710287489732521, "params": {"omega": 0.0, "theta": 5.405944920812044, "u": 0.0, "v": 10.0, "x": 86.96319528836334, "y": 84.46545343179291}, "datetime": {"datetime": "2023-02-09 15:15:46", "elapsed": 1976.447425, "delta": 18.618302}}
{"target": -2.5808784703980514, "params": {"omega": 0.0, "theta": 2.013706936083965, "u": 0.0, "v": 3.7221027961349162, "x": 69.14213978794012, "y": 56.692177091487935}, "datetime": {"datetime": "2023-02-09 15:16:09", "elapsed": 1999.358536, "delta": 22.911111}}
{"target": -46.746438679746156, "params": {"omega": 0.2392387976199968, "theta": 7.944640424425951, "u": 7.168231678642689, "v": 8.795279438885037, "x": 19.767434594910334, "y": 2.073138122067562}, "datetime": {"datetime": "2023-02-09 15:16:19", "elapsed": 2009.660508, "delta": 10.301972}}
{"target": -13.596115791384687, "params": {"omega": 0.11984666753303175, "theta": 5.498789292134841, "u": 0.4896452935845932, "v": 7.502988925468254, "x": 24.460180448524362, "y": 51.63220864706093}, "datetime": {"datetime": "2023-02-09 15:16:26", "elapsed": 2016.194508, "delta": 6.534}}
{"target": -3.9091750517813546, "params": {"omega": 0.0, "theta": 6.703900998103501, "u": 0.0, "v": 10.0, "x": 17.722434968949898, "y": 23.813888186692402}, "datetime": {"datetime": "2023-02-09 15:16:43", "elapsed": 2032.966623, "delta": 16.772115}}
{"target": -3.1044489665100232, "params": {"omega": 0.0, "theta": 10.0, "u": 0.0, "v": 0.0, "x": 19.053624306463025, "y": 54.66810367426579}, "datetime": {"datetime": "2023-02-09 15:16:59", "elapsed": 2049.619431, "delta": 16.652808}}
{"target": -6.281313528258759, "params": {"omega": 0.0, "theta": 2.772967673450089, "u": 0.30101646915985497, "v": 10.0, "x": 61.225870803624886, "y": 5.046362936251218}, "datetime": {"datetime": "2023-02-09 15:17:06", "elapsed": 2055.82718, "delta": 6.207749}}
{"target": -22.977190419658548, "params": {"omega": 0.7145065035576824, "theta": 7.223173057142612, "u": 0.03427690894531099, "v": 9.144323559565592, "x": 67.17638267324352, "y": 7.933735460641545}, "datetime": {"datetime": "2023-02-09 15:17:13", "elapsed": 2062.81113, "delta": 6.98395}}
{"target": -10000.0, "params": {"omega": 0.0, "theta": 0.2442252358728121, "u": 3.935732496639781, "v": 10.0, "x": 57.31703653529513, "y": 44.00623529598071}, "datetime": {"datetime": "2023-02-09 15:17:19", "elapsed": 2068.870214, "delta": 6.059084}}
{"target": -10000.0, "params": {"omega": 1.0, "theta": 10.0, "u": 0.0, "v": 4.8391552681324645, "x": 56.76705159879717, "y": 45.917958131399786}, "datetime": {"datetime": "2023-02-09 15:17:58", "elapsed": 2108.134176, "delta": 39.263962}}
{"target": -81.56687469938653, "params": {"omega": 0.0, "theta": 2.9044748403565754, "u": 4.621328812612656, "v": 10.0, "x": 67.57832873115014, "y": 57.39923016458394}, "datetime": {"datetime": "2023-02-09 15:18:11", "elapsed": 2120.708158, "delta": 12.573982}}
{"target": -27.981191589534923, "params": {"omega": 0.0, "theta": 10.0, "u": 5.145956616374753, "v": 10.0, "x": 20.347282796067244, "y": 19.375833400968435}, "datetime": {"datetime": "2023-02-09 15:18:19", "elapsed": 2129.365189, "delta": 8.657031}}
{"target": -38.17356626557403, "params": {"omega": 0.4041944477402435, "theta": 3.502883143425107, "u": 2.477345941690933, "v": 9.610161269737041, "x": 55.95914766421082, "y": 57.16083686381177}, "datetime": {"datetime": "2023-02-09 15:18:26", "elapsed": 2136.489095, "delta": 7.123906}}
{"target": -77.29969229278217, "params": {"omega": 0.7583275496803783, "theta": 8.680803518328156, "u": 8.9341280230419, "v": 9.590671360989507, "x": 21.571520130524156, "y": 11.400723839344462}, "datetime": {"datetime": "2023-02-09 15:18:37", "elapsed": 2146.789506, "delta": 10.300411}}
{"target": -29.78912833403809, "params": {"omega": 0.3138018530689395, "theta": 9.738752095884122, "u": 5.732677632889164, "v": 9.933089728601125, "x": 92.65378549939282, "y": 78.33665471299402}, "datetime": {"datetime": "2023-02-09 15:18:46", "elapsed": 2156.03431, "delta": 9.244804}}
{"target": -12.816180098673074, "params": {"omega": 0.0, "theta": 10.0, "u": 0.8872614991817603, "v": 5.163649325552175, "x": 70.38997173471836, "y": 13.318502559016112}, "datetime": {"datetime": "2023-02-09 15:18:53", "elapsed": 2162.835939, "delta": 6.801629}}
{"target": -10000.0, "params": {"omega": 0.5400678564358209, "theta": 1.4925517748138906, "u": 4.572805839043484, "v": 7.552466540830917, "x": 69.24726913438809, "y": 8.58052298627866}, "datetime": {"datetime": "2023-02-09 15:18:56", "elapsed": 2166.073932, "delta": 3.237993}}
{"target": -12.948852160787405, "params": {"omega": 0.18211004114397167, "theta": 9.011116425094698, "u": 0.7423136828076177, "v": 10.0, "x": 49.42506045959928, "y": 79.72463314884865}, "datetime": {"datetime": "2023-02-09 15:19:02", "elapsed": 2172.563485, "delta": 6.489553}}
{"target": -14.307961694233446, "params": {"omega": 0.00956885648565442, "theta": 9.557883241931378, "u": 0.927432490415645, "v": 9.918732666754885, "x": 61.11497052613139, "y": 3.5981339597382034}, "datetime": {"datetime": "2023-02-09 15:19:09", "elapsed": 2179.056116, "delta": 6.492631}}
{"target": -45.150599145504856, "params": {"omega": 0.38237945611982216, "theta": 7.597539701671936, "u": 6.550566664543874, "v": 7.829046288809093, "x": 43.40036804783195, "y": 71.7872220086164}, "datetime": {"datetime": "2023-02-09 15:19:19", "elapsed": 2189.465904, "delta": 10.409788}}
{"target": -12.185267814864908, "params": {"omega": 0.0, "theta": 10.0, "u": 0.0, "v": 8.471539891914748, "x": 70.1833041840699, "y": 0.8217946024752363}, "datetime": {"datetime": "2023-02-09 15:19:37", "elapsed": 2207.491529, "delta": 18.025625}}
{"target": -10000.0, "params": {"omega": 1.0, "theta": 10.0, "u": 0.0, "v": 7.529250230534967, "x": 16.609708001252233, "y": 53.74770784958997}, "datetime": {"datetime": "2023-02-09 15:20:16", "elapsed": 2246.175194, "delta": 38.683665}}
{"target": -10000.0, "params": {"omega": 0.7471807629002146, "theta": 9.274029456546602, "u": 5.20082486274299, "v": 1.2535896473312735, "x": 23.193144528782916, "y": 51.08752328046836}, "datetime": {"datetime": "2023-02-09 15:20:29", "elapsed": 2259.616402, "delta": 13.441208}}
{"target": -38.07565917539954, "params": {"omega": 0.17016375651906224, "theta": 3.6626898440067146, "u": 3.3603767410492003, "v": 8.60980985243209, "x": 19.57156852780404, "y": 47.84274582277364}, "datetime": {"datetime": "2023-02-09 15:20:38", "elapsed": 2268.14419, "delta": 8.527788}}
{"target": -44.47457783877251, "params": {"omega": 0.4859888631867253, "theta": 9.823532871061639, "u": 8.47202166883081, "v": 9.911067515567398, "x": 97.61752212298738, "y": 84.16561459987463}, "datetime": {"datetime": "2023-02-09 15:20:48", "elapsed": 2278.666128, "delta": 10.521938}}
{"target": -29.815857675672913, "params": {"omega": 0.0, "theta": 4.734905783925611, "u": 3.6628080341680076, "v": 3.2947591901972544, "x": 73.54256166374022, "y": 71.85542708980145}, "datetime": {"datetime": "2023-02-09 15:21:00", "elapsed": 2289.842624, "delta": 11.176496}}
{"target": -10000.0, "params": {"omega": 1.0, "theta": 6.342994711639837, "u": 0.0, "v": 1.7577482365516854, "x": 80.27459374027532, "y": 74.53712715551002}, "datetime": {"datetime": "2023-02-09 15:21:44", "elapsed": 2334.617363, "delta": 44.774739}}
{"target": -36.41522486618881, "params": {"omega": 0.9548809235664805, "theta": 7.95722578192626, "u": 1.9086098767905457, "v": 8.973346071561354, "x": 83.36188676802868, "y": 69.87234642214003}, "datetime": {"datetime": "2023-02-09 15:21:55", "elapsed": 2344.940311, "delta": 10.322948}}
{"target": -3.050292755994988, "params": {"omega": 0.0, "theta": 9.851112711949888, "u": 0.0, "v": 9.170443840067184, "x": 88.45596135490095, "y": 90.22057372489321}, "datetime": {"datetime": "2023-02-09 15:22:20", "elapsed": 2370.3473, "delta": 25.406989}}
{"target": -10000.0, "params": {"omega": 0.0, "theta": 5.100162900424173, "u": 5.998114564150901, "v": 10.0, "x": 46.49393578258667, "y": 79.2479410943587}, "datetime": {"datetime": "2023-02-09 15:22:35", "elapsed": 2385.164324, "delta": 14.817024}}
{"target": -36.314370092774794, "params": {"omega": 0.9881219585978979, "theta": 8.474655928933455, "u": 1.1192015882257056, "v": 3.6384245153686123, "x": 42.44852194553381, "y": 73.50311902270137}, "datetime": {"datetime": "2023-02-09 15:22:45", "elapsed": 2395.571459, "delta": 10.407135}}
{"target": -15.93094787407886, "params": {"omega": 0.6737355294020917, "theta": 7.423635732600543, "u": 0.16201026020547293, "v": 5.211603659182183, "x": 51.08651346063642, "y": 76.28530173136384}, "datetime": {"datetime": "2023-02-09 15:22:54", "elapsed": 2404.028558, "delta": 8.457099}}
{"target": -7.049758231122519, "params": {"omega": 0.0, "theta": 10.0, "u": 0.0, "v": 10.0, "x": 73.83784800794251, "y": 9.734303601234798}, "datetime": {"datetime": "2023-02-09 15:23:18", "elapsed": 2428.006719, "delta": 23.978161}}
{"target": -33.89419434267825, "params": {"omega": 0.0, "theta": 8.806623301418837, "u": 6.625182865617671, "v": 10.0, "x": 51.08015158890784, "y": 47.46454820461285}, "datetime": {"datetime": "2023-02-09 15:23:32", "elapsed": 2441.977483, "delta": 13.970764}}
{"target": -17.050985312452195, "params": {"omega": 0.0, "theta": 10.0, "u": 3.166739095635221, "v": 4.063640036088106, "x": 48.40031456181673, "y": 70.99094893825577}, "datetime": {"datetime": "2023-02-09 15:23:41", "elapsed": 2451.362192, "delta": 9.384709}}
{"target": -12.020886292417794, "params": {"omega": 0.04294422512180773, "theta": 9.841100959108811, "u": 0.4518702801824337, "v": 1.5879441124226912, "x": 76.72324756436973, "y": 8.436116777695036}, "datetime": {"datetime": "2023-02-09 15:23:50", "elapsed": 2459.91246, "delta": 8.550268}}
{"target": -4.4282398488349966, "params": {"omega": 0.0, "theta": 6.51016450738556, "u": 0.0, "v": 10.0, "x": 50.955437211541835, "y": 54.617179692901956}, "datetime": {"datetime": "2023-02-09 15:24:10", "elapsed": 2480.540842, "delta": 20.628382}}
{"target": -34.66963353119225, "params": {"omega": 0.0, "theta": 9.202338170591979, "u": 7.569685976450082, "v": 10.0, "x": 79.58540884997171, "y": 75.09312919029237}, "datetime": {"datetime": "2023-02-09 15:24:22", "elapsed": 2492.23122, "delta": 11.690378}}
{"target": -28.581572233658342, "params": {"omega": 0.0, "theta": 10.0, "u": 4.704017884108038, "v": 10.0, "x": 75.9600729111219, "y": 0.18045709336580282}, "datetime": {"datetime": "2023-02-09 15:24:31", "elapsed": 2501.630498, "delta": 9.399278}}
{"target": -6.4125314356318075, "params": {"omega": 0.0, "theta": 5.10280701453722, "u": 0.0, "v": 10.0, "x": 54.456414677148516, "y": 5.323078223874955}, "datetime": {"datetime": "2023-02-09 15:24:49", "elapsed": 2519.343829, "delta": 17.713331}}
{"target": -10.337625951741769, "params": {"omega": 0.2375880942151618, "theta": 5.028054512518888, "u": 0.09101928024700667, "v": 9.374449808562385, "x": 67.82808120530062, "y": 44.670867695323345}, "datetime": {"datetime": "2023-02-09 15:24:55", "elapsed": 2525.345743, "delta": 6.001914}}
{"target": -3.447105820890546, "params": {"omega": 0.0, "theta": 7.50299783152498, "u": 0.0, "v": 10.0, "x": 64.23866752375706, "y": 50.642767295088916}, "datetime": {"datetime": "2023-02-09 15:25:14", "elapsed": 2543.754967, "delta": 18.409224}}
{"target": -10000.0, "params": {"omega": 1.0, "theta": 4.9914135219263756, "u": 0.0, "v": 10.0, "x": 58.554297121248936, "y": 0.0}, "datetime": {"datetime": "2023-02-09 15:25:56", "elapsed": 2586.195641, "delta": 42.440674}}
{"target": -10000.0, "params": {"omega": 0.0, "theta": 0.0, "u": 1.5724622645568145, "v": 8.278451861841496, "x": 55.68795858802132, "y": 7.69990947421033}, "datetime": {"datetime": "2023-02-09 15:26:17", "elapsed": 2607.611982, "delta": 21.416341}}
{"target": -26.934156415806434, "params": {"omega": 0.0, "theta": 10.0, "u": 4.475727261393526, "v": 10.0, "x": 65.94959599003525, "y": 5.35658856266715}, "datetime": {"datetime": "2023-02-09 15:26:26", "elapsed": 2616.58395, "delta": 8.971968}}
{"target": -10.547827745075548, "params": {"omega": 0.0, "theta": 10.0, "u": 0.3666831384895246, "v": 4.864213285482525, "x": 65.33727798367968, "y": 4.756122194645224}, "datetime": {"datetime": "2023-02-09 15:26:33", "elapsed": 2622.806368, "delta": 6.222418}}
{"target": -37.47419203767264, "params": {"omega": 0.840611387431528, "theta": 9.40886125757871, "u": 1.5069914234460047, "v": 2.827316812722339, "x": 68.8858745270625, "y": 67.41081878302194}, "datetime": {"datetime": "2023-02-09 15:26:41", "elapsed": 2631.32477, "delta": 8.518402}}
{"target": -10000.0, "params": {"omega": 1.0, "theta": 6.079094619584261, "u": 6.497303597655763, "v": 8.220510556138406, "x": 84.25035020747949, "y": 24.623119900985852}, "datetime": {"datetime": "2023-02-09 15:27:10", "elapsed": 2659.80742, "delta": 28.48265}}
{"target": -43.09340720895175, "params": {"omega": 0.5140959060348078, "theta": 9.21894655657639, "u": 3.0971134008018875, "v": 3.6440746284237413, "x": 78.2926320190891, "y": 18.22325867514373}, "datetime": {"datetime": "2023-02-09 15:27:20", "elapsed": 2669.734596, "delta": 9.927176}}
{"target": -10000.0, "params": {"omega": 0.908346532106889, "theta": 9.105411689234636, "u": 7.172699916712466, "v": 0.09702339236734359, "x": 83.3262560124187, "y": 20.29515808873681}, "datetime": {"datetime": "2023-02-09 15:27:26", "elapsed": 2676.228261, "delta": 6.493665}}
{"target": -24.682965162179126, "params": {"omega": 0.5150685372496541, "theta": 7.808146547053846, "u": 0.5876671423100377, "v": 7.923175817978597, "x": 78.57968185540312, "y": 19.36527341727412}, "datetime": {"datetime": "2023-02-09 15:27:32", "elapsed": 2682.623656, "delta": 6.395395}}
{"target": -18.9795629882196, "params": {"omega": 0.17377929963116379, "theta": 9.61350563240917, "u": 2.240379597866593, "v": 4.174533604612302, "x": 53.51747040025937, "y": 67.69059797619944}, "datetime": {"datetime": "2023-02-09 15:27:41", "elapsed": 2691.176126, "delta": 8.55247}}
{"target": -3.893648264895724, "params": {"omega": 0.0, "theta": 10.0, "u": 0.0, "v": 4.750118324838581, "x": 80.44721854470271, "y": 25.244484026211442}, "datetime": {"datetime": "2023-02-09 15:27:59", "elapsed": 2709.649058, "delta": 18.472932}}
{"target": -7.806208241518716, "params": {"omega": 0.0, "theta": 10.0, "u": 0.3399240799512398, "v": 3.2691565376246086, "x": 85.17886469207187, "y": 29.75257142058588}, "datetime": {"datetime": "2023-02-09 15:28:06", "elapsed": 2716.231022, "delta": 6.581964}}
{"target": -73.68772046421749, "params": {"omega": 1.0, "theta": 10.0, "u": 6.271929649131794, "v": 5.704826970749103, "x": 71.87522046269748, "y": 72.18794693395537}, "datetime": {"datetime": "2023-02-09 15:28:17", "elapsed": 2727.51344, "delta": 11.282418}}
{"target": -38.28371717188086, "params": {"omega": 0.0, "theta": 4.67878126244919, "u": 4.3402039924169245, "v": 7.357229910102179, "x": 64.73466803251151, "y": 48.635950421288875}, "datetime": {"datetime": "2023-02-09 15:28:27", "elapsed": 2737.40166, "delta": 9.88822}}
{"target": -66.46159849037781, "params": {"omega": 0.9804154515810164, "theta": 9.879846100497488, "u": 4.615274754408234, "v": 7.130197618569273, "x": 75.89938590191841, "y": 10.504803672797925}, "datetime": {"datetime": "2023-02-09 15:28:37", "elapsed": 2746.877397, "delta": 9.475737}}
{"target": -6.437782029664891, "params": {"omega": 0.0, "theta": 8.799751542923413, "u": 0.0, "v": 10.0, "x": 60.943768367968275, "y": 9.266213930530197}, "datetime": {"datetime": "2023-02-09 15:28:54", "elapsed": 2764.51181, "delta": 17.634413}}
{"target": -4.106428637178927, "params": {"omega": 0.0, "theta": 10.0, "u": 0.0, "v": 8.590465908677164, "x": 76.83199167330133, "y": 4.261312490075255}, "datetime": {"datetime": "2023-02-09 15:29:12", "elapsed": 2781.878649, "delta": 17.366839}}
{"target": -21.770897197564757, "params": {"omega": 0.0, "theta": 10.0, "u": 4.294429306174123, "v": 10.0, "x": 46.970623147895026, "y": 56.35760421063494}, "datetime": {"datetime": "2023-02-09 15:29:20", "elapsed": 2790.698262, "delta": 8.819613}}
{"target": -28.920322759355596, "params": {"omega": 0.7360941390698073, "theta": 9.150633529542207, "u": 1.3491794817487446, "v": 8.214277803240748, "x": 60.886973752890064, "y": 67.08269638539274}, "datetime": {"datetime": "2023-02-09 15:29:28", "elapsed": 2797.937271, "delta": 7.239009}}
{"target": -45.102372764934245, "params": {"omega": 0.49197344812322263, "theta": 4.2062749452506045, "u": 3.6334927001007165, "v": 9.841344758740604, "x": 88.93972172948278, "y": 78.9647367416467}, "datetime": {"datetime": "2023-02-09 15:29:36", "elapsed": 2806.426842, "delta": 8.489571}}
{"target": -21.010118950457986, "params": {"omega": 0.0, "theta": 10.0, "u": 3.2376204799406056, "v": 10.0, "x": 67.45729084083165, "y": 14.858543042425977}, "datetime": {"datetime": "2023-02-09 15:29:44", "elapsed": 2814.236358, "delta": 7.809516}}
{"target": -4.592002117192824, "params": {"omega": 0.0, "theta": 10.0, "u": 0.0, "v": 8.721035112155635, "x": 94.50873547265992, "y": 70.89656024973617}, "datetime": {"datetime": "2023-02-09 15:30:03", "elapsed": 2832.905838, "delta": 18.66948}}
{"target": -10000.0, "params": {"omega": 1.0, "theta": 10.0, "u": 0.0, "v": 9.27171020072245, "x": 46.11404371461553, "y": 73.07004841126002}, "datetime": {"datetime": "2023-02-09 15:30:42", "elapsed": 2871.809678, "delta": 38.90384}}
{"target": -42.022200058412885, "params": {"omega": 0.12994589895936814, "theta": 4.968453879936156, "u": 5.034675170169555, "v": 2.4501122120914944, "x": 45.45331269483744, "y": 73.57820184096585}, "datetime": {"datetime": "2023-02-09 15:30:57", "elapsed": 2886.96703, "delta": 15.157352}}
{"target": -10000.0, "params": {"omega": 0.2895579405061041, "theta": 7.8943410468906, "u": 0.0, "v": 10.0, "x": 55.225455940729994, "y": 80.48303601155996}, "datetime": {"datetime": "2023-02-09 15:31:47", "elapsed": 2937.347046, "delta": 50.380016}}
{"target": -10.103158518472288, "params": {"omega": 0.33115318276014205, "theta": 6.439269931600084, "u": 0.11820454494317345, "v": 3.016302219078768, "x": 64.80071743354597, "y": 62.06272511029689}, "datetime": {"datetime": "2023-02-09 15:31:55", "elapsed": 2945.666689, "delta": 8.319643}}
{"target": -12.515753233681142, "params": {"omega": 0.06332591892471429, "theta": 8.705899661735973, "u": 1.047100791566189, "v": 1.7072257647793965, "x": 46.684153860088884, "y": 76.42739075605243}, "datetime": {"datetime": "2023-02-09 15:32:05", "elapsed": 2955.024655, "delta": 9.357966}}
{"target": -15.152024506050893, "params": {"omega": 0.0, "theta": 10.0, "u": 1.0948363956165024, "v": 2.8429275644400556, "x": 73.74029021697677, "y": 1.9885023752663606}, "datetime": {"datetime": "2023-02-09 15:32:13", "elapsed": 2962.786048, "delta": 7.761393}}
{"target": -5.8468985294326785, "params": {"omega": 0.0, "theta": 5.82975680620593, "u": 0.0, "v": 9.93989668987105, "x": 88.73297925748115, "y": 72.64167812453877}, "datetime": {"datetime": "2023-02-09 15:32:31", "elapsed": 2981.439477, "delta": 18.653429}}
{"target": -10000.0, "params": {"omega": 1.0, "theta": 2.2202937952156527, "u": 0.0, "v": 3.2137044070764844, "x": 48.459566253922915, "y": 77.88657061853927}, "datetime": {"datetime": "2023-02-09 15:32:35", "elapsed": 2985.230623, "delta": 3.791146}}
{"target": -3.8454067164439696, "params": {"omega": 0.0, "theta": 6.213910800913675, "u": 0.0, "v": 10.0, "x": 67.93124157702799, "y": 56.200186679028896}, "datetime": {"datetime": "2023-02-09 15:32:52", "elapsed": 3002.137339, "delta": 16.906716}}
{"target": -32.87569562284005, "params": {"omega": 0.8849322230350809, "theta": 2.048635665762839, "u": 0.38612214200747785, "v": 7.144132790222372, "x": 66.60817107287767, "y": 60.42496089476464}, "datetime": {"datetime": "2023-02-09 15:33:01", "elapsed": 3011.297469, "delta": 9.16013}}
{"target": -35.12151133387021, "params": {"omega": 0.14792607979627226, "theta": 9.910877224228901, "u": 2.527395194643429, "v": 0.047784266020635124, "x": 73.52908436964137, "y": 64.41251990845873}, "datetime": {"datetime": "2023-02-09 15:33:17", "elapsed": 3027.684271, "delta": 16.386802}}
{"target": -45.75648461428194, "params": {"omega": 0.0, "theta": 6.911821052179485, "u": 7.705352111876767, "v": 10.0, "x": 20.563411939798794, "y": 44.631968781397866}, "datetime": {"datetime": "2023-02-09 15:33:29", "elapsed": 3039.085747, "delta": 11.401476}}
{"target": -10000.0, "params": {"omega": 0.735392750605023, "theta": 2.477009766188627, "u": 5.015141611143303, "v": 6.798488272168765, "x": 48.95381387627557, "y": 70.38677285805711}, "datetime": {"datetime": "2023-02-09 15:33:33", "elapsed": 3042.716279, "delta": 3.630532}}
{"target": -45.93997583012422, "params": {"omega": 0.6265576873748026, "theta": 8.555689213906408, "u": 4.621706559365326, "v": 8.72899386215601, "x": 52.378237798566396, "y": 64.19922030747766}, "datetime": {"datetime": "2023-02-09 15:33:43", "elapsed": 3052.772254, "delta": 10.055975}}
