{"target": -44.13402981639576, "params": {"omega": 0.0, "theta": 1.9328716119952953, "u": 1.0, "v": 7.937737293771858, "x": 9.344956694783809, "y": 10.971947947525578}, "datetime": {"datetime": "2023-04-17 14:10:37", "elapsed": 10854.590973, "delta": 9.126859}}
{"target": -5000.0, "params": {"omega": 1.0, "theta": 3.3062373001206358, "u": 1.0, "v": 10.0, "x": 10.601542831246116, "y": 11.944599113652306}, "datetime": {"datetime": "2023-04-17 14:11:34", "elapsed": 10911.228326, "delta": 56.637353}}
{"target": -4.021893900523666, "params": {"omega": 0.0, "theta": 4.69696328752871, "u": 0.0, "v": 10.0, "x": 8.713360244590737, "y": 12.171672885486224}, "datetime": {"datetime": "2023-04-17 14:11:45", "elapsed": 10922.979616, "delta": 11.75129}}
{"target": -12.125276258075658, "params": {"omega": 0.0, "theta": 5.737311747935457, "u": 1.0, "v": 0.0, "x": 8.145829959147562, "y": 8.390233832855477}, "datetime": {"datetime": "2023-04-17 14:12:24", "elapsed": 10961.380944, "delta": 38.401328}}
{"target": -7.860020539780661, "params": {"omega": 0.0, "theta": 3.515440734509282, "u": 0.0, "v": 10.0, "x": 13.508799699436404, "y": 7.8123863707981585}, "datetime": {"datetime": "2023-04-17 14:12:36", "elapsed": 10974.02242, "delta": 12.641476}}
{"target": -5.8623790941833125, "params": {"omega": 0.0, "theta": 10.0, "u": 0.0, "v": 7.587249228534681, "x": 15.0, "y": 6.57570512211639}, "datetime": {"datetime": "2023-04-17 14:12:49", "elapsed": 10986.095427, "delta": 12.073007}}
{"target": -6.520707604918815, "params": {"omega": 0.0, "theta": 10.0, "u": 0.0, "v": 4.289528978855974, "x": 10.789326506655033, "y": 12.080279161662835}, "datetime": {"datetime": "2023-04-17 14:13:02", "elapsed": 10999.300542, "delta": 13.205115}}
{"target": -3.4244790257962068, "params": {"omega": 0.0, "theta": 8.386082356103945, "u": 0.0, "v": 10.0, "x": 8.534955009598695, "y": 5.0}, "datetime": {"datetime": "2023-04-17 14:13:14", "elapsed": 11011.86936, "delta": 12.568818}}
{"target": -15.719481591050915, "params": {"omega": 0.0, "theta": 4.257780217077324, "u": 1.0, "v": 0.0, "x": 5.0, "y": 7.670617174262146}, "datetime": {"datetime": "2023-04-17 14:13:59", "elapsed": 11056.973491, "delta": 45.104131}}
{"target": -10.49178979574555, "params": {"omega": 0.0, "theta": 10.0, "u": 1.0, "v": 4.33146845081243, "x": 5.0, "y": 7.782107379088416}, "datetime": {"datetime": "2023-04-17 14:14:06", "elapsed": 11063.950492, "delta": 6.977001}}
{"target": -4.018981430488921, "params": {"omega": 0.0, "theta": 2.5935658346507684, "u": 0.0, "v": 7.271248068705093, "x": 10.017162890729415, "y": 7.9410671299886655}, "datetime": {"datetime": "2023-04-17 14:14:17", "elapsed": 11074.998629, "delta": 11.048137}}
{"target": -10000.0, "params": {"omega": 0.06586944956595908, "theta": 3.2833013104925923, "u": 0.21701559081282806, "v": 0.10460479167996417, "x": 5.857078097110682, "y": 8.434871578071638}, "datetime": {"datetime": "2023-04-17 14:14:21", "elapsed": 11078.688452, "delta": 3.689823}}
{"target": -10000.0, "params": {"omega": 0.13299298534930715, "theta": 4.0463684114591105, "u": 0.24991971676243807, "v": 0.06620101769438724, "x": 5.280349154454913, "y": 5.308304395865213}, "datetime": {"datetime": "2023-04-17 14:14:25", "elapsed": 11082.527911, "delta": 3.839459}}
{"target": -12.020170031503122, "params": {"omega": 0.0, "theta": 9.375388898190387, "u": 1.0, "v": 10.0, "x": 7.755910626112189, "y": 10.564340000205831}, "datetime": {"datetime": "2023-04-17 14:14:32", "elapsed": 11089.169932, "delta": 6.642021}}
{"target": -22.48972422521303, "params": {"omega": 0.0, "theta": 4.081042553648817, "u": 1.0, "v": 6.827322259319381, "x": 11.842827726771883, "y": 5.0}, "datetime": {"datetime": "2023-04-17 14:14:40", "elapsed": 11097.227825, "delta": 8.057893}}
{"target": -3.80065275003821, "params": {"omega": 0.0, "theta": 10.0, "u": 0.0, "v": 10.0, "x": 15.0, "y": 5.919324982139409}, "datetime": {"datetime": "2023-04-17 14:14:50", "elapsed": 11107.132695, "delta": 9.90487}}
{"target": -4.189582706544625, "params": {"omega": 0.0, "theta": 3.3482942209486697, "u": 0.0, "v": 8.034507940692544, "x": 11.655076042796594, "y": 5.0}, "datetime": {"datetime": "2023-04-17 14:14:59", "elapsed": 11116.664396, "delta": 9.531701}}
{"target": -4.5262008522200565, "params": {"omega": 0.0, "theta": 3.020127179749262, "u": 0.0, "v": 9.299142045850903, "x": 9.569546954143833, "y": 12.660585218167187}, "datetime": {"datetime": "2023-04-17 14:15:10", "elapsed": 11127.775358, "delta": 11.110962}}
{"target": -4.092874640156422, "params": {"omega": 0.0, "theta": 3.9777800296140966, "u": 0.0, "v": 5.800126374755434, "x": 10.254504161743885, "y": 5.0}, "datetime": {"datetime": "2023-04-17 14:15:21", "elapsed": 11138.774345, "delta": 10.998987}}
{"target": -3.2624552278365995, "params": {"omega": 0.0, "theta": 8.333638042297078, "u": 0.0, "v": 4.292713341977282, "x": 12.245365576300498, "y": 11.636158576812287}, "datetime": {"datetime": "2023-04-17 14:15:34", "elapsed": 11151.897905, "delta": 13.12356}}
{"target": -2.7942378098065856, "params": {"omega": 0.0, "theta": 4.135199883326292, "u": 0.0, "v": 6.144899011903156, "x": 9.774929997248158, "y": 6.867227824994643}, "datetime": {"datetime": "2023-04-17 14:15:47", "elapsed": 11164.310613, "delta": 12.412708}}
{"target": -7.782953780928121, "params": {"omega": 0.0, "theta": 1.990696112645445, "u": 0.0, "v": 8.908636172662089, "x": 5.0, "y": 7.432884902937671}, "datetime": {"datetime": "2023-04-17 14:16:00", "elapsed": 11177.314842, "delta": 13.004229}}
{"target": -5.618642851612044, "params": {"omega": 0.0, "theta": 4.915392343678238, "u": 0.0, "v": 6.525653600888692, "x": 10.87340295390098, "y": 6.051124908252777}, "datetime": {"datetime": "2023-04-17 14:16:13", "elapsed": 11190.723131, "delta": 13.408289}}
{"target": -3.9607562111750036, "params": {"omega": 0.0, "theta": 10.0, "u": 0.0, "v": 10.0, "x": 12.955579038654747, "y": 5.0}, "datetime": {"datetime": "2023-04-17 14:16:24", "elapsed": 11201.720899, "delta": 10.997768}}
{"target": -5000.0, "params": {"omega": 0.9316339931802962, "theta": 9.947114589656488, "u": 0.08072504382612489, "v": 4.870242555628476, "x": 5.026180858760414, "y": 5.753686084472298}, "datetime": {"datetime": "2023-04-17 14:17:42", "elapsed": 11279.08888, "delta": 77.367981}}
{"target": -13.685565997211105, "params": {"omega": 0.0, "theta": 2.170189251924734, "u": 0.0, "v": 10.0, "x": 6.239251111331168, "y": 7.525952587241816}, "datetime": {"datetime": "2023-04-17 14:17:55", "elapsed": 11292.616765, "delta": 13.527885}}
{"target": -42.268270685496994, "params": {"omega": 0.0, "theta": 2.11786714163297, "u": 1.0, "v": 9.661602957303412, "x": 6.565345931100769, "y": 8.223526165462795}, "datetime": {"datetime": "2023-04-17 14:18:05", "elapsed": 11302.358008, "delta": 9.741243}}
{"target": -5000.0, "params": {"omega": 1.0, "theta": 10.0, "u": 1.0, "v": 10.0, "x": 15.0, "y": 10.33716474869534}, "datetime": {"datetime": "2023-04-17 14:19:00", "elapsed": 11357.241803, "delta": 54.883795}}
{"target": -10000.0, "params": {"omega": 1.0, "theta": 10.0, "u": 0.0, "v": 10.0, "x": 8.518179008337722, "y": 5.0}, "datetime": {"datetime": "2023-04-17 14:19:11", "elapsed": 11368.211929, "delta": 10.970126}}
{"target": -12.668395748281329, "params": {"omega": 0.0, "theta": 9.009701850930371, "u": 1.0, "v": 10.0, "x": 6.708905942782896, "y": 5.0}, "datetime": {"datetime": "2023-04-17 14:19:17", "elapsed": 11374.850757, "delta": 6.638828}}
{"target": -30.16805591199316, "params": {"omega": 0.0, "theta": 3.065581171452261, "u": 1.0, "v": 6.447493225109483, "x": 10.017430188850865, "y": 7.054411631946147}, "datetime": {"datetime": "2023-04-17 14:19:25", "elapsed": 11382.708107, "delta": 7.85735}}
{"target": -10.642978011938933, "params": {"omega": 0.0, "theta": 10.0, "u": 1.0, "v": 4.464567254560762, "x": 15.0, "y": 5.0}, "datetime": {"datetime": "2023-04-17 14:19:34", "elapsed": 11391.728783, "delta": 9.020676}}
{"target": -5.294686460936017, "params": {"omega": 0.0, "theta": 8.605254179566847, "u": 0.0, "v": 8.80472242654017, "x": 7.83831836483543, "y": 11.400970921360221}, "datetime": {"datetime": "2023-04-17 14:19:47", "elapsed": 11405.030117, "delta": 13.301334}}
{"target": -15.17108121330519, "params": {"omega": 0.0, "theta": 5.688333300730496, "u": 1.0, "v": 0.0, "x": 5.0, "y": 8.030926161326336}, "datetime": {"datetime": "2023-04-17 14:20:31", "elapsed": 11448.988505, "delta": 43.958388}}
{"target": -1.5810640991042122, "params": {"omega": 0.0, "theta": 10.0, "u": 0.0, "v": 1.700510156646694, "x": 15.0, "y": 15.0}, "datetime": {"datetime": "2023-04-17 14:20:43", "elapsed": 11460.187777, "delta": 11.199272}}
{"target": -5000.0, "params": {"omega": 1.0, "theta": 4.406856641550539, "u": 1.0, "v": 5.442182255642482, "x": 10.534704241739316, "y": 5.0}, "datetime": {"datetime": "2023-04-17 14:21:33", "elapsed": 11510.217136, "delta": 50.029359}}
{"target": -3.8173830585823016, "params": {"omega": 0.0, "theta": 5.828183820183733, "u": 0.0, "v": 6.717272157513416, "x": 5.0, "y": 5.661918720162169}, "datetime": {"datetime": "2023-04-17 14:21:43", "elapsed": 11520.477852, "delta": 10.260716}}
{"target": -10000.0, "params": {"omega": 1.0, "theta": 10.0, "u": 0.0, "v": 0.0, "x": 15.0, "y": 15.0}, "datetime": {"datetime": "2023-04-17 14:21:45", "elapsed": 11522.893821, "delta": 2.415969}}
{"target": -7.310129622680986, "params": {"omega": 0.0, "theta": 4.461484148167129, "u": 0.0, "v": 7.301169529483357, "x": 5.0, "y": 5.0}, "datetime": {"datetime": "2023-04-17 14:21:56", "elapsed": 11533.201639, "delta": 10.307818}}
{"target": -4.332640232276743, "params": {"omega": 0.0, "theta": 10.0, "u": 0.0, "v": 8.894730022180324, "x": 9.334990437830406, "y": 15.0}, "datetime": {"datetime": "2023-04-17 14:22:05", "elapsed": 11542.956337, "delta": 9.754698}}
{"target": -2.8678119188045046, "params": {"omega": 0.0, "theta": 4.600966387149557, "u": 0.0, "v": 8.905872574598805, "x": 5.0, "y": 5.988937816052231}, "datetime": {"datetime": "2023-04-17 14:22:15", "elapsed": 11552.621356, "delta": 9.665019}}
{"target": -3.5596148950346183, "params": {"omega": 0.0, "theta": 8.622030347776663, "u": 0.0, "v": 10.0, "x": 15.0, "y": 9.369976841132209}, "datetime": {"datetime": "2023-04-17 14:22:25", "elapsed": 11562.671955, "delta": 10.050599}}
{"target": -5.818321179463499, "params": {"omega": 0.0, "theta": 8.331218256076975, "u": 0.0, "v": 8.792042648216727, "x": 11.796294774402252, "y": 15.0}, "datetime": {"datetime": "2023-04-17 14:22:36", "elapsed": 11573.111157, "delta": 10.439202}}
{"target": -6.568648446680661, "params": {"omega": 0.0, "theta": 7.451752262550539, "u": 0.0, "v": 3.6398354963157837, "x": 12.766703820083901, "y": 12.70763430157638}, "datetime": {"datetime": "2023-04-17 14:22:46", "elapsed": 11583.99046, "delta": 10.879303}}
{"target": -4.655353786318465, "params": {"omega": 0.0, "theta": 8.919205808790995, "u": 0.0, "v": 4.157201329725194, "x": 8.797191762815496, "y": 12.817004366330433}, "datetime": {"datetime": "2023-04-17 14:22:58", "elapsed": 11595.248221, "delta": 11.257761}}
{"target": -10.43608375226447, "params": {"omega": 0.0, "theta": 10.0, "u": 1.0, "v": 2.6205271643087866, "x": 15.0, "y": 15.0}, "datetime": {"datetime": "2023-04-17 14:23:05", "elapsed": 11602.812591, "delta": 7.56437}}
{"target": -1.9636279079738672, "params": {"omega": 0.0, "theta": 10.0, "u": 0.0, "v": 6.211934917956115, "x": 9.175819011683679, "y": 10.612579571095978}, "datetime": {"datetime": "2023-04-17 14:23:15", "elapsed": 11612.9301, "delta": 10.117509}}
{"target": -44.75021509152994, "params": {"omega": 0.0, "theta": 1.899736144140114, "u": 1.0, "v": 10.0, "x": 8.990936259526595, "y": 9.268796564171904}, "datetime": {"datetime": "2023-04-17 14:23:24", "elapsed": 11621.571986, "delta": 8.641886}}
{"target": -10000.0, "params": {"omega": 1.0, "theta": 3.3159385893458624, "u": 0.0, "v": 5.8239815012469345, "x": 15.0, "y": 7.225688832688594}, "datetime": {"datetime": "2023-04-17 14:23:33", "elapsed": 11630.875214, "delta": 9.303228}}
{"target": -47.680893392505844, "params": {"omega": 0.0, "theta": 1.6605089669246171, "u": 1.0, "v": 5.869098133415086, "x": 15.0, "y": 6.193486391628729}, "datetime": {"datetime": "2023-04-17 14:23:41", "elapsed": 11639.035642, "delta": 8.160428}}
{"target": -8.661324754727893, "params": {"omega": 0.0, "theta": 10.0, "u": 1.0, "v": 1.3283337134675774, "x": 15.0, "y": 15.0}, "datetime": {"datetime": "2023-04-17 14:23:50", "elapsed": 11647.173342, "delta": 8.1377}}
{"target": -12.943677255563458, "params": {"omega": 0.0, "theta": 9.14530164628688, "u": 1.0, "v": 10.0, "x": 5.0, "y": 6.115179746426524}, "datetime": {"datetime": "2023-04-17 14:23:57", "elapsed": 11654.67815, "delta": 7.504808}}
{"target": -5000.0, "params": {"omega": 0.0, "theta": 5.395152391993366, "u": 0.0, "v": 0.0, "x": 15.0, "y": 5.0}, "datetime": {"datetime": "2023-04-17 14:25:42", "elapsed": 11759.072984, "delta": 104.394834}}
{"target": -12.41327598225048, "params": {"omega": 0.0, "theta": 10.0, "u": 1.0, "v": 10.0, "x": 10.833290339887888, "y": 5.0}, "datetime": {"datetime": "2023-04-17 14:25:50", "elapsed": 11767.289124, "delta": 8.21614}}
{"target": -42.091636333705736, "params": {"omega": 0.0, "theta": 2.0282544840776824, "u": 1.0, "v": 6.795455432584615, "x": 14.023515903651074, "y": 7.046014676394426}, "datetime": {"datetime": "2023-04-17 14:26:00", "elapsed": 11777.799647, "delta": 10.510523}}
{"target": -4.202375473598569, "params": {"omega": 0.0, "theta": 1.8017184219202003, "u": 0.0, "v": 7.99257043682838, "x": 8.976313375643565, "y": 9.473717405300206}, "datetime": {"datetime": "2023-04-17 14:26:12", "elapsed": 11789.723428, "delta": 11.923781}}
{"target": -8.692781331904529, "params": {"omega": 0.0, "theta": 9.567062802025342, "u": 1.0, "v": 1.3759817713088527, "x": 8.79497548876914, "y": 9.919602074315844}, "datetime": {"datetime": "2023-04-17 14:26:20", "elapsed": 11797.683779, "delta": 7.960351}}
{"target": -10000.0, "params": {"omega": 1.0, "theta": 7.515597616468702, "u": 0.0, "v": 4.145460682191031, "x": 12.709935546955261, "y": 11.989554903248369}, "datetime": {"datetime": "2023-04-17 14:26:24", "elapsed": 11801.361864, "delta": 3.678085}}
{"target": -12.39956454439561, "params": {"omega": 0.0, "theta": 6.790161707065139, "u": 1.0, "v": 1.7340407351458968, "x": 13.520492988935555, "y": 9.565915712198201}, "datetime": {"datetime": "2023-04-17 14:26:32", "elapsed": 11809.174271, "delta": 7.812407}}
{"target": -2.1518888004115855, "params": {"omega": 0.0, "theta": 10.0, "u": 0.0, "v": 4.830460569712562, "x": 8.630448044135115, "y": 6.568767717464601}, "datetime": {"datetime": "2023-04-17 14:26:41", "elapsed": 11818.484943, "delta": 9.310672}}
{"target": -7.43011981783032, "params": {"omega": 0.0, "theta": 2.475925195585832, "u": 0.0, "v": 10.0, "x": 5.0, "y": 13.59360129088967}, "datetime": {"datetime": "2023-04-17 14:26:50", "elapsed": 11828.03824, "delta": 9.553297}}
{"target": -20.243705327130694, "params": {"omega": 0.0, "theta": 4.666940883980946, "u": 1.0, "v": 10.0, "x": 8.591855147123297, "y": 13.835519283190912}, "datetime": {"datetime": "2023-04-17 14:26:58", "elapsed": 11835.884626, "delta": 7.846386}}
{"target": -16.43123490657063, "params": {"omega": 0.0, "theta": 5.7742017945358315, "u": 1.0, "v": 6.1615328719706755, "x": 5.0, "y": 12.990936880775836}, "datetime": {"datetime": "2023-04-17 14:27:06", "elapsed": 11843.162448, "delta": 7.277822}}
{"target": -18.030684414811766, "params": {"omega": 0.0, "theta": 5.609149318356255, "u": 1.0, "v": 7.401349881759884, "x": 5.0, "y": 5.0}, "datetime": {"datetime": "2023-04-17 14:27:13", "elapsed": 11850.241939, "delta": 7.079491}}
{"target": -11.177874336433298, "params": {"omega": 0.0, "theta": 10.0, "u": 1.0, "v": 6.450511086467271, "x": 5.0, "y": 8.046394596187193}, "datetime": {"datetime": "2023-04-17 14:27:19", "elapsed": 11856.728258, "delta": 6.486319}}
{"target": -12.224647276526534, "params": {"omega": 0.0, "theta": 10.0, "u": 1.0, "v": 10.0, "x": 8.435060462213274, "y": 7.549854512070225}, "datetime": {"datetime": "2023-04-17 14:27:26", "elapsed": 11863.149943, "delta": 6.421685}}
{"target": -47.13897559568301, "params": {"omega": 0.0, "theta": 1.6758261005876403, "u": 1.0, "v": 5.078407373222227, "x": 15.0, "y": 8.097823381358586}, "datetime": {"datetime": "2023-04-17 14:27:35", "elapsed": 11872.259619, "delta": 9.109676}}
{"target": -1.67443897370679, "params": {"omega": 0.0, "theta": 6.603445949014508, "u": 0.0, "v": 2.8598679925948414, "x": 13.127093109193444, "y": 11.94853082476353}, "datetime": {"datetime": "2023-04-17 14:27:47", "elapsed": 11884.395788, "delta": 12.136169}}
{"target": -30.514215004830692, "params": {"omega": 0.0, "theta": 3.185968327074897, "u": 1.0, "v": 10.0, "x": 5.0, "y": 13.740774139413421}, "datetime": {"datetime": "2023-04-17 14:27:54", "elapsed": 11891.645664, "delta": 7.249876}}
{"target": -3.9170420737870795, "params": {"omega": 0.0, "theta": 7.691087810519522, "u": 0.0, "v": 4.095724484237289, "x": 6.401277315045491, "y": 12.881781508491013}, "datetime": {"datetime": "2023-04-17 14:28:04", "elapsed": 11901.70128, "delta": 10.055616}}
{"target": -5000.0, "params": {"omega": 1.0, "theta": 1.9645170942885533, "u": 1.0, "v": 4.29428446130002, "x": 14.16059317607901, "y": 8.856405982703281}, "datetime": {"datetime": "2023-04-17 14:28:52", "elapsed": 11949.218782, "delta": 47.517502}}
{"target": -12.383346230348632, "params": {"omega": 0.0, "theta": 6.978983235431446, "u": 1.0, "v": 3.4661886094962666, "x": 13.056646057675762, "y": 11.871099985676528}, "datetime": {"datetime": "2023-04-17 14:28:59", "elapsed": 11956.559711, "delta": 7.340929}}
{"target": -2.127786149428892, "params": {"omega": 0.0, "theta": 2.3209721274347093, "u": 0.0, "v": 5.633207433599368, "x": 9.944188483842836, "y": 15.0}, "datetime": {"datetime": "2023-04-17 14:29:10", "elapsed": 11967.40132, "delta": 10.841609}}
{"target": -3.58955273217834, "params": {"omega": 0.0, "theta": 10.0, "u": 0.0, "v": 10.0, "x": 13.824748109244323, "y": 9.072074330243904}, "datetime": {"datetime": "2023-04-17 14:29:21", "elapsed": 11978.881213, "delta": 11.479893}}
{"target": -39.38395895167921, "params": {"omega": 0.0, "theta": 2.35704452545424, "u": 1.0, "v": 8.740699671651322, "x": 8.341774638107815, "y": 10.104082387366539}, "datetime": {"datetime": "2023-04-17 14:29:30", "elapsed": 11987.659265, "delta": 8.778052}}
{"target": -2.345557789906376, "params": {"omega": 0.0, "theta": 10.0, "u": 0.0, "v": 3.5472171127181293, "x": 15.0, "y": 15.0}, "datetime": {"datetime": "2023-04-17 14:29:41", "elapsed": 11998.906393, "delta": 11.247128}}
{"target": -10.322086747313563, "params": {"omega": 0.0, "theta": 8.783350745050383, "u": 1.0, "v": 2.8196198103037546, "x": 5.0, "y": 13.748636389065174}, "datetime": {"datetime": "2023-04-17 14:29:48", "elapsed": 12005.808826, "delta": 6.902433}}
{"target": -18.01276015992044, "params": {"omega": 0.0, "theta": 5.404064971822664, "u": 1.0, "v": 10.0, "x": 12.689008667969114, "y": 5.0}, "datetime": {"datetime": "2023-04-17 14:29:55", "elapsed": 12012.628303, "delta": 6.819477}}
{"target": -6.499537726552426, "params": {"omega": 0.0, "theta": 2.4601686813849146, "u": 0.0, "v": 5.317052476780505, "x": 11.652157724603216, "y": 13.793637309874226}, "datetime": {"datetime": "2023-04-17 14:30:06", "elapsed": 12023.153436, "delta": 10.525133}}
{"target": -4.437937261510824, "params": {"omega": 0.0, "theta": 3.102784700796218, "u": 0.0, "v": 10.0, "x": 5.0, "y": 5.0}, "datetime": {"datetime": "2023-04-17 14:30:16", "elapsed": 12034.033106, "delta": 10.87967}}
{"target": -22.6395513191966, "params": {"omega": 0.0, "theta": 4.106678520025001, "u": 1.0, "v": 7.174044597591973, "x": 12.672955885829266, "y": 6.650284568853606}, "datetime": {"datetime": "2023-04-17 14:30:23", "elapsed": 12040.937323, "delta": 6.904217}}
{"target": -9.048864532701533, "params": {"omega": 0.0, "theta": 2.330975178509187, "u": 0.0, "v": 10.0, "x": 10.512362664852281, "y": 9.831631208485247}, "datetime": {"datetime": "2023-04-17 14:30:34", "elapsed": 12051.071674, "delta": 10.134351}}
{"target": -10.799190425047815, "params": {"omega": 0.0, "theta": 10.0, "u": 1.0, "v": 5.252883205092159, "x": 6.101293695718187, "y": 7.051915460552256}, "datetime": {"datetime": "2023-04-17 14:30:41", "elapsed": 12058.229162, "delta": 7.157488}}
{"target": -15.552482038325028, "params": {"omega": 0.0, "theta": 6.644127403941866, "u": 1.0, "v": 6.632085402754709, "x": 5.0, "y": 7.149225170504771}, "datetime": {"datetime": "2023-04-17 14:30:47", "elapsed": 12064.772014, "delta": 6.542852}}
{"target": -10000.0, "params": {"omega": 1.0, "theta": 6.80672485079677, "u": 1.0, "v": 0.0, "x": 8.125716291866185, "y": 8.804605342623383}, "datetime": {"datetime": "2023-04-17 14:30:50", "elapsed": 12067.417883, "delta": 2.645869}}
{"target": -6.148912569880346, "params": {"omega": 0.0, "theta": 3.697464603133662, "u": 0.0, "v": 5.704843251818236, "x": 12.646792106286227, "y": 12.805121663023826}, "datetime": {"datetime": "2023-04-17 14:31:00", "elapsed": 12077.806979, "delta": 10.389096}}
{"target": -3.6406757529293023, "params": {"omega": 0.0, "theta": 5.828038879050771, "u": 0.0, "v": 6.021092741974348, "x": 9.001737643898196, "y": 6.165644955440216}, "datetime": {"datetime": "2023-04-17 14:31:11", "elapsed": 12088.812612, "delta": 11.005633}}
{"target": -11.257794576451246, "params": {"omega": 0.0, "theta": 5.835847062014225, "u": 1.0, "v": 0.0, "x": 9.520654748977261, "y": 7.870775433560242}, "datetime": {"datetime": "2023-04-17 14:31:39", "elapsed": 12116.389086, "delta": 27.576474}}
{"target": -3.782565798511771, "params": {"omega": 0.0, "theta": 9.5652503286613, "u": 0.0, "v": 3.9388858616296587, "x": 7.091571427833226, "y": 15.0}, "datetime": {"datetime": "2023-04-17 14:31:49", "elapsed": 12126.137897, "delta": 9.748811}}
