{"target": -56.335044020860494, "params": {"omega": 0.988805176480454, "theta": 9.447315855552587, "u": 2.7976252538859416, "v": 6.12361347530085, "x": 64.42133731062688, "y": 18.018962400589423}, "datetime": {"datetime": "2023-02-09 17:05:21", "elapsed": 8551.238185, "delta": 25.776059}}
{"target": -15.850306157337396, "params": {"omega": 0.0, "theta": 10.0, "u": 3.039665647871122, "v": 3.977513100208777, "x": 47.82544379524414, "y": 100.0}, "datetime": {"datetime": "2023-02-09 17:05:48", "elapsed": 8578.430743, "delta": 27.192558}}
{"target": -12.216649968717766, "params": {"omega": 0.16657760698994084, "theta": 8.792387026633268, "u": 0.3106637973847104, "v": 8.45208029004926, "x": 58.54177106543476, "y": 22.510856556381075}, "datetime": {"datetime": "2023-02-09 17:06:07", "elapsed": 8597.517703, "delta": 19.08696}}
{"target": -43.08750623332223, "params": {"omega": 0.37544514042530175, "theta": 9.201583370868047, "u": 5.787259606129748, "v": 9.738568429479065, "x": 57.34624289340344, "y": 16.340200618244204}, "datetime": {"datetime": "2023-02-09 17:06:34", "elapsed": 8624.545862, "delta": 27.028159}}
{"target": -16.17758590131049, "params": {"omega": 0.2528445372526976, "theta": 7.872164110043721, "u": 0.3487789146118869, "v": 6.976344170073886, "x": 57.928814534160246, "y": 15.74954362443368}, "datetime": {"datetime": "2023-02-09 17:06:55", "elapsed": 8645.239609, "delta": 20.693747}}
{"target": -31.572299888207244, "params": {"omega": 0.07106326362600103, "theta": 8.631836887523958, "u": 5.785828730197299, "v": 6.682376363924261, "x": 54.98491198504043, "y": 22.771826423118938}, "datetime": {"datetime": "2023-02-09 17:07:25", "elapsed": 8675.589807, "delta": 30.350198}}
{"target": -14.47167328765192, "params": {"omega": 0.0, "theta": 10.0, "u": 1.3460062980935505, "v": 9.649663343735197, "x": 52.63360470022615, "y": 19.052268282499963}, "datetime": {"datetime": "2023-02-09 17:07:46", "elapsed": 8696.592806, "delta": 21.002999}}
{"target": -10000.0, "params": {"omega": 0.8642196239748126, "theta": 2.8843299791650665, "u": 3.2385687073351486, "v": 9.158879745930982, "x": 55.7035853833692, "y": 22.51852930110857}, "datetime": {"datetime": "2023-02-09 17:08:00", "elapsed": 8710.57017, "delta": 13.977364}}
{"target": -36.506363218252616, "params": {"omega": 0.24168563697716672, "theta": 9.526300024897129, "u": 5.837957686173585, "v": 4.034135197439389, "x": 54.27241252336442, "y": 16.213252333545448}, "datetime": {"datetime": "2023-02-09 17:08:34", "elapsed": 8744.571382, "delta": 34.001212}}
{"target": -44.89609837599135, "params": {"omega": 0.6945693148607488, "theta": 9.547401907799863, "u": 1.7093310515021665, "v": 2.1062324731615734, "x": 58.32523603800443, "y": 18.44372633697362}, "datetime": {"datetime": "2023-02-09 17:09:03", "elapsed": 8773.339029, "delta": 28.767647}}
{"target": -53.05882216267501, "params": {"omega": 0.6366526726553533, "theta": 9.845753181277948, "u": 4.7458099162488985, "v": 6.019086049244004, "x": 47.81276940570739, "y": 22.62735009830803}, "datetime": {"datetime": "2023-02-09 17:09:30", "elapsed": 8800.419763, "delta": 27.080734}}
{"target": -7.318284930135877, "params": {"omega": 0.0, "theta": 10.0, "u": 0.1631825226378554, "v": 5.914270789747595, "x": 51.629580317518595, "y": 13.194637552429995}, "datetime": {"datetime": "2023-02-09 17:09:48", "elapsed": 8818.587472, "delta": 18.167709}}
{"target": -52.654870722400695, "params": {"omega": 0.5283752529528414, "theta": 8.788408281292826, "u": 5.259330388589243, "v": 8.26813537018047, "x": 47.628628952664776, "y": 15.91527379737122}, "datetime": {"datetime": "2023-02-09 17:10:18", "elapsed": 8848.260346, "delta": 29.672874}}
{"target": -12.95983862236195, "params": {"omega": 0.0, "theta": 10.0, "u": 0.787847946161949, "v": 3.171555973021113, "x": 51.84154830128378, "y": 19.915167424047713}, "datetime": {"datetime": "2023-02-09 17:10:38", "elapsed": 8868.488098, "delta": 20.227752}}
{"target": -19.327689872799855, "params": {"omega": 0.0, "theta": 7.259325697862486, "u": 2.3065847782245616, "v": 2.321647155537292, "x": 46.577372096162385, "y": 16.139323120983995}, "datetime": {"datetime": "2023-02-09 17:11:06", "elapsed": 8896.500654, "delta": 28.012556}}
{"target": -44.64655520944467, "params": {"omega": 0.0, "theta": 10.0, "u": 9.882602685054419, "v": 7.716382333541506, "x": 51.390106735364974, "y": 19.630685568988213}, "datetime": {"datetime": "2023-02-09 17:11:44", "elapsed": 8934.35738, "delta": 37.856726}}
{"target": -10000.0, "params": {"omega": 0.0, "theta": 10.0, "u": 7.823678039068883, "v": 1.8193440047190839, "x": 48.05121956049121, "y": 18.653783223199884}, "datetime": {"datetime": "2023-02-09 17:12:47", "elapsed": 8997.569213, "delta": 63.211833}}
{"target": -30.183168113198136, "params": {"omega": 0.5172518901660572, "theta": 6.619616742302475, "u": 0.6682732090879406, "v": 8.49516850883568, "x": 43.94168602689936, "y": 18.952470311397906}, "datetime": {"datetime": "2023-02-09 17:13:09", "elapsed": 9019.58669, "delta": 22.017477}}
{"target": -39.387886913565815, "params": {"omega": 0.5082591656812343, "theta": 4.111456197634034, "u": 0.6866878764268913, "v": 5.783316042665339, "x": 47.54095598674177, "y": 14.300716011607372}, "datetime": {"datetime": "2023-02-09 17:13:30", "elapsed": 9040.393156, "delta": 20.806466}}
{"target": -26.289460120077173, "params": {"omega": 0.0, "theta": 10.0, "u": 4.97594662422829, "v": 4.590913787007427, "x": 59.38459700132578, "y": 13.178673476859691}, "datetime": {"datetime": "2023-02-09 17:14:09", "elapsed": 9079.260723, "delta": 38.867567}}
{"target": -3.8102744921870393, "params": {"omega": 0.0, "theta": 9.84467081627177, "u": 0.0, "v": 6.831662044174033, "x": 44.841071376941045, "y": 13.400472980273674}, "datetime": {"datetime": "2023-02-09 17:15:05", "elapsed": 9135.515234, "delta": 56.254511}}
{"target": -33.20349431981204, "params": {"omega": 0.0, "theta": 10.0, "u": 6.550993465719011, "v": 9.580513086522972, "x": 52.79390730976183, "y": 11.865773894830207}, "datetime": {"datetime": "2023-02-09 17:15:37", "elapsed": 9167.42054, "delta": 31.905306}}
{"target": -14.104185499952129, "params": {"omega": 0.0, "theta": 10.0, "u": 1.2319080199912014, "v": 10.0, "x": 46.10040677428084, "y": 23.30434709702967}, "datetime": {"datetime": "2023-02-09 17:15:58", "elapsed": 9188.449528, "delta": 21.028988}}
{"target": -27.911132658938516, "params": {"omega": 0.8964720355619745, "theta": 9.698005992883767, "u": 0.4026697779502586, "v": 5.351299628700419, "x": 60.34727849084112, "y": 26.955656955676222}, "datetime": {"datetime": "2023-02-09 17:16:20", "elapsed": 9210.225685, "delta": 21.776157}}
{"target": -4.8209176653977375, "params": {"omega": 0.0, "theta": 7.963282346619548, "u": 0.0, "v": 3.9091912809019607, "x": 45.20094428448785, "y": 22.952976898716443}, "datetime": {"datetime": "2023-02-09 17:17:07", "elapsed": 9257.513053, "delta": 47.287368}}
{"target": -3.9251913591710967, "params": {"omega": 0.0, "theta": 2.209232387742624, "u": 0.0, "v": 1.3909154682947065, "x": 45.044969886363305, "y": 18.12660817631013}, "datetime": {"datetime": "2023-02-09 17:18:13", "elapsed": 9323.44995, "delta": 65.936897}}
{"target": -27.91196466664781, "params": {"omega": 0.4390757107542914, "theta": 7.017622042760263, "u": 0.4399252390353259, "v": 4.802861087274558, "x": 44.88118553826044, "y": 7.796241415668503}, "datetime": {"datetime": "2023-02-09 17:18:34", "elapsed": 9344.325048, "delta": 20.875098}}
{"target": -34.704309016491464, "params": {"omega": 0.18625147858126467, "theta": 7.811628742956939, "u": 4.748544674576925, "v": 8.36749394276435, "x": 46.08253530977527, "y": 9.797384981415359}, "datetime": {"datetime": "2023-02-09 17:19:06", "elapsed": 9376.557758, "delta": 32.23271}}
{"target": -66.11205438550826, "params": {"omega": 0.8907806622026448, "theta": 9.842047408861664, "u": 6.490354244961657, "v": 9.801164301909086, "x": 49.32459476985693, "y": 25.552340825834797}, "datetime": {"datetime": "2023-02-09 17:19:35", "elapsed": 9405.505871, "delta": 28.948113}}
{"target": -3.002151385245265, "params": {"omega": 0.0, "theta": 4.456253868419272, "u": 0.0, "v": 10.0, "x": 43.14218559311364, "y": 10.91794273760531}, "datetime": {"datetime": "2023-02-09 17:20:22", "elapsed": 9452.36466, "delta": 46.858789}}
{"target": -10.173625177445265, "params": {"omega": 0.0, "theta": 10.0, "u": 0.4622020610651356, "v": 5.796270150486304, "x": 53.15909211122758, "y": 26.019163030826395}, "datetime": {"datetime": "2023-02-09 17:20:42", "elapsed": 9472.262842, "delta": 19.898182}}
{"target": -28.903593633563492, "params": {"omega": 0.2503070197800199, "theta": 5.761597686207809, "u": 0.864153122035668, "v": 1.9127080783516193, "x": 42.06505229523063, "y": 12.608829225606566}, "datetime": {"datetime": "2023-02-09 17:21:06", "elapsed": 9496.443063, "delta": 24.180221}}
{"target": -40.42592667339927, "params": {"omega": 0.8562056302637345, "theta": 9.846989812207404, "u": 3.8999704251159253, "v": 9.92491308732377, "x": 79.95416202015386, "y": 88.7579115268996}, "datetime": {"datetime": "2023-02-09 17:21:31", "elapsed": 9521.249624, "delta": 24.806561}}
{"target": -21.650492855670358, "params": {"omega": 0.4317845417653997, "theta": 9.311337079062806, "u": 1.4599163213782873, "v": 3.32351138365088, "x": 77.49050831598508, "y": 89.00433897890544}, "datetime": {"datetime": "2023-02-09 17:21:59", "elapsed": 9549.295825, "delta": 28.046201}}
{"target": -10000.0, "params": {"omega": 1.0, "theta": 0.8162573614803117, "u": 10.0, "v": 10.0, "x": 22.18115156524843, "y": 12.34491538515857}, "datetime": {"datetime": "2023-02-09 17:22:11", "elapsed": 9561.274642, "delta": 11.978817}}
{"target": -44.2018125056167, "params": {"omega": 0.0, "theta": 6.821072723313986, "u": 6.6843870705257675, "v": 10.0, "x": 43.978923778385465, "y": 22.00335403481392}, "datetime": {"datetime": "2023-02-09 17:22:41", "elapsed": 9591.507779, "delta": 30.233137}}
{"target": -3.9914506093822713, "params": {"omega": 0.0, "theta": 10.0, "u": 0.0, "v": 10.0, "x": 75.07917208817517, "y": 87.11240783968154}, "datetime": {"datetime": "2023-02-09 17:23:30", "elapsed": 9640.279678, "delta": 48.771899}}
{"target": -37.04656189167268, "params": {"omega": 0.06681877749863518, "theta": 5.712065758883476, "u": 4.570505302319221, "v": 9.512731996417342, "x": 41.68268621988849, "y": 13.922612844735937}, "datetime": {"datetime": "2023-02-09 17:23:59", "elapsed": 9669.388084, "delta": 29.108406}}
{"target": -10000.0, "params": {"omega": 0.823582599794245, "theta": 2.259773086897263, "u": 4.924785843216423, "v": 5.608672493572698, "x": 44.40043889534265, "y": 10.42801950243426}, "datetime": {"datetime": "2023-02-09 17:24:10", "elapsed": 9680.479196, "delta": 11.091112}}
{"target": -48.60739355461809, "params": {"omega": 0.7041649412680587, "theta": 9.841817996612626, "u": 4.11765020443876, "v": 9.992083129549155, "x": 42.45577504190733, "y": 17.907477138061843}, "datetime": {"datetime": "2023-02-09 17:24:36", "elapsed": 9706.253735, "delta": 25.774539}}
{"target": -43.184903289504106, "params": {"omega": 0.837514822855562, "theta": 9.816088075452495, "u": 1.689525271024389, "v": 9.910982976313026, "x": 49.58520598393314, "y": 10.232667399727912}, "datetime": {"datetime": "2023-02-09 17:24:58", "elapsed": 9728.234446, "delta": 21.980711}}
{"target": -41.43024121005629, "params": {"omega": 0.0, "theta": 10.0, "u": 10.0, "v": 6.126658370608787, "x": 82.89945779403978, "y": 79.15536631961332}, "datetime": {"datetime": "2023-02-09 17:25:37", "elapsed": 9767.411822, "delta": 39.177376}}
{"target": -18.390076429965678, "params": {"omega": 0.3756418652471427, "theta": 9.938670822664632, "u": 0.2786229473314106, "v": 4.138141489075244, "x": 54.744462345742974, "y": 7.831920702692596}, "datetime": {"datetime": "2023-02-09 17:25:57", "elapsed": 9787.228541, "delta": 19.816719}}
{"target": -80.47176436482054, "params": {"omega": 0.45670590988300463, "theta": 5.9057933129010625, "u": 1.3083362355222328, "v": 0.5575067019504332, "x": 50.43702251546357, "y": 11.996013054154641}, "datetime": {"datetime": "2023-02-09 17:26:37", "elapsed": 9827.272442, "delta": 40.043901}}
{"target": -10000.0, "params": {"omega": 1.0, "theta": 10.0, "u": 0.0, "v": 0.26656723206195626, "x": 56.05426699464126, "y": 13.053011610192629}, "datetime": {"datetime": "2023-02-09 17:28:23", "elapsed": 9933.568684, "delta": 106.296242}}
{"target": -49.242207542101426, "params": {"omega": 0.14396149785554813, "theta": 9.703645083688684, "u": 8.14661002460585, "v": 2.7370176036113802, "x": 58.6172502053099, "y": 21.682626067673727}, "datetime": {"datetime": "2023-02-09 17:29:13", "elapsed": 9983.33207, "delta": 49.763386}}
{"target": -20.7092564156213, "params": {"omega": 0.0, "theta": 10.0, "u": 2.7755263474518754, "v": 4.988223079924042, "x": 49.782799229055215, "y": 6.725376633862072}, "datetime": {"datetime": "2023-02-09 17:29:38", "elapsed": 10008.569015, "delta": 25.236945}}
{"target": -10000.0, "params": {"omega": 0.8953028858985075, "theta": 8.18074287577382, "u": 2.029059556781052, "v": 0.21179166187369258, "x": 55.20674449490166, "y": 25.61679836164885}, "datetime": {"datetime": "2023-02-09 17:30:33", "elapsed": 10063.287733, "delta": 54.718718}}
{"target": -5.878171193397198, "params": {"omega": 0.0, "theta": 3.4512794476278614, "u": 0.2364223789322327, "v": 5.991173502658273, "x": 41.10867162522495, "y": 74.54283096726397}, "datetime": {"datetime": "2023-02-09 17:30:56", "elapsed": 10086.554369, "delta": 23.266636}}
{"target": -26.396179205564742, "params": {"omega": 0.8469575700042268, "theta": 8.421734220956033, "u": 0.0490140940087036, "v": 9.533782566086197, "x": 39.73730824942703, "y": 10.713026565783379}, "datetime": {"datetime": "2023-02-09 17:31:16", "elapsed": 10106.432888, "delta": 19.878519}}
{"target": -49.16956985254366, "params": {"omega": 0.19648877336979076, "theta": 8.724055648289447, "u": 9.326624613791237, "v": 4.654775984926982, "x": 58.01597735769357, "y": 16.751358236222856}, "datetime": {"datetime": "2023-02-09 17:32:13", "elapsed": 10163.367005, "delta": 56.934117}}
{"target": -15.746916158209661, "params": {"omega": 0.0, "theta": 10.0, "u": 1.1855593088133842, "v": 10.0, "x": 43.59092360245214, "y": 6.700678111804649}, "datetime": {"datetime": "2023-02-09 17:32:34", "elapsed": 10184.29416, "delta": 20.927155}}
{"target": -23.583377796998366, "params": {"omega": 0.0, "theta": 10.0, "u": 4.346067698810654, "v": 6.040131399380604, "x": 59.086216486060614, "y": 19.399504521875933}, "datetime": {"datetime": "2023-02-09 17:33:03", "elapsed": 10213.446747, "delta": 29.152587}}
{"target": -22.008544119630532, "params": {"omega": 0.0, "theta": 10.0, "u": 4.027806695688875, "v": 10.0, "x": 23.449191690647602, "y": 42.948729893009535}, "datetime": {"datetime": "2023-02-09 17:33:29", "elapsed": 10239.307002, "delta": 25.860255}}
{"target": -10000.0, "params": {"omega": 1.0, "theta": 4.5665154831315915, "u": 0.0, "v": 4.702129681929899, "x": 56.304928758398866, "y": 100.0}, "datetime": {"datetime": "2023-02-09 17:35:07", "elapsed": 10337.360137, "delta": 98.053135}}
{"target": -32.545641457277384, "params": {"omega": 0.0, "theta": 10.0, "u": 6.240975767262318, "v": 10.0, "x": 40.754622287112674, "y": 11.0139080920201}, "datetime": {"datetime": "2023-02-09 17:35:36", "elapsed": 10366.222077, "delta": 28.86194}}
{"target": -22.234024117558626, "params": {"omega": 0.0, "theta": 10.0, "u": 3.0492775841916084, "v": 10.0, "x": 32.58881456302289, "y": 11.891644670743249}, "datetime": {"datetime": "2023-02-09 17:36:01", "elapsed": 10391.235127, "delta": 25.01305}}
{"target": -2.7637594939135144, "params": {"omega": 0.0, "theta": 10.0, "u": 0.0, "v": 4.78072642495143, "x": 81.79930159760008, "y": 58.463605235413375}, "datetime": {"datetime": "2023-02-09 17:36:57", "elapsed": 10447.596247, "delta": 56.36112}}
{"target": -60.06780468245539, "params": {"omega": 0.9017154891694329, "theta": 9.927935206731629, "u": 5.21390347682007, "v": 9.284660716357132, "x": 63.6125316707451, "y": 25.350715751190446}, "datetime": {"datetime": "2023-02-09 17:37:24", "elapsed": 10474.515658, "delta": 26.919411}}
{"target": -10000.0, "params": {"omega": 0.0, "theta": 4.8348750099475994, "u": 8.038909983262812, "v": 5.391252895463437, "x": 93.72775648383599, "y": 36.989508854483674}, "datetime": {"datetime": "2023-02-09 17:38:24", "elapsed": 10534.366861, "delta": 59.851203}}
{"target": -17.091533392264143, "params": {"omega": 0.0, "theta": 10.0, "u": 3.0393991525200406, "v": 9.819798988026873, "x": 91.02890622090875, "y": 39.08098388519271}, "datetime": {"datetime": "2023-02-09 17:38:54", "elapsed": 10564.356043, "delta": 29.989182}}
{"target": -58.31347173623244, "params": {"omega": 0.565950548004748, "theta": 9.715994467816314, "u": 7.473066641291208, "v": 9.693843351387748, "x": 35.07697056851921, "y": 15.936372717455182}, "datetime": {"datetime": "2023-02-09 17:39:27", "elapsed": 10597.566175, "delta": 33.210132}}
{"target": -13.667280262904173, "params": {"omega": 0.0, "theta": 10.0, "u": 2.046216230990973, "v": 10.0, "x": 97.32569387646855, "y": 38.35201803509923}, "datetime": {"datetime": "2023-02-09 17:39:49", "elapsed": 10619.599314, "delta": 22.033139}}
{"target": -46.40566370494983, "params": {"omega": 0.3170222531487349, "theta": 9.456264214881573, "u": 9.510967098098268, "v": 7.729219782439874, "x": 20.788202098004295, "y": 47.517369280091245}, "datetime": {"datetime": "2023-02-09 17:40:24", "elapsed": 10654.362766, "delta": 34.763452}}
{"target": -35.74662015673831, "params": {"omega": 0.0, "theta": 10.0, "u": 6.883633878414531, "v": 10.0, "x": 50.78285153354892, "y": 4.921334438885667}, "datetime": {"datetime": "2023-02-09 17:40:54", "elapsed": 10684.420208, "delta": 30.057442}}
{"target": -45.3813935887875, "params": {"omega": 0.9361397739279832, "theta": 9.922375008247771, "u": 2.034236346620962, "v": 9.241802921079042, "x": 36.739628520749925, "y": 19.351090928587766}, "datetime": {"datetime": "2023-02-09 17:41:17", "elapsed": 10707.225401, "delta": 22.805193}}
{"target": -44.409697469650254, "params": {"omega": 0.11017926353468332, "theta": 9.292419895958488, "u": 9.717498494724115, "v": 7.853731042464153, "x": 66.6455339216864, "y": 15.257375485943736}, "datetime": {"datetime": "2023-02-09 17:41:51", "elapsed": 10741.335126, "delta": 34.109725}}
{"target": -44.41884032782831, "params": {"omega": 0.6155926356204866, "theta": 9.18709364600624, "u": 3.407335288581544, "v": 3.087803542896599, "x": 83.0755146742005, "y": 90.02618528470794}, "datetime": {"datetime": "2023-02-09 17:42:24", "elapsed": 10774.423584, "delta": 33.088458}}
{"target": -16.573162860245283, "params": {"omega": 0.0, "theta": 10.0, "u": 2.7772249266802906, "v": 10.0, "x": 93.43131937951897, "y": 33.10900119762473}, "datetime": {"datetime": "2023-02-09 17:42:48", "elapsed": 10798.434381, "delta": 24.010797}}
{"target": -2.262567455764746, "params": {"omega": 0.0, "theta": 10.0, "u": 0.0, "v": 2.2945853946416843, "x": 96.07321695571385, "y": 75.06011438432118}, "datetime": {"datetime": "2023-02-09 17:43:48", "elapsed": 10858.381979, "delta": 59.947598}}
{"target": -14.45120316094263, "params": {"omega": 0.0, "theta": 6.12555714601789, "u": 1.249038572773072, "v": 10.0, "x": 39.99802455360385, "y": 24.566401127822967}, "datetime": {"datetime": "2023-02-09 17:44:10", "elapsed": 10880.275904, "delta": 21.893925}}
{"target": -46.2788233660508, "params": {"omega": 0.0, "theta": 2.8422314406794813, "u": 3.089370641280294, "v": 5.803768899602233, "x": 43.06371758535246, "y": 23.949575038781525}, "datetime": {"datetime": "2023-02-09 17:44:42", "elapsed": 10912.245219, "delta": 31.969315}}
{"target": -20.314804513567946, "params": {"omega": 0.008907656900385197, "theta": 9.231244729128155, "u": 2.526519403595917, "v": 6.575409690563139, "x": 38.334430401459265, "y": 14.157808723670861}, "datetime": {"datetime": "2023-02-09 17:45:07", "elapsed": 10936.890215, "delta": 24.644996}}
{"target": -49.63908842562797, "params": {"omega": 0.0, "theta": 4.967933427008632, "u": 5.701049579856303, "v": 10.0, "x": 38.33980230189927, "y": 19.752194675482883}, "datetime": {"datetime": "2023-02-09 17:45:38", "elapsed": 10968.306374, "delta": 31.416159}}
{"target": -37.17992884309172, "params": {"omega": 0.0, "theta": 10.0, "u": 7.822903710147589, "v": 10.0, "x": 37.002504794777835, "y": 23.43770250846783}, "datetime": {"datetime": "2023-02-09 17:46:09", "elapsed": 10999.342152, "delta": 31.035778}}
{"target": -11.739668023495737, "params": {"omega": 0.1374087338778165, "theta": 9.953175472567526, "u": 0.7628457456893456, "v": 6.138206642412657, "x": 69.87577487176547, "y": 78.69254695008675}, "datetime": {"datetime": "2023-02-09 17:46:31", "elapsed": 11021.492017, "delta": 22.149865}}
{"target": -44.89849465716956, "params": {"omega": 0.0, "theta": 10.0, "u": 10.0, "v": 9.426186368270713, "x": 57.55891866497217, "y": 21.78222587071518}, "datetime": {"datetime": "2023-02-09 17:47:08", "elapsed": 11058.586753, "delta": 37.094736}}
{"target": -80.38631889518444, "params": {"omega": 0.0, "theta": 5.127647081426965, "u": 10.0, "v": 7.888284353041401, "x": 68.21576928773824, "y": 0.0}, "datetime": {"datetime": "2023-02-09 17:47:49", "elapsed": 11099.259947, "delta": 40.673194}}
{"target": -10000.0, "params": {"omega": 1.0, "theta": 4.493633702333854, "u": 0.0, "v": 6.873735246044298, "x": 76.19255127045825, "y": 87.53369411298048}, "datetime": {"datetime": "2023-02-09 17:49:23", "elapsed": 11193.233024, "delta": 93.973077}}
{"target": -99.58212992267374, "params": {"omega": 0.7497625980089236, "theta": 9.39531875277828, "u": 9.86772247133752, "v": 4.514078878565272, "x": 54.3204874561599, "y": 9.387555658586965}, "datetime": {"datetime": "2023-02-09 17:50:15", "elapsed": 11245.463333, "delta": 52.230309}}
