{"target": -18.986788925587724, "params": {"omega": 0.018105515052210364, "theta": 9.948950990376757, "u": 0.7515721331627251, "v": 2.5210347637501, "x": 8.73972542497186, "y": 6.9337752525857415}, "datetime": {"datetime": "2023-04-17 14:12:43", "elapsed": 10977.460386, "delta": 6.880086}}
{"target": -23.49142654112419, "params": {"omega": 0.0, "theta": 10.0, "u": 1.0, "v": 2.6456248942146505, "x": 7.066601391613117, "y": 15.0}, "datetime": {"datetime": "2023-04-17 14:12:51", "elapsed": 10985.777829, "delta": 8.317443}}
{"target": -10000.0, "params": {"omega": 0.43906321397422143, "theta": 9.949174353405466, "u": 0.4315616817100616, "v": 3.5410796672216738, "x": 6.942221111528796, "y": 6.780114138670998}, "datetime": {"datetime": "2023-04-17 14:13:44", "elapsed": 11038.177751, "delta": 52.399922}}
{"target": -24.14559553910815, "params": {"omega": 0.0, "theta": 8.398752055431798, "u": 1.0, "v": 2.764290310544056, "x": 6.648862196363946, "y": 14.022874527839495}, "datetime": {"datetime": "2023-04-17 14:13:51", "elapsed": 11045.352779, "delta": 7.175028}}
{"target": -12.6752548338072, "params": {"omega": 0.013668453681321524, "theta": 9.929921099657973, "u": 0.08941926546794199, "v": 5.123320521308738, "x": 9.784547551739957, "y": 5.280452395046549}, "datetime": {"datetime": "2023-04-17 14:13:57", "elapsed": 11051.540792, "delta": 6.188013}}
{"target": -24.993040269062938, "params": {"omega": 0.0, "theta": 8.232464959858385, "u": 1.0, "v": 6.546076578460477, "x": 5.0, "y": 15.0}, "datetime": {"datetime": "2023-04-17 14:14:04", "elapsed": 11058.892516, "delta": 7.351724}}
{"target": -50.21415783008604, "params": {"omega": 0.0, "theta": 2.5348563933443877, "u": 1.0, "v": 6.75891965743645, "x": 15.0, "y": 5.0}, "datetime": {"datetime": "2023-04-17 14:14:13", "elapsed": 11067.31095, "delta": 8.418434}}
{"target": -13.672213871799947, "params": {"omega": 0.013778945680580246, "theta": 9.98273678651662, "u": 0.14485173753042335, "v": 3.1421834239422775, "x": 10.452107752481233, "y": 5.159275650352173}, "datetime": {"datetime": "2023-04-17 14:14:20", "elapsed": 11073.916534, "delta": 6.605584}}
{"target": -69.74540673213777, "params": {"omega": 0.0, "theta": 6.359135781308792, "u": 1.0, "v": 0.0, "x": 8.898430062698186, "y": 11.042383264483487}, "datetime": {"datetime": "2023-04-17 14:14:55", "elapsed": 11109.399104, "delta": 35.48257}}
{"target": -10000.0, "params": {"omega": 1.0, "theta": 7.199622752304669, "u": 1.0, "v": 2.001566405579024, "x": 15.0, "y": 14.027950882034448}, "datetime": {"datetime": "2023-04-17 14:15:24", "elapsed": 11138.527401, "delta": 29.128297}}
{"target": -14.794247447513076, "params": {"omega": 0.0, "theta": 7.625817750462508, "u": 0.0, "v": 10.0, "x": 12.459935052925701, "y": 15.0}, "datetime": {"datetime": "2023-04-17 14:15:35", "elapsed": 11149.688047, "delta": 11.160646}}
{"target": -26.700269501020784, "params": {"omega": 0.0, "theta": 7.054897901434594, "u": 1.0, "v": 1.371411191213884, "x": 8.572772945619779, "y": 10.461726554962137}, "datetime": {"datetime": "2023-04-17 14:15:44", "elapsed": 11158.759547, "delta": 9.0715}}
{"target": -5000.0, "params": {"omega": 0.27110259083334876, "theta": 9.795420552032537, "u": 0.5308421655365658, "v": 4.7639951172690775, "x": 5.342770842616461, "y": 5.005964484218919}, "datetime": {"datetime": "2023-04-17 14:16:47", "elapsed": 11221.095891, "delta": 62.336344}}
{"target": -16.586986949525368, "params": {"omega": 0.0, "theta": 6.321302792623175, "u": 0.0, "v": 10.0, "x": 15.0, "y": 15.0}, "datetime": {"datetime": "2023-04-17 14:16:57", "elapsed": 11231.290783, "delta": 10.194892}}
{"target": -5000.0, "params": {"omega": 0.0, "theta": 6.261537221524033, "u": 0.0, "v": 0.0, "x": 9.50705599736081, "y": 9.757364264755198}, "datetime": {"datetime": "2023-04-17 14:18:37", "elapsed": 11330.982794, "delta": 99.692011}}
{"target": -74.31028702752258, "params": {"omega": 0.0, "theta": 6.587178156487292, "u": 1.0, "v": 0.0, "x": 7.731176577895012, "y": 12.499461102623894}, "datetime": {"datetime": "2023-04-17 14:19:10", "elapsed": 11364.238976, "delta": 33.256182}}
{"target": -58.15353272245753, "params": {"omega": 0.0, "theta": 2.015983305236493, "u": 1.0, "v": 6.867651894886425, "x": 6.736457850495942, "y": 12.975156722117381}, "datetime": {"datetime": "2023-04-17 14:19:18", "elapsed": 11372.658037, "delta": 8.419061}}
{"target": -5000.0, "params": {"omega": 1.0, "theta": 5.795267415246465, "u": 1.0, "v": 10.0, "x": 15.0, "y": 15.0}, "datetime": {"datetime": "2023-04-17 14:20:10", "elapsed": 11424.331613, "delta": 51.673576}}
{"target": -14.381348847707976, "params": {"omega": 0.0, "theta": 4.937177060355547, "u": 0.0, "v": 10.0, "x": 6.174026365528049, "y": 5.0}, "datetime": {"datetime": "2023-04-17 14:20:20", "elapsed": 11433.932823, "delta": 9.60121}}
{"target": -15.556890068395305, "params": {"omega": 0.0, "theta": 7.980405678692336, "u": 0.0, "v": 8.975523534929145, "x": 14.396677259213334, "y": 15.0}, "datetime": {"datetime": "2023-04-17 14:20:31", "elapsed": 11445.043014, "delta": 11.110191}}
{"target": -17.21549776299971, "params": {"omega": 0.0, "theta": 3.065795026423402, "u": 0.0, "v": 7.161067564886191, "x": 8.360035239583317, "y": 13.153630098290918}, "datetime": {"datetime": "2023-04-17 14:20:43", "elapsed": 11457.163245, "delta": 12.120231}}
{"target": -32.79743401849757, "params": {"omega": 0.0, "theta": 6.83161820149386, "u": 1.0, "v": 0.24719811299857955, "x": 7.597573795546392, "y": 10.806005939421016}, "datetime": {"datetime": "2023-04-17 14:21:00", "elapsed": 11473.928317, "delta": 16.765072}}
{"target": -48.86227166603374, "params": {"omega": 0.0, "theta": 2.693821282861602, "u": 1.0, "v": 6.688865966333069, "x": 7.140829965620931, "y": 15.0}, "datetime": {"datetime": "2023-04-17 14:21:09", "elapsed": 11483.063216, "delta": 9.134899}}
{"target": -91.29094954893719, "params": {"omega": 0.0, "theta": 3.7730723116940315, "u": 1.0, "v": 0.0, "x": 5.0, "y": 5.0}, "datetime": {"datetime": "2023-04-17 14:21:51", "elapsed": 11524.926432, "delta": 41.863216}}
{"target": -10000.0, "params": {"omega": 0.21700497637006244, "theta": 3.60083266819045, "u": 0.9430123778123242, "v": 0.3283113711133312, "x": 5.215311968612727, "y": 6.511981453628727}, "datetime": {"datetime": "2023-04-17 14:21:57", "elapsed": 11530.91238, "delta": 5.985948}}
{"target": -19.54223828730865, "params": {"omega": 0.0, "theta": 1.2650567974127536, "u": 0.0, "v": 7.6763621659921135, "x": 5.0, "y": 12.969468711519635}, "datetime": {"datetime": "2023-04-17 14:22:07", "elapsed": 11541.436187, "delta": 10.523807}}
{"target": -22.83830379836679, "params": {"omega": 0.0, "theta": 10.0, "u": 1.0, "v": 3.7047866727080794, "x": 9.237017968165016, "y": 5.0}, "datetime": {"datetime": "2023-04-17 14:22:14", "elapsed": 11548.705696, "delta": 7.269509}}
{"target": -24.204030550476535, "params": {"omega": 0.0, "theta": 6.5464809787645954, "u": 0.8416340343279953, "v": 3.1936339109040337, "x": 12.81536085129471, "y": 11.567838203825902}, "datetime": {"datetime": "2023-04-17 14:22:21", "elapsed": 11555.863552, "delta": 7.157856}}
{"target": -5000.0, "params": {"omega": 1.0, "theta": 1.2392785365990537, "u": 1.0, "v": 6.968152181574105, "x": 15.0, "y": 5.0}, "datetime": {"datetime": "2023-04-17 14:23:11", "elapsed": 11605.358164, "delta": 49.494612}}
{"target": -32.08611025109164, "params": {"omega": 0.0, "theta": 5.074856204631203, "u": 1.0, "v": 8.628950765125074, "x": 6.0676545820271315, "y": 5.701938670884841}, "datetime": {"datetime": "2023-04-17 14:23:18", "elapsed": 11612.454695, "delta": 7.096531}}
{"target": -13.350630478182158, "params": {"omega": 0.0, "theta": 9.092349151383766, "u": 0.0, "v": 8.471392147501447, "x": 5.0, "y": 5.0}, "datetime": {"datetime": "2023-04-17 14:23:29", "elapsed": 11623.711043, "delta": 11.256348}}
{"target": -15.708922716527294, "params": {"omega": 0.0, "theta": 8.872634055393103, "u": 0.0, "v": 10.0, "x": 5.0, "y": 7.697370747228582}, "datetime": {"datetime": "2023-04-17 14:23:40", "elapsed": 11634.649024, "delta": 10.937981}}
{"target": -12.305242614839912, "params": {"omega": 0.0, "theta": 7.423084821992765, "u": 0.0, "v": 2.5058120601004683, "x": 5.0, "y": 13.25842035036701}, "datetime": {"datetime": "2023-04-17 14:23:50", "elapsed": 11644.005939, "delta": 9.356915}}
{"target": -16.460313266952397, "params": {"omega": 0.0, "theta": 2.3462851130344125, "u": 0.0, "v": 10.0, "x": 10.42400527167331, "y": 7.277863987871214}, "datetime": {"datetime": "2023-04-17 14:24:00", "elapsed": 11654.483407, "delta": 10.477468}}
{"target": -25.207520484342503, "params": {"omega": 0.0, "theta": 6.782905645544717, "u": 1.0, "v": 2.7398616715583435, "x": 6.262053062165589, "y": 13.562112547043705}, "datetime": {"datetime": "2023-04-17 14:24:08", "elapsed": 11661.964262, "delta": 7.480855}}
{"target": -68.24156581518632, "params": {"omega": 0.0, "theta": 1.4328300205497098, "u": 1.0, "v": 10.0, "x": 11.933232557045688, "y": 8.27369410266009}, "datetime": {"datetime": "2023-04-17 14:24:16", "elapsed": 11670.797757, "delta": 8.833495}}
{"target": -15.386704110701796, "params": {"omega": 0.0, "theta": 1.2331088535848977, "u": 0.0, "v": 7.15983817046768, "x": 6.3448142417817115, "y": 11.92873371447873}, "datetime": {"datetime": "2023-04-17 14:24:26", "elapsed": 11680.390064, "delta": 9.592307}}
{"target": -89.13935459716747, "params": {"omega": 0.0, "theta": 10.0, "u": 1.0, "v": 0.0, "x": 5.0, "y": 7.65365236251152}, "datetime": {"datetime": "2023-04-17 14:25:03", "elapsed": 11717.680363, "delta": 37.290299}}
{"target": -14.525301438060362, "params": {"omega": 0.0, "theta": 7.237872505662271, "u": 0.0, "v": 2.995532398205311, "x": 13.188060142219872, "y": 10.887918724564845}, "datetime": {"datetime": "2023-04-17 14:25:13", "elapsed": 11727.486811, "delta": 9.806448}}
{"target": -23.72104338265696, "params": {"omega": 0.0, "theta": 10.0, "u": 1.0, "v": 2.0201831844478857, "x": 15.0, "y": 15.0}, "datetime": {"datetime": "2023-04-17 14:25:20", "elapsed": 11734.842173, "delta": 7.355362}}
{"target": -5000.0, "params": {"omega": 0.0, "theta": 0.0, "u": 0.0, "v": 10.0, "x": 12.592597246305338, "y": 7.673612428025414}, "datetime": {"datetime": "2023-04-17 14:26:50", "elapsed": 11824.795398, "delta": 89.953225}}
{"target": -24.079636366158283, "params": {"omega": 0.0, "theta": 8.916771817700756, "u": 1.0, "v": 8.856371317407374, "x": 15.0, "y": 15.0}, "datetime": {"datetime": "2023-04-17 14:26:57", "elapsed": 11831.224493, "delta": 6.429095}}
{"target": -14.13741072690366, "params": {"omega": 0.0, "theta": 10.0, "u": 0.0, "v": 6.618732040951024, "x": 5.0, "y": 11.479678858986338}, "datetime": {"datetime": "2023-04-17 14:27:08", "elapsed": 11842.518253, "delta": 11.29376}}
{"target": -36.60845609600941, "params": {"omega": 0.06516901881185655, "theta": 7.1170380876760415, "u": 0.9772239769314602, "v": 1.4274514824530382, "x": 6.392779492235409, "y": 13.933336912173047}, "datetime": {"datetime": "2023-04-17 14:27:16", "elapsed": 11849.935328, "delta": 7.417075}}
{"target": -10000.0, "params": {"omega": 1.0, "theta": 3.5802431895512337, "u": 0.0, "v": 6.766880294565476, "x": 15.0, "y": 5.0}, "datetime": {"datetime": "2023-04-17 14:27:23", "elapsed": 11857.5185, "delta": 7.583172}}
{"target": -77.32464010943512, "params": {"omega": 0.0, "theta": 10.0, "u": 1.0, "v": 0.0, "x": 6.87637195958733, "y": 7.1804071708292145}, "datetime": {"datetime": "2023-04-17 14:27:56", "elapsed": 11890.324555, "delta": 32.806055}}
{"target": -12.313445971685171, "params": {"omega": 0.0, "theta": 10.0, "u": 0.0, "v": 8.638911453110968, "x": 6.292454574381852, "y": 13.914345852715666}, "datetime": {"datetime": "2023-04-17 14:28:06", "elapsed": 11900.096876, "delta": 9.772321}}
{"target": -24.38430275176993, "params": {"omega": 0.0, "theta": 10.0, "u": 1.0, "v": 2.0672669605126877, "x": 9.899512634654897, "y": 6.372761512276724}, "datetime": {"datetime": "2023-04-17 14:28:13", "elapsed": 11907.456085, "delta": 7.359209}}
{"target": -23.993171577356122, "params": {"omega": 0.0, "theta": 10.0, "u": 1.0, "v": 1.3254893944200834, "x": 13.31069245652858, "y": 7.23573386027262}, "datetime": {"datetime": "2023-04-17 14:28:20", "elapsed": 11914.828837, "delta": 7.372752}}
{"target": -11.875470891968952, "params": {"omega": 0.01711032405035262, "theta": 9.795913463626537, "u": 0.010559939421425302, "v": 5.124929144627658, "x": 5.157542463524263, "y": 12.988305877049129}, "datetime": {"datetime": "2023-04-17 14:28:26", "elapsed": 11920.505584, "delta": 5.676747}}
{"target": -50.54984110026004, "params": {"omega": 0.0, "theta": 2.6256197090256403, "u": 1.0, "v": 10.0, "x": 9.578720455478777, "y": 7.4437308475583635}, "datetime": {"datetime": "2023-04-17 14:28:34", "elapsed": 11928.505602, "delta": 8.000018}}
{"target": -23.9539032225279, "params": {"omega": 0.0, "theta": 10.0, "u": 1.0, "v": 10.0, "x": 11.46487999376326, "y": 8.031011268832366}, "datetime": {"datetime": "2023-04-17 14:28:40", "elapsed": 11934.690671, "delta": 6.185069}}
{"target": -24.417312707452076, "params": {"omega": 0.0, "theta": 9.08596710630817, "u": 1.0, "v": 10.0, "x": 7.543423755542421, "y": 10.882191575497536}, "datetime": {"datetime": "2023-04-17 14:28:47", "elapsed": 11941.753911, "delta": 7.06324}}
{"target": -29.485013359479858, "params": {"omega": 0.0, "theta": 5.570539420460293, "u": 1.0, "v": 6.22685548250527, "x": 7.451378224633289, "y": 15.0}, "datetime": {"datetime": "2023-04-17 14:28:55", "elapsed": 11949.306425, "delta": 7.552514}}
{"target": -14.500140758518556, "params": {"omega": 0.0, "theta": 3.9251345978841385, "u": 0.0, "v": 7.373924500649529, "x": 6.510000288807259, "y": 8.762613781555993}, "datetime": {"datetime": "2023-04-17 14:29:06", "elapsed": 11960.130867, "delta": 10.824442}}
{"target": -13.33464392716835, "params": {"omega": 0.0, "theta": 10.0, "u": 0.0, "v": 10.0, "x": 9.532487636182681, "y": 8.669330638758833}, "datetime": {"datetime": "2023-04-17 14:29:16", "elapsed": 11970.148324, "delta": 10.017457}}
{"target": -24.90231429496738, "params": {"omega": 0.0, "theta": 6.736108382565109, "u": 1.0, "v": 2.099735883151573, "x": 7.5776380159137915, "y": 11.75960343385421}, "datetime": {"datetime": "2023-04-17 14:29:23", "elapsed": 11977.450195, "delta": 7.301871}}
{"target": -26.64619515776935, "params": {"omega": 0.0, "theta": 9.009265039750693, "u": 1.0, "v": 0.5533820239971606, "x": 13.811360456223461, "y": 15.0}, "datetime": {"datetime": "2023-04-17 14:29:33", "elapsed": 11987.438749, "delta": 9.988554}}
{"target": -26.161151711383333, "params": {"omega": 0.0, "theta": 7.060962133600936, "u": 1.0, "v": 0.8702828697321707, "x": 13.68220441274092, "y": 15.0}, "datetime": {"datetime": "2023-04-17 14:29:42", "elapsed": 11996.329017, "delta": 8.890268}}
{"target": -22.84821726200235, "params": {"omega": 0.0, "theta": 10.0, "u": 1.0, "v": 5.077848874553183, "x": 5.0, "y": 11.779662908867095}, "datetime": {"datetime": "2023-04-17 14:29:49", "elapsed": 12002.956072, "delta": 6.627055}}
{"target": -12.913565503406831, "params": {"omega": 0.0, "theta": 5.506085285284372, "u": 0.0, "v": 10.0, "x": 5.0, "y": 12.488158320285732}, "datetime": {"datetime": "2023-04-17 14:29:58", "elapsed": 12012.720122, "delta": 9.76405}}
{"target": -16.802899904534236, "params": {"omega": 0.0, "theta": 3.33243642291531, "u": 0.0, "v": 7.860457253013388, "x": 7.237054566135964, "y": 15.0}, "datetime": {"datetime": "2023-04-17 14:30:10", "elapsed": 12024.39659, "delta": 11.676468}}
{"target": -24.251569587843306, "params": {"omega": 0.0, "theta": 8.418905613986263, "u": 1.0, "v": 4.351596614345992, "x": 5.0, "y": 12.041560949454569}, "datetime": {"datetime": "2023-04-17 14:30:17", "elapsed": 12031.103726, "delta": 6.707136}}
{"target": -10000.0, "params": {"omega": 0.0, "theta": 1.558887826383968, "u": 0.0, "v": 0.0, "x": 11.339318392218185, "y": 10.015772998922545}, "datetime": {"datetime": "2023-04-17 14:30:28", "elapsed": 12042.830289, "delta": 11.726563}}
{"target": -12.369302313665347, "params": {"omega": 0.0, "theta": 10.0, "u": 0.0, "v": 6.099461808712415, "x": 8.145304011994387, "y": 5.0}, "datetime": {"datetime": "2023-04-17 14:30:38", "elapsed": 12052.386346, "delta": 9.556057}}
{"target": -23.41238787656364, "params": {"omega": 0.0, "theta": 10.0, "u": 1.0, "v": 9.07817266957523, "x": 8.460731527317417, "y": 8.434490735802932}, "datetime": {"datetime": "2023-04-17 14:30:44", "elapsed": 12058.485459, "delta": 6.099113}}
{"target": -5000.0, "params": {"omega": 0.0, "theta": 0.0, "u": 0.0, "v": 1.7248061994938866, "x": 10.181128333997293, "y": 8.834055054228257}, "datetime": {"datetime": "2023-04-17 14:32:14", "elapsed": 12148.622076, "delta": 90.136617}}
{"target": -5000.0, "params": {"omega": 0.0, "theta": 0.0, "u": 1.0, "v": 10.0, "x": 10.842535124730642, "y": 11.873617047863732}, "datetime": {"datetime": "2023-04-17 14:32:59", "elapsed": 12192.917416, "delta": 44.29534}}
{"target": -25.819301830574048, "params": {"omega": 0.0, "theta": 8.078992190916406, "u": 1.0, "v": 10.0, "x": 12.231917031439226, "y": 5.0}, "datetime": {"datetime": "2023-04-17 14:33:05", "elapsed": 12199.037243, "delta": 6.119827}}
{"target": -13.360987640932727, "params": {"omega": 0.0, "theta": 8.750020814532704, "u": 0.0, "v": 6.10234657914214, "x": 5.0, "y": 12.522467701017156}, "datetime": {"datetime": "2023-04-17 14:33:15", "elapsed": 12209.118659, "delta": 10.081416}}
{"target": -5000.0, "params": {"omega": 0.0, "theta": 0.0, "u": 0.0, "v": 10.0, "x": 5.0, "y": 12.203336862196}, "datetime": {"datetime": "2023-04-17 14:34:43", "elapsed": 12297.425033, "delta": 88.306374}}
{"target": -13.521531575995354, "params": {"omega": 0.0, "theta": 8.815252130931858, "u": 0.0, "v": 8.66528394188828, "x": 8.337842114582495, "y": 5.0}, "datetime": {"datetime": "2023-04-17 14:34:53", "elapsed": 12307.217363, "delta": 9.79233}}
{"target": -10000.0, "params": {"omega": 1.0, "theta": 2.330005774546029, "u": 0.0, "v": 10.0, "x": 11.631247012197456, "y": 8.366135200623772}, "datetime": {"datetime": "2023-04-17 14:35:04", "elapsed": 12318.270837, "delta": 11.053474}}
{"target": -5000.0, "params": {"omega": 1.0, "theta": 0.0, "u": 0.0, "v": 3.4066730534042726, "x": 5.0, "y": 12.360342463963399}, "datetime": {"datetime": "2023-04-17 14:36:33", "elapsed": 12407.134665, "delta": 88.863828}}
{"target": -15.73858309407486, "params": {"omega": 0.0, "theta": 1.2714569620806409, "u": 0.0, "v": 2.093632633312894, "x": 9.782419966660232, "y": 10.72381736285833}, "datetime": {"datetime": "2023-04-17 14:36:43", "elapsed": 12417.41116, "delta": 10.276495}}
{"target": -12.969892403785094, "params": {"omega": 0.0, "theta": 3.358224370912303, "u": 0.0, "v": 7.744297261111001, "x": 5.0, "y": 8.995852454123009}, "datetime": {"datetime": "2023-04-17 14:36:53", "elapsed": 12427.353922, "delta": 9.942762}}
{"target": -28.61613840797144, "params": {"omega": 0.0, "theta": 6.484128459763042, "u": 1.0, "v": 10.0, "x": 10.71485313331038, "y": 15.0}, "datetime": {"datetime": "2023-04-17 14:36:59", "elapsed": 12433.829105, "delta": 6.475183}}
{"target": -23.002101955433197, "params": {"omega": 0.0, "theta": 10.0, "u": 1.0, "v": 4.803385532019565, "x": 10.83825661624619, "y": 15.0}, "datetime": {"datetime": "2023-04-17 14:37:06", "elapsed": 12440.190119, "delta": 6.361014}}
{"target": -5000.0, "params": {"omega": 0.0, "theta": 0.0, "u": 0.0, "v": 2.255338122644158, "x": 11.120372739098201, "y": 10.488685290349407}, "datetime": {"datetime": "2023-04-17 14:38:39", "elapsed": 12533.366163, "delta": 93.176044}}
{"target": -51.813417575468186, "params": {"omega": 0.0, "theta": 2.5013541613067467, "u": 1.0, "v": 9.043280086430082, "x": 10.696039546459795, "y": 6.590218053451552}, "datetime": {"datetime": "2023-04-17 14:38:47", "elapsed": 12541.11952, "delta": 7.753357}}
{"target": -23.150293298050634, "params": {"omega": 0.0, "theta": 10.0, "u": 1.0, "v": 6.3212952224727275, "x": 6.404248689889837, "y": 11.999958534177708}, "datetime": {"datetime": "2023-04-17 14:38:53", "elapsed": 12547.597981, "delta": 6.478461}}
{"target": -28.463704994559507, "params": {"omega": 0.0, "theta": 6.1699738233875845, "u": 1.0, "v": 7.840242402143903, "x": 10.283697475302342, "y": 15.0}, "datetime": {"datetime": "2023-04-17 14:39:00", "elapsed": 12554.236075, "delta": 6.638094}}
{"target": -10000.0, "params": {"omega": 1.0, "theta": 10.0, "u": 0.0, "v": 7.662511564445012, "x": 5.0, "y": 9.338730738213346}, "datetime": {"datetime": "2023-04-17 14:39:11", "elapsed": 12564.997453, "delta": 10.761378}}
{"target": -45.38387693932861, "params": {"omega": 0.0, "theta": 3.118348301915277, "u": 1.0, "v": 10.0, "x": 6.577450155666628, "y": 5.0}, "datetime": {"datetime": "2023-04-17 14:39:18", "elapsed": 12572.569216, "delta": 7.571763}}
{"target": -14.722516022107756, "params": {"omega": 0.0, "theta": 6.496142323250868, "u": 0.0, "v": 1.758688238189847, "x": 6.9823322438522535, "y": 15.0}, "datetime": {"datetime": "2023-04-17 14:39:28", "elapsed": 12582.544723, "delta": 9.975507}}
{"target": -15.13581929692764, "params": {"omega": 0.0, "theta": 8.497341592556186, "u": 0.0, "v": 10.0, "x": 9.002084376292512, "y": 6.71616914534191}, "datetime": {"datetime": "2023-04-17 14:39:38", "elapsed": 12592.400989, "delta": 9.856266}}
{"target": -13.026475020966574, "params": {"omega": 0.0, "theta": 7.005842886026333, "u": 0.0, "v": 8.489869728434881, "x": 11.858599414631255, "y": 15.0}, "datetime": {"datetime": "2023-04-17 14:39:49", "elapsed": 12602.911754, "delta": 10.510765}}
{"target": -23.287595285341993, "params": {"omega": 0.0, "theta": 10.0, "u": 1.0, "v": 1.392331905539071, "x": 8.309978473465018, "y": 7.662841410506309}, "datetime": {"datetime": "2023-04-17 14:39:56", "elapsed": 12610.55155, "delta": 7.639796}}
{"target": -14.874669765750427, "params": {"omega": 0.0, "theta": 7.426263744181192, "u": 0.0, "v": 5.025781805069439, "x": 5.0, "y": 15.0}, "datetime": {"datetime": "2023-04-17 14:40:06", "elapsed": 12620.862382, "delta": 10.310832}}
