{"target": -4.206490345084678, "params": {"omega": 0.0, "theta": 10.0, "u": 0.0, "v": 9.44681655846342, "x": 15.0, "y": 7.6650895295797685}, "datetime": {"datetime": "2023-04-17 13:44:39", "elapsed": 9296.197225, "delta": 10.57517}}
{"target": -28.80283290461279, "params": {"omega": 0.0, "theta": 3.262284378418859, "u": 1.0, "v": 8.470010255978492, "x": 11.276253715972814, "y": 8.019697916476451}, "datetime": {"datetime": "2023-04-17 13:44:46", "elapsed": 9303.755719, "delta": 7.558494}}
{"target": -2.553536569155802, "params": {"omega": 0.0, "theta": 10.0, "u": 0.0, "v": 8.270143654962753, "x": 10.65337115938478, "y": 15.0}, "datetime": {"datetime": "2023-04-17 13:44:56", "elapsed": 9313.57846, "delta": 9.822741}}
{"target": -3.983330796171841, "params": {"omega": 0.0, "theta": 8.612556923820957, "u": 0.0, "v": 4.481069581179605, "x": 13.626562373086983, "y": 5.0}, "datetime": {"datetime": "2023-04-17 13:45:05", "elapsed": 9322.996059, "delta": 9.417599}}
{"target": -8.01375669992323, "params": {"omega": 0.0, "theta": 2.1652493148102634, "u": 0.0, "v": 9.214495667594907, "x": 10.651801361312469, "y": 7.732399709200909}, "datetime": {"datetime": "2023-04-17 13:45:16", "elapsed": 9333.650191, "delta": 10.654132}}
{"target": -12.248423351129235, "params": {"omega": 0.0, "theta": 5.933021324750155, "u": 0.0, "v": 8.364790421130158, "x": 5.0, "y": 5.0}, "datetime": {"datetime": "2023-04-17 13:45:27", "elapsed": 9344.05662, "delta": 10.406429}}
{"target": -11.767215268176555, "params": {"omega": 0.0, "theta": 10.0, "u": 1.0, "v": 6.729899300619523, "x": 5.0, "y": 6.005284111807904}, "datetime": {"datetime": "2023-04-17 13:45:34", "elapsed": 9351.333779, "delta": 7.277159}}
{"target": -6.023221602061963, "params": {"omega": 0.0, "theta": 8.606706176112558, "u": 0.0, "v": 2.9800511796118303, "x": 5.0, "y": 13.61198218188464}, "datetime": {"datetime": "2023-04-17 13:45:46", "elapsed": 9363.856762, "delta": 12.522983}}
{"target": -3.840759065652312, "params": {"omega": 0.0, "theta": 10.0, "u": 0.0, "v": 5.39434298029262, "x": 7.559816352483643, "y": 7.0813839520425175}, "datetime": {"datetime": "2023-04-17 13:45:56", "elapsed": 9373.107353, "delta": 9.250591}}
{"target": -30.22603817998431, "params": {"omega": 0.0, "theta": 3.1027637090871845, "u": 1.0, "v": 7.174534256921603, "x": 8.854815019286068, "y": 8.502120379930771}, "datetime": {"datetime": "2023-04-17 13:46:03", "elapsed": 9380.482583, "delta": 7.37523}}
{"target": -7.413898420847944, "params": {"omega": 0.0, "theta": 10.0, "u": 1.0, "v": 0.7567136361034543, "x": 5.0, "y": 15.0}, "datetime": {"datetime": "2023-04-17 13:46:12", "elapsed": 9389.10763, "delta": 8.625047}}
{"target": -10000.0, "params": {"omega": 0.2644641877244033, "theta": 3.383633411397513, "u": 0.7598192785750978, "v": 0.12453565164644353, "x": 9.794099613676714, "y": 14.939004720251923}, "datetime": {"datetime": "2023-04-17 13:46:15", "elapsed": 9392.924955, "delta": 3.817325}}
{"target": -3.7518914775272614, "params": {"omega": 0.0, "theta": 1.1705442739662248, "u": 0.0, "v": 5.8828184371149295, "x": 11.426415611273379, "y": 15.0}, "datetime": {"datetime": "2023-04-17 13:46:25", "elapsed": 9402.547103, "delta": 9.622148}}
{"target": -10000.0, "params": {"omega": 1.0, "theta": 1.5871353536498756, "u": 0.0, "v": 8.16951288907412, "x": 8.128176670083365, "y": 5.0}, "datetime": {"datetime": "2023-04-17 13:47:15", "elapsed": 9452.968515, "delta": 50.421412}}
{"target": -11.591943279565275, "params": {"omega": 0.0, "theta": 8.17151933678028, "u": 1.0, "v": 2.0675851070876687, "x": 5.0, "y": 15.0}, "datetime": {"datetime": "2023-04-17 13:47:23", "elapsed": 9460.583649, "delta": 7.615134}}
{"target": -4.117116674705734, "params": {"omega": 0.0, "theta": 7.272471731974867, "u": 0.0, "v": 10.0, "x": 9.950758238370224, "y": 6.402996506738597}, "datetime": {"datetime": "2023-04-17 13:47:34", "elapsed": 9471.53477, "delta": 10.951121}}
{"target": -4.0960772066797695, "params": {"omega": 0.0, "theta": 5.891474856880818, "u": 0.0, "v": 5.808097994646886, "x": 5.0, "y": 10.527544774023642}, "datetime": {"datetime": "2023-04-17 13:47:44", "elapsed": 9481.802414, "delta": 10.267644}}
{"target": -3.2381115546354446, "params": {"omega": 0.0, "theta": 10.0, "u": 0.0, "v": 9.02091002652632, "x": 7.4746525687182785, "y": 10.363345753603936}, "datetime": {"datetime": "2023-04-17 13:47:55", "elapsed": 9492.995123, "delta": 11.192709}}
{"target": -5.619376615781916, "params": {"omega": 0.0, "theta": 10.0, "u": 0.0, "v": 6.575315380055443, "x": 14.36651181318494, "y": 5.0}, "datetime": {"datetime": "2023-04-17 13:48:06", "elapsed": 9503.971173, "delta": 10.97605}}
{"target": -10.86452050617305, "params": {"omega": 0.0, "theta": 10.0, "u": 1.0, "v": 5.545083927791119, "x": 7.355847820448672, "y": 13.569155646248651}, "datetime": {"datetime": "2023-04-17 13:48:13", "elapsed": 9510.418526, "delta": 6.447353}}
{"target": -16.367168420910307, "params": {"omega": 0.0, "theta": 6.161871024899071, "u": 1.0, "v": 10.0, "x": 9.762925441087246, "y": 15.0}, "datetime": {"datetime": "2023-04-17 13:48:20", "elapsed": 9517.544386, "delta": 7.12586}}
{"target": -3.6065126119038013, "params": {"omega": 0.0, "theta": 8.521929624461533, "u": 0.0, "v": 7.2746929135652385, "x": 7.280155948251974, "y": 12.189817910857043}, "datetime": {"datetime": "2023-04-17 13:48:30", "elapsed": 9527.93589, "delta": 10.391504}}
{"target": -4.53968163891284, "params": {"omega": 0.0, "theta": 7.413264678264671, "u": 0.0, "v": 1.4277901545770735, "x": 15.0, "y": 8.766460425550394}, "datetime": {"datetime": "2023-04-17 13:48:43", "elapsed": 9540.621522, "delta": 12.685632}}
{"target": -37.5159132541222, "params": {"omega": 0.0, "theta": 2.557622555757693, "u": 1.0, "v": 10.0, "x": 5.0, "y": 15.0}, "datetime": {"datetime": "2023-04-17 13:48:51", "elapsed": 9548.769824, "delta": 8.148302}}
{"target": -3.2491538262068755, "params": {"omega": 0.0, "theta": 5.573718386385128, "u": 0.0, "v": 5.185581030164228, "x": 11.00090094880895, "y": 5.0}, "datetime": {"datetime": "2023-04-17 13:49:02", "elapsed": 9559.607378, "delta": 10.837554}}
{"target": -0.8027221733288437, "params": {"omega": 0.01072096159858238, "theta": 4.327858030235927, "u": 0.021639409613800176, "v": 9.579077532758628, "x": 10.431032862935474, "y": 5.182243370494655}, "datetime": {"datetime": "2023-04-17 13:49:07", "elapsed": 9564.804397, "delta": 5.197019}}
{"target": -10.261920575369329, "params": {"omega": 0.0, "theta": 10.0, "u": 1.0, "v": 2.0281485129090426, "x": 5.0, "y": 13.333418819888534}, "datetime": {"datetime": "2023-04-17 13:49:15", "elapsed": 9572.074256, "delta": 7.269859}}
{"target": -10.561464241655997, "params": {"omega": 0.0, "theta": 10.0, "u": 1.0, "v": 4.478020641803749, "x": 5.0, "y": 6.0054073327609805}, "datetime": {"datetime": "2023-04-17 13:49:21", "elapsed": 9578.732936, "delta": 6.65868}}
{"target": -4.04414515198783, "params": {"omega": 0.0, "theta": 3.15322719182213, "u": 0.0, "v": 9.23873178013528, "x": 9.06607486477157, "y": 6.325377220823387}, "datetime": {"datetime": "2023-04-17 13:49:32", "elapsed": 9589.362138, "delta": 10.629202}}
{"target": -6.499045306620794, "params": {"omega": 0.0, "theta": 6.904290425044039, "u": 0.0, "v": 10.0, "x": 6.376163476878208, "y": 8.431879793615195}, "datetime": {"datetime": "2023-04-17 13:49:42", "elapsed": 9600.028273, "delta": 10.666135}}
{"target": -44.720415439150855, "params": {"omega": 0.0, "theta": 1.8983250224130035, "u": 1.0, "v": 8.197347650838893, "x": 7.891596448073352, "y": 9.037794467880868}, "datetime": {"datetime": "2023-04-17 13:49:51", "elapsed": 9608.343883, "delta": 8.31561}}
{"target": -52.38201293142366, "params": {"omega": 0.0, "theta": 1.4315587698263985, "u": 1.0, "v": 8.170062741874734, "x": 5.0, "y": 8.575834094460111}, "datetime": {"datetime": "2023-04-17 13:50:00", "elapsed": 9617.242479, "delta": 8.898596}}
{"target": -10.270532405368513, "params": {"omega": 0.0, "theta": 10.0, "u": 1.0, "v": 3.6185834030326145, "x": 7.351188325800448, "y": 7.425766025734817}, "datetime": {"datetime": "2023-04-17 13:50:07", "elapsed": 9624.489012, "delta": 7.246533}}
{"target": -5000.0, "params": {"omega": 0.0, "theta": 0.0, "u": 1.0, "v": 10.0, "x": 5.0, "y": 7.659174629613439}, "datetime": {"datetime": "2023-04-17 13:50:54", "elapsed": 9671.145317, "delta": 46.656305}}
{"target": -4.076271187681514, "params": {"omega": 0.0, "theta": 6.667169095733556, "u": 0.0, "v": 10.0, "x": 7.2910181729734935, "y": 13.355133144860291}, "datetime": {"datetime": "2023-04-17 13:51:03", "elapsed": 9680.72995, "delta": 9.584633}}
{"target": -5000.0, "params": {"omega": 0.0, "theta": 0.0, "u": 1.0, "v": 10.0, "x": 15.0, "y": 12.094679061499765}, "datetime": {"datetime": "2023-04-17 13:51:49", "elapsed": 9726.302754, "delta": 45.572804}}
{"target": -1.7592604233862756, "params": {"omega": 0.0, "theta": 5.598904875959716, "u": 0.0, "v": 10.0, "x": 9.401921844485871, "y": 13.571461071210992}, "datetime": {"datetime": "2023-04-17 13:51:58", "elapsed": 9735.704872, "delta": 9.402118}}
{"target": -109.04267032279272, "params": {"omega": 0.0, "theta": 0.5956997704595792, "u": 1.0, "v": 7.391262274451042, "x": 7.302842266335356, "y": 10.31226276817257}, "datetime": {"datetime": "2023-04-17 13:52:07", "elapsed": 9744.984298, "delta": 9.279426}}
{"target": -17.03607742924215, "params": {"omega": 0.0, "theta": 6.105770736643914, "u": 1.0, "v": 10.0, "x": 5.0, "y": 5.0}, "datetime": {"datetime": "2023-04-17 13:52:14", "elapsed": 9751.862155, "delta": 6.877857}}
{"target": -7.490238488978313, "params": {"omega": 0.0, "theta": 10.0, "u": 0.0, "v": 5.082924268508983, "x": 8.846292251261628, "y": 13.44180044244569}, "datetime": {"datetime": "2023-04-17 13:52:25", "elapsed": 9762.852951, "delta": 10.990796}}
{"target": -5000.0, "params": {"omega": 0.052635426231981586, "theta": 0.6985188815819343, "u": 0.06071295818137312, "v": 5.240979889531151, "x": 7.942103909527991, "y": 9.771017639384372}, "datetime": {"datetime": "2023-04-17 13:53:23", "elapsed": 9820.118314, "delta": 57.265363}}
{"target": -10.443943987232434, "params": {"omega": 0.0, "theta": 10.0, "u": 1.0, "v": 2.3796486962510475, "x": 15.0, "y": 7.809424625736869}, "datetime": {"datetime": "2023-04-17 13:53:30", "elapsed": 9827.699411, "delta": 7.581097}}
{"target": -8.879526593797326, "params": {"omega": 0.0, "theta": 10.0, "u": 0.0, "v": 7.008426864128967, "x": 6.237504868703215, "y": 6.2093417327853615}, "datetime": {"datetime": "2023-04-17 13:53:41", "elapsed": 9838.180736, "delta": 10.481325}}
{"target": -19.627191094056794, "params": {"omega": 0.0, "theta": 4.805454045900019, "u": 1.0, "v": 10.0, "x": 13.573657941357684, "y": 8.072408063259017}, "datetime": {"datetime": "2023-04-17 13:53:48", "elapsed": 9845.665319, "delta": 7.484583}}
{"target": -2.44027887880427, "params": {"omega": 0.0, "theta": 1.416080598331525, "u": 0.0, "v": 2.0269584242403273, "x": 9.824211279554742, "y": 10.445889963477065}, "datetime": {"datetime": "2023-04-17 13:53:59", "elapsed": 9856.53302, "delta": 10.867701}}
{"target": -11.307308220874571, "params": {"omega": 0.0, "theta": 7.659417430220142, "u": 1.0, "v": 1.4497942042279706, "x": 14.899957089758393, "y": 9.44369478272122}, "datetime": {"datetime": "2023-04-17 13:54:07", "elapsed": 9864.517009, "delta": 7.983989}}
{"target": -5.0361602276071435, "params": {"omega": 0.0, "theta": 10.0, "u": 0.0, "v": 10.0, "x": 15.0, "y": 10.292287766353326}, "datetime": {"datetime": "2023-04-17 13:54:17", "elapsed": 9874.400592, "delta": 9.883583}}
{"target": -23.3632034527325, "params": {"omega": 0.0, "theta": 4.032225359939195, "u": 1.0, "v": 10.0, "x": 9.731939253077062, "y": 12.582371805102667}, "datetime": {"datetime": "2023-04-17 13:54:24", "elapsed": 9881.380747, "delta": 6.980155}}
{"target": -29.958204099306876, "params": {"omega": 0.0, "theta": 3.139673599725748, "u": 1.0, "v": 10.0, "x": 13.368177714909965, "y": 8.765425055791289}, "datetime": {"datetime": "2023-04-17 13:54:31", "elapsed": 9888.575043, "delta": 7.194296}}
{"target": -8.696725821035036, "params": {"omega": 0.0, "theta": 9.263546894542515, "u": 1.0, "v": 1.077923745783517, "x": 15.0, "y": 7.2924064132803}, "datetime": {"datetime": "2023-04-17 13:54:39", "elapsed": 9896.885998, "delta": 8.310955}}
{"target": -14.67697958219541, "params": {"omega": 0.0, "theta": 7.2328535078173894, "u": 1.0, "v": 0.0, "x": 5.0, "y": 15.0}, "datetime": {"datetime": "2023-04-17 13:55:19", "elapsed": 9936.82437, "delta": 39.938372}}
{"target": -5000.0, "params": {"omega": 0.0, "theta": 0.0, "u": 1.0, "v": 7.443334974493362, "x": 7.543036568707725, "y": 12.337550559438576}, "datetime": {"datetime": "2023-04-17 13:56:07", "elapsed": 9984.758108, "delta": 47.933738}}
{"target": -3.2873836237774032, "params": {"omega": 0.0, "theta": 8.298717411107459, "u": 0.0, "v": 6.889804063232599, "x": 5.0, "y": 6.783258673562987}, "datetime": {"datetime": "2023-04-17 13:56:17", "elapsed": 9994.229816, "delta": 9.471708}}
{"target": -10.2801725651486, "params": {"omega": 0.0, "theta": 8.05196863882218, "u": 1.0, "v": 1.2616581718931783, "x": 5.0, "y": 13.498032751334327}, "datetime": {"datetime": "2023-04-17 13:56:25", "elapsed": 10003.031932, "delta": 8.802116}}
{"target": -5.675504302279683, "params": {"omega": 0.0, "theta": 2.448734970768454, "u": 0.0, "v": 6.5767096239942, "x": 15.0, "y": 5.847814752059044}, "datetime": {"datetime": "2023-04-17 13:56:37", "elapsed": 10015.025226, "delta": 11.993294}}
{"target": -18.27086085660883, "params": {"omega": 0.0, "theta": 5.639271261055498, "u": 1.0, "v": 10.0, "x": 6.056463434275922, "y": 7.423835547641733}, "datetime": {"datetime": "2023-04-17 13:56:45", "elapsed": 10022.927194, "delta": 7.901968}}
{"target": -3.8664457675486688, "params": {"omega": 0.0, "theta": 1.5294843414734667, "u": 0.0, "v": 8.845330964137235, "x": 6.1264254489096714, "y": 8.659218134137811}, "datetime": {"datetime": "2023-04-17 13:56:56", "elapsed": 10033.690186, "delta": 10.762992}}
{"target": -10000.0, "params": {"omega": 1.0, "theta": 6.005142688596211, "u": 1.0, "v": 0.0, "x": 5.0, "y": 13.783849400215143}, "datetime": {"datetime": "2023-04-17 13:56:59", "elapsed": 10036.124111, "delta": 2.433925}}
{"target": -14.714943576238738, "params": {"omega": 0.0, "theta": 8.62987756866278, "u": 1.0, "v": 0.0, "x": 5.0, "y": 15.0}, "datetime": {"datetime": "2023-04-17 13:57:38", "elapsed": 10075.557509, "delta": 39.433398}}
{"target": -14.574006532892735, "params": {"omega": 0.0, "theta": 5.70993206105909, "u": 0.0, "v": 5.172350413230136, "x": 9.38304648656171, "y": 5.0}, "datetime": {"datetime": "2023-04-17 13:57:48", "elapsed": 10085.598042, "delta": 10.040533}}
{"target": -2.9575876087482285, "params": {"omega": 0.0, "theta": 3.2562595144899613, "u": 0.0, "v": 10.0, "x": 10.474752115894258, "y": 11.505964366721726}, "datetime": {"datetime": "2023-04-17 13:57:59", "elapsed": 10096.065211, "delta": 10.467169}}
{"target": -3.2696331867022908, "params": {"omega": 0.0, "theta": 6.683560847120907, "u": 0.0, "v": 10.0, "x": 11.426410061739542, "y": 15.0}, "datetime": {"datetime": "2023-04-17 13:58:09", "elapsed": 10106.880363, "delta": 10.815152}}
{"target": -6.084972082702399, "params": {"omega": 0.0, "theta": 8.770079523141138, "u": 0.0, "v": 3.4002146669359186, "x": 9.592928330190995, "y": 11.505405591304319}, "datetime": {"datetime": "2023-04-17 13:58:22", "elapsed": 10119.80649, "delta": 12.926127}}
{"target": -4.142683563111335, "params": {"omega": 0.0, "theta": 8.539801556377363, "u": 0.0, "v": 5.358179918147232, "x": 8.06614907614382, "y": 11.612869878910036}, "datetime": {"datetime": "2023-04-17 13:58:33", "elapsed": 10130.573062, "delta": 10.766572}}
{"target": -5000.0, "params": {"omega": 1.0, "theta": 1.7721250806583662, "u": 1.0, "v": 6.544287986256597, "x": 11.224648444972509, "y": 15.0}, "datetime": {"datetime": "2023-04-17 13:59:23", "elapsed": 10180.121133, "delta": 49.548071}}
{"target": -2.8743704292058125, "params": {"omega": 0.0, "theta": 3.0326584135229817, "u": 0.0, "v": 10.0, "x": 11.680550330797775, "y": 5.0}, "datetime": {"datetime": "2023-04-17 13:59:33", "elapsed": 10190.567846, "delta": 10.446713}}
{"target": -4.1332866595887765, "params": {"omega": 0.0, "theta": 6.253245477845886, "u": 0.0, "v": 8.039654873727475, "x": 8.978315314846402, "y": 7.339187386820986}, "datetime": {"datetime": "2023-04-17 13:59:44", "elapsed": 10201.403676, "delta": 10.83583}}
{"target": -2.2935114850595504, "params": {"omega": 0.0, "theta": 3.6183942796242943, "u": 0.0, "v": 10.0, "x": 11.17178769083445, "y": 6.470253196240253}, "datetime": {"datetime": "2023-04-17 13:59:56", "elapsed": 10213.092164, "delta": 11.688488}}
{"target": -2.0161230629500313, "params": {"omega": 0.0, "theta": 3.6257906984511648, "u": 0.0, "v": 6.109688242063617, "x": 11.665937227782312, "y": 13.9747850470962}, "datetime": {"datetime": "2023-04-17 14:00:07", "elapsed": 10224.264749, "delta": 11.172585}}
{"target": -2.9939229061196864, "params": {"omega": 0.0, "theta": 2.2571550433383525, "u": 0.0, "v": 6.129691660458908, "x": 12.589506014489814, "y": 15.0}, "datetime": {"datetime": "2023-04-17 14:00:18", "elapsed": 10235.047619, "delta": 10.78287}}
{"target": -17.4732585462388, "params": {"omega": 0.0, "theta": 5.43592791111949, "u": 1.0, "v": 7.068602385711909, "x": 9.676591502213935, "y": 7.785388872593609}, "datetime": {"datetime": "2023-04-17 14:00:25", "elapsed": 10242.697567, "delta": 7.649948}}
{"target": -5000.0, "params": {"omega": 0.11241177366929245, "theta": 1.6310752082705038, "u": 0.9985113015687038, "v": 7.279671062769641, "x": 7.011119318615259, "y": 9.381836146944462}, "datetime": {"datetime": "2023-04-17 14:01:17", "elapsed": 10294.77468, "delta": 52.077113}}
{"target": -7.893105190231374, "params": {"omega": 0.0, "theta": 10.0, "u": 0.0, "v": 8.471784441780345, "x": 15.0, "y": 9.39860668938514}, "datetime": {"datetime": "2023-04-17 14:01:30", "elapsed": 10307.875553, "delta": 13.100873}}
{"target": -105.79509747138016, "params": {"omega": 0.0, "theta": 0.6977820840537922, "u": 1.0, "v": 8.221239574758767, "x": 8.658996309466996, "y": 9.9855556390565}, "datetime": {"datetime": "2023-04-17 14:01:43", "elapsed": 10320.199106, "delta": 12.323553}}
{"target": -5000.0, "params": {"omega": 1.0, "theta": 0.0, "u": 0.0, "v": 0.0, "x": 5.0, "y": 9.362291917043407}, "datetime": {"datetime": "2023-04-17 14:03:44", "elapsed": 10441.954788, "delta": 121.755682}}
{"target": -60.81120541573071, "params": {"omega": 0.0, "theta": 1.2271996673796923, "u": 1.0, "v": 10.0, "x": 6.948715598399605, "y": 9.368626635790493}, "datetime": {"datetime": "2023-04-17 14:03:55", "elapsed": 10452.238875, "delta": 10.284087}}
{"target": -5000.0, "params": {"omega": 0.0, "theta": 0.0, "u": 0.0, "v": 7.3201105604156735, "x": 11.782538729815144, "y": 15.0}, "datetime": {"datetime": "2023-04-17 14:05:32", "elapsed": 10549.606154, "delta": 97.367279}}
{"target": -3.7261851864084665, "params": {"omega": 0.0, "theta": 6.507107021045644, "u": 0.0, "v": 8.294239455417268, "x": 6.37179723140404, "y": 13.978181492776617}, "datetime": {"datetime": "2023-04-17 14:05:43", "elapsed": 10561.010915, "delta": 11.404761}}
{"target": -5000.0, "params": {"omega": 0.0, "theta": 0.0, "u": 0.0, "v": 8.80477953011026, "x": 7.524273440960557, "y": 9.730612879934784}, "datetime": {"datetime": "2023-04-17 14:07:24", "elapsed": 10661.98376, "delta": 100.972845}}
{"target": -17.26377579040251, "params": {"omega": 0.0, "theta": 5.372591144393768, "u": 1.0, "v": 5.5678703057702545, "x": 9.67888303934278, "y": 6.393288922068921}, "datetime": {"datetime": "2023-04-17 14:07:32", "elapsed": 10669.145834, "delta": 7.162074}}
{"target": -55.93945131503147, "params": {"omega": 0.0, "theta": 1.279250198993862, "u": 1.0, "v": 7.277546534852777, "x": 9.553374280511122, "y": 8.592545304497536}, "datetime": {"datetime": "2023-04-17 14:07:41", "elapsed": 10678.891906, "delta": 9.746072}}
{"target": -4.7589128990257406, "params": {"omega": 0.0, "theta": 7.996751039291706, "u": 0.0, "v": 6.042512829501613, "x": 9.869471128504976, "y": 7.439203309335807}, "datetime": {"datetime": "2023-04-17 14:07:52", "elapsed": 10689.705689, "delta": 10.813783}}
{"target": -2.4092494373099473, "params": {"omega": 0.0, "theta": 3.725838627460817, "u": 0.0, "v": 8.901540622068216, "x": 10.590945339434919, "y": 12.816933734971938}, "datetime": {"datetime": "2023-04-17 14:08:01", "elapsed": 10698.74836, "delta": 9.042671}}
{"target": -15.755920965403226, "params": {"omega": 0.0, "theta": 6.322688163292069, "u": 1.0, "v": 6.421991185128535, "x": 8.484263297003897, "y": 7.394949914719705}, "datetime": {"datetime": "2023-04-17 14:08:09", "elapsed": 10706.302497, "delta": 7.554137}}
{"target": -11.559162594092207, "params": {"omega": 0.0, "theta": 10.0, "u": 1.0, "v": 6.252001497493168, "x": 15.0, "y": 6.351574990601592}, "datetime": {"datetime": "2023-04-17 14:08:16", "elapsed": 10713.957241, "delta": 7.654744}}
{"target": -5000.0, "params": {"omega": 1.0, "theta": 0.0, "u": 0.0, "v": 4.2281243637816, "x": 15.0, "y": 9.099598469240428}, "datetime": {"datetime": "2023-04-17 14:10:00", "elapsed": 10817.557848, "delta": 103.600607}}
{"target": -4.863325961967254, "params": {"omega": 0.0, "theta": 10.0, "u": 0.0, "v": 8.906655669102312, "x": 9.053572527017009, "y": 6.5497332868291664}, "datetime": {"datetime": "2023-04-17 14:10:11", "elapsed": 10828.579147, "delta": 11.021299}}
{"target": -3.3198582703519386, "params": {"omega": 0.0072209609072979575, "theta": 3.2274255463902612, "u": 0.1267268398912983, "v": 7.271230462575416, "x": 11.228637003957596, "y": 6.603261962154115}, "datetime": {"datetime": "2023-04-17 14:10:18", "elapsed": 10835.472251, "delta": 6.893104}}
{"target": -48.88241321942027, "params": {"omega": 0.0, "theta": 1.646238188720981, "u": 1.0, "v": 8.911431225808917, "x": 5.901522938901678, "y": 11.18859571635853}, "datetime": {"datetime": "2023-04-17 14:10:28", "elapsed": 10845.464114, "delta": 9.991863}}
