{"target": -10000.0, "params": {"omega": 0.9092932045442544, "theta": 4.008737323711209, "u": 2.4985068022503674, "v": 1.7343017078712286, "x": 11.9457050333729, "y": 81.26105880328286}, "datetime": {"datetime": "2023-02-09 14:59:57", "elapsed": 1027.120487, "delta": 3.92238}}
{"target": -10000.0, "params": {"omega": 0.14679237341724316, "theta": 2.642974827269007, "u": 8.190891786335309, "v": 3.1058725179420996, "x": 98.24174492929428, "y": 26.66387021516352}, "datetime": {"datetime": "2023-02-09 15:00:16", "elapsed": 1046.484609, "delta": 19.364122}}
{"target": -10000.0, "params": {"omega": 0.5336533449712114, "theta": 3.1446701118584963, "u": 9.107728311738374, "v": 3.6655664385123443, "x": 43.35923272731645, "y": 51.22926922783614}, "datetime": {"datetime": "2023-02-09 15:00:39", "elapsed": 1069.35338, "delta": 22.868771}}
{"target": -10000.0, "params": {"omega": 0.9388864773697133, "theta": 0.30949006271150714, "u": 7.1687866363168915, "v": 8.910189542923389, "x": 2.7287223517468817, "y": 52.205124725251075}, "datetime": {"datetime": "2023-02-09 15:00:41", "elapsed": 1071.547531, "delta": 2.194151}}
{"target": -36.171669036726236, "params": {"omega": 0.3259898117700253, "theta": 8.594893208655858, "u": 5.585165509225178, "v": 6.902278681627479, "x": 45.285349995153744, "y": 62.83090375213571}, "datetime": {"datetime": "2023-02-09 15:00:51", "elapsed": 1081.207035, "delta": 9.659504}}
{"target": -10000.0, "params": {"omega": 0.2900968516874258, "theta": 0.09348577966515781, "u": 5.767559349870908, "v": 3.114442141324628, "x": 51.72675985011298, "y": 91.64058530538978}, "datetime": {"datetime": "2023-02-09 15:01:15", "elapsed": 1104.713396, "delta": 23.506361}}
{"target": -58.445081323173, "params": {"omega": 0.426474788501396, "theta": 2.473960366023854, "u": 3.7129376127905447, "v": 9.318611166365406, "x": 93.68683813090936, "y": 84.43299485657133}, "datetime": {"datetime": "2023-02-09 15:01:23", "elapsed": 1113.157407, "delta": 8.444011}}
{"target": -10000.0, "params": {"omega": 0.9202065143056605, "theta": 2.2790028995131695, "u": 0.8748220955359087, "v": 2.2730973628468876, "x": 31.437661611405044, "y": 17.47658763563116}, "datetime": {"datetime": "2023-02-09 15:01:26", "elapsed": 1116.401589, "delta": 3.244182}}
{"target": -10000.0, "params": {"omega": 0.6070941619724605, "theta": 4.135864150011614, "u": 8.16351511827214, "v": 1.8513039826903066, "x": 70.18765297563104, "y": 24.035562484913886}, "datetime": {"datetime": "2023-02-09 15:01:52", "elapsed": 1142.656915, "delta": 26.255326}}
{"target": -33.04899760323964, "params": {"omega": 0.5742190888408597, "theta": 3.489875972207889, "u": 0.5696439948283272, "v": 2.2881367096037586, "x": 66.41025553547935, "y": 49.72500933605313}, "datetime": {"datetime": "2023-02-09 15:02:00", "elapsed": 1149.820219, "delta": 7.163304}}
{"target": -10000.0, "params": {"omega": 0.5190159840736788, "theta": 1.747201501089225, "u": 5.707158515462564, "v": 9.9675342520821, "x": 81.68351087916218, "y": 59.437262383097774}, "datetime": {"datetime": "2023-02-09 15:02:03", "elapsed": 1152.850372, "delta": 3.030153}}
{"target": -10000.0, "params": {"omega": 0.9759890683309049, "theta": 9.015625846693213, "u": 5.9560793360264555, "v": 0.32426325314457105, "x": 9.357709581748075, "y": 6.537171504222639}, "datetime": {"datetime": "2023-02-09 15:02:08", "elapsed": 1158.440704, "delta": 5.590332}}
{"target": -10000.0, "params": {"omega": 0.4517331486914753, "theta": 3.7543483316785773, "u": 9.753500342702866, "v": 1.6798329319961491, "x": 97.27875919326551, "y": 76.7474868863013}, "datetime": {"datetime": "2023-02-09 15:02:21", "elapsed": 1171.526308, "delta": 13.085604}}
{"target": -155.75048369247807, "params": {"omega": 0.8242378396244978, "theta": 6.3261581677799725, "u": 6.6873277020673205, "v": 4.768823335211934, "x": 1.3136356923072245, "y": 35.300608554182475}, "datetime": {"datetime": "2023-02-09 15:02:34", "elapsed": 1184.696349, "delta": 13.170041}}
{"target": -65.0489159449219, "params": {"omega": 0.49207180149355845, "theta": 7.300912110901043, "u": 4.686283427461092, "v": 4.574049160894317, "x": 13.766274094560316, "y": 1.088873380347899}, "datetime": {"datetime": "2023-02-09 15:02:44", "elapsed": 1194.541584, "delta": 9.845235}}
{"target": -10000.0, "params": {"omega": 0.7582782604769962, "theta": 3.199528380776784, "u": 9.843834501935106, "v": 2.2023422615915598, "x": 33.870802548167966, "y": 52.38961356661317}, "datetime": {"datetime": "2023-02-09 15:03:09", "elapsed": 1219.203273, "delta": 24.661689}}
{"target": -48.81796082053252, "params": {"omega": 0.7548914570605327, "theta": 4.638577839002957, "u": 1.2482254311167629, "v": 3.125013784920495, "x": 50.45191697009946, "y": 67.38490080168677}, "datetime": {"datetime": "2023-02-09 15:03:17", "elapsed": 1226.938824, "delta": 7.735551}}
{"target": -10000.0, "params": {"omega": 0.7701499563120922, "theta": 1.3033578095435427, "u": 0.22915131322381765, "v": 5.190823222119895, "x": 80.99887106624163, "y": 1.2603767029876312}, "datetime": {"datetime": "2023-02-09 15:03:36", "elapsed": 1246.42792, "delta": 19.489096}}
{"target": -70.09221974720008, "params": {"omega": 0.6724698446537339, "theta": 6.868082266569918, "u": 4.492467535866376, "v": 9.147886867419343, "x": 64.4361084756993, "y": 0.5239837651465851}, "datetime": {"datetime": "2023-02-09 15:03:45", "elapsed": 1255.267526, "delta": 8.839606}}
{"target": -57.292844733460356, "params": {"omega": 0.4844284455143756, "theta": 8.593178060976, "u": 8.303995700373395, "v": 6.491541971124779, "x": 67.36984238986317, "y": 57.84995797892005}, "datetime": {"datetime": "2023-02-09 15:03:57", "elapsed": 1267.349932, "delta": 12.082406}}
{"target": -63.49052705791174, "params": {"omega": 0.27411977516685215, "theta": 5.605299905360588, "u": 6.717297848174203, "v": 3.524296302164088, "x": 85.58283672539278, "y": 19.50374860087073}, "datetime": {"datetime": "2023-02-09 15:04:11", "elapsed": 1281.39392, "delta": 14.043988}}
{"target": -10000.0, "params": {"omega": 0.7473208103319232, "theta": 2.8960274618687745, "u": 7.73799287244182, "v": 4.277373293360762, "x": 80.76984091122095, "y": 35.35348626679904}, "datetime": {"datetime": "2023-02-09 15:04:34", "elapsed": 1303.730849, "delta": 22.336929}}
{"target": -28.49516290433316, "params": {"omega": 0.21369323762958115, "theta": 7.672845084217665, "u": 3.086419476306511, "v": 7.332450677264275, "x": 74.44731530777321, "y": 22.139670090820108}, "datetime": {"datetime": "2023-02-09 15:04:41", "elapsed": 1311.516712, "delta": 7.785863}}
{"target": -56.29337711562716, "params": {"omega": 0.21411213682064845, "theta": 1.9894792342706669, "u": 1.4251833776584466, "v": 3.770825992073341, "x": 2.6627884691621473, "y": 11.092036903424063}, "datetime": {"datetime": "2023-02-09 15:04:49", "elapsed": 1318.990013, "delta": 7.473301}}
{"target": -26.749879847475885, "params": {"omega": 0.010161640456370025, "theta": 8.303972439677674, "u": 5.311853462879373, "v": 9.453927624773305, "x": 93.88541051982969, "y": 89.53304125638675}, "datetime": {"datetime": "2023-02-09 15:04:59", "elapsed": 1329.210057, "delta": 10.220044}}
{"target": -58.38817421783965, "params": {"omega": 0.8301659415109659, "theta": 7.406564841030182, "u": 5.072314951322287, "v": 8.675302974900939, "x": 91.4283881395932, "y": 95.33606742330787}, "datetime": {"datetime": "2023-02-09 15:05:09", "elapsed": 1338.928447, "delta": 9.71839}}
{"target": -31.698750774210314, "params": {"omega": 0.24933468324417218, "theta": 5.691291970467786, "u": 2.230537762398464, "v": 5.271489192866706, "x": 80.93147968750127, "y": 21.840855566842567}, "datetime": {"datetime": "2023-02-09 15:05:17", "elapsed": 1347.440919, "delta": 8.512472}}
{"target": -28.275523947038774, "params": {"omega": 0.07078844462334456, "theta": 7.536664896212001, "u": 4.528562213667544, "v": 4.49354949729939, "x": 18.415359908088103, "y": 52.48206947378503}, "datetime": {"datetime": "2023-02-09 15:05:28", "elapsed": 1358.337357, "delta": 10.896438}}
{"target": -15.86442267138233, "params": {"omega": 0.4887931881840256, "theta": 9.398098487123988, "u": 0.5785142335491612, "v": 6.672211297853999, "x": 91.4830606104791, "y": 76.73768095082313}, "datetime": {"datetime": "2023-02-09 15:05:35", "elapsed": 1364.90434, "delta": 6.566983}}
{"target": -10000.0, "params": {"omega": 0.0, "theta": 5.1137406197759905, "u": 9.038956727525074, "v": 3.8076359586592083, "x": 11.991078908682878, "y": 52.752718440843864}, "datetime": {"datetime": "2023-02-09 15:05:54", "elapsed": 1384.337986, "delta": 19.433646}}
{"target": -10000.0, "params": {"omega": 1.0, "theta": 7.043393249215858, "u": 9.113131953057135, "v": 9.07734553517731, "x": 89.66120989987202, "y": 90.85051417803055}, "datetime": {"datetime": "2023-02-09 15:06:23", "elapsed": 1413.356675, "delta": 29.018689}}
{"target": -11.774825430135232, "params": {"omega": 0.0, "theta": 6.165539249579003, "u": 1.63421105141985, "v": 7.580401205459683, "x": 93.41275613472898, "y": 91.76202345809679}, "datetime": {"datetime": "2023-02-09 15:06:31", "elapsed": 1421.562175, "delta": 8.2055}}
{"target": -13.414325435121842, "params": {"omega": 0.13379368329692012, "theta": 8.027542057736936, "u": 1.5331248277094542, "v": 8.158597454985332, "x": 93.9503302237631, "y": 83.66790412630824}, "datetime": {"datetime": "2023-02-09 15:06:39", "elapsed": 1428.779277, "delta": 7.217102}}
{"target": -25.157750357444154, "params": {"omega": 0.0, "theta": 8.908305157435766, "u": 5.294597146639194, "v": 4.962423488310952, "x": 95.16475563175584, "y": 93.7079832453417}, "datetime": {"datetime": "2023-02-09 15:06:51", "elapsed": 1441.472742, "delta": 12.693465}}
{"target": -40.72533519633623, "params": {"omega": 0.8070315969538715, "theta": 10.0, "u": 1.786935602652627, "v": 3.656980693368628, "x": 18.575475842078404, "y": 48.2158219929808}, "datetime": {"datetime": "2023-02-09 15:07:00", "elapsed": 1450.486106, "delta": 9.013364}}
{"target": -37.458009541514514, "params": {"omega": 0.529169172646627, "theta": 7.066479869844184, "u": 2.4641894355480196, "v": 5.8920285895492395, "x": 64.84192075028157, "y": 56.67347308362122}, "datetime": {"datetime": "2023-02-09 15:07:09", "elapsed": 1459.033372, "delta": 8.547266}}
{"target": -21.525168072615152, "params": {"omega": 0.13746774406782863, "theta": 5.637586620356388, "u": 2.3578649079172798, "v": 8.602572386324654, "x": 47.810411848142145, "y": 66.81490561755201}, "datetime": {"datetime": "2023-02-09 15:07:17", "elapsed": 1466.888377, "delta": 7.855005}}
{"target": -28.1644476571109, "params": {"omega": 0.502475340127251, "theta": 8.648578030986254, "u": 1.6546747976511833, "v": 5.777975652362669, "x": 50.680060041881546, "y": 61.7217980798103}, "datetime": {"datetime": "2023-02-09 15:07:25", "elapsed": 1475.168705, "delta": 8.280328}}
{"target": -36.97659838634285, "params": {"omega": 0.5638021570644496, "theta": 4.648156693408567, "u": 1.8837550099469256, "v": 6.610909945158629, "x": 46.9524247261129, "y": 74.56092594704957}, "datetime": {"datetime": "2023-02-09 15:07:33", "elapsed": 1482.751381, "delta": 7.582676}}
{"target": -28.357945062572064, "params": {"omega": 0.0, "theta": 9.928408599847883, "u": 6.1912353509677684, "v": 4.784188308654204, "x": 72.3862492940967, "y": 64.76260796989877}, "datetime": {"datetime": "2023-02-09 15:07:44", "elapsed": 1494.594335, "delta": 11.842954}}
{"target": -10000.0, "params": {"omega": 0.5757447696069311, "theta": 6.187443150714615, "u": 0.0, "v": 4.199939895278433, "x": 43.89526864722978, "y": 63.30891755396328}, "datetime": {"datetime": "2023-02-09 15:08:24", "elapsed": 1534.308241, "delta": 39.713906}}
{"target": -56.17589804222991, "params": {"omega": 0.44302319845214977, "theta": 7.040145003854076, "u": 6.821393778649965, "v": 7.022713016590252, "x": 49.551429304581916, "y": 67.60289215650009}, "datetime": {"datetime": "2023-02-09 15:08:37", "elapsed": 1547.556069, "delta": 13.247828}}
{"target": -27.72660351799494, "params": {"omega": 0.9551038279188262, "theta": 8.026850205159167, "u": 0.6081668903735082, "v": 4.599025595475013, "x": 75.67219466564615, "y": 65.99904519193828}, "datetime": {"datetime": "2023-02-09 15:08:47", "elapsed": 1557.008421, "delta": 9.452352}}
{"target": -22.420632375609507, "params": {"omega": 0.19241236573672335, "theta": 7.353329936489055, "u": 3.0365776556633177, "v": 9.007837784205998, "x": 70.96448141070704, "y": 68.59796233805153}, "datetime": {"datetime": "2023-02-09 15:08:58", "elapsed": 1568.157736, "delta": 11.149315}}
{"target": -29.249344889314813, "params": {"omega": 0.059810627387011844, "theta": 8.964304843900452, "u": 4.486525738025998, "v": 1.4125348066578105, "x": 72.07658534115868, "y": 58.30747551460721}, "datetime": {"datetime": "2023-02-09 15:09:18", "elapsed": 1587.75992, "delta": 19.602184}}
{"target": -16.876578483752, "params": {"omega": 0.0, "theta": 10.0, "u": 3.3201078368533574, "v": 5.900352321112097, "x": 77.53833281445426, "y": 71.80760388349798}, "datetime": {"datetime": "2023-02-09 15:09:30", "elapsed": 1599.953512, "delta": 12.193592}}
{"target": -23.066818048963636, "params": {"omega": 0.06435952133472522, "theta": 5.428948961627055, "u": 2.4099625776491163, "v": 5.678839614215444, "x": 76.33440873899453, "y": 15.218572981079637}, "datetime": {"datetime": "2023-02-09 15:09:38", "elapsed": 1608.05946, "delta": 8.105948}}
{"target": -26.229223171829112, "params": {"omega": 0.030625381778771364, "theta": 8.947907944932593, "u": 4.037163932769131, "v": 6.834386042045064, "x": 73.09874971960376, "y": 5.795750038214437}, "datetime": {"datetime": "2023-02-09 15:09:47", "elapsed": 1617.086955, "delta": 9.027495}}
{"target": -36.568862652849184, "params": {"omega": 0.0, "theta": 7.167843410461074, "u": 6.258004197933367, "v": 10.0, "x": 51.0160045232199, "y": 61.084794661542425}, "datetime": {"datetime": "2023-02-09 15:09:57", "elapsed": 1627.700238, "delta": 10.613283}}
{"target": -33.96241328307086, "params": {"omega": 0.37015090831500697, "theta": 6.252509793488161, "u": 4.237653976569017, "v": 8.233364640622112, "x": 99.54029709241578, "y": 87.1563128813302}, "datetime": {"datetime": "2023-02-09 15:10:07", "elapsed": 1637.037777, "delta": 9.337539}}
{"target": -32.83709927145476, "params": {"omega": 0.5410004516205763, "theta": 8.618511954727312, "u": 1.9293036001535102, "v": 8.160130417449807, "x": 50.59322131989502, "y": 42.79142888057409}, "datetime": {"datetime": "2023-02-09 15:10:14", "elapsed": 1644.43016, "delta": 7.392383}}
{"target": -31.548969429277005, "params": {"omega": 0.41561521620488473, "theta": 8.451929733260101, "u": 2.906816413522002, "v": 7.367479940252986, "x": 56.22872187729061, "y": 55.59315297048346}, "datetime": {"datetime": "2023-02-09 15:10:23", "elapsed": 1652.728924, "delta": 8.298764}}
{"target": -10000.0, "params": {"omega": 1.0, "theta": 4.999404565150746, "u": 7.124191909223973, "v": 8.772053271599294, "x": 0.0, "y": 30.351945577283175}, "datetime": {"datetime": "2023-02-09 15:10:27", "elapsed": 1657.115855, "delta": 4.386931}}
{"target": -25.84552509477579, "params": {"omega": 0.4692540818238198, "theta": 9.963024342635206, "u": 1.4795073871464637, "v": 8.163127881514303, "x": 48.108792026867086, "y": 50.0991403588859}, "datetime": {"datetime": "2023-02-09 15:10:34", "elapsed": 1664.32376, "delta": 7.207905}}
{"target": -34.45217587056422, "params": {"omega": 0.20867411827195206, "theta": 10.0, "u": 7.056867947147249, "v": 6.475978142672697, "x": 80.63301832001292, "y": 21.083636564433338}, "datetime": {"datetime": "2023-02-09 15:10:45", "elapsed": 1675.337623, "delta": 11.013863}}
{"target": -10000.0, "params": {"omega": 0.0, "theta": 4.118032673159754, "u": 5.531377912756847, "v": 8.874137912496682, "x": 97.5709027636862, "y": 94.19286195551746}, "datetime": {"datetime": "2023-02-09 15:11:08", "elapsed": 1698.690357, "delta": 23.352734}}
{"target": -35.76608011972782, "params": {"omega": 0.47150706729285274, "theta": 7.871283277892061, "u": 3.4653254326647853, "v": 4.218401528566279, "x": 90.16999175944471, "y": 94.34064606831323}, "datetime": {"datetime": "2023-02-09 15:11:20", "elapsed": 1710.49995, "delta": 11.809593}}
{"target": -22.440782495356206, "params": {"omega": 0.0, "theta": 10.0, "u": 4.439845623019257, "v": 2.939677371604076, "x": 65.19109313291081, "y": 61.853470738120556}, "datetime": {"datetime": "2023-02-09 15:11:34", "elapsed": 1724.290544, "delta": 13.790594}}
{"target": -51.207558584862674, "params": {"omega": 0.18468696528614292, "theta": 3.7209487731501767, "u": 5.275940886111629, "v": 9.990441575559197, "x": 77.57289499979343, "y": 19.06108075338567}, "datetime": {"datetime": "2023-02-09 15:11:44", "elapsed": 1734.015991, "delta": 9.725447}}
{"target": -22.957716672026198, "params": {"omega": 0.044483065196339586, "theta": 10.0, "u": 4.153127400311822, "v": 3.1755101795703946, "x": 85.61146410188456, "y": 24.887448483905768}, "datetime": {"datetime": "2023-02-09 15:11:55", "elapsed": 1745.506624, "delta": 11.490633}}
{"target": -37.46793051686528, "params": {"omega": 0.42681492156738665, "theta": 10.0, "u": 5.101589379150209, "v": 9.661119329604036, "x": 20.989157368786415, "y": 49.17014525789056}, "datetime": {"datetime": "2023-02-09 15:12:05", "elapsed": 1754.912641, "delta": 9.406017}}
{"target": -32.16139706453082, "params": {"omega": 0.47219415666769504, "theta": 9.69889128761585, "u": 3.833297211556207, "v": 4.8662880954094225, "x": 94.17408512929633, "y": 88.21970789992541}, "datetime": {"datetime": "2023-02-09 15:12:16", "elapsed": 1766.171676, "delta": 11.259035}}
{"target": -39.30043505486983, "params": {"omega": 1.0, "theta": 9.898736410388352, "u": 3.1506648084201307, "v": 10.0, "x": 99.78589336528998, "y": 81.25901609152484}, "datetime": {"datetime": "2023-02-09 15:12:24", "elapsed": 1773.849592, "delta": 7.677916}}
{"target": -10000.0, "params": {"omega": 1.0, "theta": 4.052943911387709, "u": 0.0, "v": 8.148978014065996, "x": 98.92039543554068, "y": 81.19124472368078}, "datetime": {"datetime": "2023-02-09 15:12:29", "elapsed": 1778.945014, "delta": 5.095422}}
{"target": -18.492027362951678, "params": {"omega": 0.07976275873058931, "theta": 4.42562399221162, "u": 1.4393759416877117, "v": 10.0, "x": 71.57944802066461, "y": 16.763988753428357}, "datetime": {"datetime": "2023-02-09 15:12:36", "elapsed": 1785.820722, "delta": 6.875708}}
{"target": -56.666656290519896, "params": {"omega": 1.0, "theta": 10.0, "u": 3.947664706176567, "v": 10.0, "x": 75.88452648379072, "y": 15.919651569817253}, "datetime": {"datetime": "2023-02-09 15:12:45", "elapsed": 1795.651962, "delta": 9.83124}}
{"target": -34.71585434967968, "params": {"omega": 0.0, "theta": 10.0, "u": 7.479415414928611, "v": 3.819110105505867, "x": 52.443734551647786, "y": 60.756651728620206}, "datetime": {"datetime": "2023-02-09 15:13:00", "elapsed": 1810.184449, "delta": 14.532487}}
{"target": -9.552113588698289, "params": {"omega": 0.0, "theta": 10.0, "u": 0.6205677123336741, "v": 3.859353751489506, "x": 57.90780656102218, "y": 61.0952749541807}, "datetime": {"datetime": "2023-02-09 15:13:07", "elapsed": 1816.881302, "delta": 6.696853}}
{"target": -2.8119633451127752, "params": {"omega": 0.028366754168998438, "theta": 10.0, "u": 0.0, "v": 9.842192750489934, "x": 40.541947522414155, "y": 50.12772150107317}, "datetime": {"datetime": "2023-02-09 15:13:16", "elapsed": 1826.098735, "delta": 9.217433}}
{"target": -10000.0, "params": {"omega": 1.0, "theta": 10.0, "u": 7.269482197080744, "v": 3.348818613060529, "x": 60.1508873227198, "y": 56.411578557591305}, "datetime": {"datetime": "2023-02-09 15:13:40", "elapsed": 1849.815123, "delta": 23.716388}}
{"target": -63.58409309229439, "params": {"omega": 0.36601706933577816, "theta": 5.261575895859617, "u": 5.9678608306371705, "v": 4.879067038754238, "x": 69.3878018579363, "y": 62.11889043661613}, "datetime": {"datetime": "2023-02-09 15:13:54", "elapsed": 1864.335453, "delta": 14.52033}}
{"target": -10.42212751012635, "params": {"omega": 0.016548250863541725, "theta": 5.147406806502207, "u": 0.9913219694141429, "v": 9.172202131044688, "x": 60.714856019294906, "y": 62.060302785940856}, "datetime": {"datetime": "2023-02-09 15:14:02", "elapsed": 1872.387464, "delta": 8.052011}}
{"target": -2.6229566809788074, "params": {"omega": 0.0, "theta": 10.0, "u": 0.0, "v": 10.0, "x": 55.4433095365268, "y": 60.95813190649918}, "datetime": {"datetime": "2023-02-09 15:14:21", "elapsed": 1890.930278, "delta": 18.542814}}
{"target": -21.35507793293218, "params": {"omega": 0.7560555203145104, "theta": 4.7224634780277714, "u": 0.0643187225894637, "v": 8.309473903907413, "x": 54.86593873862565, "y": 48.83973710631053}, "datetime": {"datetime": "2023-02-09 15:14:27", "elapsed": 1897.30345, "delta": 6.373172}}
{"target": -9.750046829191735, "params": {"omega": 0.26697200501489904, "theta": 5.296167948920904, "u": 0.03202023746589622, "v": 7.292163031825234, "x": 61.47909998956301, "y": 44.83089163563568}, "datetime": {"datetime": "2023-02-09 15:14:33", "elapsed": 1903.447842, "delta": 6.144392}}
{"target": -48.57026569057667, "params": {"omega": 0.9349947748273328, "theta": 10.0, "u": 4.0723402636372565, "v": 7.984605130645125, "x": 89.67767150793999, "y": 70.44429207408238}, "datetime": {"datetime": "2023-02-09 15:14:42", "elapsed": 1912.158362, "delta": 8.71052}}
{"target": -13.38377704947495, "params": {"omega": 0.0, "theta": 7.553182187066773, "u": 2.0246920451288877, "v": 7.953804163986313, "x": 83.86781714198662, "y": 75.34584294859559}, "datetime": {"datetime": "2023-02-09 15:14:50", "elapsed": 1919.809462, "delta": 7.6511}}
{"target": -46.84724686219511, "params": {"omega": 1.0, "theta": 4.7744706969200035, "u": 2.3781253897589836, "v": 9.67000725415888, "x": 75.6035637567143, "y": 74.88046420979833}, "datetime": {"datetime": "2023-02-09 15:14:57", "elapsed": 1927.216201, "delta": 7.406739}}
