{"target": -33.85762339802775, "params": {"omega": 0.0, "theta": 2.578314956573593, "u": 1.0, "v": 5.325114393951306, "x": 13.924629462297503, "y": 7.675807347280631}, "datetime": {"datetime": "2023-04-17 14:31:57", "elapsed": 12134.083485, "delta": 7.945588}}
{"target": -2.2539787165030867, "params": {"omega": 0.0, "theta": 10.0, "u": 0.0, "v": 8.779346028197024, "x": 10.37534325330355, "y": 13.64611551098474}, "datetime": {"datetime": "2023-04-17 14:32:07", "elapsed": 12144.391942, "delta": 10.308457}}
