{"target": -5000.0, "params": {"omega": 0.14679237341724316, "theta": 2.642974827269007, "u": 0.8190891786335308, "v": 3.1058725179420996, "x": 14.824174492929428, "y": 7.666387021516352}, "datetime": {"datetime": "2023-04-17 11:53:01", "elapsed": 2415.905571, "delta": 46.230498}}
{"target": -5000.0, "params": {"omega": 0.5336533449712114, "theta": 3.1446701118584963, "u": 0.9107728311738374, "v": 3.6655664385123443, "x": 9.335923272731645, "y": 10.122926922783613}, "datetime": {"datetime": "2023-04-17 11:53:47", "elapsed": 2462.356463, "delta": 46.450892}}
{"target": -5000.0, "params": {"omega": 0.9388864773697133, "theta": 0.30949006271150714, "u": 0.7168786636316892, "v": 8.910189542923389, "x": 5.272872235174688, "y": 10.220512472525108}, "datetime": {"datetime": "2023-04-17 11:54:30", "elapsed": 2505.391984, "delta": 43.035521}}
{"target": -10000.0, "params": {"omega": 0.3259898117700253, "theta": 8.594893208655858, "u": 0.5585165509225178, "v": 6.902278681627479, "x": 9.528534999515374, "y": 11.283090375213572}, "datetime": {"datetime": "2023-04-17 11:55:25", "elapsed": 2560.617239, "delta": 55.225255}}
{"target": -10000.0, "params": {"omega": 0.2900968516874258, "theta": 0.09348577966515781, "u": 0.5767559349870908, "v": 3.114442141324628, "x": 10.172675985011299, "y": 14.164058530538977}, "datetime": {"datetime": "2023-04-17 11:55:52", "elapsed": 2587.60566, "delta": 26.988421}}
{"target": -5000.0, "params": {"omega": 0.426474788501396, "theta": 2.473960366023854, "u": 0.37129376127905445, "v": 9.318611166365406, "x": 14.368683813090936, "y": 13.443299485657132}, "datetime": {"datetime": "2023-04-17 11:56:41", "elapsed": 2635.977244, "delta": 48.371584}}
{"target": -10000.0, "params": {"omega": 0.9202065143056605, "theta": 2.2790028995131695, "u": 0.08748220955359087, "v": 2.2730973628468876, "x": 8.143766161140505, "y": 6.747658763563116}, "datetime": {"datetime": "2023-04-17 11:57:14", "elapsed": 2669.628001, "delta": 33.650757}}
{"target": -10000.0, "params": {"omega": 0.6070941619724605, "theta": 4.135864150011614, "u": 0.8163515118272141, "v": 1.8513039826903066, "x": 12.018765297563103, "y": 7.403556248491388}, "datetime": {"datetime": "2023-04-17 11:57:49", "elapsed": 2704.746112, "delta": 35.118111}}
{"target": -10000.0, "params": {"omega": 0.5742190888408597, "theta": 3.489875972207889, "u": 0.05696439948283272, "v": 2.2881367096037586, "x": 11.641025553547934, "y": 9.972500933605312}, "datetime": {"datetime": "2023-04-17 11:58:05", "elapsed": 2720.32728, "delta": 15.581168}}
{"target": -5000.0, "params": {"omega": 0.5190159840736788, "theta": 1.747201501089225, "u": 0.5707158515462564, "v": 9.9675342520821, "x": 13.16835108791622, "y": 10.943726238309779}, "datetime": {"datetime": "2023-04-17 11:58:52", "elapsed": 2767.788566, "delta": 47.461286}}
{"target": -10000.0, "params": {"omega": 0.9759890683309049, "theta": 9.015625846693213, "u": 0.5956079336026455, "v": 0.32426325314457105, "x": 5.935770958174808, "y": 5.653717150422263}, "datetime": {"datetime": "2023-04-17 11:59:00", "elapsed": 2775.442043, "delta": 7.653477}}
{"target": -10000.0, "params": {"omega": 0.4517331486914753, "theta": 3.7543483316785773, "u": 0.9753500342702865, "v": 1.6798329319961491, "x": 14.727875919326552, "y": 12.674748688630132}, "datetime": {"datetime": "2023-04-17 11:59:29", "elapsed": 2804.582499, "delta": 29.140456}}
{"target": -5000.0, "params": {"omega": 0.8242378396244978, "theta": 6.3261581677799725, "u": 0.668732770206732, "v": 4.768823335211934, "x": 5.1313635692307225, "y": 8.530060855418249}, "datetime": {"datetime": "2023-04-17 12:00:22", "elapsed": 2856.922777, "delta": 52.340278}}
{"target": -10000.0, "params": {"omega": 0.49207180149355845, "theta": 7.300912110901043, "u": 0.4686283427461092, "v": 4.574049160894317, "x": 6.376627409456032, "y": 5.10888733803479}, "datetime": {"datetime": "2023-04-17 12:01:30", "elapsed": 2925.004413, "delta": 68.081636}}
{"target": -5000.0, "params": {"omega": 0.7582782604769962, "theta": 3.199528380776784, "u": 0.9843834501935107, "v": 2.2023422615915598, "x": 8.387080254816796, "y": 10.238961356661317}, "datetime": {"datetime": "2023-04-17 12:02:15", "elapsed": 2970.671234, "delta": 45.666821}}
{"target": -10000.0, "params": {"omega": 0.7548914570605327, "theta": 4.638577839002957, "u": 0.12482254311167629, "v": 3.125013784920495, "x": 10.045191697009948, "y": 11.738490080168678}, "datetime": {"datetime": "2023-04-17 12:02:56", "elapsed": 3011.73816, "delta": 41.066926}}
{"target": -10000.0, "params": {"omega": 0.7701499563120922, "theta": 1.3033578095435427, "u": 0.022915131322381765, "v": 5.190823222119895, "x": 13.099887106624163, "y": 5.126037670298763}, "datetime": {"datetime": "2023-04-17 12:03:39", "elapsed": 3053.862179, "delta": 42.124019}}
{"target": -5000.0, "params": {"omega": 0.6724698446537339, "theta": 6.868082266569918, "u": 0.44924675358663757, "v": 9.147886867419343, "x": 11.443610847569929, "y": 5.052398376514659}, "datetime": {"datetime": "2023-04-17 12:04:31", "elapsed": 3106.040758, "delta": 52.178579}}
{"target": -10000.0, "params": {"omega": 0.4844284455143756, "theta": 8.593178060976, "u": 0.8303995700373394, "v": 6.491541971124779, "x": 11.736984238986317, "y": 10.784995797892005}, "datetime": {"datetime": "2023-04-17 12:05:24", "elapsed": 3159.687256, "delta": 53.646498}}
{"target": -10000.0, "params": {"omega": 0.27411977516685215, "theta": 5.605299905360588, "u": 0.6717297848174203, "v": 3.524296302164088, "x": 13.558283672539277, "y": 6.950374860087073}, "datetime": {"datetime": "2023-04-17 12:05:27", "elapsed": 3162.298771, "delta": 2.611515}}
{"target": -1206.9036488891486, "params": {"omega": 0.7473208103319232, "theta": 2.8960274618687745, "u": 0.773799287244182, "v": 4.277373293360762, "x": 13.076984091122094, "y": 8.535348626679903}, "datetime": {"datetime": "2023-04-17 12:06:10", "elapsed": 3205.268509, "delta": 42.969738}}
{"target": -10000.0, "params": {"omega": 0.21369323762958115, "theta": 7.672845084217665, "u": 0.3086419476306511, "v": 7.332450677264275, "x": 12.444731530777322, "y": 7.213967009082011}, "datetime": {"datetime": "2023-04-17 12:07:13", "elapsed": 3268.314401, "delta": 63.045892}}
{"target": -10000.0, "params": {"omega": 0.21411213682064845, "theta": 1.9894792342706669, "u": 0.14251833776584466, "v": 3.770825992073341, "x": 5.266278846916215, "y": 6.109203690342406}, "datetime": {"datetime": "2023-04-17 12:08:10", "elapsed": 3325.849374, "delta": 57.534973}}
{"target": -28.84827174128717, "params": {"omega": 0.09836719451545972, "theta": 6.979934815906001, "u": 0.271304663776195, "v": 9.159588718486578, "x": 7.154183492298767, "y": 7.7042982367118364}, "datetime": {"datetime": "2023-04-17 12:08:15", "elapsed": 3330.737226, "delta": 4.887852}}
{"target": -5000.0, "params": {"omega": 0.30385807964651745, "theta": 7.275436871845107, "u": 0.501855100419638, "v": 9.222144848619307, "x": 6.846544705867302, "y": 7.233454998110345}, "datetime": {"datetime": "2023-04-17 12:09:25", "elapsed": 3400.120456, "delta": 69.38323}}
{"target": -17.607181356935904, "params": {"omega": 0.03841272465433039, "theta": 7.9329032316295525, "u": 0.24858417016819673, "v": 7.220897563137606, "x": 9.32945750856419, "y": 9.764791894212953}, "datetime": {"datetime": "2023-04-17 12:09:32", "elapsed": 3407.015062, "delta": 6.894606}}
{"target": -20.296496387434164, "params": {"omega": 0.0, "theta": 6.833650384228915, "u": 0.37543768944170564, "v": 9.332496984692753, "x": 7.635929639070254, "y": 8.243236144315844}, "datetime": {"datetime": "2023-04-17 12:09:37", "elapsed": 3412.753239, "delta": 5.738177}}
{"target": -17.93089124761416, "params": {"omega": 0.0, "theta": 7.8598149833481825, "u": 0.24487798895158805, "v": 7.55284841240462, "x": 8.819731729697454, "y": 9.040647089667118}, "datetime": {"datetime": "2023-04-17 12:09:43", "elapsed": 3418.729546, "delta": 5.976307}}
{"target": -31.187615929349153, "params": {"omega": 0.1698000776153269, "theta": 9.196311053796535, "u": 0.2319471262397761, "v": 6.533195567959362, "x": 8.999792949012445, "y": 9.470047095362396}, "datetime": {"datetime": "2023-04-17 12:09:49", "elapsed": 3424.654218, "delta": 5.924672}}
{"target": -10000.0, "params": {"omega": 0.7358906268240496, "theta": 8.752032557566746, "u": 0.0011264900749878848, "v": 6.366510824212723, "x": 8.608568338164666, "y": 8.263472047908689}, "datetime": {"datetime": "2023-04-17 12:09:55", "elapsed": 3430.673983, "delta": 6.019765}}
{"target": -18.428079156791338, "params": {"omega": 0.0, "theta": 7.5924933139335655, "u": 0.25549365277829333, "v": 8.032237524745083, "x": 8.782911647194766, "y": 9.750132814521239}, "datetime": {"datetime": "2023-04-17 12:10:01", "elapsed": 3436.391471, "delta": 5.717488}}
{"target": -15.292062143629177, "params": {"omega": 0.0, "theta": 8.902292429039314, "u": 0.0, "v": 7.2512629981334475, "x": 8.693209949147148, "y": 9.97905369620523}, "datetime": {"datetime": "2023-04-17 12:10:12", "elapsed": 3447.347429, "delta": 10.955958}}
{"target": -23.6318066481996, "params": {"omega": 0.0, "theta": 10.0, "u": 0.9014343595990775, "v": 5.481987874776868, "x": 9.372438713368986, "y": 6.834098247241593}, "datetime": {"datetime": "2023-04-17 12:10:18", "elapsed": 3453.414861, "delta": 6.067432}}
{"target": -17.952949861890097, "params": {"omega": 0.0, "theta": 6.303357173545643, "u": 0.0, "v": 9.860575451982179, "x": 7.071917765088689, "y": 7.919376161550786}, "datetime": {"datetime": "2023-04-17 12:10:28", "elapsed": 3463.090934, "delta": 9.676073}}
{"target": -16.53962365976744, "params": {"omega": 0.0, "theta": 7.221189624237309, "u": 0.0, "v": 9.65219298407734, "x": 6.797548163261286, "y": 8.565435995927782}, "datetime": {"datetime": "2023-04-17 12:10:38", "elapsed": 3473.333348, "delta": 10.242414}}
{"target": -993.2667078803154, "params": {"omega": 0.8153884698706526, "theta": 2.5645277495913117, "u": 0.7154225046006224, "v": 5.295097065168332, "x": 14.350890329284416, "y": 8.117438209062144}, "datetime": {"datetime": "2023-04-17 12:11:24", "elapsed": 3519.103771, "delta": 45.770423}}
{"target": -32.48729596549826, "params": {"omega": 0.07092839905234394, "theta": 3.635124308817238, "u": 0.09865390064288683, "v": 6.34549508154108, "x": 13.128262132181403, "y": 10.91520041426804}, "datetime": {"datetime": "2023-04-17 12:11:29", "elapsed": 3524.535389, "delta": 5.431618}}
{"target": -16.31026271031528, "params": {"omega": 0.0, "theta": 4.783130194786595, "u": 0.0, "v": 5.833143568859895, "x": 13.311566770903418, "y": 10.906573595435352}, "datetime": {"datetime": "2023-04-17 12:11:39", "elapsed": 3533.87843, "delta": 9.343041}}
{"target": -10000.0, "params": {"omega": 0.2111885298564955, "theta": 3.1039910309881447, "u": 0.6650333014738936, "v": 5.207668432229342, "x": 13.36383208045352, "y": 9.362068330475058}, "datetime": {"datetime": "2023-04-17 12:12:16", "elapsed": 3570.975214, "delta": 37.096784}}
{"target": -10000.0, "params": {"omega": 0.8522619655847168, "theta": 4.361797363941323, "u": 0.0, "v": 6.517871721391692, "x": 13.426273875611152, "y": 11.18843722753845}, "datetime": {"datetime": "2023-04-17 12:12:20", "elapsed": 3574.926006, "delta": 3.950792}}
{"target": -26.679334280536366, "params": {"omega": 0.0, "theta": 8.271661453568665, "u": 1.0, "v": 7.6912497437378065, "x": 8.981875055044945, "y": 9.452320017161451}, "datetime": {"datetime": "2023-04-17 12:12:25", "elapsed": 3580.743961, "delta": 5.817955}}
{"target": -20.865827634349003, "params": {"omega": 0.11053869689654994, "theta": 8.865773580177242, "u": 0.031168902837450885, "v": 5.765802859691924, "x": 9.268492907583832, "y": 10.29365180538181}, "datetime": {"datetime": "2023-04-17 12:12:31", "elapsed": 3586.117424, "delta": 5.373463}}
{"target": -18.837322817007998, "params": {"omega": 0.0, "theta": 8.019004654093493, "u": 0.3376100829564675, "v": 8.861505067281412, "x": 7.947769977286329, "y": 8.855978526026261}, "datetime": {"datetime": "2023-04-17 12:12:36", "elapsed": 3591.429885, "delta": 5.312461}}
{"target": -40.47314079430882, "params": {"omega": 0.04057762653258601, "theta": 4.393382855713428, "u": 0.8509761832437073, "v": 5.895354873858858, "x": 12.445040549153548, "y": 10.928183327729535}, "datetime": {"datetime": "2023-04-17 12:12:42", "elapsed": 3597.655381, "delta": 6.225496}}
{"target": -32.77771461743002, "params": {"omega": 0.08346340727247303, "theta": 4.568531525676497, "u": 0.1602551809701832, "v": 5.4200477314542725, "x": 12.721548323179134, "y": 11.275306629458264}, "datetime": {"datetime": "2023-04-17 12:12:47", "elapsed": 3602.725064, "delta": 5.069683}}
{"target": -16.692990353701067, "params": {"omega": 0.0, "theta": 7.748605378320044, "u": 0.0, "v": 10.0, "x": 7.9435014806746915, "y": 8.096827624036646}, "datetime": {"datetime": "2023-04-17 12:12:57", "elapsed": 3611.854472, "delta": 9.129408}}
{"target": -26.79933550146534, "params": {"omega": 0.0, "theta": 3.348601790793992, "u": 0.42127208092574614, "v": 6.022417346685834, "x": 12.459212446517062, "y": 11.754477731313953}, "datetime": {"datetime": "2023-04-17 12:13:02", "elapsed": 3617.849456, "delta": 5.994984}}
{"target": -21.450412330643207, "params": {"omega": 0.0, "theta": 7.796690739312803, "u": 0.5133294288140028, "v": 8.882522556478895, "x": 9.179573993206649, "y": 8.477108007811427}, "datetime": {"datetime": "2023-04-17 12:13:08", "elapsed": 3623.149056, "delta": 5.2996}}
{"target": -27.317401455901116, "params": {"omega": 0.0, "theta": 7.846304015350592, "u": 0.9871183917163031, "v": 10.0, "x": 11.164372169268283, "y": 6.706581463459714}, "datetime": {"datetime": "2023-04-17 12:13:14", "elapsed": 3629.09799, "delta": 5.948934}}
{"target": -24.42535792540877, "params": {"omega": 0.0, "theta": 10.0, "u": 0.9857663803288426, "v": 5.462888479812979, "x": 9.654737369676573, "y": 8.274248734379281}, "datetime": {"datetime": "2023-04-17 12:13:21", "elapsed": 3636.333001, "delta": 7.235011}}
{"target": -18.03294419201522, "params": {"omega": 0.0, "theta": 7.44533553759549, "u": 0.25717690412018884, "v": 9.808974408249123, "x": 9.531039094155481, "y": 7.072055674115408}, "datetime": {"datetime": "2023-04-17 12:13:27", "elapsed": 3642.829382, "delta": 6.496381}}
{"target": -40.38344734854756, "params": {"omega": 0.17370815066390666, "theta": 8.931290233153995, "u": 0.7084954486659817, "v": 9.69736950017464, "x": 9.765217435175606, "y": 7.011649939755175}, "datetime": {"datetime": "2023-04-17 12:13:34", "elapsed": 3649.378679, "delta": 6.549297}}
{"target": -27.59724428485129, "params": {"omega": 0.0, "theta": 7.989142442086873, "u": 1.0, "v": 8.734544050180821, "x": 10.083000674601816, "y": 6.622557124950665}, "datetime": {"datetime": "2023-04-17 12:13:40", "elapsed": 3655.561414, "delta": 6.182735}}
{"target": -14.258290158468862, "params": {"omega": 0.0, "theta": 10.0, "u": 0.0, "v": 4.610213007512514, "x": 9.539862244502988, "y": 7.550541425302162}, "datetime": {"datetime": "2023-04-17 12:13:51", "elapsed": 3666.193637, "delta": 10.632223}}
{"target": -25.559101801597787, "params": {"omega": 0.0, "theta": 8.825354308083854, "u": 0.936712868517732, "v": 9.42784771484322, "x": 10.866112045756344, "y": 5.783507468149608}, "datetime": {"datetime": "2023-04-17 12:13:58", "elapsed": 3672.891893, "delta": 6.698256}}
{"target": -26.319082453650093, "params": {"omega": 0.0, "theta": 8.769997798698014, "u": 1.0, "v": 10.0, "x": 12.479738432393615, "y": 6.031481475083799}, "datetime": {"datetime": "2023-04-17 12:14:05", "elapsed": 3679.987724, "delta": 7.095831}}
{"target": -15.529770759843323, "params": {"omega": 0.0, "theta": 8.806904742514778, "u": 0.0, "v": 9.6640139366381, "x": 11.369320372900775, "y": 6.731912469021024}, "datetime": {"datetime": "2023-04-17 12:14:16", "elapsed": 3691.241825, "delta": 11.254101}}
{"target": -5000.0, "params": {"omega": 0.512056854427096, "theta": 8.220906914621438, "u": 0.9634841135862752, "v": 9.08620201820067, "x": 10.829380014813351, "y": 14.997449930654538}, "datetime": {"datetime": "2023-04-17 12:15:14", "elapsed": 3748.872168, "delta": 57.630343}}
{"target": -24.99226725134023, "params": {"omega": 0.0, "theta": 9.837067897550204, "u": 1.0, "v": 7.6792733514943, "x": 9.778423547448124, "y": 7.074499479244839}, "datetime": {"datetime": "2023-04-17 12:15:20", "elapsed": 3755.278911, "delta": 6.406743}}
{"target": -5000.0, "params": {"omega": 1.0, "theta": 8.967055545310908, "u": 1.0, "v": 9.379869827482914, "x": 11.363951132867836, "y": 6.710995372491415}, "datetime": {"datetime": "2023-04-17 12:16:13", "elapsed": 3807.968229, "delta": 52.689318}}
{"target": -15.9542353427996, "params": {"omega": 0.0, "theta": 9.074896670734768, "u": 0.0, "v": 8.622855302028228, "x": 9.472490055408223, "y": 6.128063512899956}, "datetime": {"datetime": "2023-04-17 12:16:22", "elapsed": 3817.130671, "delta": 9.162442}}
{"target": -14.696930242967051, "params": {"omega": 0.0, "theta": 9.502042748751355, "u": 0.0, "v": 8.82688433953891, "x": 9.096716238094974, "y": 7.965628440002118}, "datetime": {"datetime": "2023-04-17 12:16:31", "elapsed": 3826.376214, "delta": 9.245543}}
{"target": -17.42205932688628, "params": {"omega": 0.0, "theta": 8.217169856433808, "u": 0.0, "v": 10.0, "x": 10.123242439083043, "y": 5.761806710227811}, "datetime": {"datetime": "2023-04-17 12:16:40", "elapsed": 3835.604681, "delta": 9.228467}}
{"target": -25.03919793649922, "params": {"omega": 0.0, "theta": 9.363620729891943, "u": 1.0, "v": 9.875743184508973, "x": 8.305297932323887, "y": 8.38884567779947}, "datetime": {"datetime": "2023-04-17 12:16:47", "elapsed": 3842.079091, "delta": 6.47441}}
{"target": -48.925907277847166, "params": {"omega": 0.13088073212161433, "theta": 8.707674156398793, "u": 0.6203780518770055, "v": 0.6240479599603377, "x": 13.989245590421147, "y": 7.0639828767305595}, "datetime": {"datetime": "2023-04-17 12:16:55", "elapsed": 3850.670905, "delta": 8.591814}}
{"target": -10000.0, "params": {"omega": 0.0, "theta": 8.027736913957307, "u": 0.0, "v": 0.2583091227412884, "x": 15.0, "y": 8.043842351914169}, "datetime": {"datetime": "2023-04-17 12:17:03", "elapsed": 3857.932522, "delta": 7.261617}}
{"target": -10000.0, "params": {"omega": 0.5752531566164578, "theta": 8.708350323706206, "u": 0.752488060563297, "v": 1.8929766785318536, "x": 13.06315705277028, "y": 7.249575328644376}, "datetime": {"datetime": "2023-04-17 12:17:05", "elapsed": 3860.768697, "delta": 2.836175}}
{"target": -14.09414644459262, "params": {"omega": 0.0, "theta": 10.0, "u": 0.0, "v": 6.217238921029204, "x": 10.16951458233267, "y": 7.30454615743549}, "datetime": {"datetime": "2023-04-17 12:17:15", "elapsed": 3870.012213, "delta": 9.243516}}
{"target": -18.87401222967412, "params": {"omega": 0.018357192657425414, "theta": 9.244545861492043, "u": 0.6347120517801248, "v": 9.187638746724021, "x": 8.276456699795334, "y": 6.824366681118325}, "datetime": {"datetime": "2023-04-17 12:17:20", "elapsed": 3875.230737, "delta": 5.218524}}
{"target": -58.05615225634706, "params": {"omega": 0.0, "theta": 9.5184898218357, "u": 1.0, "v": 0.0, "x": 14.191810381676882, "y": 6.003748576387984}, "datetime": {"datetime": "2023-04-17 12:17:44", "elapsed": 3899.06075, "delta": 23.830013}}
{"target": -26.312261474711747, "params": {"omega": 0.03778294253494052, "theta": 5.670259348236134, "u": 0.5126217732229224, "v": 9.563460560197523, "x": 5.127865976574517, "y": 14.450583478376092}, "datetime": {"datetime": "2023-04-17 12:17:49", "elapsed": 3904.486925, "delta": 5.426175}}
{"target": -20.25929101980931, "params": {"omega": 0.0, "theta": 4.707972305046708, "u": 0.2912775832469293, "v": 10.0, "x": 6.368993274969551, "y": 14.968023855784889}, "datetime": {"datetime": "2023-04-17 12:17:55", "elapsed": 3910.037211, "delta": 5.550286}}
{"target": -18.22971898812878, "params": {"omega": 0.0, "theta": 4.432977180569771, "u": 0.0, "v": 10.0, "x": 5.493082608438671, "y": 13.500357446427968}, "datetime": {"datetime": "2023-04-17 12:18:04", "elapsed": 3919.093207, "delta": 9.055996}}
{"target": -10000.0, "params": {"omega": 1.0, "theta": 4.847239411920898, "u": 0.0, "v": 8.9762381116882, "x": 5.968983885672574, "y": 14.219122640739084}, "datetime": {"datetime": "2023-04-17 12:18:09", "elapsed": 3924.726007, "delta": 5.6328}}
{"target": -16.978085338552237, "params": {"omega": 0.0, "theta": 8.273287950033211, "u": 0.0, "v": 10.0, "x": 11.986893867252396, "y": 5.425903135993168}, "datetime": {"datetime": "2023-04-17 12:18:20", "elapsed": 3934.965356, "delta": 10.239349}}
{"target": -10000.0, "params": {"omega": 0.2272395353723119, "theta": 8.976124885121784, "u": 0.09586389442534626, "v": 5.350909281172795, "x": 10.375117127971524, "y": 5.903074750850506}, "datetime": {"datetime": "2023-04-17 12:18:54", "elapsed": 3969.355799, "delta": 34.390443}}
{"target": -14.451640887139627, "params": {"omega": 0.0, "theta": 6.343167792604055, "u": 0.0, "v": 4.254065333783055, "x": 13.329592624690138, "y": 11.02133949140458}, "datetime": {"datetime": "2023-04-17 12:19:03", "elapsed": 3978.825074, "delta": 9.469275}}
{"target": -35.28658382142877, "params": {"omega": 0.0, "theta": 4.600679503431143, "u": 1.0, "v": 10.0, "x": 5.0, "y": 14.12971515109569}, "datetime": {"datetime": "2023-04-17 12:19:10", "elapsed": 3985.331852, "delta": 6.506778}}
{"target": -15.64538305888268, "params": {"omega": 0.0, "theta": 3.2609407252980454, "u": 0.0, "v": 10.0, "x": 5.054318479462734, "y": 15.0}, "datetime": {"datetime": "2023-04-17 12:19:19", "elapsed": 3994.654308, "delta": 9.322456}}
{"target": -46.601031900689165, "params": {"omega": 0.0, "theta": 3.12900020756114, "u": 1.0, "v": 10.0, "x": 6.291342236639522, "y": 14.695065451334624}, "datetime": {"datetime": "2023-04-17 12:19:27", "elapsed": 4001.881625, "delta": 7.227317}}
{"target": -19.372558996169644, "params": {"omega": 0.0, "theta": 6.858368332758234, "u": 0.0, "v": 3.0300873387738, "x": 14.480793871293205, "y": 10.731699370530318}, "datetime": {"datetime": "2023-04-17 12:19:37", "elapsed": 4012.4624, "delta": 10.580775}}
