{"target": -5000.0, "params": {"omega": 0.0, "theta": 0.0, "u": 0.0, "v": 8.82572806845194, "x": 5.0, "y": 12.693045570934627}, "datetime": {"datetime": "2023-04-17 13:18:59", "elapsed": 7756.751451, "delta": 106.299856}}
{"target": -10000.0, "params": {"omega": 0.0, "theta": 0.5737774087904226, "u": 0.0, "v": 0.3096887263902459, "x": 11.633336966666521, "y": 9.766049224267144}, "datetime": {"datetime": "2023-04-17 13:19:10", "elapsed": 7767.752204, "delta": 11.000753}}
{"target": -3.1998863234931405, "params": {"omega": 0.0, "theta": 10.0, "u": 0.0, "v": 10.0, "x": 5.984845993144851, "y": 6.089614837092845}, "datetime": {"datetime": "2023-04-17 13:19:21", "elapsed": 7778.192624, "delta": 10.44042}}
{"target": -10000.0, "params": {"omega": 0.0, "theta": 0.0, "u": 1.0, "v": 0.0, "x": 5.0, "y": 5.0}, "datetime": {"datetime": "2023-04-17 13:19:29", "elapsed": 7787.045527, "delta": 8.852903}}
{"target": -10000.0, "params": {"omega": 1.0, "theta": 10.0, "u": 0.0, "v": 10.0, "x": 15.0, "y": 15.0}, "datetime": {"datetime": "2023-04-17 13:19:33", "elapsed": 7790.657871, "delta": 3.612344}}
{"target": -11.587090997341262, "params": {"omega": 0.0, "theta": 7.309740284308884, "u": 1.0, "v": 3.0665586112315033, "x": 5.0, "y": 13.12985554963154}, "datetime": {"datetime": "2023-04-17 13:19:40", "elapsed": 7797.868715, "delta": 7.210844}}
{"target": -50.07808598268994, "params": {"omega": 0.0, "theta": 1.5430263724115871, "u": 1.0, "v": 7.34854255612436, "x": 15.0, "y": 5.40215204281707}, "datetime": {"datetime": "2023-04-17 13:19:49", "elapsed": 7806.681866, "delta": 8.813151}}
{"target": -12.109445840809604, "params": {"omega": 0.0, "theta": 10.0, "u": 1.0, "v": 10.0, "x": 15.0, "y": 8.74714280467337}, "datetime": {"datetime": "2023-04-17 13:19:56", "elapsed": 7813.206379, "delta": 6.524513}}
{"target": -12.47351964223389, "params": {"omega": 0.0, "theta": 10.0, "u": 1.0, "v": 10.0, "x": 5.0, "y": 15.0}, "datetime": {"datetime": "2023-04-17 13:20:03", "elapsed": 7820.204831, "delta": 6.998452}}
{"target": -2.836550706527299, "params": {"omega": 0.0, "theta": 2.472665677027711, "u": 0.0, "v": 9.75218322357758, "x": 5.0, "y": 9.058017401376496}, "datetime": {"datetime": "2023-04-17 13:20:13", "elapsed": 7830.483019, "delta": 10.278188}}
{"target": -12.092256074796062, "params": {"omega": 0.0, "theta": 10.0, "u": 1.0, "v": 10.0, "x": 7.120549413343635, "y": 13.981454940138004}, "datetime": {"datetime": "2023-04-17 13:20:19", "elapsed": 7836.72689, "delta": 6.243871}}
{"target": -4.695894116513474, "params": {"omega": 0.0, "theta": 10.0, "u": 0.0, "v": 10.0, "x": 9.351414266292922, "y": 13.414656237097454}, "datetime": {"datetime": "2023-04-17 13:20:28", "elapsed": 7845.795626, "delta": 9.068736}}
{"target": -5000.0, "params": {"omega": 0.0, "theta": 0.0, "u": 0.0, "v": 8.290067132693206, "x": 15.0, "y": 5.0}, "datetime": {"datetime": "2023-04-17 13:22:01", "elapsed": 7938.385272, "delta": 92.589646}}
{"target": -8.451352554920758, "params": {"omega": 0.0, "theta": 8.588939136075393, "u": 0.0, "v": 10.0, "x": 11.145497631334743, "y": 5.0}, "datetime": {"datetime": "2023-04-17 13:22:12", "elapsed": 7949.085473, "delta": 10.700201}}
{"target": -2.5865450235292458, "params": {"omega": 0.0, "theta": 10.0, "u": 0.0, "v": 8.615674635993441, "x": 8.829018910945951, "y": 5.0}, "datetime": {"datetime": "2023-04-17 13:22:21", "elapsed": 7958.942384, "delta": 9.856911}}
{"target": -31.383629023992935, "params": {"omega": 0.0, "theta": 2.9289104550551266, "u": 1.0, "v": 7.707012068734177, "x": 13.560407672547289, "y": 5.825529513010299}, "datetime": {"datetime": "2023-04-17 13:22:29", "elapsed": 7966.530565, "delta": 7.588181}}
{"target": -53.31492134440652, "params": {"omega": 0.0, "theta": 1.3463086699152498, "u": 1.0, "v": 6.920098314078924, "x": 12.157081814620007, "y": 15.0}, "datetime": {"datetime": "2023-04-17 13:22:38", "elapsed": 7975.245493, "delta": 8.714928}}
{"target": -5000.0, "params": {"omega": 0.38183821560207665, "theta": 0.012732639632270226, "u": 0.9348317283457332, "v": 5.874058596751539, "x": 13.590996426992737, "y": 14.455068575290674}, "datetime": {"datetime": "2023-04-17 13:23:27", "elapsed": 8024.236534, "delta": 48.991041}}
{"target": -169.24043451102088, "params": {"omega": 0.0, "theta": 0.8574138101930199, "u": 1.0, "v": 6.7913974017971945, "x": 10.329426436735012, "y": 15.0}, "datetime": {"datetime": "2023-04-17 13:23:42", "elapsed": 8039.945251, "delta": 15.708717}}
{"target": -37.743463838961816, "params": {"omega": 0.0, "theta": 2.414669414161478, "u": 1.0, "v": 9.054649817290835, "x": 10.589477090800962, "y": 12.474009384854046}, "datetime": {"datetime": "2023-04-17 13:23:50", "elapsed": 8047.658453, "delta": 7.713202}}
{"target": -10000.0, "params": {"omega": 0.0, "theta": 0.0, "u": 1.0, "v": 3.714085971928333, "x": 11.311063090245646, "y": 10.134980220725293}, "datetime": {"datetime": "2023-04-17 13:23:54", "elapsed": 8051.958635, "delta": 4.300182}}
{"target": -5000.0, "params": {"omega": 1.0, "theta": 6.347362572003635, "u": 1.0, "v": 4.259235771210833, "x": 5.0, "y": 12.301867490925627}, "datetime": {"datetime": "2023-04-17 13:24:44", "elapsed": 8101.789843, "delta": 49.831208}}
{"target": -5000.0, "params": {"omega": 0.0, "theta": 0.0, "u": 0.0, "v": 10.0, "x": 15.0, "y": 8.851371582384346}, "datetime": {"datetime": "2023-04-17 13:26:15", "elapsed": 8192.60929, "delta": 90.819447}}
{"target": -3.513324146553771, "params": {"omega": 0.0, "theta": 10.0, "u": 0.0, "v": 8.504508125111697, "x": 7.952273309994384, "y": 7.676882381434514}, "datetime": {"datetime": "2023-04-17 13:26:25", "elapsed": 8202.738191, "delta": 10.128901}}
{"target": -1.058014134069563, "params": {"omega": 0.0, "theta": 10.0, "u": 0.0, "v": 6.028020611380729, "x": 7.863827986451671, "y": 11.963070723923515}, "datetime": {"datetime": "2023-04-17 13:26:36", "elapsed": 8213.295694, "delta": 10.557503}}
{"target": -5000.0, "params": {"omega": 0.0, "theta": 0.0, "u": 1.0, "v": 10.0, "x": 10.387096590372623, "y": 10.12966867791894}, "datetime": {"datetime": "2023-04-17 13:27:24", "elapsed": 8261.124237, "delta": 47.828543}}
{"target": -5000.0, "params": {"omega": 1.0, "theta": 8.538848320573425, "u": 1.0, "v": 10.0, "x": 5.0, "y": 15.0}, "datetime": {"datetime": "2023-04-17 13:28:15", "elapsed": 8312.741098, "delta": 51.616861}}
{"target": -5.144323983020461, "params": {"omega": 0.0, "theta": 2.3039248808692285, "u": 0.0, "v": 7.100190855560106, "x": 11.254312064632595, "y": 15.0}, "datetime": {"datetime": "2023-04-17 13:28:25", "elapsed": 8322.578375, "delta": 9.837277}}
{"target": -2.6759084367680543, "params": {"omega": 0.0, "theta": 10.0, "u": 0.0, "v": 10.0, "x": 8.236684230791576, "y": 11.254992339141415}, "datetime": {"datetime": "2023-04-17 13:28:35", "elapsed": 8332.4616, "delta": 9.883225}}
{"target": -11.109065704318658, "params": {"omega": 0.0, "theta": 7.070393098583289, "u": 1.0, "v": 0.0, "x": 9.134811141217861, "y": 9.16785887946192}, "datetime": {"datetime": "2023-04-17 13:29:07", "elapsed": 8364.569083, "delta": 32.107483}}
{"target": -5000.0, "params": {"omega": 0.0, "theta": 0.0, "u": 1.0, "v": 10.0, "x": 8.457168914002672, "y": 15.0}, "datetime": {"datetime": "2023-04-17 13:29:57", "elapsed": 8414.755169, "delta": 50.186086}}
{"target": -5000.0, "params": {"omega": 0.0, "theta": 7.776489427017474, "u": 0.0, "v": 0.0, "x": 9.79592501852034, "y": 10.008401295893238}, "datetime": {"datetime": "2023-04-17 13:31:40", "elapsed": 8517.190789, "delta": 102.43562}}
{"target": -953.062688600048, "params": {"omega": 1.0, "theta": 2.559819446533177, "u": 1.0, "v": 6.9494324831905105, "x": 15.0, "y": 5.812550307268507}, "datetime": {"datetime": "2023-04-17 13:32:31", "elapsed": 8568.171225, "delta": 50.980436}}
{"target": -10.464792054268967, "params": {"omega": 0.0, "theta": 10.0, "u": 1.0, "v": 4.232492830080229, "x": 7.975221904333576, "y": 15.0}, "datetime": {"datetime": "2023-04-17 13:32:38", "elapsed": 8575.406351, "delta": 7.235126}}
{"target": -5.444207825108083, "params": {"omega": 0.0, "theta": 5.110365777443705, "u": 0.0, "v": 5.320642864931692, "x": 12.655887643011608, "y": 12.351450240836952}, "datetime": {"datetime": "2023-04-17 13:32:48", "elapsed": 8585.359661, "delta": 9.95331}}
{"target": -2.5692083937542103, "params": {"omega": 0.0, "theta": 5.83381567966155, "u": 0.0, "v": 7.967086064493157, "x": 5.0, "y": 7.3780035830711315}, "datetime": {"datetime": "2023-04-17 13:32:59", "elapsed": 8596.179283, "delta": 10.819622}}
{"target": -14.544376161657237, "params": {"omega": 0.0, "theta": 7.475910518539106, "u": 1.0, "v": 10.0, "x": 12.525316660274404, "y": 5.0}, "datetime": {"datetime": "2023-04-17 13:33:05", "elapsed": 8603.029716, "delta": 6.850433}}
{"target": -11.4187340448263, "params": {"omega": 0.0, "theta": 7.794819847412787, "u": 1.0, "v": 0.0, "x": 8.171846332984861, "y": 7.872312308611309}, "datetime": {"datetime": "2023-04-17 13:33:38", "elapsed": 8635.273657, "delta": 32.243941}}
{"target": -17.53696540665519, "params": {"omega": 0.0, "theta": 5.166987826526977, "u": 1.0, "v": 6.301936552810908, "x": 5.0, "y": 11.161753818044215}, "datetime": {"datetime": "2023-04-17 13:33:44", "elapsed": 8641.744923, "delta": 6.471266}}
{"target": -5000.0, "params": {"omega": 0.0, "theta": 0.0, "u": 1.0, "v": 5.85647593804483, "x": 5.0, "y": 10.909346272315515}, "datetime": {"datetime": "2023-04-17 13:34:32", "elapsed": 8689.787487, "delta": 48.042564}}
{"target": -14.899477217490457, "params": {"omega": 0.0, "theta": 6.766711521909905, "u": 1.0, "v": 7.5786237317657905, "x": 6.274065622803674, "y": 13.766826756826937}, "datetime": {"datetime": "2023-04-17 13:34:39", "elapsed": 8696.315711, "delta": 6.528224}}
{"target": -5.952958008259118, "params": {"omega": 0.0, "theta": 1.2813239938906795, "u": 0.0, "v": 1.8823836329874, "x": 9.937917500445549, "y": 9.070287508434749}, "datetime": {"datetime": "2023-04-17 13:34:48", "elapsed": 8705.759184, "delta": 9.443473}}
{"target": -12.088238313029251, "params": {"omega": 0.0, "theta": 10.0, "u": 1.0, "v": 10.0, "x": 8.925279030926935, "y": 9.467164025333588}, "datetime": {"datetime": "2023-04-17 13:34:54", "elapsed": 8711.601335, "delta": 5.842151}}
{"target": -10.460687593191974, "params": {"omega": 0.0, "theta": 10.0, "u": 1.0, "v": 2.8316847283771764, "x": 5.0, "y": 15.0}, "datetime": {"datetime": "2023-04-17 13:35:01", "elapsed": 8718.820178, "delta": 7.218843}}
{"target": -8.142642203188354, "params": {"omega": 0.0, "theta": 10.0, "u": 1.0, "v": 0.0, "x": 15.0, "y": 15.0}, "datetime": {"datetime": "2023-04-17 13:35:25", "elapsed": 8743.040759, "delta": 24.220581}}
{"target": -2.706788194035678, "params": {"omega": 0.0, "theta": 6.344628691812553, "u": 0.0, "v": 5.949349705366399, "x": 6.242870391796918, "y": 12.726292925575438}, "datetime": {"datetime": "2023-04-17 13:35:35", "elapsed": 8752.539512, "delta": 9.498753}}
{"target": -2.1696278111997174, "params": {"omega": 0.0, "theta": 6.305307784866338, "u": 0.0, "v": 10.0, "x": 5.0, "y": 7.638592370500239}, "datetime": {"datetime": "2023-04-17 13:35:45", "elapsed": 8762.288613, "delta": 9.749101}}
{"target": -10000.0, "params": {"omega": 0.8830321553188865, "theta": 8.072471149315254, "u": 0.9598069897437395, "v": 0.6232701282441455, "x": 14.431000766971643, "y": 14.848038464585303}, "datetime": {"datetime": "2023-04-17 13:35:52", "elapsed": 8769.942351, "delta": 7.653738}}
{"target": -3.822160800491386, "params": {"omega": 0.0, "theta": 8.596017327921455, "u": 0.0, "v": 10.0, "x": 8.32669329256117, "y": 10.086594578390963}, "datetime": {"datetime": "2023-04-17 13:36:02", "elapsed": 8779.720338, "delta": 9.777987}}
{"target": -4.186081723589922, "params": {"omega": 0.0, "theta": 7.609240409267503, "u": 0.0, "v": 10.0, "x": 8.02569260621506, "y": 12.19995154048714}, "datetime": {"datetime": "2023-04-17 13:36:12", "elapsed": 8789.692962, "delta": 9.972624}}
{"target": -12.115598590221778, "params": {"omega": 0.0, "theta": 10.0, "u": 1.0, "v": 10.0, "x": 13.278001644615427, "y": 7.764894200107964}, "datetime": {"datetime": "2023-04-17 13:36:18", "elapsed": 8795.872672, "delta": 6.17971}}
{"target": -5.7519350580061905, "params": {"omega": 0.0, "theta": 2.494001186323321, "u": 0.0, "v": 10.0, "x": 10.058232170700258, "y": 5.0}, "datetime": {"datetime": "2023-04-17 13:36:28", "elapsed": 8805.685399, "delta": 9.812727}}
{"target": -12.240278354047945, "params": {"omega": 0.0, "theta": 10.0, "u": 1.0, "v": 8.340248317380883, "x": 15.0, "y": 7.7955539230669135}, "datetime": {"datetime": "2023-04-17 13:36:35", "elapsed": 8812.251468, "delta": 6.566069}}
{"target": -1.5649630703739306, "params": {"omega": 0.0, "theta": 10.0, "u": 0.0, "v": 6.0257114444750135, "x": 5.0, "y": 5.0}, "datetime": {"datetime": "2023-04-17 13:36:45", "elapsed": 8822.177508, "delta": 9.92604}}
{"target": -10.547125714189683, "params": {"omega": 0.0, "theta": 10.0, "u": 1.0, "v": 2.730591362407274, "x": 6.874091239510141, "y": 15.0}, "datetime": {"datetime": "2023-04-17 13:36:51", "elapsed": 8828.838214, "delta": 6.660706}}
{"target": -1.4791652685582728, "params": {"omega": 0.0, "theta": 10.0, "u": 0.0, "v": 8.484101209728896, "x": 7.898899755718, "y": 12.909023001237918}, "datetime": {"datetime": "2023-04-17 13:37:01", "elapsed": 8838.927532, "delta": 10.089318}}
{"target": -24.039055259324847, "params": {"omega": 0.0, "theta": 3.922636940373243, "u": 1.0, "v": 10.0, "x": 11.499170328633314, "y": 5.0}, "datetime": {"datetime": "2023-04-17 13:37:09", "elapsed": 8846.385117, "delta": 7.457585}}
{"target": -37.00235570205866, "params": {"omega": 0.0, "theta": 2.5292669675529083, "u": 1.0, "v": 10.0, "x": 11.460566349059688, "y": 6.672364526377595}, "datetime": {"datetime": "2023-04-17 13:37:17", "elapsed": 8854.149623, "delta": 7.764506}}
{"target": -10.458984571435366, "params": {"omega": 0.0, "theta": 8.120316822958278, "u": 1.0, "v": 1.3577426639572807, "x": 8.455872874522443, "y": 8.922648180747322}, "datetime": {"datetime": "2023-04-17 13:37:24", "elapsed": 8861.712885, "delta": 7.563262}}
{"target": -22.24971490461774, "params": {"omega": 0.0, "theta": 4.264439762660886, "u": 1.0, "v": 10.0, "x": 12.479295508768315, "y": 6.888630160864822}, "datetime": {"datetime": "2023-04-17 13:37:31", "elapsed": 8868.515352, "delta": 6.802467}}
{"target": -26.3586797475665, "params": {"omega": 0.0, "theta": 3.5431295456717176, "u": 1.0, "v": 8.498233730617565, "x": 11.835994030594215, "y": 6.124159101291133}, "datetime": {"datetime": "2023-04-17 13:37:38", "elapsed": 8875.590939, "delta": 7.075587}}
{"target": -10000.0, "params": {"omega": 1.0, "theta": 10.0, "u": 0.0, "v": 10.0, "x": 8.109098968397184, "y": 12.880669345921135}, "datetime": {"datetime": "2023-04-17 13:37:44", "elapsed": 8881.106991, "delta": 5.516052}}
{"target": -59.74626161081189, "params": {"omega": 0.06605799884684738, "theta": 3.3606363047778895, "u": 0.9239199467317496, "v": 8.996500075758934, "x": 13.144661255346549, "y": 7.529828463405963}, "datetime": {"datetime": "2023-04-17 13:37:52", "elapsed": 8889.145934, "delta": 8.038943}}
{"target": -6.123954084625386, "params": {"omega": 0.0, "theta": 10.0, "u": 0.0, "v": 5.913121070592931, "x": 5.0, "y": 6.91022487500034}, "datetime": {"datetime": "2023-04-17 13:38:00", "elapsed": 8898.033161, "delta": 8.887227}}
{"target": -53.735846515504534, "params": {"omega": 0.07969103755056162, "theta": 3.9430034537820644, "u": 0.8949699204573317, "v": 9.990957488616946, "x": 14.944671229601958, "y": 8.1886923134937}, "datetime": {"datetime": "2023-04-17 13:38:08", "elapsed": 8905.564367, "delta": 7.531206}}
{"target": -17.580157070302086, "params": {"omega": 0.0, "theta": 5.6950433944713135, "u": 1.0, "v": 10.0, "x": 15.0, "y": 7.502601513395568}, "datetime": {"datetime": "2023-04-17 13:38:15", "elapsed": 8912.174146, "delta": 6.609779}}
{"target": -20.71533895765672, "params": {"omega": 0.0, "theta": 4.5708410838834, "u": 1.0, "v": 8.410835541141628, "x": 15.0, "y": 7.37353567905251}, "datetime": {"datetime": "2023-04-17 13:38:22", "elapsed": 8919.066304, "delta": 6.892158}}
{"target": -5000.0, "params": {"omega": 0.802026776208248, "theta": 4.99912035761856, "u": 0.34316321976777053, "v": 9.550082371910445, "x": 14.924146802160406, "y": 9.350596075212467}, "datetime": {"datetime": "2023-04-17 13:39:15", "elapsed": 8972.081055, "delta": 53.014751}}
{"target": -12.405138600326817, "params": {"omega": 0.0, "theta": 8.720964360325967, "u": 1.0, "v": 8.55856443454767, "x": 7.246140609138108, "y": 13.42976683815837}, "datetime": {"datetime": "2023-04-17 13:39:21", "elapsed": 8978.335416, "delta": 6.254361}}
{"target": -3.165464661236267, "params": {"omega": 0.0, "theta": 8.041783540123365, "u": 0.0, "v": 10.0, "x": 5.0, "y": 5.0}, "datetime": {"datetime": "2023-04-17 13:39:30", "elapsed": 8987.715398, "delta": 9.379982}}
{"target": -41.14655096003531, "params": {"omega": 0.0, "theta": 2.0887583899861126, "u": 1.0, "v": 10.0, "x": 13.741073560976695, "y": 7.289889638108899}, "datetime": {"datetime": "2023-04-17 13:39:38", "elapsed": 8995.119382, "delta": 7.403984}}
{"target": -20.827200052226814, "params": {"omega": 0.0, "theta": 4.4782912915190956, "u": 1.0, "v": 8.743813174274235, "x": 13.562474946218858, "y": 6.274942483523046}, "datetime": {"datetime": "2023-04-17 13:39:45", "elapsed": 9002.213831, "delta": 7.094449}}
{"target": -5000.0, "params": {"omega": 1.0, "theta": 2.747074206035905, "u": 1.0, "v": 8.82839001157365, "x": 15.0, "y": 7.497858524138717}, "datetime": {"datetime": "2023-04-17 13:40:34", "elapsed": 9051.830202, "delta": 49.616371}}
{"target": -34.964624735178916, "params": {"omega": 0.0, "theta": 2.684596425908892, "u": 1.0, "v": 8.381740730107264, "x": 9.82560916518771, "y": 7.235390234754445}, "datetime": {"datetime": "2023-04-17 13:40:42", "elapsed": 9059.38354, "delta": 7.553338}}
{"target": -3.2784550971480457, "params": {"omega": 0.0, "theta": 2.214009222262189, "u": 0.0, "v": 10.0, "x": 12.238613316389316, "y": 8.067785723094705}, "datetime": {"datetime": "2023-04-17 13:40:52", "elapsed": 9069.094488, "delta": 9.710948}}
{"target": -2.722364992539713, "params": {"omega": 0.0, "theta": 10.0, "u": 0.0, "v": 8.896004274344888, "x": 8.920451842940418, "y": 9.415858059617353}, "datetime": {"datetime": "2023-04-17 13:41:01", "elapsed": 9078.909901, "delta": 9.815413}}
{"target": -16.627060365775925, "params": {"omega": 0.0, "theta": 6.085649080739452, "u": 1.0, "v": 10.0, "x": 8.491057504277594, "y": 13.094726453359295}, "datetime": {"datetime": "2023-04-17 13:41:08", "elapsed": 9085.456023, "delta": 6.546122}}
{"target": -33.192389368780105, "params": {"omega": 0.0, "theta": 2.8605490136281086, "u": 1.0, "v": 10.0, "x": 11.16351089928489, "y": 8.665765771315113}, "datetime": {"datetime": "2023-04-17 13:41:16", "elapsed": 9093.083401, "delta": 7.627378}}
{"target": -2.662992618797115, "params": {"omega": 0.0, "theta": 10.0, "u": 0.0, "v": 10.0, "x": 10.837466487021207, "y": 14.449378992928269}, "datetime": {"datetime": "2023-04-17 13:41:26", "elapsed": 9103.588941, "delta": 10.50554}}
{"target": -11.823941465501902, "params": {"omega": 0.0, "theta": 10.0, "u": 1.0, "v": 10.0, "x": 9.601131800280475, "y": 15.0}, "datetime": {"datetime": "2023-04-17 13:41:32", "elapsed": 9109.692144, "delta": 6.103203}}
{"target": -5000.0, "params": {"omega": 1.0, "theta": 2.1462644583689854, "u": 1.0, "v": 10.0, "x": 10.722996212595914, "y": 5.0}, "datetime": {"datetime": "2023-04-17 13:42:21", "elapsed": 9158.660453, "delta": 48.968309}}
{"target": -48.830083521828094, "params": {"omega": 0.0, "theta": 1.624631191524837, "u": 1.0, "v": 8.799958273821266, "x": 11.95994622323184, "y": 7.6930041972916765}, "datetime": {"datetime": "2023-04-17 13:42:30", "elapsed": 9167.320702, "delta": 8.660249}}
{"target": -30.19530409804647, "params": {"omega": 0.0, "theta": 3.1083016069389826, "u": 1.0, "v": 8.077840053305838, "x": 9.655518383871708, "y": 12.361700239183552}, "datetime": {"datetime": "2023-04-17 13:42:37", "elapsed": 9174.584517, "delta": 7.263815}}
{"target": -1.4538035121150301, "params": {"omega": 0.0, "theta": 8.149058109092282, "u": 0.0, "v": 7.609108122729367, "x": 5.0, "y": 5.0}, "datetime": {"datetime": "2023-04-17 13:42:47", "elapsed": 9185.022079, "delta": 10.437562}}
{"target": -10.832506288665593, "params": {"omega": 0.0, "theta": 10.0, "u": 1.0, "v": 4.244599257194652, "x": 6.173381775499335, "y": 15.0}, "datetime": {"datetime": "2023-04-17 13:42:54", "elapsed": 9191.678981, "delta": 6.656902}}
{"target": -39.723218285791646, "params": {"omega": 0.0, "theta": 2.3174321589838867, "u": 1.0, "v": 8.320802484878682, "x": 9.873607118395329, "y": 9.164215500334052}, "datetime": {"datetime": "2023-04-17 13:43:02", "elapsed": 9199.58523, "delta": 7.906249}}
{"target": -40.67395059301286, "params": {"omega": 0.0, "theta": 2.1781502626258913, "u": 1.0, "v": 7.182115614032488, "x": 8.222495960595394, "y": 10.386234408339929}, "datetime": {"datetime": "2023-04-17 13:43:10", "elapsed": 9207.591432, "delta": 8.006202}}
{"target": -5000.0, "params": {"omega": 1.0, "theta": 1.5886228740095774, "u": 1.0, "v": 10.0, "x": 12.289054152367857, "y": 8.100386146615666}, "datetime": {"datetime": "2023-04-17 13:44:00", "elapsed": 9257.430537, "delta": 49.839105}}
{"target": -5.9106760009407076, "params": {"omega": 0.0, "theta": 1.9602266721092938, "u": 0.0, "v": 8.738463730885499, "x": 5.0, "y": 10.810400287844148}, "datetime": {"datetime": "2023-04-17 13:44:10", "elapsed": 9267.781497, "delta": 10.35096}}
{"target": -41.90601443627973, "params": {"omega": 0.0, "theta": 2.1418744574491293, "u": 1.0, "v": 7.614472585322228, "x": 6.472795795714842, "y": 11.480515153111412}, "datetime": {"datetime": "2023-04-17 13:44:18", "elapsed": 9275.827414, "delta": 8.045917}}
{"target": -1.504944328663992, "params": {"omega": 0.0, "theta": 2.381888137326463, "u": 0.0, "v": 9.00204753966847, "x": 12.32891282276662, "y": 6.543025552935029}, "datetime": {"datetime": "2023-04-17 13:44:28", "elapsed": 9285.622055, "delta": 9.794641}}
