{"target": -13.510888403728517, "params": {"omega": 0.027084286701584692, "theta": 8.798097969766697, "u": 0.09031251057812484, "v": 9.82047659557268, "x": 8.31251117125897, "y": 10.903018840269318}, "datetime": {"datetime": "2023-04-17 14:04:55", "elapsed": 10330.591668, "delta": 5.927857}}
{"target": -29.644333550750716, "params": {"omega": 0.08640155562280882, "theta": 9.888260370488242, "u": 0.8832311511413793, "v": 3.4809344135134013, "x": 7.770560582572665, "y": 5.191834719892653}, "datetime": {"datetime": "2023-04-17 14:05:02", "elapsed": 10337.422028, "delta": 6.83036}}
{"target": -16.097816980592, "params": {"omega": 0.0, "theta": 7.219755120420379, "u": 0.0, "v": 9.308154965900458, "x": 5.0, "y": 12.221197152962821}, "datetime": {"datetime": "2023-04-17 14:05:13", "elapsed": 10348.605965, "delta": 11.183937}}
{"target": -27.934727707481507, "params": {"omega": 0.1551447648338835, "theta": 9.83831306268745, "u": 0.18426998380490278, "v": 4.1970159632848105, "x": 5.062604341851676, "y": 7.425484132689499}, "datetime": {"datetime": "2023-04-17 14:05:19", "elapsed": 10354.757848, "delta": 6.151883}}
{"target": -24.275066666705335, "params": {"omega": 0.0, "theta": 10.0, "u": 1.0, "v": 6.677107082748973, "x": 8.905246312459493, "y": 7.841889922145377}, "datetime": {"datetime": "2023-04-17 14:05:26", "elapsed": 10361.844769, "delta": 7.086921}}
{"target": -46.57815983263267, "params": {"omega": 0.0, "theta": 2.8619155125530704, "u": 1.0, "v": 5.827077176105133, "x": 15.0, "y": 6.861646236604754}, "datetime": {"datetime": "2023-04-17 14:05:35", "elapsed": 10370.069117, "delta": 8.224348}}
{"target": -24.60879472920669, "params": {"omega": 0.0, "theta": 10.0, "u": 1.0, "v": 5.448027460334013, "x": 7.601197080428108, "y": 5.0}, "datetime": {"datetime": "2023-04-17 14:05:42", "elapsed": 10377.279002, "delta": 7.209885}}
{"target": -33.03505017972459, "params": {"omega": 0.11445361078882954, "theta": 9.988670902204753, "u": 0.8564441300309938, "v": 2.7714084080658443, "x": 5.809829365051183, "y": 5.674831995938952}, "datetime": {"datetime": "2023-04-17 14:05:50", "elapsed": 10384.857065, "delta": 7.578063}}
{"target": -16.15068751322291, "params": {"omega": 0.0, "theta": 5.123576982050012, "u": 0.0, "v": 4.730658717205193, "x": 11.05554608146093, "y": 15.0}, "datetime": {"datetime": "2023-04-17 14:06:02", "elapsed": 10397.337679, "delta": 12.480614}}
{"target": -5000.0, "params": {"omega": 0.0, "theta": 0.0, "u": 0.0, "v": 10.0, "x": 7.885239580044274, "y": 8.260505554308471}, "datetime": {"datetime": "2023-04-17 14:07:39", "elapsed": 10494.789767, "delta": 97.452088}}
{"target": -34.10192546666927, "params": {"omega": 0.0, "theta": 4.571081308540223, "u": 1.0, "v": 5.845662882357964, "x": 7.287751085550787, "y": 15.0}, "datetime": {"datetime": "2023-04-17 14:07:47", "elapsed": 10501.988897, "delta": 7.19913}}
{"target": -25.41838555447089, "params": {"omega": 0.0, "theta": 8.429915194262511, "u": 1.0, "v": 4.863928078799792, "x": 6.903586987181711, "y": 12.937081014352025}, "datetime": {"datetime": "2023-04-17 14:07:55", "elapsed": 10509.939456, "delta": 7.950559}}
{"target": -31.952890478575288, "params": {"omega": 0.0, "theta": 4.776620075947853, "u": 1.0, "v": 4.604894196256787, "x": 9.702482755901244, "y": 15.0}, "datetime": {"datetime": "2023-04-17 14:08:02", "elapsed": 10517.197588, "delta": 7.258132}}
{"target": -14.509640160901373, "params": {"omega": 0.0, "theta": 3.233980289903099, "u": 0.0, "v": 9.664294890839253, "x": 13.541463769484965, "y": 5.0}, "datetime": {"datetime": "2023-04-17 14:08:12", "elapsed": 10527.819568, "delta": 10.62198}}
{"target": -18.58757783040893, "params": {"omega": 0.0, "theta": 7.06107388821629, "u": 0.0, "v": 10.0, "x": 6.691682847031896, "y": 11.024449389417946}, "datetime": {"datetime": "2023-04-17 14:08:22", "elapsed": 10537.852912, "delta": 10.033344}}
{"target": -30.916766377285583, "params": {"omega": 0.0, "theta": 5.971125304332806, "u": 1.0, "v": 9.15960849436783, "x": 10.70245527727119, "y": 6.7696872018671534}, "datetime": {"datetime": "2023-04-17 14:08:30", "elapsed": 10545.382802, "delta": 7.52989}}
{"target": -30.914521071001825, "params": {"omega": 0.0, "theta": 6.16075298028041, "u": 1.0, "v": 6.850722772102839, "x": 5.0, "y": 6.125699922550707}, "datetime": {"datetime": "2023-04-17 14:08:38", "elapsed": 10553.195612, "delta": 7.81281}}
{"target": -28.755863346439945, "params": {"omega": 0.0, "theta": 6.632915533594804, "u": 1.0, "v": 5.002773723216565, "x": 12.012008173510239, "y": 5.0}, "datetime": {"datetime": "2023-04-17 14:08:45", "elapsed": 10560.409774, "delta": 7.214162}}
{"target": -10000.0, "params": {"omega": 0.27739544176191855, "theta": 9.964560084675492, "u": 0.17462324646463256, "v": 2.8244643540723957, "x": 5.148701761547779, "y": 7.132510368855339}, "datetime": {"datetime": "2023-04-17 14:09:35", "elapsed": 10609.893458, "delta": 49.483684}}
{"target": -20.450834801504968, "params": {"omega": 0.0, "theta": 10.0, "u": 0.0, "v": 5.424672196148409, "x": 5.0, "y": 8.15830807428276}, "datetime": {"datetime": "2023-04-17 14:09:47", "elapsed": 10622.327368, "delta": 12.43391}}
{"target": -14.520767822281217, "params": {"omega": 0.04728694287869728, "theta": 9.729373552458394, "u": 0.043772709722513126, "v": 8.15837287532933, "x": 7.072126647960129, "y": 10.129425820961536}, "datetime": {"datetime": "2023-04-17 14:09:53", "elapsed": 10628.079901, "delta": 5.752533}}
{"target": -10000.0, "params": {"omega": 0.0, "theta": 0.0, "u": 1.0, "v": 4.050170883238785, "x": 11.492327895032757, "y": 10.58831211880064}, "datetime": {"datetime": "2023-04-17 14:09:58", "elapsed": 10632.97548, "delta": 4.895579}}
{"target": -19.76221725841449, "params": {"omega": 0.0, "theta": 8.240233107493319, "u": 0.0, "v": 2.7807296017144476, "x": 15.0, "y": 9.65682480072647}, "datetime": {"datetime": "2023-04-17 14:10:09", "elapsed": 10644.566032, "delta": 11.590552}}
{"target": -10000.0, "params": {"omega": 1.0, "theta": 4.2803472592149365, "u": 0.0, "v": 10.0, "x": 5.0, "y": 5.0}, "datetime": {"datetime": "2023-04-17 14:10:22", "elapsed": 10656.894857, "delta": 12.328825}}
{"target": -5000.0, "params": {"omega": 1.0, "theta": 10.0, "u": 1.0, "v": 10.0, "x": 15.0, "y": 9.754031950068}, "datetime": {"datetime": "2023-04-17 14:11:19", "elapsed": 10714.087579, "delta": 57.192722}}
{"target": -15.39450209987066, "params": {"omega": 0.0, "theta": 10.0, "u": 0.0, "v": 8.140549407477865, "x": 5.0, "y": 10.220389854362738}, "datetime": {"datetime": "2023-04-17 14:11:30", "elapsed": 10725.361308, "delta": 11.273729}}
{"target": -18.318967041728378, "params": {"omega": 0.0, "theta": 7.116909169714694, "u": 0.0, "v": 10.0, "x": 5.0, "y": 9.419624022399061}, "datetime": {"datetime": "2023-04-17 14:11:40", "elapsed": 10735.579074, "delta": 10.217766}}
{"target": -17.35462923960026, "params": {"omega": 0.0, "theta": 1.2264273709337845, "u": 0.0, "v": 1.9760905410204386, "x": 9.556915298134145, "y": 9.149870851018475}, "datetime": {"datetime": "2023-04-17 14:11:51", "elapsed": 10746.525423, "delta": 10.946349}}
{"target": -16.586401287316306, "params": {"omega": 0.0, "theta": 10.0, "u": 0.0, "v": 8.823519158497778, "x": 15.0, "y": 8.525802328497981}, "datetime": {"datetime": "2023-04-17 14:12:03", "elapsed": 10757.993594, "delta": 11.468171}}
{"target": -14.074959518420295, "params": {"omega": 0.0, "theta": 9.126626618633463, "u": 0.0, "v": 7.165693711481679, "x": 5.0, "y": 12.196586608708955}, "datetime": {"datetime": "2023-04-17 14:12:13", "elapsed": 10768.372234, "delta": 10.37864}}
{"target": -17.926544957277397, "params": {"omega": 0.0, "theta": 2.408555080650018, "u": 0.0, "v": 6.729387101762359, "x": 7.0338626248224125, "y": 5.0}, "datetime": {"datetime": "2023-04-17 14:12:23", "elapsed": 10778.736327, "delta": 10.364093}}
{"target": -24.326999334309836, "params": {"omega": 0.0, "theta": 10.0, "u": 1.0, "v": 8.610525862148986, "x": 13.4974474886666, "y": 15.0}, "datetime": {"datetime": "2023-04-17 14:12:30", "elapsed": 10785.454944, "delta": 6.718617}}
{"target": -32.448839599922586, "params": {"omega": 0.0, "theta": 5.419199765336144, "u": 1.0, "v": 10.0, "x": 8.046815605335407, "y": 15.0}, "datetime": {"datetime": "2023-04-17 14:12:38", "elapsed": 10793.059599, "delta": 7.604655}}
{"target": -15.615995960407297, "params": {"omega": 0.0, "theta": 9.081679140813042, "u": 0.0, "v": 10.0, "x": 15.0, "y": 8.230012848118816}, "datetime": {"datetime": "2023-04-17 14:12:48", "elapsed": 10803.32411, "delta": 10.264511}}
{"target": -73.88411663369259, "params": {"omega": 0.0, "theta": 6.896574136683696, "u": 1.0, "v": 0.0, "x": 7.896038242001116, "y": 8.768754662716422}, "datetime": {"datetime": "2023-04-17 14:13:19", "elapsed": 10834.441113, "delta": 31.117003}}
{"target": -23.99295594206169, "params": {"omega": 0.0, "theta": 6.451721735134157, "u": 0.0, "v": 7.899252486099236, "x": 10.498889695576471, "y": 15.0}, "datetime": {"datetime": "2023-04-17 14:13:29", "elapsed": 10844.378164, "delta": 9.937051}}
{"target": -10000.0, "params": {"omega": 0.994102810567605, "theta": 9.968491304270305, "u": 0.78103088454119, "v": 3.801340967451025, "x": 5.68773748296675, "y": 5.091417973931083}, "datetime": {"datetime": "2023-04-17 14:14:09", "elapsed": 10884.561425, "delta": 40.183261}}
{"target": -15.543092276887007, "params": {"omega": 0.0, "theta": 10.0, "u": 0.0, "v": 5.138483337717159, "x": 5.0, "y": 6.580117196571443}, "datetime": {"datetime": "2023-04-17 14:14:19", "elapsed": 10894.366591, "delta": 9.805166}}
{"target": -25.594889761419136, "params": {"omega": 0.0, "theta": 8.795175512247237, "u": 1.0, "v": 8.91394152372368, "x": 15.0, "y": 15.0}, "datetime": {"datetime": "2023-04-17 14:14:26", "elapsed": 10901.263303, "delta": 6.896712}}
{"target": -14.34205605612945, "params": {"omega": 0.0, "theta": 2.221708539210779, "u": 0.0, "v": 8.093673512614561, "x": 10.55740710989008, "y": 13.570191454876714}, "datetime": {"datetime": "2023-04-17 14:14:36", "elapsed": 10911.311984, "delta": 10.048681}}
{"target": -17.481021107071268, "params": {"omega": 0.0, "theta": 6.8025693386021135, "u": 0.0, "v": 10.0, "x": 13.490755993773618, "y": 15.0}, "datetime": {"datetime": "2023-04-17 14:14:46", "elapsed": 10921.65665, "delta": 10.344666}}
{"target": -17.54317143108351, "params": {"omega": 0.0, "theta": 10.0, "u": 0.0, "v": 9.427820759609405, "x": 6.14957684686361, "y": 5.700829385379617}, "datetime": {"datetime": "2023-04-17 14:14:57", "elapsed": 10932.628052, "delta": 10.971402}}
{"target": -37.56799959760653, "params": {"omega": 0.0, "theta": 4.199759272208203, "u": 1.0, "v": 10.0, "x": 7.394084926620619, "y": 6.310096911503305}, "datetime": {"datetime": "2023-04-17 14:15:04", "elapsed": 10939.789168, "delta": 7.161116}}
{"target": -24.809364120230562, "params": {"omega": 0.0, "theta": 10.0, "u": 1.0, "v": 1.0772954715583838, "x": 5.0, "y": 13.3878863406332}, "datetime": {"datetime": "2023-04-17 14:15:13", "elapsed": 10948.529788, "delta": 8.74062}}
{"target": -21.30666058904111, "params": {"omega": 0.0, "theta": 4.931373279741294, "u": 0.0, "v": 7.055365559728548, "x": 11.003583727458787, "y": 15.0}, "datetime": {"datetime": "2023-04-17 14:15:23", "elapsed": 10957.992617, "delta": 9.462829}}
{"target": -29.107432066899236, "params": {"omega": 0.0, "theta": 6.344917238978583, "u": 1.0, "v": 5.9819167713633705, "x": 10.017980777268976, "y": 15.0}, "datetime": {"datetime": "2023-04-17 14:15:30", "elapsed": 10964.915456, "delta": 6.922839}}
{"target": -23.03243443839327, "params": {"omega": 0.14378845238481686, "theta": 9.62653419043665, "u": 0.043289691155246945, "v": 8.22439656515578, "x": 9.297035827011033, "y": 14.088570810459304}, "datetime": {"datetime": "2023-04-17 14:15:35", "elapsed": 10970.62865, "delta": 5.713194}}
{"target": -17.78513326891376, "params": {"omega": 0.0, "theta": 8.644127219458198, "u": 0.0, "v": 10.0, "x": 7.10773138249572, "y": 10.26989087224362}, "datetime": {"datetime": "2023-04-17 14:15:45", "elapsed": 10980.56305, "delta": 9.9344}}
{"target": -18.58270054342714, "params": {"omega": 0.0, "theta": 10.0, "u": 0.0, "v": 10.0, "x": 12.821212387262486, "y": 5.0}, "datetime": {"datetime": "2023-04-17 14:15:56", "elapsed": 10990.915359, "delta": 10.352309}}
{"target": -24.7571415053802, "params": {"omega": 0.0, "theta": 10.0, "u": 1.0, "v": 7.654430037235098, "x": 7.6741903022173865, "y": 13.391379741157786}, "datetime": {"datetime": "2023-04-17 14:16:03", "elapsed": 10998.175991, "delta": 7.260632}}
{"target": -15.52177636899937, "params": {"omega": 0.011943070866757388, "theta": 1.8482663018645007, "u": 0.005308184290036988, "v": 6.290667644275557, "x": 5.057589854993472, "y": 13.743632818217876}, "datetime": {"datetime": "2023-04-17 14:16:11", "elapsed": 11006.364413, "delta": 8.188422}}
{"target": -14.812245364304966, "params": {"omega": 0.0, "theta": 5.551375396106196, "u": 0.0, "v": 8.044855687558043, "x": 7.4131155556399335, "y": 7.686055406872888}, "datetime": {"datetime": "2023-04-17 14:16:22", "elapsed": 11017.43236, "delta": 11.067947}}
{"target": -24.506345746233478, "params": {"omega": 0.0, "theta": 9.229639809775195, "u": 1.0, "v": 4.91018237907088, "x": 5.0, "y": 7.230390691456579}, "datetime": {"datetime": "2023-04-17 14:16:29", "elapsed": 11024.471307, "delta": 7.038947}}
{"target": -24.20933176917234, "params": {"omega": 0.0, "theta": 10.0, "u": 1.0, "v": 5.050450102162361, "x": 7.599746762855164, "y": 11.778141676129122}, "datetime": {"datetime": "2023-04-17 14:16:36", "elapsed": 11031.306445, "delta": 6.835138}}
{"target": -32.56609826865363, "params": {"omega": 0.0, "theta": 5.3915218415280055, "u": 1.0, "v": 7.834336169497535, "x": 6.020658890945416, "y": 7.621992224680102}, "datetime": {"datetime": "2023-04-17 14:16:43", "elapsed": 11038.734453, "delta": 7.428008}}
{"target": -24.7123078967587, "params": {"omega": 0.0, "theta": 8.828805886583975, "u": 1.0, "v": 3.6372452581755947, "x": 9.108555629606506, "y": 8.470913983232247}, "datetime": {"datetime": "2023-04-17 14:16:51", "elapsed": 11045.998995, "delta": 7.264542}}
{"target": -16.60149160716244, "params": {"omega": 0.0, "theta": 3.59792139425675, "u": 0.0, "v": 4.84811388068544, "x": 8.70424666443277, "y": 15.0}, "datetime": {"datetime": "2023-04-17 14:17:01", "elapsed": 11056.658104, "delta": 10.659109}}
{"target": -16.66122414954306, "params": {"omega": 0.0, "theta": 3.111838329160597, "u": 0.0, "v": 10.0, "x": 7.633990958957159, "y": 7.244662783741535}, "datetime": {"datetime": "2023-04-17 14:17:13", "elapsed": 11067.863573, "delta": 11.205469}}
{"target": -21.128894232636338, "params": {"omega": 0.00885229629727391, "theta": 9.94710421971391, "u": 0.8168396834603585, "v": 9.343109575307446, "x": 7.658962723491571, "y": 10.17037688717707}, "datetime": {"datetime": "2023-04-17 14:17:20", "elapsed": 11075.248095, "delta": 7.384522}}
{"target": -70.95814229261369, "params": {"omega": 0.0, "theta": 7.386983896020418, "u": 1.0, "v": 0.0, "x": 8.594876319619788, "y": 10.379274286296777}, "datetime": {"datetime": "2023-04-17 14:17:51", "elapsed": 11106.848424, "delta": 31.600329}}
{"target": -10000.0, "params": {"omega": 1.0, "theta": 6.673665582160558, "u": 0.0, "v": 5.403367973205366, "x": 12.386836013610544, "y": 5.0}, "datetime": {"datetime": "2023-04-17 14:17:58", "elapsed": 11113.266437, "delta": 6.418013}}
{"target": -16.96223230821563, "params": {"omega": 0.0, "theta": 7.912767180061463, "u": 0.0, "v": 8.438396010708495, "x": 12.63989153472769, "y": 15.0}, "datetime": {"datetime": "2023-04-17 14:18:08", "elapsed": 11123.803133, "delta": 10.536696}}
{"target": -17.67455441459326, "params": {"omega": 0.0, "theta": 2.899059802214954, "u": 0.0, "v": 6.444665839299451, "x": 5.0, "y": 11.25183820272811}, "datetime": {"datetime": "2023-04-17 14:18:19", "elapsed": 11134.674063, "delta": 10.87093}}
{"target": -10000.0, "params": {"omega": 1.0, "theta": 10.0, "u": 0.0, "v": 10.0, "x": 5.0, "y": 15.0}, "datetime": {"datetime": "2023-04-17 14:18:34", "elapsed": 11149.247758, "delta": 14.573695}}
{"target": -13.950570851194753, "params": {"omega": 0.0, "theta": 10.0, "u": 0.0, "v": 7.501022457971702, "x": 5.0, "y": 13.753717659892708}, "datetime": {"datetime": "2023-04-17 14:18:43", "elapsed": 11158.853761, "delta": 9.606003}}
{"target": -24.40169052858436, "params": {"omega": 0.0, "theta": 10.0, "u": 1.0, "v": 8.595908698487325, "x": 6.122726427964196, "y": 15.0}, "datetime": {"datetime": "2023-04-17 14:18:50", "elapsed": 11165.518187, "delta": 6.664426}}
{"target": -20.048403796217173, "params": {"omega": 0.0, "theta": 3.2772798241237444, "u": 0.0, "v": 6.428436803420082, "x": 7.631126242409081, "y": 15.0}, "datetime": {"datetime": "2023-04-17 14:19:01", "elapsed": 11176.601091, "delta": 11.082904}}
{"target": -14.4313165058863, "params": {"omega": 0.0, "theta": 7.802374818490383, "u": 0.0, "v": 4.986726472750314, "x": 5.0, "y": 15.0}, "datetime": {"datetime": "2023-04-17 14:19:12", "elapsed": 11187.298153, "delta": 10.697062}}
{"target": -26.848793127938855, "params": {"omega": 0.0, "theta": 8.46020839730722, "u": 1.0, "v": 7.946880589264044, "x": 8.932831493891115, "y": 5.0}, "datetime": {"datetime": "2023-04-17 14:19:19", "elapsed": 11194.818494, "delta": 7.520341}}
{"target": -26.203425929346785, "params": {"omega": 0.0, "theta": 8.543980377002246, "u": 1.0, "v": 8.843598655344527, "x": 5.0, "y": 15.0}, "datetime": {"datetime": "2023-04-17 14:19:28", "elapsed": 11203.312024, "delta": 8.49353}}
{"target": -20.287250830537353, "params": {"omega": 0.0, "theta": 10.0, "u": 0.0, "v": 10.0, "x": 13.427437886421393, "y": 8.80539184307461}, "datetime": {"datetime": "2023-04-17 14:19:39", "elapsed": 11214.600613, "delta": 11.288589}}
{"target": -10000.0, "params": {"omega": 1.0, "theta": 10.0, "u": 1.0, "v": 1.124037143091196, "x": 5.0, "y": 15.0}, "datetime": {"datetime": "2023-04-17 14:19:53", "elapsed": 11228.571017, "delta": 13.970404}}
{"target": -5000.0, "params": {"omega": 0.0, "theta": 10.0, "u": 0.0, "v": 0.0, "x": 5.0, "y": 13.681517389122861}, "datetime": {"datetime": "2023-04-17 14:21:36", "elapsed": 11331.127645, "delta": 102.556628}}
{"target": -25.041243999061727, "params": {"omega": 0.0, "theta": 10.0, "u": 1.0, "v": 2.826296925123761, "x": 7.410127449321564, "y": 6.205168146996816}, "datetime": {"datetime": "2023-04-17 14:21:43", "elapsed": 11338.701801, "delta": 7.574156}}
{"target": -18.36420556673287, "params": {"omega": 0.0, "theta": 8.257573655448669, "u": 0.0, "v": 6.7616748386184, "x": 10.541730724095403, "y": 15.0}, "datetime": {"datetime": "2023-04-17 14:21:54", "elapsed": 11349.548403, "delta": 10.846602}}
{"target": -25.04799595677398, "params": {"omega": 0.0, "theta": 10.0, "u": 1.0, "v": 10.0, "x": 8.91713957572415, "y": 12.283729502982547}, "datetime": {"datetime": "2023-04-17 14:22:02", "elapsed": 11357.133345, "delta": 7.584942}}
{"target": -26.0345780433517, "params": {"omega": 0.0, "theta": 8.485936307259717, "u": 1.0, "v": 1.3922491148016978, "x": 9.615799689988359, "y": 6.108496954922647}, "datetime": {"datetime": "2023-04-17 14:22:10", "elapsed": 11365.791562, "delta": 8.658217}}
{"target": -25.20295413148728, "params": {"omega": 0.0, "theta": 10.0, "u": 1.0, "v": 2.000951659534367, "x": 5.0, "y": 5.0}, "datetime": {"datetime": "2023-04-17 14:22:19", "elapsed": 11373.873181, "delta": 8.081619}}
{"target": -10000.0, "params": {"omega": 1.0, "theta": 10.0, "u": 0.0, "v": 6.6748835432176925, "x": 10.759685719060997, "y": 15.0}, "datetime": {"datetime": "2023-04-17 14:22:24", "elapsed": 11379.772257, "delta": 5.899076}}
{"target": -23.878034847470868, "params": {"omega": 0.0, "theta": 10.0, "u": 1.0, "v": 4.704849112300294, "x": 5.969468189546132, "y": 7.57336834592107}, "datetime": {"datetime": "2023-04-17 14:22:33", "elapsed": 11388.66113, "delta": 8.888873}}
{"target": -14.661704383163066, "params": {"omega": 0.0, "theta": 5.025012372771771, "u": 0.0, "v": 6.889688528817291, "x": 5.0, "y": 12.480382229617083}, "datetime": {"datetime": "2023-04-17 14:22:46", "elapsed": 11401.587874, "delta": 12.926744}}
{"target": -27.655484464518437, "params": {"omega": 0.0, "theta": 7.843143085651512, "u": 1.0, "v": 10.0, "x": 13.285438466775341, "y": 7.533088245577553}, "datetime": {"datetime": "2023-04-17 14:22:54", "elapsed": 11409.045501, "delta": 7.457627}}
{"target": -15.649589575143526, "params": {"omega": 0.0, "theta": 4.1402186592745895, "u": 0.0, "v": 7.072004234781284, "x": 6.0918074113028755, "y": 10.875288957961574}, "datetime": {"datetime": "2023-04-17 14:23:05", "elapsed": 11420.098027, "delta": 11.052526}}
{"target": -18.272539893890805, "params": {"omega": 0.0, "theta": 2.7370360704182644, "u": 0.0, "v": 7.142452087279811, "x": 11.664437534459413, "y": 12.685474055217629}, "datetime": {"datetime": "2023-04-17 14:23:17", "elapsed": 11432.8323, "delta": 12.734273}}
{"target": -26.315046346649137, "params": {"omega": 0.0, "theta": 7.271466557351642, "u": 1.0, "v": 3.287623969308306, "x": 10.192353302623879, "y": 9.499535909254538}, "datetime": {"datetime": "2023-04-17 14:23:25", "elapsed": 11440.497957, "delta": 7.665657}}
{"target": -31.360412760304037, "params": {"omega": 0.0, "theta": 5.410062733133847, "u": 1.0, "v": 6.04797872952503, "x": 9.406832369100348, "y": 7.739682037191178}, "datetime": {"datetime": "2023-04-17 14:23:33", "elapsed": 11448.180903, "delta": 7.682946}}
{"target": -24.631156421887848, "params": {"omega": 0.013725042466014026, "theta": 6.981703359798363, "u": 0.9555376146621716, "v": 3.5164279407720747, "x": 9.27405007527722, "y": 7.976069970742845}, "datetime": {"datetime": "2023-04-17 14:23:40", "elapsed": 11455.741322, "delta": 7.560419}}
{"target": -16.169903903098778, "params": {"omega": 0.0, "theta": 10.0, "u": 0.0, "v": 10.0, "x": 9.835305842935595, "y": 13.327891051782736}, "datetime": {"datetime": "2023-04-17 14:23:51", "elapsed": 11466.470873, "delta": 10.729551}}
