{"target": -15.597205426694739, "params": {"omega": 0.9135005125154675, "theta": 8.65356572046654, "u": 0.1475143165442372, "v": 4.791471930149287, "x": 87.25280202166633, "y": 86.363380439012}, "datetime": {"datetime": "2023-02-09 16:18:10", "elapsed": 5720.538717, "delta": 17.243333}}
{"target": -10000.0, "params": {"omega": 0.0, "theta": 10.0, "u": 4.552427795109977, "v": 0.0, "x": 92.01236959040446, "y": 42.95813804504193}, "datetime": {"datetime": "2023-02-09 16:19:14", "elapsed": 5784.390221, "delta": 63.851504}}
{"target": -30.50705147284726, "params": {"omega": 0.0, "theta": 8.652837009256364, "u": 5.705735160488925, "v": 5.22076199335564, "x": 89.72360225761284, "y": 34.039625295070785}, "datetime": {"datetime": "2023-02-09 16:19:44", "elapsed": 5814.278605, "delta": 29.888384}}
{"target": -18.798691108594074, "params": {"omega": 0.0, "theta": 6.5795232915186395, "u": 2.5473121564139296, "v": 7.586641148670135, "x": 93.48791428703257, "y": 36.83380280216906}, "datetime": {"datetime": "2023-02-09 16:20:11", "elapsed": 5841.597418, "delta": 27.318813}}
{"target": -11.89465487698769, "params": {"omega": 0.3429645446428856, "theta": 9.52933377555109, "u": 0.01394633692147651, "v": 6.636661995271269, "x": 20.71941093951024, "y": 17.772874528422744}, "datetime": {"datetime": "2023-02-09 16:20:38", "elapsed": 5868.391673, "delta": 26.794255}}
{"target": -55.55830142893718, "params": {"omega": 0.7194821718725168, "theta": 9.026824715305457, "u": 4.246155201250529, "v": 8.94784285843329, "x": 80.39402967288004, "y": 6.708512163710489}, "datetime": {"datetime": "2023-02-09 16:21:02", "elapsed": 5892.474737, "delta": 24.083064}}
{"target": -170.07651811255485, "params": {"omega": 0.5317082095939413, "theta": 4.508438248406954, "u": 9.090137486200678, "v": 7.098613046720502, "x": 25.4073878431497, "y": 10.792244245853588}, "datetime": {"datetime": "2023-02-09 16:21:40", "elapsed": 5930.29102, "delta": 37.816283}}
{"target": -50.46391110645792, "params": {"omega": 0.44996214576160876, "theta": 2.3326952606835363, "u": 1.2530420230142614, "v": 3.747656665522441, "x": 91.09185754995056, "y": 34.754103779495836}, "datetime": {"datetime": "2023-02-09 16:22:02", "elapsed": 5952.294129, "delta": 22.003109}}
{"target": -19.398336226705936, "params": {"omega": 0.7202239149518297, "theta": 9.759227986478367, "u": 0.24113482246959417, "v": 7.861801605606763, "x": 28.874855851647084, "y": 56.02871782988288}, "datetime": {"datetime": "2023-02-09 16:22:20", "elapsed": 5970.304338, "delta": 18.010209}}
{"target": -24.16051674954332, "params": {"omega": 0.0, "theta": 10.0, "u": 3.406039945591445, "v": 5.450215593245897, "x": 22.81991862890205, "y": 2.446433980998462}, "datetime": {"datetime": "2023-02-09 16:22:45", "elapsed": 5995.300715, "delta": 24.996377}}
{"target": -3.2282475809701388, "params": {"omega": 0.0, "theta": 7.033994998005301, "u": 0.0, "v": 0.0, "x": 83.30616049477989, "y": 26.897287544829638}, "datetime": {"datetime": "2023-02-09 16:23:30", "elapsed": 6040.478748, "delta": 45.178033}}
{"target": -41.7326559305444, "params": {"omega": 0.0, "theta": 10.0, "u": 9.112347669486532, "v": 9.410135693717441, "x": 20.269789544807413, "y": 24.17591533836237}, "datetime": {"datetime": "2023-02-09 16:24:01", "elapsed": 6071.576352, "delta": 31.097604}}
{"target": -3.9450046549119238, "params": {"omega": 0.0, "theta": 10.0, "u": 0.0, "v": 4.636810744429621, "x": 63.85300612888024, "y": 11.5234048149191}, "datetime": {"datetime": "2023-02-09 16:24:48", "elapsed": 6118.311034, "delta": 46.734682}}
{"target": -20.86464385949647, "params": {"omega": 0.0, "theta": 10.0, "u": 2.993297017404408, "v": 10.0, "x": 25.153163907856783, "y": 22.76947666458378}, "datetime": {"datetime": "2023-02-09 16:25:14", "elapsed": 6144.322746, "delta": 26.011712}}
{"target": -105.42734930239693, "params": {"omega": 0.7822075788797535, "theta": 7.086333656439857, "u": 9.10778556882306, "v": 6.727372416279177, "x": 40.62994737537856, "y": 67.64275984533758}, "datetime": {"datetime": "2023-02-09 16:25:53", "elapsed": 6183.34646, "delta": 39.023714}}
{"target": -137.46609458419235, "params": {"omega": 0.9999718575657905, "theta": 9.747613078417052, "u": 8.71300893596927, "v": 4.4837111868075, "x": 60.1931789650884, "y": 39.79539278607845}, "datetime": {"datetime": "2023-02-09 16:26:43", "elapsed": 6233.227639, "delta": 49.881179}}
{"target": -117.51045108270398, "params": {"omega": 0.8391999594913301, "theta": 7.043226818407091, "u": 8.559008204672592, "v": 9.984855411111234, "x": 78.35395489136306, "y": 11.418116246433009}, "datetime": {"datetime": "2023-02-09 16:27:13", "elapsed": 6263.26706, "delta": 30.039421}}
{"target": -10000.0, "params": {"omega": 0.0, "theta": 0.0, "u": 0.0, "v": 8.512776595780407, "x": 0.0, "y": 10.041738982583656}, "datetime": {"datetime": "2023-02-09 16:28:41", "elapsed": 6351.42211, "delta": 88.15505}}
{"target": -22.09762253762701, "params": {"omega": 0.32493618844321015, "theta": 5.560687701546411, "u": 1.808938403291931, "v": 8.203918180667442, "x": 61.05294043785977, "y": 99.59013831216839}, "datetime": {"datetime": "2023-02-09 16:29:03", "elapsed": 6373.450448, "delta": 22.028338}}
{"target": -0.8566797361406361, "params": {"omega": 0.0, "theta": 10.0, "u": 0.0073999417616490495, "v": 0.0, "x": 81.45465912477205, "y": 62.562393154401555}, "datetime": {"datetime": "2023-02-09 16:29:27", "elapsed": 6397.44501, "delta": 23.994562}}
{"target": -48.77053332054884, "params": {"omega": 0.6316896637956091, "theta": 9.913631683774913, "u": 5.20464208340357, "v": 9.19184530787281, "x": 75.62837420938537, "y": 26.56724377079751}, "datetime": {"datetime": "2023-02-09 16:29:52", "elapsed": 6422.602158, "delta": 25.157148}}
{"target": -14.13488352430038, "params": {"omega": 0.0, "theta": 4.389934653472739, "u": 1.2449327789308446, "v": 6.126293818023343, "x": 57.2917166441026, "y": 31.799953652418292}, "datetime": {"datetime": "2023-02-09 16:30:13", "elapsed": 6443.583789, "delta": 20.981631}}
{"target": -21.06996871968365, "params": {"omega": 0.9064945771745656, "theta": 9.352152241440177, "u": 0.5095535475859725, "v": 6.084569601494376, "x": 63.460088478846686, "y": 97.3329158125079}, "datetime": {"datetime": "2023-02-09 16:30:33", "elapsed": 6463.320779, "delta": 19.73699}}
{"target": -69.33966507488358, "params": {"omega": 1.0, "theta": 10.0, "u": 6.166762172887473, "v": 6.104634284487402, "x": 60.341501581328195, "y": 99.1627325353471}, "datetime": {"datetime": "2023-02-09 16:31:02", "elapsed": 6492.595434, "delta": 29.274655}}
{"target": -10000.0, "params": {"omega": 1.0, "theta": 6.0263359550529785, "u": 5.720295019898422, "v": 7.946910046902264, "x": 63.3840040945903, "y": 94.34115002043507}, "datetime": {"datetime": "2023-02-09 16:32:21", "elapsed": 6571.282547, "delta": 78.687113}}
{"target": -19.8075103222075, "params": {"omega": 0.9086860922812631, "theta": 9.685464341433578, "u": 0.39490683776909785, "v": 9.299561402876131, "x": 52.68046932231534, "y": 92.0383525958172}, "datetime": {"datetime": "2023-02-09 16:32:40", "elapsed": 6590.284043, "delta": 19.001496}}
{"target": -15.5141799337128, "params": {"omega": 0.3482693991275331, "theta": 8.498794743846759, "u": 0.8340166125537563, "v": 9.192033459606904, "x": 56.02961603904299, "y": 99.21776372083391}, "datetime": {"datetime": "2023-02-09 16:32:59", "elapsed": 6609.530682, "delta": 19.246639}}
{"target": -18.827625925815656, "params": {"omega": 0.17542705775950207, "theta": 0.49516602723936765, "u": 0.17159233635411386, "v": 2.08414373063372, "x": 83.79919054119922, "y": 22.834795666238193}, "datetime": {"datetime": "2023-02-09 16:33:19", "elapsed": 6629.54227, "delta": 20.011588}}
{"target": -3.352457612476314, "params": {"omega": 0.0, "theta": 10.0, "u": 0.0, "v": 0.8631205353117835, "x": 62.991357694371125, "y": 100.0}, "datetime": {"datetime": "2023-02-09 16:34:20", "elapsed": 6690.540222, "delta": 60.997952}}
{"target": -48.22412388680802, "params": {"omega": 0.0, "theta": 10.0, "u": 10.0, "v": 10.0, "x": 65.20316121537975, "y": 0.7353476388928315}, "datetime": {"datetime": "2023-02-09 16:34:53", "elapsed": 6723.337183, "delta": 32.796961}}
{"target": -21.76247442358117, "params": {"omega": 0.0, "theta": 10.0, "u": 4.720337408109059, "v": 4.431135721001436, "x": 54.739425923924635, "y": 100.0}, "datetime": {"datetime": "2023-02-09 16:35:29", "elapsed": 6759.273239, "delta": 35.936056}}
{"target": -29.84431955985598, "params": {"omega": 0.0, "theta": 10.0, "u": 5.357542001867993, "v": 2.979302302990657, "x": 21.68958465666351, "y": 19.484071648883496}, "datetime": {"datetime": "2023-02-09 16:36:07", "elapsed": 6797.34517, "delta": 38.071931}}
{"target": -2.6593445019010513, "params": {"omega": 0.0, "theta": 10.0, "u": 0.0, "v": 10.0, "x": 61.249015402885476, "y": 100.0}, "datetime": {"datetime": "2023-02-09 16:36:57", "elapsed": 6847.397, "delta": 50.05183}}
{"target": -30.921808275269157, "params": {"omega": 0.0, "theta": 10.0, "u": 7.328579008100396, "v": 10.0, "x": 55.42028536366099, "y": 100.0}, "datetime": {"datetime": "2023-02-09 16:37:28", "elapsed": 6878.472358, "delta": 31.075358}}
{"target": -28.16655346850518, "params": {"omega": 0.16032044578976923, "theta": 9.882320980422609, "u": 3.7119174336233405, "v": 8.523039892327494, "x": 26.41354372730511, "y": 15.81585254216964}, "datetime": {"datetime": "2023-02-09 16:37:54", "elapsed": 6904.496168, "delta": 26.02381}}
{"target": -47.987848556487975, "params": {"omega": 0.25070811185616093, "theta": 9.638352433673443, "u": 9.616234306415905, "v": 5.235385511985326, "x": 64.6100205518439, "y": 4.274318665022547}, "datetime": {"datetime": "2023-02-09 16:38:34", "elapsed": 6944.330003, "delta": 39.833835}}
{"target": -26.379447141641, "params": {"omega": 0.0, "theta": 10.0, "u": 5.982664045050754, "v": 10.0, "x": 54.31895059448557, "y": 93.08492990464924}, "datetime": {"datetime": "2023-02-09 16:39:02", "elapsed": 6972.46747, "delta": 28.137467}}
{"target": -55.008358061082745, "params": {"omega": 1.0, "theta": 10.0, "u": 1.9827911419587165, "v": 8.483088846290105, "x": 16.433736629530323, "y": 0.0}, "datetime": {"datetime": "2023-02-09 16:39:27", "elapsed": 6997.280512, "delta": 24.813042}}
{"target": -17.555709185713877, "params": {"omega": 0.0, "theta": 10.0, "u": 3.5280327419879223, "v": 10.0, "x": 49.650068768413405, "y": 97.94191687475461}, "datetime": {"datetime": "2023-02-09 16:39:52", "elapsed": 7022.541708, "delta": 25.261196}}
{"target": -87.76188103405084, "params": {"omega": 1.0, "theta": 10.0, "u": 10.0, "v": 10.0, "x": 72.03066584562572, "y": 0.0}, "datetime": {"datetime": "2023-02-09 16:40:25", "elapsed": 7055.224805, "delta": 32.683097}}
{"target": -10000.0, "params": {"omega": 0.0, "theta": 10.0, "u": 6.034322740492287, "v": 0.0, "x": 59.77360828103949, "y": 100.0}, "datetime": {"datetime": "2023-02-09 16:40:54", "elapsed": 7084.409782, "delta": 29.184977}}
{"target": -2.8063856139790224, "params": {"omega": 0.0, "theta": 10.0, "u": 0.0, "v": 10.0, "x": 71.43648918886092, "y": 24.97039309072135}, "datetime": {"datetime": "2023-02-09 16:41:40", "elapsed": 7130.432512, "delta": 46.02273}}
{"target": -10000.0, "params": {"omega": 1.0, "theta": 4.242997407972537, "u": 10.0, "v": 10.0, "x": 26.13772080487445, "y": 44.46553263702335}, "datetime": {"datetime": "2023-02-09 16:41:52", "elapsed": 7142.373765, "delta": 11.941253}}
{"target": -46.48710650169396, "params": {"omega": 0.0, "theta": 10.0, "u": 10.0, "v": 4.454497181314051, "x": 71.15565857161336, "y": 6.997719213577832}, "datetime": {"datetime": "2023-02-09 16:42:34", "elapsed": 7184.402764, "delta": 42.028999}}
{"target": -3.795302901838998, "params": {"omega": 0.0, "theta": 10.0, "u": 0.0, "v": 10.0, "x": 34.16263098308358, "y": 58.09988433384525}, "datetime": {"datetime": "2023-02-09 16:43:18", "elapsed": 7228.401726, "delta": 43.998962}}
{"target": -10000.0, "params": {"omega": 0.0, "theta": 0.0, "u": 0.0, "v": 2.1033062355432492, "x": 19.672957660318602, "y": 23.981026167783863}, "datetime": {"datetime": "2023-02-09 16:45:26", "elapsed": 7356.523517, "delta": 128.121791}}
{"target": -28.670720934082564, "params": {"omega": 0.0, "theta": 10.0, "u": 6.320232725281987, "v": 10.0, "x": 55.70159620493866, "y": 69.25556775145272}, "datetime": {"datetime": "2023-02-09 16:45:54", "elapsed": 7384.559293, "delta": 28.035776}}
{"target": -35.887217441708756, "params": {"omega": 0.9520112366993088, "theta": 8.513737563387554, "u": 1.6833433700067302, "v": 5.2041931389643885, "x": 52.40843538960894, "y": 95.75836424001966}, "datetime": {"datetime": "2023-02-09 16:46:18", "elapsed": 7408.248218, "delta": 23.688925}}
{"target": -26.527424436801436, "params": {"omega": 0.2723146598121611, "theta": 9.909062992174103, "u": 1.477823385899386, "v": 3.1604118502889875, "x": 16.29484020136971, "y": 19.543894325034096}, "datetime": {"datetime": "2023-02-09 16:46:41", "elapsed": 7431.410676, "delta": 23.162458}}
{"target": -10000.0, "params": {"omega": 1.0, "theta": 10.0, "u": 5.205509218181828, "v": 0.6894880386277548, "x": 68.82426331464468, "y": 5.061854564087173}, "datetime": {"datetime": "2023-02-09 16:47:06", "elapsed": 7456.525003, "delta": 25.114327}}
{"target": -78.588455921376, "params": {"omega": 1.0, "theta": 10.0, "u": 8.52138850688909, "v": 6.5083123821994855, "x": 50.49319789963075, "y": 97.75555241065835}, "datetime": {"datetime": "2023-02-09 16:47:41", "elapsed": 7491.224174, "delta": 34.699171}}
{"target": -3.4943371485005628, "params": {"omega": 0.0, "theta": 5.079795887465014, "u": 0.0, "v": 3.117707606041576, "x": 87.31705735840151, "y": 21.89971652395114}, "datetime": {"datetime": "2023-02-09 16:48:42", "elapsed": 7552.395517, "delta": 61.171343}}
{"target": -73.35732425600268, "params": {"omega": 0.8410143827617637, "theta": 9.858957700446195, "u": 8.027241317005458, "v": 9.544045978764155, "x": 28.10650627193261, "y": 11.640146135258211}, "datetime": {"datetime": "2023-02-09 16:49:11", "elapsed": 7581.497346, "delta": 29.101829}}
{"target": -23.667385897032805, "params": {"omega": 0.561233219922936, "theta": 9.979242705069222, "u": 0.909398584437151, "v": 1.2290719433321007, "x": 87.58125040972806, "y": 63.30249421545172}, "datetime": {"datetime": "2023-02-09 16:49:35", "elapsed": 7605.582427, "delta": 24.085081}}
{"target": -4.424751745995917, "params": {"omega": 0.0, "theta": 6.619785503356392, "u": 0.0, "v": 10.0, "x": 79.92480271118451, "y": 83.70224198487007}, "datetime": {"datetime": "2023-02-09 16:50:23", "elapsed": 7653.422533, "delta": 47.840106}}
{"target": -6.2913191665982415, "params": {"omega": 0.0, "theta": 10.0, "u": 0.2912545631168821, "v": 10.0, "x": 77.7394612247217, "y": 76.80265475084794}, "datetime": {"datetime": "2023-02-09 16:50:41", "elapsed": 7671.304756, "delta": 17.882223}}
{"target": -87.45035529075852, "params": {"omega": 0.8444905088879295, "theta": 8.634033052514358, "u": 9.616031636866323, "v": 9.21403060748743, "x": 60.041785352836584, "y": 4.910386195087346}, "datetime": {"datetime": "2023-02-09 16:51:14", "elapsed": 7704.3247, "delta": 33.019944}}
{"target": -10000.0, "params": {"omega": 0.0, "theta": 10.0, "u": 9.174342173833983, "v": 3.0209224597869357, "x": 25.69229649581813, "y": 12.496875800874419}, "datetime": {"datetime": "2023-02-09 16:52:09", "elapsed": 7759.445532, "delta": 55.120832}}
{"target": -10.885224073713246, "params": {"omega": 0.1845909574588125, "theta": 9.585573838116868, "u": 0.34645359137161713, "v": 0.7067759971073406, "x": 51.587594124107774, "y": 71.57468275178745}, "datetime": {"datetime": "2023-02-09 16:52:35", "elapsed": 7785.224497, "delta": 25.778965}}
{"target": -23.585390638500268, "params": {"omega": 0.2508572709308172, "theta": 9.536765415835395, "u": 0.8871295841033144, "v": 8.757963727267544, "x": 26.15600141125408, "y": 9.357815575438233}, "datetime": {"datetime": "2023-02-09 16:52:54", "elapsed": 7804.591182, "delta": 19.366685}}
{"target": -10000.0, "params": {"omega": 1.0, "theta": 10.0, "u": 0.0, "v": 10.0, "x": 23.140137071570955, "y": 1.5115315291805977}, "datetime": {"datetime": "2023-02-09 16:54:44", "elapsed": 7914.300441, "delta": 109.709259}}
{"target": -60.68276725719074, "params": {"omega": 0.8108004051145133, "theta": 10.0, "u": 4.0341461049282445, "v": 8.856235756839844, "x": 11.117607047755238, "y": 0.0}, "datetime": {"datetime": "2023-02-09 16:55:11", "elapsed": 7941.222373, "delta": 26.921932}}
{"target": -58.722744020771735, "params": {"omega": 0.36309844089868215, "theta": 8.480721952014305, "u": 9.385254349821132, "v": 5.344294681182081, "x": 77.89791846333284, "y": 7.881691349415232}, "datetime": {"datetime": "2023-02-09 16:55:48", "elapsed": 7978.498349, "delta": 37.275976}}
{"target": -61.75421277116709, "params": {"omega": 0.44284308645760073, "theta": 9.951458816535023, "u": 9.921859415963558, "v": 5.091129390066881, "x": 24.822774054968654, "y": 0.8378116406000613}, "datetime": {"datetime": "2023-02-09 16:56:28", "elapsed": 8018.546352, "delta": 40.048003}}
{"target": -53.419144478891745, "params": {"omega": 0.9571945845362066, "theta": 9.839599695882285, "u": 2.9612249148155034, "v": 9.965989623147983, "x": 23.20522852889232, "y": 12.607389625269027}, "datetime": {"datetime": "2023-02-09 16:56:52", "elapsed": 8042.316391, "delta": 23.770039}}
{"target": -70.59709370626219, "params": {"omega": 0.0, "theta": 6.403165510281566, "u": 10.0, "v": 10.0, "x": 25.261675748772408, "y": 3.7659715690994244}, "datetime": {"datetime": "2023-02-09 16:57:26", "elapsed": 8076.217073, "delta": 33.900682}}
{"target": -42.079798117173965, "params": {"omega": 0.0, "theta": 10.0, "u": 10.0, "v": 10.0, "x": 71.26250428662321, "y": 56.70178744103963}, "datetime": {"datetime": "2023-02-09 16:57:59", "elapsed": 8109.553054, "delta": 33.335981}}
{"target": -104.85855230394729, "params": {"omega": 1.0, "theta": 10.0, "u": 5.980456136059932, "v": 3.0563780798635247, "x": 19.0302453418912, "y": 0.28008037907315547}, "datetime": {"datetime": "2023-02-09 16:58:48", "elapsed": 8158.504606, "delta": 48.951552}}
{"target": -18.180630527135726, "params": {"omega": 0.8388415466037582, "theta": 5.960557997100018, "u": 0.1297828122796929, "v": 8.87422150110574, "x": 71.82343713360234, "y": 80.5151282948759}, "datetime": {"datetime": "2023-02-09 16:59:09", "elapsed": 8179.476048, "delta": 20.971442}}
{"target": -85.40674966561649, "params": {"omega": 1.0, "theta": 10.0, "u": 10.0, "v": 10.0, "x": 18.22591481457646, "y": 5.816088119931849}, "datetime": {"datetime": "2023-02-09 16:59:39", "elapsed": 8209.393981, "delta": 29.917933}}
{"target": -10000.0, "params": {"omega": 0.33443634541654543, "theta": 0.4015332528053772, "u": 4.77530398602081, "v": 9.41172295925337, "x": 72.24324472062051, "y": 78.19947733563086}, "datetime": {"datetime": "2023-02-09 16:59:50", "elapsed": 8220.343902, "delta": 10.949921}}
{"target": -46.82087039480681, "params": {"omega": 0.0, "theta": 10.0, "u": 10.0, "v": 10.0, "x": 68.50855250897291, "y": 7.050839936841436}, "datetime": {"datetime": "2023-02-09 17:00:22", "elapsed": 8252.380177, "delta": 32.036275}}
{"target": -12.41610026370728, "params": {"omega": 0.2600836139995516, "theta": 5.813243546630703, "u": 0.09808764941700132, "v": 8.76258472578855, "x": 67.06096312213036, "y": 21.14056855137911}, "datetime": {"datetime": "2023-02-09 17:00:40", "elapsed": 8270.439825, "delta": 18.059648}}
{"target": -10000.0, "params": {"omega": 0.0, "theta": 2.5583100212923036, "u": 9.729734279646653, "v": 0.0, "x": 2.4966166938656005, "y": 51.88238115720617}, "datetime": {"datetime": "2023-02-09 17:01:00", "elapsed": 8290.597124, "delta": 20.157299}}
{"target": -29.01635922990944, "params": {"omega": 0.6204541235771389, "theta": 9.750607682771577, "u": 1.221919225576431, "v": 9.99907900729872, "x": 24.622948627985842, "y": 47.96262092778581}, "datetime": {"datetime": "2023-02-09 17:01:20", "elapsed": 8310.551678, "delta": 19.954554}}
{"target": -55.141833267357036, "params": {"omega": 0.5190960887918484, "theta": 9.854821966835049, "u": 7.492977649463878, "v": 9.33252190133896, "x": 62.787398478796185, "y": 10.93632885572191}, "datetime": {"datetime": "2023-02-09 17:01:50", "elapsed": 8340.375091, "delta": 29.823413}}
{"target": -27.901297561691134, "params": {"omega": 0.34282136160238763, "theta": 9.188700854414542, "u": 4.2290680452777805, "v": 7.611833930355677, "x": 74.40778720034814, "y": 83.68654870729162}, "datetime": {"datetime": "2023-02-09 17:02:19", "elapsed": 8369.311112, "delta": 28.936021}}
{"target": -23.959564088010314, "params": {"omega": 0.35693529225637244, "theta": 0.28060569640105393, "u": 0.09217156870743981, "v": 8.341972140152732, "x": 83.48522520225679, "y": 20.912173934330436}, "datetime": {"datetime": "2023-02-09 17:02:38", "elapsed": 8388.269597, "delta": 18.958485}}
{"target": -48.18131651057148, "params": {"omega": 0.7577127380025249, "theta": 9.11651175677436, "u": 4.038396085761828, "v": 6.066696796424847, "x": 81.01088131228968, "y": 83.96289060365754}, "datetime": {"datetime": "2023-02-09 17:03:04", "elapsed": 8414.310634, "delta": 26.041037}}
{"target": -62.685232264666666, "params": {"omega": 0.6742392041118611, "theta": 9.911465935285065, "u": 9.659776283345165, "v": 8.478612756356274, "x": 76.70934680956142, "y": 80.90807847304062}, "datetime": {"datetime": "2023-02-09 17:03:35", "elapsed": 8445.519463, "delta": 31.208829}}
{"target": -37.22368386378997, "params": {"omega": 0.0, "theta": 10.0, "u": 8.255598703468005, "v": 9.69428736520518, "x": 94.63421382881336, "y": 36.67421278155195}, "datetime": {"datetime": "2023-02-09 17:04:07", "elapsed": 8477.447987, "delta": 31.928524}}
{"target": -2.72277592291371, "params": {"omega": 0.0, "theta": 6.922579485420295, "u": 0.0, "v": 0.0, "x": 84.73308597724426, "y": 57.09414724889313}, "datetime": {"datetime": "2023-02-09 17:04:55", "elapsed": 8525.462126, "delta": 48.014139}}
