{"target": -13.527046181776425, "params": {"omega": 0.04054831115529245, "theta": 9.942639545034407, "u": 0.039636286288305844, "v": 7.824228176044697, "x": 6.137088388382889, "y": 12.437483546126344}, "datetime": {"datetime": "2023-04-17 12:50:32", "elapsed": 5867.291223, "delta": 5.426282}}
{"target": -16.609558200420103, "params": {"omega": 0.0, "theta": 4.53213570991645, "u": 0.0, "v": 8.297016332678076, "x": 5.0, "y": 11.173093217159149}, "datetime": {"datetime": "2023-04-17 12:50:41", "elapsed": 5876.334222, "delta": 9.042999}}
{"target": -30.85073105420419, "params": {"omega": 0.0, "theta": 6.014283994679063, "u": 1.0, "v": 7.905270443050159, "x": 5.0, "y": 12.124565254121475}, "datetime": {"datetime": "2023-04-17 12:50:48", "elapsed": 5883.136577, "delta": 6.802355}}
{"target": -14.946647782481842, "params": {"omega": 0.0, "theta": 10.0, "u": 0.0, "v": 10.0, "x": 5.0, "y": 5.0}, "datetime": {"datetime": "2023-04-17 12:50:58", "elapsed": 5893.195474, "delta": 10.058897}}
{"target": -16.16083242678074, "params": {"omega": 0.0, "theta": 6.2439849184662854, "u": 0.0, "v": 10.0, "x": 9.850197454218058, "y": 15.0}, "datetime": {"datetime": "2023-04-17 12:51:09", "elapsed": 5903.982279, "delta": 10.786805}}
{"target": -10000.0, "params": {"omega": 1.0, "theta": 3.072087980527351, "u": 0.0, "v": 3.132092065594399, "x": 6.500291255610344, "y": 12.596274099442558}, "datetime": {"datetime": "2023-04-17 12:51:13", "elapsed": 5908.710684, "delta": 4.728405}}
{"target": -39.53522128252898, "params": {"omega": 0.0, "theta": 3.847796252267615, "u": 1.0, "v": 8.93922300054365, "x": 5.0, "y": 12.274629864129873}, "datetime": {"datetime": "2023-04-17 12:51:21", "elapsed": 5915.968429, "delta": 7.257745}}
{"target": -17.031273181819905, "params": {"omega": 0.0, "theta": 8.284273135457706, "u": 0.0, "v": 8.405203848183298, "x": 6.3586786512813545, "y": 11.478945151676491}, "datetime": {"datetime": "2023-04-17 12:51:34", "elapsed": 5928.931673, "delta": 12.963244}}
{"target": -28.476667462347894, "params": {"omega": 0.0, "theta": 7.076133136013957, "u": 1.0, "v": 7.610380420945987, "x": 5.0, "y": 15.0}, "datetime": {"datetime": "2023-04-17 12:51:42", "elapsed": 5936.978337, "delta": 8.046664}}
{"target": -28.75061888482087, "params": {"omega": 0.0, "theta": 6.61300146584939, "u": 1.0, "v": 5.425414701155381, "x": 6.0776949907557105, "y": 15.0}, "datetime": {"datetime": "2023-04-17 12:51:50", "elapsed": 5945.237029, "delta": 8.258692}}
{"target": -5000.0, "params": {"omega": 0.0, "theta": 0.0, "u": 0.0, "v": 10.0, "x": 5.0, "y": 5.0}, "datetime": {"datetime": "2023-04-17 12:53:30", "elapsed": 6045.359064, "delta": 100.122035}}
{"target": -5000.0, "params": {"omega": 0.6814120015110345, "theta": 6.960140221436932, "u": 0.903487650199717, "v": 6.190825927914178, "x": 5.209665767467412, "y": 13.739870090654719}, "datetime": {"datetime": "2023-04-17 12:54:24", "elapsed": 6099.225195, "delta": 53.866131}}
{"target": -30.3846304943239, "params": {"omega": 0.0, "theta": 6.021980747041752, "u": 1.0, "v": 10.0, "x": 12.624543952184354, "y": 6.6392002238448615}, "datetime": {"datetime": "2023-04-17 12:54:32", "elapsed": 6107.544332, "delta": 8.319137}}
{"target": -36.76898756334415, "params": {"omega": 0.030179301050672014, "theta": 3.9082715848579497, "u": 0.7048069837740653, "v": 9.635024574697225, "x": 12.501898766147324, "y": 5.6010206887251694}, "datetime": {"datetime": "2023-04-17 12:54:40", "elapsed": 6115.74875, "delta": 8.204418}}
{"target": -5000.0, "params": {"omega": 0.49683547589020216, "theta": 3.221064736783429, "u": 0.16506041635003166, "v": 9.93659187235082, "x": 10.910752824105389, "y": 5.818779144308341}, "datetime": {"datetime": "2023-04-17 12:55:49", "elapsed": 6183.923913, "delta": 68.175163}}
{"target": -34.22613835515845, "params": {"omega": 0.0, "theta": 4.735647719166117, "u": 1.0, "v": 10.0, "x": 13.98178310059498, "y": 5.0}, "datetime": {"datetime": "2023-04-17 12:55:55", "elapsed": 6190.752299, "delta": 6.828386}}
{"target": -52.136664338729815, "params": {"omega": 0.0, "theta": 2.601976703897701, "u": 1.0, "v": 10.0, "x": 14.00030890495362, "y": 5.0}, "datetime": {"datetime": "2023-04-17 12:56:03", "elapsed": 6198.201927, "delta": 7.449628}}
{"target": -10000.0, "params": {"omega": 0.5051211663892099, "theta": 4.251957378100139, "u": 0.43388928658265324, "v": 9.984776700197596, "x": 14.248735935945273, "y": 7.027119669653592}, "datetime": {"datetime": "2023-04-17 12:57:08", "elapsed": 6263.223704, "delta": 65.021777}}
{"target": -5000.0, "params": {"omega": 0.0, "theta": 0.26169066750013437, "u": 1.0, "v": 10.0, "x": 13.54938744490842, "y": 5.0}, "datetime": {"datetime": "2023-04-17 12:57:57", "elapsed": 6312.549538, "delta": 49.325834}}
{"target": -16.725472147409683, "params": {"omega": 0.0, "theta": 5.564857930156661, "u": 0.0, "v": 8.069009347439309, "x": 5.0, "y": 8.858309890381474}, "datetime": {"datetime": "2023-04-17 12:58:06", "elapsed": 6321.195034, "delta": 8.645496}}
{"target": -10000.0, "params": {"omega": 1.0, "theta": 10.0, "u": 0.0, "v": 9.25626298172175, "x": 8.796104455896918, "y": 5.0}, "datetime": {"datetime": "2023-04-17 12:58:12", "elapsed": 6327.377195, "delta": 6.182161}}
{"target": -25.446971643887473, "params": {"omega": 0.0, "theta": 10.0, "u": 1.0, "v": 10.0, "x": 6.329715029297153, "y": 5.0}, "datetime": {"datetime": "2023-04-17 12:58:18", "elapsed": 6333.064388, "delta": 5.687193}}
{"target": -5000.0, "params": {"omega": 0.6428143949124142, "theta": 8.051047966596563, "u": 0.08152651393130439, "v": 9.99020524828435, "x": 8.822926670618003, "y": 13.919100222085625}, "datetime": {"datetime": "2023-04-17 12:59:25", "elapsed": 6400.115366, "delta": 67.050978}}
{"target": -5000.0, "params": {"omega": 1.0, "theta": 5.480721213567339, "u": 1.0, "v": 8.832433175678712, "x": 5.0, "y": 10.615267859355956}, "datetime": {"datetime": "2023-04-17 13:00:13", "elapsed": 6447.859908, "delta": 47.744542}}
{"target": -15.498212504220298, "params": {"omega": 0.0, "theta": 10.0, "u": 0.0, "v": 8.204296861696493, "x": 5.9238190403526225, "y": 5.0}, "datetime": {"datetime": "2023-04-17 13:00:22", "elapsed": 6457.832493, "delta": 9.972585}}
{"target": -24.72064755035449, "params": {"omega": 0.0, "theta": 10.0, "u": 1.0, "v": 7.023215648699228, "x": 5.0, "y": 5.0}, "datetime": {"datetime": "2023-04-17 13:00:28", "elapsed": 6463.280393, "delta": 5.4479}}
{"target": -24.92628662298128, "params": {"omega": 0.0, "theta": 10.0, "u": 1.0, "v": 8.719765441697637, "x": 5.0, "y": 5.0}, "datetime": {"datetime": "2023-04-17 13:00:34", "elapsed": 6468.902959, "delta": 5.622566}}
{"target": -5000.0, "params": {"omega": 0.15530034391763026, "theta": 6.593817704914956, "u": 0.7011299098669613, "v": 3.500792844176356, "x": 7.054342667802955, "y": 14.805247677378047}, "datetime": {"datetime": "2023-04-17 13:01:24", "elapsed": 6519.429912, "delta": 50.526953}}
{"target": -5000.0, "params": {"omega": 0.17142626872728806, "theta": 4.632714106148489, "u": 0.054087916542960524, "v": 9.238501989697353, "x": 5.161271078172689, "y": 7.218670893266949}, "datetime": {"datetime": "2023-04-17 13:02:46", "elapsed": 6601.262617, "delta": 81.832705}}
{"target": -36.02078103840117, "params": {"omega": 0.11503008035562667, "theta": 8.060422938453733, "u": 0.7784555595453905, "v": 6.361565224494941, "x": 7.148879390028375, "y": 14.364172155709786}, "datetime": {"datetime": "2023-04-17 13:02:52", "elapsed": 6607.105208, "delta": 5.842591}}
{"target": -46.80047910729089, "params": {"omega": 0.040899484751784954, "theta": 4.186118101240064, "u": 0.9410059070643072, "v": 8.507578483628299, "x": 13.931241615152176, "y": 5.043289799298199}, "datetime": {"datetime": "2023-04-17 13:02:59", "elapsed": 6614.267027, "delta": 7.161819}}
{"target": -24.06565602314785, "params": {"omega": 0.12503907186128838, "theta": 9.36512531496408, "u": 0.10230007836845179, "v": 6.0409532372675105, "x": 7.262710673550302, "y": 12.58190712805884}, "datetime": {"datetime": "2023-04-17 13:03:04", "elapsed": 6619.334644, "delta": 5.067617}}
{"target": -5000.0, "params": {"omega": 1.0, "theta": 0.7779857651642204, "u": 1.0, "v": 5.011118509446422, "x": 15.0, "y": 8.210164354638314}, "datetime": {"datetime": "2023-04-17 13:03:51", "elapsed": 6665.982699, "delta": 46.648055}}
{"target": -24.01254697931147, "params": {"omega": 0.08937902471272585, "theta": 9.384418005216737, "u": 0.36829320385197095, "v": 7.175275767999385, "x": 6.558996552989955, "y": 14.54997228580212}, "datetime": {"datetime": "2023-04-17 13:03:56", "elapsed": 6671.13773, "delta": 5.155031}}
{"target": -17.093459238630388, "params": {"omega": 0.0, "theta": 0.31481135776026015, "u": 0.0, "v": 2.6088883793730404, "x": 10.18832104634278, "y": 9.712446518498341}, "datetime": {"datetime": "2023-04-17 13:04:05", "elapsed": 6680.439691, "delta": 9.301961}}
{"target": -5000.0, "params": {"omega": 0.0, "theta": 0.0, "u": 0.0, "v": 4.343251298836332, "x": 8.89277032109159, "y": 9.992396329219435}, "datetime": {"datetime": "2023-04-17 13:05:35", "elapsed": 6770.025438, "delta": 89.585747}}
{"target": -21.563044282495586, "params": {"omega": 0.0, "theta": 2.5228928572717626, "u": 0.0, "v": 8.05743981850225, "x": 5.0, "y": 11.542537394903198}, "datetime": {"datetime": "2023-04-17 13:05:44", "elapsed": 6779.562577, "delta": 9.537139}}
{"target": -5000.0, "params": {"omega": 1.0, "theta": 4.747651908780537, "u": 1.0, "v": 10.0, "x": 12.628334004953224, "y": 5.0}, "datetime": {"datetime": "2023-04-17 13:06:31", "elapsed": 6826.284242, "delta": 46.721665}}
{"target": -20.61604214961192, "params": {"omega": 0.0, "theta": 4.579811741322462, "u": 0.0, "v": 8.952690310496285, "x": 10.275151267851292, "y": 15.0}, "datetime": {"datetime": "2023-04-17 13:06:40", "elapsed": 6835.638539, "delta": 9.354297}}
{"target": -24.864075911313805, "params": {"omega": 0.0, "theta": 9.248839409745177, "u": 1.0, "v": 6.1917425664742884, "x": 6.207250447783316, "y": 13.664240309175394}, "datetime": {"datetime": "2023-04-17 13:06:46", "elapsed": 6841.519397, "delta": 5.880858}}
{"target": -10000.0, "params": {"omega": 1.0, "theta": 10.0, "u": 0.0, "v": 7.593300017534845, "x": 5.0, "y": 5.0}, "datetime": {"datetime": "2023-04-17 13:06:57", "elapsed": 6852.067917, "delta": 10.54852}}
{"target": -16.749701545635517, "params": {"omega": 0.05904358864813941, "theta": 7.306671013365835, "u": 0.01827032059575806, "v": 5.786114625968604, "x": 6.553488660942337, "y": 14.637748024461066}, "datetime": {"datetime": "2023-04-17 13:07:02", "elapsed": 6857.108767, "delta": 5.04085}}
{"target": -14.822104390633239, "params": {"omega": 0.0, "theta": 3.693107686034893, "u": 0.0, "v": 7.136184346029321, "x": 5.0, "y": 9.658334182335663}, "datetime": {"datetime": "2023-04-17 13:07:10", "elapsed": 6865.386876, "delta": 8.278109}}
{"target": -49.08950223110647, "params": {"omega": 0.0, "theta": 2.828352291627579, "u": 1.0, "v": 8.597563295531092, "x": 12.793748990613667, "y": 5.0}, "datetime": {"datetime": "2023-04-17 13:07:17", "elapsed": 6872.069004, "delta": 6.682128}}
{"target": -19.655062074057913, "params": {"omega": 0.0, "theta": 3.1520890891492717, "u": 0.0, "v": 8.207194500910356, "x": 6.3366389852195475, "y": 10.464752785334623}, "datetime": {"datetime": "2023-04-17 13:07:27", "elapsed": 6881.903864, "delta": 9.83486}}
{"target": -32.63553715294584, "params": {"omega": 0.1051686964692432, "theta": 9.878912788914105, "u": 0.9819007349255462, "v": 6.800741873849812, "x": 6.491156604297471, "y": 5.420472121231907}, "datetime": {"datetime": "2023-04-17 13:07:32", "elapsed": 6887.164039, "delta": 5.260175}}
{"target": -10000.0, "params": {"omega": 0.0, "theta": 0.0, "u": 1.0, "v": 0.0, "x": 15.0, "y": 15.0}, "datetime": {"datetime": "2023-04-17 13:07:37", "elapsed": 6891.861212, "delta": 4.697173}}
{"target": -24.92782851765751, "params": {"omega": 0.0, "theta": 10.0, "u": 1.0, "v": 7.393623864071053, "x": 8.11118984348572, "y": 6.318131543005367}, "datetime": {"datetime": "2023-04-17 13:07:42", "elapsed": 6897.677841, "delta": 5.816629}}
{"target": -14.837268877747633, "params": {"omega": 0.0, "theta": 10.0, "u": 0.0, "v": 10.0, "x": 15.0, "y": 6.490438647894238}, "datetime": {"datetime": "2023-04-17 13:07:52", "elapsed": 6907.621661, "delta": 9.94382}}
{"target": -15.075266131865323, "params": {"omega": 0.0, "theta": 4.36833429961282, "u": 0.0, "v": 7.910506187700654, "x": 12.387968275312708, "y": 5.0}, "datetime": {"datetime": "2023-04-17 13:08:02", "elapsed": 6917.24512, "delta": 9.623459}}
{"target": -5000.0, "params": {"omega": 1.0, "theta": 0.563940304285619, "u": 1.0, "v": 1.7318692714718937, "x": 10.496555731957114, "y": 9.54137749193631}, "datetime": {"datetime": "2023-04-17 13:08:47", "elapsed": 6962.004282, "delta": 44.759162}}
{"target": -19.401897289440043, "params": {"omega": 0.0, "theta": 7.614076523001025, "u": 0.0, "v": 7.100948086903314, "x": 5.0, "y": 11.184475520467371}, "datetime": {"datetime": "2023-04-17 13:08:56", "elapsed": 6971.629522, "delta": 9.62524}}
{"target": -54.63419877646877, "params": {"omega": 0.046011198118549035, "theta": 3.7617639339776874, "u": 0.9356380309818743, "v": 6.9033275605991, "x": 5.0586896186365315, "y": 11.783918732857133}, "datetime": {"datetime": "2023-04-17 13:09:03", "elapsed": 6978.180889, "delta": 6.551367}}
{"target": -65.77836531705222, "params": {"omega": 0.0, "theta": 1.6707667555543728, "u": 1.0, "v": 7.080743893373564, "x": 5.0, "y": 12.90283386121496}, "datetime": {"datetime": "2023-04-17 13:09:10", "elapsed": 6985.401457, "delta": 7.220568}}
{"target": -54.334690732505145, "params": {"omega": 0.0, "theta": 2.4316508287614806, "u": 1.0, "v": 7.222007439032252, "x": 5.0, "y": 10.425872582290184}, "datetime": {"datetime": "2023-04-17 13:09:17", "elapsed": 6992.08947, "delta": 6.688013}}
{"target": -5000.0, "params": {"omega": 0.15406924670342492, "theta": 2.0057445715214106, "u": 0.8143146334537851, "v": 7.499909635503269, "x": 6.47645662797122, "y": 11.562124651541431}, "datetime": {"datetime": "2023-04-17 13:10:04", "elapsed": 7039.147108, "delta": 47.057638}}
{"target": -38.97773539755898, "params": {"omega": 0.10009096304930676, "theta": 9.90180580527327, "u": 0.955809530013163, "v": 1.1692577688222794, "x": 14.959984711299088, "y": 7.013829456628995}, "datetime": {"datetime": "2023-04-17 13:10:11", "elapsed": 7046.792456, "delta": 7.645348}}
{"target": -10000.0, "params": {"omega": 1.0, "theta": 9.527670359224617, "u": 1.0, "v": 1.1328755366118932, "x": 9.638133509094748, "y": 8.90647658432785}, "datetime": {"datetime": "2023-04-17 13:10:20", "elapsed": 7055.823218, "delta": 9.030762}}
{"target": -35.02428377381359, "params": {"omega": 0.08826503733806923, "theta": 9.660840855812475, "u": 0.9295779263551545, "v": 1.5642178932581186, "x": 8.466680529754289, "y": 5.965921247341227}, "datetime": {"datetime": "2023-04-17 13:10:27", "elapsed": 7062.395053, "delta": 6.571835}}
{"target": -15.117997526156373, "params": {"omega": 0.0, "theta": 8.641812632008133, "u": 0.0, "v": 7.61233284343178, "x": 5.0, "y": 15.0}, "datetime": {"datetime": "2023-04-17 13:10:37", "elapsed": 7072.524234, "delta": 10.129181}}
{"target": -64.05005013478193, "params": {"omega": 0.19839629669994296, "theta": 9.919984660597086, "u": 0.9203773690777728, "v": 0.6322139560415452, "x": 9.52852308703708, "y": 6.463508391246656}, "datetime": {"datetime": "2023-04-17 13:10:46", "elapsed": 7081.329454, "delta": 8.80522}}
{"target": -71.45754995012426, "params": {"omega": 0.0, "theta": 8.540238914479943, "u": 1.0, "v": 0.0, "x": 8.460094200987049, "y": 6.927385869524424}, "datetime": {"datetime": "2023-04-17 13:11:15", "elapsed": 7110.206993, "delta": 28.877539}}
{"target": -5000.0, "params": {"omega": 0.0, "theta": 0.0, "u": 0.0, "v": 7.849729412787889, "x": 15.0, "y": 12.573139046737117}, "datetime": {"datetime": "2023-04-17 13:12:45", "elapsed": 7200.195123, "delta": 89.98813}}
{"target": -14.794160019216621, "params": {"omega": 0.0, "theta": 2.6673631952927948, "u": 0.0, "v": 10.0, "x": 6.6354633589671845, "y": 13.580002086119597}, "datetime": {"datetime": "2023-04-17 13:12:54", "elapsed": 7209.480998, "delta": 9.285875}}
{"target": -16.574315990248078, "params": {"omega": 0.07481025226997884, "theta": 9.941451742399744, "u": 0.021635534214954566, "v": 3.163385266646258, "x": 8.726705408568757, "y": 7.36629287103542}, "datetime": {"datetime": "2023-04-17 13:12:59", "elapsed": 7214.791925, "delta": 5.310927}}
{"target": -18.168637823823154, "params": {"omega": 0.055561420791591876, "theta": 9.787737508770038, "u": 0.13394222840705117, "v": 1.5985903505125032, "x": 8.977095603119164, "y": 7.042137011180979}, "datetime": {"datetime": "2023-04-17 13:13:04", "elapsed": 7219.836266, "delta": 5.044341}}
{"target": -14.95052871551017, "params": {"omega": 0.0, "theta": 5.547782872593598, "u": 0.0, "v": 6.646170588974427, "x": 5.0, "y": 10.554191555140585}, "datetime": {"datetime": "2023-04-17 13:13:14", "elapsed": 7229.276267, "delta": 9.440001}}
{"target": -25.01204011062354, "params": {"omega": 0.0, "theta": 10.0, "u": 1.0, "v": 10.0, "x": 15.0, "y": 15.0}, "datetime": {"datetime": "2023-04-17 13:13:20", "elapsed": 7235.410134, "delta": 6.133867}}
{"target": -25.48525298567982, "params": {"omega": 0.0, "theta": 10.0, "u": 1.0, "v": 0.9138105168711516, "x": 8.563074343519776, "y": 11.55175561894289}, "datetime": {"datetime": "2023-04-17 13:13:29", "elapsed": 7244.090143, "delta": 8.680009}}
{"target": -19.813698902844617, "params": {"omega": 0.11569632720560208, "theta": 9.593805000831356, "u": 0.025274965444669006, "v": 9.531256744907708, "x": 12.779018348475981, "y": 14.732381947249506}, "datetime": {"datetime": "2023-04-17 13:13:34", "elapsed": 7249.620705, "delta": 5.530562}}
{"target": -5000.0, "params": {"omega": 0.890186890689818, "theta": 9.756245020211873, "u": 0.8301786565610535, "v": 9.999167542690708, "x": 13.442011333897, "y": 13.554631937578412}, "datetime": {"datetime": "2023-04-17 13:14:33", "elapsed": 7307.924446, "delta": 58.303741}}
{"target": -69.3857013630523, "params": {"omega": 0.0, "theta": 6.809413816053527, "u": 1.0, "v": 0.0, "x": 9.344514185615735, "y": 8.183799093541342}, "datetime": {"datetime": "2023-04-17 13:15:05", "elapsed": 7340.089867, "delta": 32.165421}}
{"target": -10000.0, "params": {"omega": 1.0, "theta": 10.0, "u": 0.0, "v": 10.0, "x": 15.0, "y": 15.0}, "datetime": {"datetime": "2023-04-17 13:15:09", "elapsed": 7344.12298, "delta": 4.033113}}
{"target": -10000.0, "params": {"omega": 0.0, "theta": 0.0, "u": 0.0, "v": 0.0, "x": 5.0, "y": 5.0}, "datetime": {"datetime": "2023-04-17 13:15:10", "elapsed": 7345.115186, "delta": 0.992206}}
{"target": -15.135063618139363, "params": {"omega": 0.0, "theta": 2.651398080056141, "u": 0.0, "v": 8.9547164911664, "x": 11.56136906807494, "y": 13.04145588012647}, "datetime": {"datetime": "2023-04-17 13:15:20", "elapsed": 7355.445474, "delta": 10.330288}}
{"target": -14.747426014882747, "params": {"omega": 0.03483678258454437, "theta": 9.887661945676436, "u": 0.20714538293246165, "v": 9.60236487161862, "x": 6.4348100576326805, "y": 7.087687128394008}, "datetime": {"datetime": "2023-04-17 13:15:26", "elapsed": 7360.978252, "delta": 5.532778}}
{"target": -35.466570068811535, "params": {"omega": 0.0, "theta": 4.492301423229832, "u": 1.0, "v": 8.056680644799092, "x": 11.76206148539714, "y": 6.227126712526983}, "datetime": {"datetime": "2023-04-17 13:15:33", "elapsed": 7368.005282, "delta": 7.02703}}
{"target": -31.098111410742575, "params": {"omega": 0.0, "theta": 5.735618242370568, "u": 1.0, "v": 6.560893481958176, "x": 12.042802748532955, "y": 5.0}, "datetime": {"datetime": "2023-04-17 13:15:39", "elapsed": 7374.793859, "delta": 6.788577}}
{"target": -5000.0, "params": {"omega": 0.3395389931490185, "theta": 4.226506113930263, "u": 0.47328095083435995, "v": 6.621570041319784, "x": 10.332609498156698, "y": 5.395158600400598}, "datetime": {"datetime": "2023-04-17 13:16:46", "elapsed": 7441.306133, "delta": 66.512274}}
{"target": -30.381542883772102, "params": {"omega": 0.23288673884045463, "theta": 9.64950392404875, "u": 0.057750286460419464, "v": 9.676825924793025, "x": 11.443296005197904, "y": 13.91186969541691}, "datetime": {"datetime": "2023-04-17 13:16:51", "elapsed": 7446.748134, "delta": 5.442001}}
{"target": -40.13298716622255, "params": {"omega": 0.07225567748110084, "theta": 6.078140805644074, "u": 0.93917702964289, "v": 7.45099736808263, "x": 14.121375458470302, "y": 5.018493413965924}, "datetime": {"datetime": "2023-04-17 13:16:58", "elapsed": 7453.427413, "delta": 6.679279}}
{"target": -5000.0, "params": {"omega": 0.0, "theta": 0.0, "u": 1.0, "v": 10.0, "x": 8.8321745037206, "y": 5.0}, "datetime": {"datetime": "2023-04-17 13:17:47", "elapsed": 7502.362576, "delta": 48.935163}}
{"target": -10000.0, "params": {"omega": 0.20669158668544785, "theta": 9.418705352929672, "u": 0.4520479602920707, "v": 3.920634389546289, "x": 14.944888456554139, "y": 5.06267358815384}, "datetime": {"datetime": "2023-04-17 13:17:53", "elapsed": 7508.248304, "delta": 5.885728}}
{"target": -26.48507486721545, "params": {"omega": 0.0, "theta": 8.390294416531033, "u": 1.0, "v": 10.0, "x": 13.290842493688903, "y": 15.0}, "datetime": {"datetime": "2023-04-17 13:17:59", "elapsed": 7514.655693, "delta": 6.407389}}
{"target": -25.219774675742524, "params": {"omega": 0.0, "theta": 10.0, "u": 1.0, "v": 10.0, "x": 12.107426822328051, "y": 15.0}, "datetime": {"datetime": "2023-04-17 13:18:05", "elapsed": 7520.59371, "delta": 5.938017}}
{"target": -15.601940793934837, "params": {"omega": 0.0, "theta": 8.181405564928976, "u": 0.0, "v": 10.0, "x": 11.806559846812874, "y": 14.694197408532668}, "datetime": {"datetime": "2023-04-17 13:18:16", "elapsed": 7530.933862, "delta": 10.340152}}
{"target": -10000.0, "params": {"omega": 0.0, "theta": 0.0, "u": 1.0, "v": 0.0, "x": 5.0, "y": 15.0}, "datetime": {"datetime": "2023-04-17 13:18:24", "elapsed": 7539.761848, "delta": 8.827986}}
