{"target": -13.66795362428456, "params": {"omega": 0.0, "theta": 4.729558704633838, "u": 0.0, "v": 10.0, "x": 7.9543189399003955, "y": 13.865509059935505}, "datetime": {"datetime": "2023-04-17 12:23:17", "elapsed": 4411.62465, "delta": 9.90001}}
{"target": -5000.0, "params": {"omega": 0.25799177834718423, "theta": 3.8679653911576817, "u": 0.3181737827347978, "v": 9.448681383645612, "x": 9.19470417481172, "y": 14.879229331313187}, "datetime": {"datetime": "2023-04-17 12:24:16", "elapsed": 4470.209483, "delta": 58.584833}}
{"target": -18.086985708962338, "params": {"omega": 0.0, "theta": 10.0, "u": 0.0, "v": 3.0577243222065964, "x": 8.381566377900395, "y": 12.20977172745153}, "datetime": {"datetime": "2023-04-17 12:24:27", "elapsed": 4481.037013, "delta": 10.82753}}
{"target": -14.60591131886632, "params": {"omega": 0.0, "theta": 9.519075428980731, "u": 0.0, "v": 10.0, "x": 10.401340613823567, "y": 5.929012825542747}, "datetime": {"datetime": "2023-04-17 12:24:36", "elapsed": 4490.476625, "delta": 9.439612}}
{"target": -15.15814656507192, "params": {"omega": 0.0, "theta": 4.246930425728032, "u": 0.0, "v": 10.0, "x": 6.661721848610889, "y": 12.636876627145561}, "datetime": {"datetime": "2023-04-17 12:24:45", "elapsed": 4498.947223, "delta": 8.470598}}
{"target": -17.820961516713215, "params": {"omega": 0.0, "theta": 10.0, "u": 0.0, "v": 9.863530918955897, "x": 11.89003696960076, "y": 5.0}, "datetime": {"datetime": "2023-04-17 12:24:54", "elapsed": 4507.961024, "delta": 9.013801}}
{"target": -17.849152799778395, "params": {"omega": 0.0, "theta": 9.595010239495588, "u": 0.0, "v": 0.5654885905516845, "x": 15.0, "y": 6.326438778323722}, "datetime": {"datetime": "2023-04-17 12:25:05", "elapsed": 4519.860067, "delta": 11.899043}}
{"target": -23.570237285071947, "params": {"omega": 0.0, "theta": 9.351306254502186, "u": 0.9337586940574377, "v": 10.0, "x": 13.388902799470431, "y": 5.644412679103409}, "datetime": {"datetime": "2023-04-17 12:25:11", "elapsed": 4525.43073, "delta": 5.570663}}
{"target": -18.253525511808533, "params": {"omega": 0.0, "theta": 8.761020425578293, "u": 0.0, "v": 8.985476207432189, "x": 13.369933217360499, "y": 5.0}, "datetime": {"datetime": "2023-04-17 12:25:21", "elapsed": 4535.115206, "delta": 9.684476}}
{"target": -14.333496584199251, "params": {"omega": 0.0, "theta": 3.052000145203517, "u": 0.0, "v": 6.699692433750202, "x": 12.88338106542377, "y": 10.95464803613553}, "datetime": {"datetime": "2023-04-17 12:25:30", "elapsed": 4544.224928, "delta": 9.109722}}
{"target": -10000.0, "params": {"omega": 0.0777538585507242, "theta": 2.14326226588142, "u": 0.0, "v": 7.195918085091281, "x": 11.743393641242642, "y": 12.249794293172204}, "datetime": {"datetime": "2023-04-17 12:25:53", "elapsed": 4566.915288, "delta": 22.69036}}
{"target": -36.67697252453753, "params": {"omega": 0.07695734598956683, "theta": 4.324564956756637, "u": 0.3434005285696172, "v": 6.2795138805101836, "x": 13.249704982761706, "y": 9.62930381444117}, "datetime": {"datetime": "2023-04-17 12:25:58", "elapsed": 4572.211671, "delta": 5.296383}}
{"target": -51.330956837688866, "params": {"omega": 0.06733786534449415, "theta": 3.3829011190299454, "u": 0.4594378347722171, "v": 7.128190330731398, "x": 14.012989252881427, "y": 9.709919585707278}, "datetime": {"datetime": "2023-04-17 12:26:04", "elapsed": 4578.005772, "delta": 5.794101}}
{"target": -706.9714867732318, "params": {"omega": 0.7740771980025176, "theta": 3.6316414066837845, "u": 0.49631446187080097, "v": 6.1239492774742565, "x": 13.707467518583643, "y": 10.633626652311339}, "datetime": {"datetime": "2023-04-17 12:26:36", "elapsed": 4610.335795, "delta": 32.330023}}
{"target": -10000.0, "params": {"omega": 1.0, "theta": 10.0, "u": 0.0, "v": 9.841423818643003, "x": 13.735804971363573, "y": 5.0}, "datetime": {"datetime": "2023-04-17 12:26:43", "elapsed": 4617.468782, "delta": 7.132987}}
{"target": -26.030941724282798, "params": {"omega": 0.0, "theta": 7.679800333470483, "u": 1.0, "v": 9.796727644927874, "x": 13.538633751977244, "y": 5.356332491414248}, "datetime": {"datetime": "2023-04-17 12:26:49", "elapsed": 4623.154464, "delta": 5.685682}}
{"target": -19.083968700905565, "params": {"omega": 0.0, "theta": 7.081386715887517, "u": 0.0, "v": 2.4874406799877242, "x": 15.0, "y": 10.201854885796251}, "datetime": {"datetime": "2023-04-17 12:26:59", "elapsed": 4633.074755, "delta": 9.920291}}
{"target": -5000.0, "params": {"omega": 0.30832592580048085, "theta": 2.0343532055581712, "u": 0.17785464803200782, "v": 7.572544369036485, "x": 15.0, "y": 7.394907620384691}, "datetime": {"datetime": "2023-04-17 12:27:51", "elapsed": 4685.465468, "delta": 52.390713}}
{"target": -10000.0, "params": {"omega": 0.0, "theta": 0.0, "u": 0.0, "v": 0.0, "x": 9.112019438327284, "y": 10.298629806919065}, "datetime": {"datetime": "2023-04-17 12:27:52", "elapsed": 4686.073062, "delta": 0.607594}}
{"target": -12.558017771936132, "params": {"omega": 0.0, "theta": 4.28447360565098, "u": 0.0, "v": 7.08268580993931, "x": 13.742335921637103, "y": 10.808147909666838}, "datetime": {"datetime": "2023-04-17 12:28:02", "elapsed": 4696.459068, "delta": 10.386006}}
{"target": -21.270365727881195, "params": {"omega": 0.019512164462462733, "theta": 9.819920424632656, "u": 0.8899298872130331, "v": 1.5530682216410707, "x": 14.926881049976013, "y": 5.232736995897565}, "datetime": {"datetime": "2023-04-17 12:28:09", "elapsed": 4703.592075, "delta": 7.133007}}
{"target": -10000.0, "params": {"omega": 1.0, "theta": 10.0, "u": 1.0, "v": 0.03835597218264625, "x": 15.0, "y": 5.392530747022814}, "datetime": {"datetime": "2023-04-17 12:28:14", "elapsed": 4708.664566, "delta": 5.072491}}
{"target": -21.57579905117938, "params": {"omega": 0.0, "theta": 10.0, "u": 0.0, "v": 2.274261393758253, "x": 15.0, "y": 6.174131938148783}, "datetime": {"datetime": "2023-04-17 12:28:25", "elapsed": 4719.386561, "delta": 10.721995}}
{"target": -20.568272132104692, "params": {"omega": 0.10492443824763587, "theta": 9.60825315731183, "u": 0.06663059788108794, "v": 2.2331359488208333, "x": 13.96853200100718, "y": 5.450999482676009}, "datetime": {"datetime": "2023-04-17 12:28:31", "elapsed": 4725.050689, "delta": 5.664128}}
{"target": -71.3977644357424, "params": {"omega": 0.0, "theta": 10.0, "u": 1.0, "v": 0.0, "x": 8.213142036443097, "y": 7.9849833747618}, "datetime": {"datetime": "2023-04-17 12:29:04", "elapsed": 4758.812402, "delta": 33.761713}}
{"target": -23.032114857194575, "params": {"omega": 0.0, "theta": 8.879555864384576, "u": 0.868082171955839, "v": 2.9852055209680857, "x": 15.0, "y": 5.0}, "datetime": {"datetime": "2023-04-17 12:29:11", "elapsed": 4765.023947, "delta": 6.211545}}
{"target": -13.481209842139004, "params": {"omega": 0.0, "theta": 8.896620645096075, "u": 0.0, "v": 4.236076190647249, "x": 13.4996001020743, "y": 5.0}, "datetime": {"datetime": "2023-04-17 12:29:20", "elapsed": 4774.438285, "delta": 9.414338}}
{"target": -10000.0, "params": {"omega": 1.0, "theta": 3.7154334618481797, "u": 0.0, "v": 1.766317661321884, "x": 5.0, "y": 14.622896050550512}, "datetime": {"datetime": "2023-04-17 12:29:27", "elapsed": 4781.484496, "delta": 7.046211}}
{"target": -5000.0, "params": {"omega": 0.2466034680269097, "theta": 8.785945163454393, "u": 0.8291533458625329, "v": 3.688592305582563, "x": 12.466830636468586, "y": 5.141488452423958}, "datetime": {"datetime": "2023-04-17 12:30:20", "elapsed": 4834.331545, "delta": 52.847049}}
{"target": -15.701382609718902, "params": {"omega": 0.0, "theta": 10.0, "u": 0.0, "v": 3.9685906324850495, "x": 15.0, "y": 5.0}, "datetime": {"datetime": "2023-04-17 12:30:31", "elapsed": 4845.120038, "delta": 10.788493}}
{"target": -16.309637473970916, "params": {"omega": 0.02894634511293348, "theta": 7.602341972154129, "u": 0.32586641681334116, "v": 6.347698958357901, "x": 14.548130913277848, "y": 5.06404338782141}, "datetime": {"datetime": "2023-04-17 12:30:36", "elapsed": 4850.102837, "delta": 4.982799}}
{"target": -26.19676660963726, "params": {"omega": 0.0, "theta": 7.929396515673864, "u": 1.0, "v": 8.080606305581558, "x": 14.206684335472303, "y": 5.0}, "datetime": {"datetime": "2023-04-17 12:30:41", "elapsed": 4855.861548, "delta": 5.758711}}
{"target": -15.35525004601255, "params": {"omega": 0.03725045604166344, "theta": 6.498188775050595, "u": 0.06834264428403836, "v": 3.675063860094835, "x": 13.395341839842347, "y": 10.665774105908994}, "datetime": {"datetime": "2023-04-17 12:30:46", "elapsed": 4860.846477, "delta": 4.984929}}
{"target": -10000.0, "params": {"omega": 0.9147567547774124, "theta": 9.552391733884292, "u": 0.6185687220918615, "v": 5.131207648981034, "x": 14.380545384130544, "y": 5.30356476156041}, "datetime": {"datetime": "2023-04-17 12:31:06", "elapsed": 4880.879465, "delta": 20.032988}}
{"target": -10000.0, "params": {"omega": 0.2014411299908656, "theta": 6.909103867390376, "u": 0.20648280438545774, "v": 8.67832675360887, "x": 14.375486248922636, "y": 5.256419358314684}, "datetime": {"datetime": "2023-04-17 12:31:39", "elapsed": 4913.841301, "delta": 32.961836}}
{"target": -18.555156174339828, "params": {"omega": 0.08733403098159287, "theta": 8.004847355060168, "u": 0.01134638657715481, "v": 1.6194328215953846, "x": 14.765534308447275, "y": 5.493708443035924}, "datetime": {"datetime": "2023-04-17 12:31:45", "elapsed": 4919.534055, "delta": 5.692754}}
{"target": -24.342955385644863, "params": {"omega": 0.0, "theta": 9.067219652564374, "u": 1.0, "v": 8.011165011819898, "x": 13.38871777721366, "y": 5.0}, "datetime": {"datetime": "2023-04-17 12:31:51", "elapsed": 4925.838853, "delta": 6.304798}}
{"target": -10000.0, "params": {"omega": 0.5149451766491278, "theta": 5.5838276447147255, "u": 0.01244737072440305, "v": 5.482653075820853, "x": 13.473959457668707, "y": 10.318316284388178}, "datetime": {"datetime": "2023-04-17 12:32:04", "elapsed": 4938.038256, "delta": 12.199403}}
{"target": -5000.0, "params": {"omega": 0.569376206508034, "theta": 3.426078862609152, "u": 0.08239135715195667, "v": 7.494224777777046, "x": 12.441271749470445, "y": 9.721801810910591}, "datetime": {"datetime": "2023-04-17 12:33:00", "elapsed": 4994.075208, "delta": 56.036952}}
{"target": -27.933383069911496, "params": {"omega": 0.0, "theta": 6.703558788832367, "u": 1.0, "v": 10.0, "x": 5.0, "y": 15.0}, "datetime": {"datetime": "2023-04-17 12:33:05", "elapsed": 4999.864634, "delta": 5.789426}}
{"target": -13.29824460386291, "params": {"omega": 0.0, "theta": 7.764834830212402, "u": 0.0, "v": 10.0, "x": 5.917517733170314, "y": 15.0}, "datetime": {"datetime": "2023-04-17 12:33:14", "elapsed": 5008.396584, "delta": 8.53195}}
{"target": -37.24761372839666, "params": {"omega": 0.0, "theta": 3.7753323313047753, "u": 1.0, "v": 6.597205997294311, "x": 13.138094312903984, "y": 10.752803258853314}, "datetime": {"datetime": "2023-04-17 12:33:21", "elapsed": 5014.925287, "delta": 6.528703}}
{"target": -24.630710809834625, "params": {"omega": 0.0, "theta": 8.59989523996503, "u": 1.0, "v": 9.097828735829289, "x": 13.464797341565653, "y": 6.262676271194276}, "datetime": {"datetime": "2023-04-17 12:33:26", "elapsed": 5020.849014, "delta": 5.923727}}
{"target": -24.39351733482041, "params": {"omega": 0.0, "theta": 8.948358495350202, "u": 1.0, "v": 10.0, "x": 5.0, "y": 15.0}, "datetime": {"datetime": "2023-04-17 12:33:32", "elapsed": 5026.397706, "delta": 5.548692}}
{"target": -5000.0, "params": {"omega": 0.6326913386922299, "theta": 8.506683940600217, "u": 0.4039074057476323, "v": 8.743048455874536, "x": 5.291485082625732, "y": 14.801978664982785}, "datetime": {"datetime": "2023-04-17 12:34:25", "elapsed": 5079.00163, "delta": 52.603924}}
{"target": -57.68293714066648, "params": {"omega": 0.0, "theta": 2.1057256485790408, "u": 1.0, "v": 10.0, "x": 5.0, "y": 15.0}, "datetime": {"datetime": "2023-04-17 12:34:31", "elapsed": 5085.886814, "delta": 6.885184}}
{"target": -17.26797480588194, "params": {"omega": 0.0, "theta": 1.0581256034773605, "u": 0.0, "v": 10.0, "x": 5.0, "y": 13.84938548543077}, "datetime": {"datetime": "2023-04-17 12:34:40", "elapsed": 5093.999074, "delta": 8.11226}}
{"target": -5000.0, "params": {"omega": 0.0, "theta": 0.007040617689440398, "u": 1.0, "v": 10.0, "x": 5.0, "y": 15.0}, "datetime": {"datetime": "2023-04-17 12:35:27", "elapsed": 5141.596215, "delta": 47.597141}}
{"target": -13.846549345450907, "params": {"omega": 0.0, "theta": 2.0786582085401824, "u": 0.0, "v": 10.0, "x": 6.494265252102916, "y": 14.519937518785731}, "datetime": {"datetime": "2023-04-17 12:35:37", "elapsed": 5151.06404, "delta": 9.467825}}
{"target": -14.629529039435758, "params": {"omega": 0.0, "theta": 8.669565328369847, "u": 0.0, "v": 10.0, "x": 7.997723641751792, "y": 15.0}, "datetime": {"datetime": "2023-04-17 12:35:47", "elapsed": 5160.913313, "delta": 9.849273}}
{"target": -23.515169973907092, "params": {"omega": 0.0, "theta": 9.863901825662047, "u": 1.0, "v": 10.0, "x": 6.767632862827411, "y": 15.0}, "datetime": {"datetime": "2023-04-17 12:35:52", "elapsed": 5166.514221, "delta": 5.600908}}
{"target": -31.451650334194788, "params": {"omega": 0.0, "theta": 5.320837172008585, "u": 1.0, "v": 10.0, "x": 5.0, "y": 11.75751700280425}, "datetime": {"datetime": "2023-04-17 12:35:58", "elapsed": 5172.821391, "delta": 6.30717}}
{"target": -12.735584172450098, "params": {"omega": 0.005967138762996038, "theta": 4.435221759238022, "u": 0.11938367301668029, "v": 9.604667412490047, "x": 5.60789669709303, "y": 10.022165664805865}, "datetime": {"datetime": "2023-04-17 12:36:04", "elapsed": 5177.916675, "delta": 5.095284}}
{"target": -27.468637250937725, "params": {"omega": 0.0, "theta": 3.345354556265797, "u": 0.5277632563721639, "v": 10.0, "x": 5.0, "y": 11.591301570673306}, "datetime": {"datetime": "2023-04-17 12:36:10", "elapsed": 5184.048612, "delta": 6.131937}}
{"target": -13.611883703829623, "params": {"omega": 0.0, "theta": 10.0, "u": 0.0, "v": 10.0, "x": 5.560811572164964, "y": 15.0}, "datetime": {"datetime": "2023-04-17 12:36:19", "elapsed": 5193.426827, "delta": 9.378215}}
{"target": -17.51091091833839, "params": {"omega": 0.0, "theta": 6.502478701619283, "u": 0.0, "v": 2.5977170876154565, "x": 13.977276391517579, "y": 11.509601054733693}, "datetime": {"datetime": "2023-04-17 12:36:30", "elapsed": 5204.441236, "delta": 11.014409}}
{"target": -14.858721940647605, "params": {"omega": 0.0, "theta": 6.965868478205525, "u": 0.0, "v": 10.0, "x": 5.0, "y": 12.988190138435883}, "datetime": {"datetime": "2023-04-17 12:36:39", "elapsed": 5213.727737, "delta": 9.286501}}
{"target": -12.720220452619298, "params": {"omega": 0.0, "theta": 5.23911927162053, "u": 0.0, "v": 8.69739208027507, "x": 5.0, "y": 11.363543467067245}, "datetime": {"datetime": "2023-04-17 12:36:48", "elapsed": 5222.795096, "delta": 9.067359}}
{"target": -18.395900918296284, "params": {"omega": 0.0, "theta": 6.442868875209456, "u": 0.0, "v": 10.0, "x": 5.0, "y": 10.44456804511048}, "datetime": {"datetime": "2023-04-17 12:36:58", "elapsed": 5232.611594, "delta": 9.816498}}
{"target": -27.418349870020066, "params": {"omega": 0.1407993719606253, "theta": 9.894993821485869, "u": 0.37721673827919744, "v": 9.966286895668011, "x": 6.772914285291246, "y": 13.067695454970725}, "datetime": {"datetime": "2023-04-17 12:37:04", "elapsed": 5238.103056, "delta": 5.491462}}
{"target": -5000.0, "params": {"omega": 0.4102309132313354, "theta": 9.762613656534226, "u": 0.25609289184696526, "v": 9.438178095667778, "x": 5.462125437856976, "y": 11.496931019181833}, "datetime": {"datetime": "2023-04-17 12:38:12", "elapsed": 5306.348095, "delta": 68.245039}}
{"target": -5000.0, "params": {"omega": 0.3586658213465821, "theta": 5.273532740284948, "u": 0.47710978850001184, "v": 8.973690654739952, "x": 5.010513466541987, "y": 8.430990180144722}, "datetime": {"datetime": "2023-04-17 12:39:18", "elapsed": 5372.781444, "delta": 66.433349}}
{"target": -867.3370076004608, "params": {"omega": 1.0, "theta": 1.272990558409626, "u": 0.0, "v": 9.659063498733554, "x": 9.948802633893532, "y": 13.897658008108438}, "datetime": {"datetime": "2023-04-17 12:40:36", "elapsed": 5450.891065, "delta": 78.109621}}
{"target": -5000.0, "params": {"omega": 0.3338745888646303, "theta": 9.764695531827241, "u": 0.5662498838980018, "v": 9.757425198121796, "x": 8.305262662239537, "y": 14.065774608520053}, "datetime": {"datetime": "2023-04-17 12:41:50", "elapsed": 5524.370792, "delta": 73.479727}}
{"target": -5000.0, "params": {"omega": 0.4822620749018247, "theta": 1.889772504570011, "u": 0.7230832100994827, "v": 9.82034014646229, "x": 5.182572114885322, "y": 12.769904506941678}, "datetime": {"datetime": "2023-04-17 12:42:40", "elapsed": 5574.886951, "delta": 50.516159}}
{"target": -5000.0, "params": {"omega": 0.7183997169494462, "theta": 1.5720938174338317, "u": 0.22353392884739454, "v": 7.7830216656046245, "x": 8.524490216573142, "y": 14.101569243960615}, "datetime": {"datetime": "2023-04-17 12:43:29", "elapsed": 5623.4816, "delta": 48.594649}}
{"target": -23.91178837604301, "params": {"omega": 0.0, "theta": 10.0, "u": 1.0, "v": 10.0, "x": 5.364473661088943, "y": 13.6771367502032}, "datetime": {"datetime": "2023-04-17 12:43:35", "elapsed": 5629.36858, "delta": 5.88698}}
{"target": -10000.0, "params": {"omega": 1.0, "theta": 10.0, "u": 0.0, "v": 3.4099187662679133, "x": 6.999160474004481, "y": 12.729787245830984}, "datetime": {"datetime": "2023-04-17 12:43:38", "elapsed": 5632.301718, "delta": 2.933138}}
{"target": -21.757620434732075, "params": {"omega": 0.010350002169903227, "theta": 9.683516095836945, "u": 0.9983012753983426, "v": 2.301024328998519, "x": 8.347249500431573, "y": 13.446452669913779}, "datetime": {"datetime": "2023-04-17 12:43:45", "elapsed": 5638.995979, "delta": 6.694261}}
{"target": -5000.0, "params": {"omega": 0.9374515851330437, "theta": 4.3401287735701946, "u": 0.0074284124828246645, "v": 9.543683453323485, "x": 5.008222606358435, "y": 10.818872530632133}, "datetime": {"datetime": "2023-04-17 12:45:03", "elapsed": 5717.495486, "delta": 78.499507}}
{"target": -22.728694449485815, "params": {"omega": 0.11119021210990998, "theta": 7.241680982175741, "u": 0.05155529566012873, "v": 9.781176344760574, "x": 5.922199531493995, "y": 11.561679720963076}, "datetime": {"datetime": "2023-04-17 12:45:08", "elapsed": 5722.637173, "delta": 5.141687}}
{"target": -14.763775733505298, "params": {"omega": 0.0, "theta": 5.539708842501318, "u": 0.0, "v": 10.0, "x": 6.4303549725569376, "y": 11.161079468752261}, "datetime": {"datetime": "2023-04-17 12:45:18", "elapsed": 5731.943596, "delta": 9.306423}}
{"target": -10000.0, "params": {"omega": 0.8051476177911143, "theta": 4.307919668006107, "u": 0.15684609339185596, "v": 0.8955768555025778, "x": 6.332260756687722, "y": 11.842585652992662}, "datetime": {"datetime": "2023-04-17 12:45:37", "elapsed": 5750.911322, "delta": 18.967726}}
{"target": -37.176323083657124, "params": {"omega": 0.0, "theta": 3.9861493048150747, "u": 1.0, "v": 10.0, "x": 6.446324650999886, "y": 10.925294617620006}, "datetime": {"datetime": "2023-04-17 12:45:44", "elapsed": 5757.950531, "delta": 7.039209}}
{"target": -5000.0, "params": {"omega": 0.22356177225539275, "theta": 8.433554773890934, "u": 0.4283524156986396, "v": 9.955025823065052, "x": 6.352381307554289, "y": 13.587478855457281}, "datetime": {"datetime": "2023-04-17 12:46:51", "elapsed": 5825.881117, "delta": 67.930586}}
{"target": -23.894524825639706, "params": {"omega": 0.0, "theta": 10.0, "u": 1.0, "v": 2.231998016644128, "x": 8.747051761378861, "y": 11.88103827024363}, "datetime": {"datetime": "2023-04-17 12:47:00", "elapsed": 5833.968856, "delta": 8.087739}}
{"target": -13.390664893281244, "params": {"omega": 0.0, "theta": 7.635143200395942, "u": 0.0, "v": 4.275666441577596, "x": 14.539108789398714, "y": 5.0}, "datetime": {"datetime": "2023-04-17 12:47:13", "elapsed": 5846.986122, "delta": 13.017266}}
{"target": -5000.0, "params": {"omega": 0.4517776687937316, "theta": 6.6607356365063906, "u": 0.7709945709062375, "v": 8.228668998228544, "x": 5.01467659840911, "y": 11.17762115008994}, "datetime": {"datetime": "2023-04-17 12:48:09", "elapsed": 5903.263634, "delta": 56.277512}}
{"target": -23.894082446448856, "params": {"omega": 0.0, "theta": 8.796213513468203, "u": 1.0, "v": 2.946109653181422, "x": 8.246468815724937, "y": 12.347397107458152}, "datetime": {"datetime": "2023-04-17 12:48:17", "elapsed": 5911.088362, "delta": 7.824728}}
{"target": -5000.0, "params": {"omega": 1.0, "theta": 10.0, "u": 1.0, "v": 10.0, "x": 5.0, "y": 15.0}, "datetime": {"datetime": "2023-04-17 12:49:18", "elapsed": 5972.671229, "delta": 61.582867}}
{"target": -25.24243703255383, "params": {"omega": 0.0, "theta": 7.008338507140613, "u": 1.0, "v": 3.202188847866665, "x": 14.201324523413053, "y": 10.912419990228457}, "datetime": {"datetime": "2023-04-17 12:49:27", "elapsed": 5981.041547, "delta": 8.370318}}
{"target": -10000.0, "params": {"omega": 0.2924406888566825, "theta": 3.901163330797055, "u": 0.4192178461997401, "v": 2.844722176784742, "x": 7.014090944161061, "y": 13.668294079716182}, "datetime": {"datetime": "2023-04-17 12:50:24", "elapsed": 6038.246533, "delta": 57.204986}}
{"target": -13.753257641463065, "params": {"omega": 0.0, "theta": 3.202649236028424, "u": 0.0, "v": 10.0, "x": 6.804216662259757, "y": 9.35061097117137}, "datetime": {"datetime": "2023-04-17 12:50:33", "elapsed": 6047.60916, "delta": 9.362627}}
{"target": -13.245321505138508, "params": {"omega": 0.0, "theta": 0.5471262095717447, "u": 0.0, "v": 2.549544843248491, "x": 10.123729941534362, "y": 9.747373602662433}, "datetime": {"datetime": "2023-04-17 12:50:43", "elapsed": 6057.860659, "delta": 10.251499}}
{"target": -48.01008910562488, "params": {"omega": 0.0, "theta": 2.8644158174318206, "u": 1.0, "v": 10.0, "x": 5.340177412690854, "y": 9.547405600821673}, "datetime": {"datetime": "2023-04-17 12:50:51", "elapsed": 6065.603842, "delta": 7.743183}}
