{"target": -5000.0, "params": {"omega": 0.14679237341724316, "theta": 2.642974827269007, "u": 0.8190891786335308, "v": 3.1058725179420996, "x": 14.824174492929428, "y": 7.666387021516352}, "datetime": {"datetime": "2023-04-17 11:50:38", "elapsed": 2452.048599, "delta": 48.465726}}
{"target": -5000.0, "params": {"omega": 0.5336533449712114, "theta": 3.1446701118584963, "u": 0.9107728311738374, "v": 3.6655664385123443, "x": 9.335923272731645, "y": 10.122926922783613}, "datetime": {"datetime": "2023-04-17 11:51:27", "elapsed": 2501.175846, "delta": 49.127247}}
{"target": -5000.0, "params": {"omega": 0.9388864773697133, "theta": 0.30949006271150714, "u": 0.7168786636316892, "v": 8.910189542923389, "x": 5.272872235174688, "y": 10.220512472525108}, "datetime": {"datetime": "2023-04-17 11:52:11", "elapsed": 2545.836422, "delta": 44.660576}}
{"target": -10000.0, "params": {"omega": 0.3259898117700253, "theta": 8.594893208655858, "u": 0.5585165509225178, "v": 6.902278681627479, "x": 9.528534999515374, "y": 11.283090375213572}, "datetime": {"datetime": "2023-04-17 11:53:09", "elapsed": 2603.191231, "delta": 57.354809}}
{"target": -10000.0, "params": {"omega": 0.2900968516874258, "theta": 0.09348577966515781, "u": 0.5767559349870908, "v": 3.114442141324628, "x": 10.172675985011299, "y": 14.164058530538977}, "datetime": {"datetime": "2023-04-17 11:53:38", "elapsed": 2632.644995, "delta": 29.453764}}
{"target": -5000.0, "params": {"omega": 0.426474788501396, "theta": 2.473960366023854, "u": 0.37129376127905445, "v": 9.318611166365406, "x": 14.368683813090936, "y": 13.443299485657132}, "datetime": {"datetime": "2023-04-17 11:54:28", "elapsed": 2682.225218, "delta": 49.580223}}
{"target": -10000.0, "params": {"omega": 0.9202065143056605, "theta": 2.2790028995131695, "u": 0.08748220955359087, "v": 2.2730973628468876, "x": 8.143766161140505, "y": 6.747658763563116}, "datetime": {"datetime": "2023-04-17 11:55:03", "elapsed": 2717.374432, "delta": 35.149214}}
{"target": -10000.0, "params": {"omega": 0.6070941619724605, "theta": 4.135864150011614, "u": 0.8163515118272141, "v": 1.8513039826903066, "x": 12.018765297563103, "y": 7.403556248491388}, "datetime": {"datetime": "2023-04-17 11:55:37", "elapsed": 2751.302264, "delta": 33.927832}}
{"target": -10000.0, "params": {"omega": 0.5742190888408597, "theta": 3.489875972207889, "u": 0.05696439948283272, "v": 2.2881367096037586, "x": 11.641025553547934, "y": 9.972500933605312}, "datetime": {"datetime": "2023-04-17 11:55:53", "elapsed": 2766.934682, "delta": 15.632418}}
{"target": -5000.0, "params": {"omega": 0.5190159840736788, "theta": 1.747201501089225, "u": 0.5707158515462564, "v": 9.9675342520821, "x": 13.16835108791622, "y": 10.943726238309779}, "datetime": {"datetime": "2023-04-17 11:56:38", "elapsed": 2812.236628, "delta": 45.301946}}
{"target": -10000.0, "params": {"omega": 0.9759890683309049, "theta": 9.015625846693213, "u": 0.5956079336026455, "v": 0.32426325314457105, "x": 5.935770958174808, "y": 5.653717150422263}, "datetime": {"datetime": "2023-04-17 11:56:45", "elapsed": 2819.452649, "delta": 7.216021}}
{"target": -10000.0, "params": {"omega": 0.4517331486914753, "theta": 3.7543483316785773, "u": 0.9753500342702865, "v": 1.6798329319961491, "x": 14.727875919326552, "y": 12.674748688630132}, "datetime": {"datetime": "2023-04-17 11:57:14", "elapsed": 2848.458871, "delta": 29.006222}}
{"target": -5000.0, "params": {"omega": 0.8242378396244978, "theta": 6.3261581677799725, "u": 0.668732770206732, "v": 4.768823335211934, "x": 5.1313635692307225, "y": 8.530060855418249}, "datetime": {"datetime": "2023-04-17 11:58:10", "elapsed": 2904.235466, "delta": 55.776595}}
{"target": -10000.0, "params": {"omega": 0.49207180149355845, "theta": 7.300912110901043, "u": 0.4686283427461092, "v": 4.574049160894317, "x": 6.376627409456032, "y": 5.10888733803479}, "datetime": {"datetime": "2023-04-17 11:59:29", "elapsed": 2982.990273, "delta": 78.754807}}
{"target": -5000.0, "params": {"omega": 0.7582782604769962, "theta": 3.199528380776784, "u": 0.9843834501935107, "v": 2.2023422615915598, "x": 8.387080254816796, "y": 10.238961356661317}, "datetime": {"datetime": "2023-04-17 12:00:18", "elapsed": 3032.495701, "delta": 49.505428}}
{"target": -10000.0, "params": {"omega": 0.7548914570605327, "theta": 4.638577839002957, "u": 0.12482254311167629, "v": 3.125013784920495, "x": 10.045191697009948, "y": 11.738490080168678}, "datetime": {"datetime": "2023-04-17 12:01:00", "elapsed": 3074.291341, "delta": 41.79564}}
{"target": -10000.0, "params": {"omega": 0.7701499563120922, "theta": 1.3033578095435427, "u": 0.022915131322381765, "v": 5.190823222119895, "x": 13.099887106624163, "y": 5.126037670298763}, "datetime": {"datetime": "2023-04-17 12:01:41", "elapsed": 3115.461737, "delta": 41.170396}}
{"target": -5000.0, "params": {"omega": 0.6724698446537339, "theta": 6.868082266569918, "u": 0.44924675358663757, "v": 9.147886867419343, "x": 11.443610847569929, "y": 5.052398376514659}, "datetime": {"datetime": "2023-04-17 12:02:36", "elapsed": 3170.008813, "delta": 54.547076}}
{"target": -10000.0, "params": {"omega": 0.4844284455143756, "theta": 8.593178060976, "u": 0.8303995700373394, "v": 6.491541971124779, "x": 11.736984238986317, "y": 10.784995797892005}, "datetime": {"datetime": "2023-04-17 12:03:29", "elapsed": 3223.25196, "delta": 53.243147}}
{"target": -10000.0, "params": {"omega": 0.27411977516685215, "theta": 5.605299905360588, "u": 0.6717297848174203, "v": 3.524296302164088, "x": 13.558283672539277, "y": 6.950374860087073}, "datetime": {"datetime": "2023-04-17 12:03:31", "elapsed": 3225.732661, "delta": 2.480701}}
{"target": -1205.514452705381, "params": {"omega": 0.7473208103319232, "theta": 2.8960274618687745, "u": 0.773799287244182, "v": 4.277373293360762, "x": 13.076984091122094, "y": 8.535348626679903}, "datetime": {"datetime": "2023-04-17 12:04:13", "elapsed": 3267.888376, "delta": 42.155715}}
{"target": -10000.0, "params": {"omega": 0.21369323762958115, "theta": 7.672845084217665, "u": 0.3086419476306511, "v": 7.332450677264275, "x": 12.444731530777322, "y": 7.213967009082011}, "datetime": {"datetime": "2023-04-17 12:05:19", "elapsed": 3333.638394, "delta": 65.750018}}
{"target": -10000.0, "params": {"omega": 0.21411213682064845, "theta": 1.9894792342706669, "u": 0.14251833776584466, "v": 3.770825992073341, "x": 5.266278846916215, "y": 6.109203690342406}, "datetime": {"datetime": "2023-04-17 12:06:25", "elapsed": 3399.784646, "delta": 66.146252}}
{"target": -27.292378366300934, "params": {"omega": 0.09836719451545972, "theta": 6.979934815906001, "u": 0.271304663776195, "v": 9.159588718486578, "x": 7.154183492298767, "y": 7.7042982367118364}, "datetime": {"datetime": "2023-04-17 12:06:30", "elapsed": 3404.762339, "delta": 4.977693}}
{"target": -5000.0, "params": {"omega": 0.3038057545485377, "theta": 7.275345120871265, "u": 0.5018324939379235, "v": 9.222170516458656, "x": 6.846592515032694, "y": 7.2335374421764715}, "datetime": {"datetime": "2023-04-17 12:07:39", "elapsed": 3473.39009, "delta": 68.627751}}
{"target": -16.056530478216438, "params": {"omega": 0.038377326555328925, "theta": 7.932665471514495, "u": 0.2486956894722302, "v": 7.2210524292779965, "x": 9.329530260421993, "y": 9.764644583325472}, "datetime": {"datetime": "2023-04-17 12:07:45", "elapsed": 3479.437652, "delta": 6.047562}}
{"target": -18.784374212512787, "params": {"omega": 0.0, "theta": 6.833566548887586, "u": 0.37524805586659454, "v": 9.332688718093099, "x": 7.635729294204188, "y": 8.243073343153672}, "datetime": {"datetime": "2023-04-17 12:07:51", "elapsed": 3485.189565, "delta": 5.751913}}
{"target": -12.398929115444503, "params": {"omega": 0.04088286587074131, "theta": 8.851916298289291, "u": 0.0, "v": 6.6132434354735805, "x": 9.010523797691215, "y": 9.718613930360897}, "datetime": {"datetime": "2023-04-17 12:08:01", "elapsed": 3495.016518, "delta": 9.826953}}
{"target": -16.554256022072405, "params": {"omega": 0.0, "theta": 7.8678099877795065, "u": 0.23039973856834695, "v": 7.5995850496023944, "x": 8.770338574509735, "y": 8.960838499105748}, "datetime": {"datetime": "2023-04-17 12:08:06", "elapsed": 3500.68349, "delta": 5.666972}}
{"target": -10000.0, "params": {"omega": 0.3560445830669532, "theta": 7.446185988186224, "u": 0.3733577683668643, "v": 8.417400248952303, "x": 7.900364662821876, "y": 8.354420021551702}, "datetime": {"datetime": "2023-04-17 12:09:11", "elapsed": 3565.112906, "delta": 64.429416}}
{"target": -17.14614682188165, "params": {"omega": 0.0, "theta": 8.064020653644754, "u": 0.2952600437159897, "v": 6.917426621136496, "x": 9.296569769746613, "y": 8.90037722242722}, "datetime": {"datetime": "2023-04-17 12:09:17", "elapsed": 3570.911829, "delta": 5.798923}}
{"target": -13.86870988515882, "params": {"omega": 0.0, "theta": 8.561043580530102, "u": 0.0, "v": 7.622378184978134, "x": 9.283476496863303, "y": 9.266242941324311}, "datetime": {"datetime": "2023-04-17 12:09:25", "elapsed": 3579.796815, "delta": 8.884986}}
{"target": -16.25778787723052, "params": {"omega": 0.00022543766710229202, "theta": 9.179858600623731, "u": 0.2643895099293307, "v": 6.52721793974121, "x": 9.046144633596265, "y": 8.15694865836364}, "datetime": {"datetime": "2023-04-17 12:09:31", "elapsed": 3585.601994, "delta": 5.805179}}
{"target": -14.34501635926822, "params": {"omega": 0.0, "theta": 6.307217326461595, "u": 0.04400941573612031, "v": 9.750402791365941, "x": 7.149473399273569, "y": 7.929393444962346}, "datetime": {"datetime": "2023-04-17 12:09:36", "elapsed": 3590.855857, "delta": 5.253863}}
{"target": -27.35667563115273, "params": {"omega": 0.0, "theta": 6.1986029667805225, "u": 0.9029611512286984, "v": 9.317479754155496, "x": 7.270023905207836, "y": 7.86072896928007}, "datetime": {"datetime": "2023-04-17 12:09:43", "elapsed": 3597.320485, "delta": 6.464628}}
{"target": -22.04268058152715, "params": {"omega": 0.0, "theta": 6.728003703595563, "u": 0.5550496369524237, "v": 9.548929806758892, "x": 6.678075063396053, "y": 8.499567150097853}, "datetime": {"datetime": "2023-04-17 12:09:49", "elapsed": 3603.072249, "delta": 5.751764}}
{"target": -10000.0, "params": {"omega": 0.4492333052008952, "theta": 9.766911785035484, "u": 0.5903169167497573, "v": 5.587378929551434, "x": 9.41138663535306, "y": 8.274652905266112}, "datetime": {"datetime": "2023-04-17 12:10:45", "elapsed": 3659.625474, "delta": 56.553225}}
{"target": -24.227789951538902, "params": {"omega": 0.0709196248285443, "theta": 8.64109335281924, "u": 0.5745516159795043, "v": 6.572355142089617, "x": 9.38987092726672, "y": 6.8253532790605}, "datetime": {"datetime": "2023-04-17 12:10:52", "elapsed": 3666.25595, "delta": 6.630476}}
{"target": -12.707734152268927, "params": {"omega": 0.017669683296837158, "theta": 9.064962066039364, "u": 0.15621155070274528, "v": 6.004206056476249, "x": 8.928397779857015, "y": 6.759254205695724}, "datetime": {"datetime": "2023-04-17 12:10:58", "elapsed": 3672.168421, "delta": 5.912471}}
{"target": -12.628799401665516, "params": {"omega": 0.03418196896041226, "theta": 8.651366582227055, "u": 0.06375949464538144, "v": 6.763095231783243, "x": 9.686920960504715, "y": 7.736619658435565}, "datetime": {"datetime": "2023-04-17 12:11:04", "elapsed": 3678.354913, "delta": 6.186492}}
{"target": -5000.0, "params": {"omega": 0.46910869902728614, "theta": 8.598085382571533, "u": 0.03449581943198721, "v": 6.865740570003476, "x": 8.481357360701075, "y": 7.249643735383573}, "datetime": {"datetime": "2023-04-17 12:12:42", "elapsed": 3776.735956, "delta": 98.381043}}
{"target": -10000.0, "params": {"omega": 0.20804532055037184, "theta": 8.411074579068778, "u": 0.5090770984238453, "v": 5.34207683770115, "x": 9.427676682018895, "y": 7.0667082597305075}, "datetime": {"datetime": "2023-04-17 12:13:37", "elapsed": 3831.2073, "delta": 54.471344}}
{"target": -17.299941186879185, "params": {"omega": 0.0, "theta": 9.645984282879043, "u": 0.34803973964043844, "v": 6.703123878089364, "x": 9.292194292812642, "y": 7.043041062516967}, "datetime": {"datetime": "2023-04-17 12:13:42", "elapsed": 3836.664834, "delta": 5.457534}}
{"target": -23.717335748576854, "params": {"omega": 0.0, "theta": 8.880116424543283, "u": 0.959021069234211, "v": 7.227052188822681, "x": 9.388386190119338, "y": 7.813652052824075}, "datetime": {"datetime": "2023-04-17 12:13:48", "elapsed": 3842.569396, "delta": 5.904562}}
{"target": -5000.0, "params": {"omega": 0.8069028573752396, "theta": 2.5278235052212, "u": 0.6897075851380496, "v": 5.252410093622482, "x": 14.336710235541316, "y": 8.022130751462234}, "datetime": {"datetime": "2023-04-17 12:14:36", "elapsed": 3890.089285, "delta": 47.519889}}
{"target": -5000.0, "params": {"omega": 0.7019347428516891, "theta": 6.517765098303045, "u": 0.6954693449679674, "v": 10.0, "x": 7.344706341989323, "y": 8.256587844879393}, "datetime": {"datetime": "2023-04-17 12:15:28", "elapsed": 3942.581648, "delta": 52.492363}}
{"target": -17.665777585681905, "params": {"omega": 0.0588936035302088, "theta": 8.272621578759061, "u": 0.18382394802082744, "v": 9.641001262695175, "x": 10.485834020025322, "y": 14.745494515071378}, "datetime": {"datetime": "2023-04-17 12:15:34", "elapsed": 3948.418197, "delta": 5.836549}}
{"target": -5000.0, "params": {"omega": 1.0, "theta": 8.229381920086979, "u": 0.6733203332232007, "v": 9.493712593249493, "x": 10.686092227125172, "y": 14.439062078620259}, "datetime": {"datetime": "2023-04-17 12:16:29", "elapsed": 4002.980179, "delta": 54.561982}}
{"target": -15.96636415481817, "params": {"omega": 0.0, "theta": 7.91946884768578, "u": 0.0, "v": 9.942520051666358, "x": 9.969189345907354, "y": 13.918298045319787}, "datetime": {"datetime": "2023-04-17 12:16:40", "elapsed": 4014.378234, "delta": 11.398055}}
{"target": -14.30725139451433, "params": {"omega": 0.0, "theta": 7.4570996897181026, "u": 0.0, "v": 9.03684866413486, "x": 10.284651334053883, "y": 14.34301615253775}, "datetime": {"datetime": "2023-04-17 12:16:50", "elapsed": 4024.821313, "delta": 10.443079}}
{"target": -19.58149986173678, "params": {"omega": 0.0, "theta": 8.771135393815781, "u": 0.4990613394888271, "v": 7.675629714428714, "x": 9.992573176706859, "y": 6.803374350420741}, "datetime": {"datetime": "2023-04-17 12:16:56", "elapsed": 4030.817719, "delta": 5.996406}}
{"target": -14.73000688445813, "params": {"omega": 0.0, "theta": 8.580575557275086, "u": 0.0, "v": 8.957642827239365, "x": 9.946782789909298, "y": 14.07855272502209}, "datetime": {"datetime": "2023-04-17 12:17:08", "elapsed": 4042.337124, "delta": 11.519405}}
{"target": -25.469646201827793, "params": {"omega": 0.0, "theta": 8.27890873269117, "u": 0.9699471353330401, "v": 9.250948318335293, "x": 11.017826768544367, "y": 6.4054645550432046}, "datetime": {"datetime": "2023-04-17 12:17:14", "elapsed": 4048.58475, "delta": 6.247626}}
{"target": -5000.0, "params": {"omega": 0.7673478760492608, "theta": 7.6821529729199955, "u": 0.9172520316367486, "v": 9.967403162195312, "x": 11.463719967672965, "y": 6.84122182552958}, "datetime": {"datetime": "2023-04-17 12:18:05", "elapsed": 4099.603391, "delta": 51.018641}}
{"target": -24.487544549356173, "params": {"omega": 0.0, "theta": 8.632021393020487, "u": 1.0, "v": 9.101709333392483, "x": 11.935466763275546, "y": 5.5989004966879135}, "datetime": {"datetime": "2023-04-17 12:18:11", "elapsed": 4105.541275, "delta": 5.937884}}
{"target": -17.55666386227042, "params": {"omega": 0.0, "theta": 8.609593699306725, "u": 0.0, "v": 8.73877226223513, "x": 11.096985437543985, "y": 5.8351921417148445}, "datetime": {"datetime": "2023-04-17 12:18:21", "elapsed": 4115.463392, "delta": 9.922117}}
{"target": -10000.0, "params": {"omega": 0.7519904799499277, "theta": 8.80555221614328, "u": 0.867926300008725, "v": 8.051340315797372, "x": 10.525614081258768, "y": 5.935816801674241}, "datetime": {"datetime": "2023-04-17 12:18:57", "elapsed": 4151.846848, "delta": 36.383456}}
{"target": -20.85577941487912, "params": {"omega": 0.0, "theta": 8.181159847953161, "u": 0.373036044692698, "v": 0.6786023803171309, "x": 14.82785278743621, "y": 8.003574685437309}, "datetime": {"datetime": "2023-04-17 12:19:04", "elapsed": 4158.647119, "delta": 6.800271}}
{"target": -14.114157331936516, "params": {"omega": 0.0, "theta": 8.481101204960472, "u": 0.001369298448914239, "v": 9.720951628336119, "x": 11.7960994346203, "y": 5.998748295986003}, "datetime": {"datetime": "2023-04-17 12:19:13", "elapsed": 4167.750091, "delta": 9.102972}}
{"target": -16.24761951969229, "params": {"omega": 0.0, "theta": 7.358264788998633, "u": 0.0, "v": 1.0367734249687341, "x": 15.0, "y": 8.869873665504109}, "datetime": {"datetime": "2023-04-17 12:19:24", "elapsed": 4178.652522, "delta": 10.902431}}
{"target": -10000.0, "params": {"omega": 1.0, "theta": 7.666745312271161, "u": 0.0, "v": 0.7669698537010428, "x": 14.345780985504248, "y": 8.368745315780693}, "datetime": {"datetime": "2023-04-17 12:19:27", "elapsed": 4181.788588, "delta": 3.136066}}
{"target": -25.540763789652893, "params": {"omega": 0.0, "theta": 8.150634867945193, "u": 1.0, "v": 1.3349156243388474, "x": 15.0, "y": 8.830599623582184}, "datetime": {"datetime": "2023-04-17 12:19:35", "elapsed": 4189.150479, "delta": 7.361891}}
{"target": -24.143189714533044, "params": {"omega": 0.05024253158804437, "theta": 8.943338434932361, "u": 0.6139625951015378, "v": 1.7202659735600756, "x": 14.50143047380675, "y": 7.295890790526971}, "datetime": {"datetime": "2023-04-17 12:19:41", "elapsed": 4195.864544, "delta": 6.714065}}
{"target": -13.331004212455703, "params": {"omega": 0.023848273154838284, "theta": 9.185976067195607, "u": 0.12233452885734919, "v": 1.6283614851588568, "x": 14.935034201280837, "y": 8.347200124981068}, "datetime": {"datetime": "2023-04-17 12:19:47", "elapsed": 4201.884743, "delta": 6.020199}}
{"target": -23.018569523298837, "params": {"omega": 0.014780838126385865, "theta": 4.5617271386041045, "u": 0.5509363717813772, "v": 9.39423365327494, "x": 5.116329586892219, "y": 13.488910279460587}, "datetime": {"datetime": "2023-04-17 12:19:53", "elapsed": 4207.798, "delta": 5.913257}}
{"target": -36.00204119635441, "params": {"omega": 0.059229450453810006, "theta": 4.248633982972213, "u": 0.4734886892532022, "v": 9.546094620693951, "x": 6.2510856897801546, "y": 14.246409663286789}, "datetime": {"datetime": "2023-04-17 12:19:59", "elapsed": 4213.795743, "delta": 5.997743}}
{"target": -17.341745931716243, "params": {"omega": 0.00022745600485647182, "theta": 3.5237205290591596, "u": 0.0, "v": 9.999043290526808, "x": 5.195088957460519, "y": 14.073247043740412}, "datetime": {"datetime": "2023-04-17 12:20:09", "elapsed": 4223.252448, "delta": 9.456705}}
{"target": -5000.0, "params": {"omega": 0.7907373983659309, "theta": 3.648663130098986, "u": 0.0854802860316981, "v": 8.575750072738916, "x": 5.357585360186784, "y": 13.745391793095017}, "datetime": {"datetime": "2023-04-17 12:21:02", "elapsed": 4276.615319, "delta": 53.362871}}
{"target": -13.049613495960532, "params": {"omega": 0.0, "theta": 4.976314087788387, "u": 0.0, "v": 10.0, "x": 5.264412520687808, "y": 14.521856201788287}, "datetime": {"datetime": "2023-04-17 12:21:11", "elapsed": 4285.721958, "delta": 9.106639}}
{"target": -35.627041541541885, "params": {"omega": 0.0, "theta": 4.23437757402976, "u": 1.0, "v": 10.0, "x": 5.31148154813925, "y": 14.231090277380321}, "datetime": {"datetime": "2023-04-17 12:21:18", "elapsed": 4292.222562, "delta": 6.500604}}
{"target": -25.722424029327886, "params": {"omega": 0.0, "theta": 9.521316910569402, "u": 1.0, "v": 0.6403141454768888, "x": 15.0, "y": 7.752919057783753}, "datetime": {"datetime": "2023-04-17 12:21:27", "elapsed": 4301.36097, "delta": 9.138408}}
{"target": -15.984510918675177, "params": {"omega": 0.0, "theta": 8.956502462701204, "u": 0.0, "v": 9.07224819631481, "x": 10.414334042414957, "y": 7.280433707198442}, "datetime": {"datetime": "2023-04-17 12:21:37", "elapsed": 4311.861012, "delta": 10.500042}}
{"target": -16.672355929873174, "params": {"omega": 0.0, "theta": 9.677021498100142, "u": 0.32849431725480155, "v": 9.364830461718629, "x": 11.619934368232242, "y": 6.669111131065399}, "datetime": {"datetime": "2023-04-17 12:21:42", "elapsed": 4316.902021, "delta": 5.041009}}
{"target": -30.39847838703387, "params": {"omega": 0.0, "theta": 5.67807457281306, "u": 1.0, "v": 9.077074573868517, "x": 5.744748092823749, "y": 14.448810033341715}, "datetime": {"datetime": "2023-04-17 12:21:49", "elapsed": 4322.910889, "delta": 6.008868}}
{"target": -22.2773303194613, "params": {"omega": 0.0, "theta": 10.0, "u": 0.9081128670696605, "v": 5.931390971184882, "x": 8.285483673100495, "y": 6.65381493623634}, "datetime": {"datetime": "2023-04-17 12:21:54", "elapsed": 4328.425018, "delta": 5.514129}}
{"target": -21.237005842422366, "params": {"omega": 0.0, "theta": 5.666409145533498, "u": 0.455541702717673, "v": 10.0, "x": 6.338635584843187, "y": 13.305133622258612}, "datetime": {"datetime": "2023-04-17 12:22:00", "elapsed": 4334.275477, "delta": 5.850459}}
{"target": -19.64463331452228, "params": {"omega": 0.0, "theta": 5.802393092676131, "u": 0.3715744730557733, "v": 10.0, "x": 7.1024296890905525, "y": 14.862784317399527}, "datetime": {"datetime": "2023-04-17 12:22:06", "elapsed": 4340.664102, "delta": 6.388625}}
{"target": -5000.0, "params": {"omega": 0.9610129319482089, "theta": 6.641531432857942, "u": 0.7748062488401254, "v": 9.392788958719972, "x": 6.993679206072402, "y": 13.897287620386118}, "datetime": {"datetime": "2023-04-17 12:23:01", "elapsed": 4395.679585, "delta": 55.015483}}
{"target": -22.904203370797227, "params": {"omega": 0.0, "theta": 10.0, "u": 1.0, "v": 3.304194255890042, "x": 7.528242344079195, "y": 12.941841936944597}, "datetime": {"datetime": "2023-04-17 12:23:07", "elapsed": 4401.72464, "delta": 6.045055}}
