{"target": -4.995623429071163, "params": {"omega": 0.0, "theta": 4.511918124625694, "u": 0.0, "v": 10.0, "x": 70.77210859460531, "y": 73.367217805845}, "datetime": {"datetime": "2023-02-09 15:51:45", "elapsed": 4134.979245, "delta": 18.186606}}
{"target": -35.01928998841959, "params": {"omega": 0.6756161905726791, "theta": 4.3165590234893925, "u": 0.3482349068015289, "v": 2.971774618213532, "x": 83.28677995756075, "y": 17.029286110430984}, "datetime": {"datetime": "2023-02-09 15:51:53", "elapsed": 4142.841112, "delta": 7.861867}}
{"target": -34.97627492934356, "params": {"omega": 0.0, "theta": 10.0, "u": 7.943095653137645, "v": 10.0, "x": 42.43959910651583, "y": 60.524823995391614}, "datetime": {"datetime": "2023-02-09 15:52:04", "elapsed": 4153.783378, "delta": 10.942266}}
{"target": -10000.0, "params": {"omega": 1.0, "theta": 6.387794900498935, "u": 0.0, "v": 9.132557378064101, "x": 19.619681535666622, "y": 29.605047487677755}, "datetime": {"datetime": "2023-02-09 15:52:44", "elapsed": 4193.889624, "delta": 40.106246}}
{"target": -40.474065858187124, "params": {"omega": 0.47323682680189927, "theta": 7.709258931762547, "u": 2.2854081382222313, "v": 9.204100054242847, "x": 14.81585032993491, "y": 19.60360104649993}, "datetime": {"datetime": "2023-02-09 15:52:52", "elapsed": 4201.723681, "delta": 7.834057}}
{"target": -3.705167784415521, "params": {"omega": 0.0, "theta": 10.0, "u": 0.0, "v": 7.561689506406622, "x": 87.01440633211881, "y": 72.05140068772475}, "datetime": {"datetime": "2023-02-09 15:53:10", "elapsed": 4220.378562, "delta": 18.654881}}
{"target": -28.506082336667358, "params": {"omega": 0.0, "theta": 4.642779810369336, "u": 2.6381386867638197, "v": 7.948645802677702, "x": 19.82961686032464, "y": 20.822108044882377}, "datetime": {"datetime": "2023-02-09 15:53:19", "elapsed": 4229.145263, "delta": 8.766701}}
{"target": -20.039454771989544, "params": {"omega": 0.20487752212616628, "theta": 7.823295805901484, "u": 1.2837009170373825, "v": 9.973750870788013, "x": 28.933165414798857, "y": 49.58569302115793}, "datetime": {"datetime": "2023-02-09 15:53:26", "elapsed": 4236.045361, "delta": 6.900098}}
{"target": -46.21479935674101, "params": {"omega": 0.0, "theta": 7.674175486368633, "u": 8.676242493888171, "v": 7.176340621764095, "x": 63.46847556242363, "y": 45.837615108164805}, "datetime": {"datetime": "2023-02-09 15:53:38", "elapsed": 4248.297578, "delta": 12.252217}}
{"target": -17.803791380208704, "params": {"omega": 0.0, "theta": 0.16409794879583628, "u": 0.0, "v": 7.759446895751667, "x": 16.400412145192107, "y": 22.58540392780999}, "datetime": {"datetime": "2023-02-09 15:53:57", "elapsed": 4267.518779, "delta": 19.221201}}
{"target": -15.578288656952695, "params": {"omega": 0.0, "theta": 10.0, "u": 1.5622356217646622, "v": 0.0, "x": 77.98235511288028, "y": 57.3096842858994}, "datetime": {"datetime": "2023-02-09 15:54:09", "elapsed": 4279.134069, "delta": 11.61529}}
{"target": -5.290427218428383, "params": {"omega": 0.040671753649025644, "theta": 2.7678784045308005, "u": 0.1524233862148916, "v": 8.489109521594656, "x": 76.58087741593805, "y": 22.881350016428435}, "datetime": {"datetime": "2023-02-09 15:54:15", "elapsed": 4285.29385, "delta": 6.159781}}
{"target": -39.9169277151, "params": {"omega": 0.6118286301907491, "theta": 5.938213517652016, "u": 2.2435803704831314, "v": 9.64942483724497, "x": 16.11706441220765, "y": 45.71498024791648}, "datetime": {"datetime": "2023-02-09 15:54:23", "elapsed": 4293.096514, "delta": 7.802664}}
{"target": -20.700631742937144, "params": {"omega": 0.28807374301518135, "theta": 9.539750500005162, "u": 2.579687531287262, "v": 9.303319553870965, "x": 59.39926739788345, "y": 93.95627584640951}, "datetime": {"datetime": "2023-02-09 15:54:31", "elapsed": 4301.048054, "delta": 7.95154}}
{"target": -79.1469270787326, "params": {"omega": 0.8334273847718021, "theta": 1.1996948036633193, "u": 0.8193626658039777, "v": 4.290460379396875, "x": 78.16266767965402, "y": 17.996112705062263}, "datetime": {"datetime": "2023-02-09 15:54:39", "elapsed": 4309.676144, "delta": 8.62809}}
{"target": -10000.0, "params": {"omega": 0.0, "theta": 2.7437058396441736, "u": 7.087281303390361, "v": 6.458178274960584, "x": 16.820052892132914, "y": 0.0}, "datetime": {"datetime": "2023-02-09 15:54:54", "elapsed": 4324.063563, "delta": 14.387419}}
{"target": -4.718910345584125, "params": {"omega": 0.0, "theta": 4.727197897424958, "u": 0.0, "v": 10.0, "x": 51.9091455807557, "y": 61.986200719406014}, "datetime": {"datetime": "2023-02-09 15:55:17", "elapsed": 4347.04816, "delta": 22.984597}}
{"target": -4.618133697481866, "params": {"omega": 0.0, "theta": 7.797052154452799, "u": 0.0, "v": 10.0, "x": 49.077121269029014, "y": 5.137037155890157}, "datetime": {"datetime": "2023-02-09 15:55:40", "elapsed": 4369.899185, "delta": 22.851025}}
{"target": -3.7939874114314684, "params": {"omega": 0.0, "theta": 4.171474976722141, "u": 0.0, "v": 10.0, "x": 72.0133244300391, "y": 63.64047879145361}, "datetime": {"datetime": "2023-02-09 15:56:04", "elapsed": 4394.124935, "delta": 24.22575}}
{"target": -36.93683789908989, "params": {"omega": 0.16071758612075507, "theta": 9.917967377910406, "u": 8.345766382874421, "v": 10.0, "x": 56.63792309317056, "y": 41.75871298064684}, "datetime": {"datetime": "2023-02-09 15:56:15", "elapsed": 4405.184915, "delta": 11.05998}}
{"target": -25.402674183173954, "params": {"omega": 0.09912034751764742, "theta": 9.73370181479969, "u": 4.87726192689618, "v": 8.996037628511985, "x": 75.32771616123644, "y": 34.018812243737116}, "datetime": {"datetime": "2023-02-09 15:56:25", "elapsed": 4414.70726, "delta": 9.522345}}
{"target": -2.052066396217141, "params": {"omega": 0.0, "theta": 10.0, "u": 0.0, "v": 8.599058640724117, "x": 67.07129105672502, "y": 66.20898208754303}, "datetime": {"datetime": "2023-02-09 15:56:41", "elapsed": 4431.649043, "delta": 16.941783}}
{"target": -3.488314018932004, "params": {"omega": 0.0, "theta": 10.0, "u": 0.0, "v": 6.102956508899484, "x": 46.16244837137459, "y": 83.302312093074}, "datetime": {"datetime": "2023-02-09 15:56:59", "elapsed": 4449.310022, "delta": 17.660979}}
{"target": -8.950553786258931, "params": {"omega": 0.022600937786128816, "theta": 6.703940644783898, "u": 0.5844847689098043, "v": 9.424429849412153, "x": 72.92385574576204, "y": 41.27275762907397}, "datetime": {"datetime": "2023-02-09 15:57:06", "elapsed": 4455.978576, "delta": 6.668554}}
{"target": -36.39372923140356, "params": {"omega": 0.23541092555444731, "theta": 9.705294681008773, "u": 7.70093222395786, "v": 9.079059627107412, "x": 74.70829371468793, "y": 39.25486482934206}, "datetime": {"datetime": "2023-02-09 15:57:17", "elapsed": 4467.518613, "delta": 11.540037}}
{"target": -10000.0, "params": {"omega": 1.0, "theta": 9.268813579313539, "u": 0.0, "v": 6.156450832258239, "x": 39.52984812254859, "y": 84.76616401091131}, "datetime": {"datetime": "2023-02-09 15:57:56", "elapsed": 4506.681198, "delta": 39.162585}}
{"target": -28.678456089091554, "params": {"omega": 0.09254085528673663, "theta": 9.088005204329974, "u": 5.413511108935031, "v": 10.0, "x": 52.35952708399217, "y": 37.17302432805174}, "datetime": {"datetime": "2023-02-09 15:58:06", "elapsed": 4516.093431, "delta": 9.412233}}
{"target": -26.70297030703357, "params": {"omega": 0.0, "theta": 10.0, "u": 5.730683482040209, "v": 10.0, "x": 47.570014997609114, "y": 65.91412719994754}, "datetime": {"datetime": "2023-02-09 15:58:16", "elapsed": 4525.825548, "delta": 9.732117}}
{"target": -68.25999933822348, "params": {"omega": 1.0, "theta": 10.0, "u": 7.00106940302838, "v": 10.0, "x": 48.15300445494067, "y": 41.771720932721806}, "datetime": {"datetime": "2023-02-09 15:58:26", "elapsed": 4535.763193, "delta": 9.937645}}
{"target": -60.86121790963499, "params": {"omega": 0.0, "theta": 4.180280572567917, "u": 6.946878400383779, "v": 10.0, "x": 18.679204619956234, "y": 15.229564932975768}, "datetime": {"datetime": "2023-02-09 15:58:38", "elapsed": 4547.729865, "delta": 11.966672}}
{"target": -3.8139199981937466, "params": {"omega": 0.0, "theta": 5.662965007135787, "u": 0.0, "v": 0.0, "x": 70.50392144479989, "y": 46.184331218227065}, "datetime": {"datetime": "2023-02-09 15:58:57", "elapsed": 4567.009768, "delta": 19.279903}}
{"target": -1.8250055758665686, "params": {"omega": 0.0, "theta": 10.0, "u": 0.0, "v": 4.651470846509969, "x": 89.61876441976676, "y": 35.4019755893237}, "datetime": {"datetime": "2023-02-09 15:59:17", "elapsed": 4587.137262, "delta": 20.127494}}
{"target": -10000.0, "params": {"omega": 1.0, "theta": 10.0, "u": 1.7007323145700517, "v": 0.6671011386313439, "x": 74.41461122083952, "y": 49.40374498268766}, "datetime": {"datetime": "2023-02-09 15:59:51", "elapsed": 4621.099331, "delta": 33.962069}}
{"target": -33.99244372140749, "params": {"omega": 0.0, "theta": 10.0, "u": 6.960629524185598, "v": 10.0, "x": 70.94205499314916, "y": 18.486529987297416}, "datetime": {"datetime": "2023-02-09 16:00:01", "elapsed": 4631.522797, "delta": 10.423466}}
{"target": -42.06086970728448, "params": {"omega": 0.12721140293690136, "theta": 8.239672104102405, "u": 7.664823082518256, "v": 5.4327440753204295, "x": 16.458854497960296, "y": 19.731436150622617}, "datetime": {"datetime": "2023-02-09 16:00:15", "elapsed": 4645.192219, "delta": 13.669422}}
{"target": -10000.0, "params": {"omega": 0.0, "theta": 10.0, "u": 2.212107017328493, "v": 0.0, "x": 37.738590499161205, "y": 74.31003135292696}, "datetime": {"datetime": "2023-02-09 16:00:42", "elapsed": 4672.416765, "delta": 27.224546}}
{"target": -78.89101840205174, "params": {"omega": 0.0, "theta": 1.620389581305613, "u": 5.655255058031328, "v": 4.548090305113749, "x": 81.8245676015733, "y": 17.24826197197443}, "datetime": {"datetime": "2023-02-09 16:00:58", "elapsed": 4688.296514, "delta": 15.879749}}
{"target": -11.476785353819503, "params": {"omega": 0.0, "theta": 4.969404227268558, "u": 1.0310169274000638, "v": 10.0, "x": 47.21216156411508, "y": 40.756804906917175}, "datetime": {"datetime": "2023-02-09 16:01:05", "elapsed": 4695.622615, "delta": 7.326101}}
{"target": -12.059521657040642, "params": {"omega": 0.0, "theta": 7.383939977383735, "u": 1.584413536240854, "v": 10.0, "x": 73.76027250718964, "y": 54.452075624754904}, "datetime": {"datetime": "2023-02-09 16:01:13", "elapsed": 4703.328793, "delta": 7.706178}}
{"target": -22.720023251774183, "params": {"omega": 0.0, "theta": 10.0, "u": 4.928155199565452, "v": 10.0, "x": 98.03188295388709, "y": 75.12065561852651}, "datetime": {"datetime": "2023-02-09 16:01:23", "elapsed": 4713.068006, "delta": 9.739213}}
{"target": -45.621584171547354, "params": {"omega": 0.0, "theta": 10.0, "u": 9.636188268821815, "v": 10.0, "x": 75.22511315542026, "y": 5.961553540504998}, "datetime": {"datetime": "2023-02-09 16:01:35", "elapsed": 4724.822199, "delta": 11.754193}}
{"target": -75.90929870700622, "params": {"omega": 1.0, "theta": 10.0, "u": 6.677453199488383, "v": 10.0, "x": 25.043754177801464, "y": 1.282331834547962}, "datetime": {"datetime": "2023-02-09 16:01:45", "elapsed": 4734.895158, "delta": 10.072959}}
{"target": -3.033586345373705, "params": {"omega": 0.0, "theta": 6.684710380237217, "u": 0.0, "v": 0.0, "x": 64.64608342733838, "y": 48.08413082565893}, "datetime": {"datetime": "2023-02-09 16:02:02", "elapsed": 4752.46034, "delta": 17.565182}}
{"target": -2.8899911939608907, "params": {"omega": 0.0, "theta": 4.803648166507385, "u": 0.0, "v": 3.355962842636708, "x": 16.59294807183896, "y": 22.283459243373713}, "datetime": {"datetime": "2023-02-09 16:02:21", "elapsed": 4771.001192, "delta": 18.540852}}
{"target": -67.24437310056051, "params": {"omega": 1.0, "theta": 10.0, "u": 6.4889250519550545, "v": 10.0, "x": 58.77429494446822, "y": 35.332173351626146}, "datetime": {"datetime": "2023-02-09 16:02:31", "elapsed": 4781.008212, "delta": 10.00702}}
{"target": -20.040052280643483, "params": {"omega": 0.38479514992424446, "theta": 2.5734869522070545, "u": 0.038130674160922196, "v": 9.90895235147081, "x": 81.24312846893672, "y": 15.264367056036399}, "datetime": {"datetime": "2023-02-09 16:02:38", "elapsed": 4787.723941, "delta": 6.715729}}
{"target": -38.106729331500794, "params": {"omega": 0.0, "theta": 7.861945285564211, "u": 7.013625686413785, "v": 10.0, "x": 72.48653418737116, "y": 50.33136378862698}, "datetime": {"datetime": "2023-02-09 16:02:49", "elapsed": 4799.102174, "delta": 11.378233}}
{"target": -31.13503619509534, "params": {"omega": 1.0, "theta": 8.721869168783483, "u": 0.5576029031031358, "v": 10.0, "x": 55.78843932220208, "y": 33.40251929160077}, "datetime": {"datetime": "2023-02-09 16:02:56", "elapsed": 4806.265153, "delta": 7.162979}}
{"target": -10000.0, "params": {"omega": 1.0, "theta": 4.972706572999226, "u": 0.0, "v": 10.0, "x": 67.14145326936395, "y": 38.49463077772319}, "datetime": {"datetime": "2023-02-09 16:03:36", "elapsed": 4845.907683, "delta": 39.64253}}
{"target": -10000.0, "params": {"omega": 1.0, "theta": 10.0, "u": 0.0, "v": 10.0, "x": 48.649220393494446, "y": 36.61763637706051}, "datetime": {"datetime": "2023-02-09 16:04:18", "elapsed": 4888.024266, "delta": 42.116583}}
{"target": -44.43365745427533, "params": {"omega": 0.0, "theta": 7.350899338706298, "u": 7.746534490365813, "v": 5.946177269578644, "x": 55.34144974429133, "y": 37.26735889585912}, "datetime": {"datetime": "2023-02-09 16:04:31", "elapsed": 4900.972431, "delta": 12.948165}}
{"target": -58.662116789694586, "params": {"omega": 0.5058455970572356, "theta": 8.924567616733832, "u": 7.892083710952251, "v": 6.169435897711832, "x": 52.039357267285865, "y": 42.315929249806786}, "datetime": {"datetime": "2023-02-09 16:04:43", "elapsed": 4913.168634, "delta": 12.196203}}
{"target": -4.127369318005536, "params": {"omega": 0.0, "theta": 6.478604423227149, "u": 0.0, "v": 7.35197453402349, "x": 83.27087013059084, "y": 89.52387649902724}, "datetime": {"datetime": "2023-02-09 16:05:03", "elapsed": 4932.854674, "delta": 19.68604}}
{"target": -45.74044939049648, "params": {"omega": 0.0, "theta": 5.4511656271905595, "u": 5.855213903733456, "v": 10.0, "x": 55.4709779082116, "y": 32.6724859074811}, "datetime": {"datetime": "2023-02-09 16:05:14", "elapsed": 4943.822296, "delta": 10.967622}}
{"target": -45.53601097626058, "params": {"omega": 0.9025974822234457, "theta": 9.706221067271205, "u": 3.52323591737394, "v": 9.593583230302396, "x": 37.900624484350644, "y": 56.11085234140959}, "datetime": {"datetime": "2023-02-09 16:05:22", "elapsed": 4952.666229, "delta": 8.843933}}
{"target": -5.026131228826102, "params": {"omega": 0.0, "theta": 10.0, "u": 0.21846193618762652, "v": 7.695071670059622, "x": 91.2854881145178, "y": 98.24174794602034}, "datetime": {"datetime": "2023-02-09 16:05:29", "elapsed": 4959.390616, "delta": 6.724387}}
{"target": -43.82094302905776, "params": {"omega": 0.0, "theta": 10.0, "u": 10.0, "v": 10.0, "x": 53.55695833274207, "y": 34.32256111253043}, "datetime": {"datetime": "2023-02-09 16:05:42", "elapsed": 4972.142475, "delta": 12.751859}}
{"target": -64.20735305952032, "params": {"omega": 0.9921102276565253, "theta": 5.611131208565162, "u": 4.027190820526525, "v": 9.899640993190213, "x": 76.42063658889484, "y": 46.57110667217652}, "datetime": {"datetime": "2023-02-09 16:05:51", "elapsed": 4981.326777, "delta": 9.184302}}
{"target": -24.737250411246972, "params": {"omega": 0.0, "theta": 10.0, "u": 4.896042492125371, "v": 5.677673385485509, "x": 56.1552375584012, "y": 31.521340468214394}, "datetime": {"datetime": "2023-02-09 16:06:02", "elapsed": 4992.336959, "delta": 11.010182}}
{"target": -10000.0, "params": {"omega": 1.0, "theta": 10.0, "u": 0.0, "v": 8.820952892833054, "x": 81.54575724355358, "y": 31.933839220623128}, "datetime": {"datetime": "2023-02-09 16:06:42", "elapsed": 5032.34815, "delta": 40.011191}}
{"target": -10000.0, "params": {"omega": 0.9005991812877437, "theta": 4.2107740674514025, "u": 9.278133463472201, "v": 9.242176486578341, "x": 51.289134904080456, "y": 36.0768582723326}, "datetime": {"datetime": "2023-02-09 16:06:47", "elapsed": 5037.04589, "delta": 4.69774}}
{"target": -3.0270664286353948, "params": {"omega": 0.0, "theta": 2.7902523870178926, "u": 0.0, "v": 0.0, "x": 66.65457279050538, "y": 43.1787003035926}, "datetime": {"datetime": "2023-02-09 16:07:09", "elapsed": 5058.987719, "delta": 21.941829}}
{"target": -22.33843903721528, "params": {"omega": 0.0, "theta": 8.015370860239063, "u": 3.3998388365357743, "v": 10.0, "x": 58.01700335454389, "y": 28.426174449948924}, "datetime": {"datetime": "2023-02-09 16:07:23", "elapsed": 5072.721379, "delta": 13.73366}}
{"target": -1.692428788719514, "params": {"omega": 0.0, "theta": 10.0, "u": 0.0, "v": 8.433557747303011, "x": 55.44351704158803, "y": 66.39998393985728}, "datetime": {"datetime": "2023-02-09 16:07:49", "elapsed": 5099.4693, "delta": 26.747921}}
{"target": -17.154787315706407, "params": {"omega": 0.22582140599360123, "theta": 9.774509453371003, "u": 2.097136695500492, "v": 5.165130094942457, "x": 85.41931809902069, "y": 95.74912815852397}, "datetime": {"datetime": "2023-02-09 16:08:01", "elapsed": 5111.639544, "delta": 12.170244}}
{"target": -32.722744932399465, "params": {"omega": 0.3250978637948254, "theta": 8.83119813071363, "u": 3.6883355872816947, "v": 5.4819684487693285, "x": 58.90474007690363, "y": 36.593499931017156}, "datetime": {"datetime": "2023-02-09 16:08:15", "elapsed": 5124.932007, "delta": 13.292463}}
{"target": -4.083918987812777, "params": {"omega": 0.0, "theta": 6.341425805322376, "u": 0.0, "v": 0.0, "x": 89.12106755948017, "y": 32.8768001193907}, "datetime": {"datetime": "2023-02-09 16:08:44", "elapsed": 5154.402218, "delta": 29.470211}}
{"target": -41.81374339631042, "params": {"omega": 0.0, "theta": 10.0, "u": 9.281900814714522, "v": 10.0, "x": 56.522203593761006, "y": 28.822852797967116}, "datetime": {"datetime": "2023-02-09 16:09:07", "elapsed": 5177.45341, "delta": 23.051192}}
{"target": -3.390184574983351, "params": {"omega": 0.0, "theta": 4.316169853201722, "u": 0.0, "v": 0.0, "x": 64.06636317788042, "y": 54.96067708609534}, "datetime": {"datetime": "2023-02-09 16:09:43", "elapsed": 5213.363339, "delta": 35.909929}}
{"target": -18.764724013852792, "params": {"omega": 0.0, "theta": 10.0, "u": 4.025583862670614, "v": 10.0, "x": 86.64944884232416, "y": 98.90004817831425}, "datetime": {"datetime": "2023-02-09 16:09:59", "elapsed": 5229.363302, "delta": 15.999963}}
{"target": -33.992372679715, "params": {"omega": 0.9324994279810697, "theta": 0.4762071928225353, "u": 0.2088455632811781, "v": 7.892197162833514, "x": 60.193240071549134, "y": 58.01583926313103}, "datetime": {"datetime": "2023-02-09 16:10:16", "elapsed": 5245.762413, "delta": 16.399111}}
{"target": -10000.0, "params": {"omega": 0.0, "theta": 2.014189049511396, "u": 5.81098120511732, "v": 7.382202634591178, "x": 13.901183620433356, "y": 20.050081310249418}, "datetime": {"datetime": "2023-02-09 16:10:54", "elapsed": 5284.394924, "delta": 38.632511}}
{"target": -5.196818393007989, "params": {"omega": 0.0, "theta": 10.0, "u": 0.0, "v": 2.1817100407689716, "x": 61.4807586507468, "y": 66.5306898187526}, "datetime": {"datetime": "2023-02-09 16:11:32", "elapsed": 5322.475332, "delta": 38.080408}}
{"target": -51.20454438408307, "params": {"omega": 0.0, "theta": 4.156285535881779, "u": 4.818006025127648, "v": 10.0, "x": 23.528419440064972, "y": 12.152784631648174}, "datetime": {"datetime": "2023-02-09 16:11:52", "elapsed": 5342.657183, "delta": 20.181851}}
{"target": -3.886898673878503, "params": {"omega": 0.0, "theta": 10.0, "u": 0.0, "v": 0.0, "x": 92.18480976162604, "y": 38.85379480175232}, "datetime": {"datetime": "2023-02-09 16:12:30", "elapsed": 5380.388875, "delta": 37.731692}}
{"target": -10000.0, "params": {"omega": 1.0, "theta": 10.0, "u": 0.0, "v": 0.0, "x": 93.9197131565236, "y": 32.116684235568655}, "datetime": {"datetime": "2023-02-09 16:14:01", "elapsed": 5471.551965, "delta": 91.16309}}
{"target": -19.036706408249195, "params": {"omega": 0.0, "theta": 6.112648337829162, "u": 2.4773444091057772, "v": 2.8528681984111017, "x": 90.39805456777432, "y": 39.03495950194075}, "datetime": {"datetime": "2023-02-09 16:14:24", "elapsed": 5494.632579, "delta": 23.080614}}
{"target": -30.482581337722717, "params": {"omega": 0.0, "theta": 10.0, "u": 4.100162025478631, "v": 0.3606262000123988, "x": 87.74491822066736, "y": 36.561281942696375}, "datetime": {"datetime": "2023-02-09 16:15:06", "elapsed": 5536.47766, "delta": 41.845081}}
{"target": -13.901935123849206, "params": {"omega": 0.06685560597047668, "theta": 8.979875724419836, "u": 1.0440477023147032, "v": 0.8446728603222231, "x": 66.66241890306236, "y": 41.31353586730611}, "datetime": {"datetime": "2023-02-09 16:15:29", "elapsed": 5559.420554, "delta": 22.942894}}
{"target": -7.2200764287080785, "params": {"omega": 0.0, "theta": 1.6685036774471067, "u": 0.0, "v": 6.580161013010665, "x": 53.59506354056059, "y": 53.48403725888897}, "datetime": {"datetime": "2023-02-09 16:16:18", "elapsed": 5608.326019, "delta": 48.905465}}
{"target": -73.64497341147691, "params": {"omega": 0.4723735659378625, "theta": 7.23162416465391, "u": 8.909117494598418, "v": 6.507148194635558, "x": 22.471338984697688, "y": 16.083970639642974}, "datetime": {"datetime": "2023-02-09 16:16:50", "elapsed": 5640.438459, "delta": 32.11244}}
{"target": -27.969331188558442, "params": {"omega": 0.0, "theta": 10.0, "u": 5.8960549209270345, "v": 4.7664239205068, "x": 92.45639398306048, "y": 38.806325985545016}, "datetime": {"datetime": "2023-02-09 16:17:19", "elapsed": 5669.551164, "delta": 29.112705}}
{"target": -38.75003595011616, "params": {"omega": 0.16318488472097625, "theta": 5.027053337369974, "u": 2.188886553058987, "v": 0.27204520900269924, "x": 88.30064417733257, "y": 26.94349956908105}, "datetime": {"datetime": "2023-02-09 16:17:53", "elapsed": 5703.295384, "delta": 33.74422}}
