{"target": -0.6684854272865102, "params": {"omega": 0.01, "theta": 0.2, "u": 0.001, "v": 1.0, "x": 99.0, "y": 99.0}, "datetime": {"datetime": "2023-02-09 14:42:50", "elapsed": 0.0, "delta": 0.0}}
{"target": -10000.0, "params": {"omega": 0.417022004702574, "theta": 7.203244934421581, "u": 0.0011437481734488664, "v": 3.0233257263183977, "x": 14.675589081711305, "y": 9.233859476879779}, "datetime": {"datetime": "2023-02-09 14:43:27", "elapsed": 36.948345, "delta": 36.948345}}
{"target": -42.557549571673064, "params": {"omega": 0.1862602113776709, "theta": 3.4556072704304777, "u": 3.9676747423066994, "v": 5.3881673400335695, "x": 41.91945144032948, "y": 68.52195003967594}, "datetime": {"datetime": "2023-02-09 14:43:36", "elapsed": 46.298934, "delta": 9.350589}}
{"target": -11.310009500458381, "params": {"omega": 0.20445224973151743, "theta": 8.781174363909454, "u": 0.27387593197926163, "v": 6.704675101784022, "x": 41.730480236712694, "y": 55.868982844575164}, "datetime": {"datetime": "2023-02-09 14:43:42", "elapsed": 51.754204, "delta": 5.45527}}
{"target": -10000.0, "params": {"omega": 0.14038693859523377, "theta": 1.981014890848788, "u": 8.007445686755366, "v": 9.682615757193975, "x": 31.342417815924286, "y": 69.23226156693141}, "datetime": {"datetime": "2023-02-09 14:44:00", "elapsed": 69.804757, "delta": 18.050553}}
{"target": -10000.0, "params": {"omega": 0.8763891522960383, "theta": 8.946066635038473, "u": 0.8504421136977791, "v": 0.3905478323288236, "x": 16.98304195645689, "y": 87.8142503429413}, "datetime": {"datetime": "2023-02-09 14:44:26", "elapsed": 95.821925, "delta": 26.017168}}
{"target": -10000.0, "params": {"omega": 0.0983468338330501, "theta": 4.211076250050522, "u": 9.57889530150502, "v": 5.331652849730171, "x": 69.18771139504733, "y": 31.551563100606295}, "datetime": {"datetime": "2023-02-09 14:44:48", "elapsed": 117.895959, "delta": 22.074034}}
{"target": -14.347573613909264, "params": {"omega": 0.6865009276815837, "theta": 8.346256718973729, "u": 0.18288277344191806, "v": 7.501443149449675, "x": 98.88610889064947, "y": 74.81656543798394}, "datetime": {"datetime": "2023-02-09 14:44:53", "elapsed": 123.595519, "delta": 5.69956}}
{"target": -20.860146559306795, "params": {"omega": 0.2804439920644052, "theta": 7.892793284514886, "u": 1.0322600657764203, "v": 4.478935261759052, "x": 90.85955030930955, "y": 29.36141483736795}, "datetime": {"datetime": "2023-02-09 14:45:00", "elapsed": 130.321933, "delta": 6.726414}}
{"target": -26.9763401185693, "params": {"omega": 0.28777533858634874, "theta": 1.3002857211827767, "u": 0.19366957870297075, "v": 6.788355329398909, "x": 21.162811600005902, "y": 26.554665937222623}, "datetime": {"datetime": "2023-02-09 14:45:08", "elapsed": 138.247644, "delta": 7.925711}}
{"target": -10000.0, "params": {"omega": 0.4915731592803383, "theta": 0.5336254511708038, "u": 5.741176054920131, "v": 1.4672857490581015, "x": 58.93055369032842, "y": 69.97583600209312}, "datetime": {"datetime": "2023-02-09 14:45:36", "elapsed": 166.306424, "delta": 28.05878}}
{"target": -56.91625371874315, "params": {"omega": 0.10233442882782584, "theta": 4.140559878195683, "u": 6.944001577277451, "v": 4.141792695269027, "x": 4.995345894608716, "y": 53.58964059155116}, "datetime": {"datetime": "2023-02-09 14:45:51", "elapsed": 181.57731, "delta": 15.270886}}
{"target": -10000.0, "params": {"omega": 0.6637946452197888, "theta": 5.148891120583086, "u": 9.445947559908133, "v": 5.865550405019929, "x": 90.34019152878835, "y": 13.747470414623752}, "datetime": {"datetime": "2023-02-09 14:46:21", "elapsed": 211.483005, "delta": 29.905695}}
{"target": -29.786490097641174, "params": {"omega": 0.13927634725075855, "theta": 8.073912887095238, "u": 3.9767683698553355, "v": 1.6535419711693278, "x": 92.75085803960339, "y": 34.776585974550656}, "datetime": {"datetime": "2023-02-09 14:46:37", "elapsed": 227.404129, "delta": 15.921124}}
{"target": -107.7764448270496, "params": {"omega": 0.7508121031361555, "theta": 7.259979853504515, "u": 8.833060912058098, "v": 6.236722070556089, "x": 75.09424340273372, "y": 34.88983419778425}, "datetime": {"datetime": "2023-02-09 14:46:50", "elapsed": 240.353759, "delta": 12.94963}}
{"target": -27.250845322299163, "params": {"omega": 0.2699278917650261, "theta": 8.958862181960669, "u": 4.280911898712949, "v": 9.648400471483855, "x": 66.3441497818448, "y": 62.16957202091218}, "datetime": {"datetime": "2023-02-09 14:46:58", "elapsed": 248.343927, "delta": 7.990168}}
{"target": -26.57265112681843, "params": {"omega": 0.11474597295337519, "theta": 9.494892587070712, "u": 4.499121334799405, "v": 5.783896143871318, "x": 40.81368027612812, "y": 23.70269802430277}, "datetime": {"datetime": "2023-02-09 14:47:07", "elapsed": 257.489409, "delta": 9.145482}}
{"target": -20.25833185586824, "params": {"omega": 0.9033795205622538, "theta": 5.7367948667228585, "u": 0.0287032703115897, "v": 6.171449136207238, "x": 32.664490177209615, "y": 52.70581022576093}, "datetime": {"datetime": "2023-02-09 14:47:15", "elapsed": 265.501919, "delta": 8.01251}}
{"target": -10000.0, "params": {"omega": 0.8859420993107745, "theta": 3.5726976000249975, "u": 9.085351509197992, "v": 6.233601157918027, "x": 1.5821242846556283, "y": 92.94372337437613}, "datetime": {"datetime": "2023-02-09 14:47:18", "elapsed": 268.340848, "delta": 2.838929}}
{"target": -38.19268653317742, "params": {"omega": 0.690896917516924, "theta": 9.973228504514806, "u": 1.7234050834532855, "v": 1.3713574962887776, "x": 93.25954630371636, "y": 69.68181614899002}, "datetime": {"datetime": "2023-02-09 14:47:27", "elapsed": 277.359179, "delta": 9.018331}}
{"target": -43.518724853588616, "params": {"omega": 0.06600017272206249, "theta": 7.554630526024663, "u": 7.538761884612464, "v": 9.230245355464833, "x": 71.15247586284717, "y": 12.42709619721647}, "datetime": {"datetime": "2023-02-09 14:47:37", "elapsed": 286.987556, "delta": 9.628377}}
{"target": -7.82532479364164, "params": {"omega": 0.01988013383979559, "theta": 0.2621098687771928, "u": 0.28306488020794607, "v": 2.462110676030459, "x": 86.0027948682888, "y": 53.883106434165285}, "datetime": {"datetime": "2023-02-09 14:47:43", "elapsed": 293.661245, "delta": 6.673689}}
{"target": -24.635411962955267, "params": {"omega": 0.5528219786857659, "theta": 8.420308923596057, "u": 1.2417331511991114, "v": 2.791836790111395, "x": 58.575927145828786, "y": 96.95957483196746}, "datetime": {"datetime": "2023-02-09 14:47:52", "elapsed": 301.807573, "delta": 8.146328}}
{"target": -10000.0, "params": {"omega": 0.56103021925571, "theta": 0.1864728937294302, "u": 8.006326726806163, "v": 2.3297427384102045, "x": 80.71051956187792, "y": 38.786064406417175}, "datetime": {"datetime": "2023-02-09 14:48:15", "elapsed": 325.15355, "delta": 23.345977}}
{"target": -10000.0, "params": {"omega": 0.8635418545594287, "theta": 7.471216427371846, "u": 5.562402339904189, "v": 1.3645522566068502, "x": 5.991768951221166, "y": 12.134345574073734}, "datetime": {"datetime": "2023-02-09 14:48:27", "elapsed": 337.593316, "delta": 12.439766}}
{"target": -113.69263634134951, "params": {"omega": 0.044551878544761725, "theta": 1.074941291060929, "u": 2.257093386078547, "v": 7.129889803826766, "x": 55.97169820541424, "y": 1.2555980159115854}, "datetime": {"datetime": "2023-02-09 14:48:42", "elapsed": 352.544511, "delta": 14.951195}}
{"target": -39.86594608744229, "params": {"omega": 0.07197427968948678, "theta": 9.672763300002721, "u": 5.681004619199421, "v": 2.032932346609905, "x": 25.232574457032342, "y": 74.3825854075093}, "datetime": {"datetime": "2023-02-09 14:49:00", "elapsed": 370.468524, "delta": 17.924013}}
{"target": -59.39423138985537, "params": {"omega": 0.1954294811093188, "theta": 5.813589272732578, "u": 9.700199890883123, "v": 8.468288014900352, "x": 23.984775914758615, "y": 49.376971426873}, "datetime": {"datetime": "2023-02-09 14:49:12", "elapsed": 381.911347, "delta": 11.442823}}
{"target": -10000.0, "params": {"omega": 0.6199557183813798, "theta": 8.289808995501787, "u": 1.5679139464608427, "v": 0.18576202177409518, "x": 7.002214371922233, "y": 48.63451109370318}, "datetime": {"datetime": "2023-02-09 14:49:18", "elapsed": 388.439193, "delta": 6.527846}}
{"target": -48.79371106315791, "params": {"omega": 0.6063294616533303, "theta": 5.688514370864813, "u": 3.1736240932216075, "v": 9.886161544124489, "x": 57.97452192457969, "y": 38.01411726235504}, "datetime": {"datetime": "2023-02-09 14:49:26", "elapsed": 395.779583, "delta": 7.34039}}
{"target": -10000.0, "params": {"omega": 0.5509482191178968, "theta": 7.453344309065021, "u": 6.6923289345318455, "v": 2.649195576628094, "x": 6.633483442844157, "y": 37.00841979141063}, "datetime": {"datetime": "2023-02-09 14:49:45", "elapsed": 415.118168, "delta": 19.338585}}
{"target": -10000.0, "params": {"omega": 0.6297175070215645, "theta": 2.1017400991483957, "u": 7.527555537388139, "v": 0.6653648135411494, "x": 26.031509857854097, "y": 80.47545637433454}, "datetime": {"datetime": "2023-02-09 14:50:13", "elapsed": 443.044062, "delta": 27.925894}}
{"target": -43.91263273932931, "params": {"omega": 0.19343428262332774, "theta": 6.3946088087994015, "u": 5.246703091237337, "v": 9.248079703993508, "x": 26.329677048711098, "y": 6.596109068402378}, "datetime": {"datetime": "2023-02-09 14:50:22", "elapsed": 451.783756, "delta": 8.739694}}
{"target": -78.23273747876912, "params": {"omega": 0.7350659632886695, "theta": 7.721780295432468, "u": 9.07815852503524, "v": 9.319720691968373, "x": 1.3951572975597015, "y": 23.43620861214205}, "datetime": {"datetime": "2023-02-09 14:50:31", "elapsed": 461.597905, "delta": 9.814149}}
{"target": -69.46015709482566, "params": {"omega": 0.6167783570016576, "theta": 9.490163206876165, "u": 9.501761192470797, "v": 5.566531881951564, "x": 91.56063497662745, "y": 64.15662089463375}, "datetime": {"datetime": "2023-02-09 14:50:44", "elapsed": 474.329965, "delta": 12.73206}}
{"target": -64.90048327686364, "params": {"omega": 0.39000771414124624, "theta": 4.859906670969098, "u": 6.0431048291997325, "v": 5.495479215085625, "x": 92.61814267064537, "y": 91.8733435633606}, "datetime": {"datetime": "2023-02-09 14:50:55", "elapsed": 485.444739, "delta": 11.114774}}
{"target": -34.689382022263665, "params": {"omega": 0.3948756129235549, "theta": 9.632625284407117, "u": 1.7395566668046436, "v": 1.2632951943963733, "x": 13.507915804673132, "y": 50.56621656768967}, "datetime": {"datetime": "2023-02-09 14:51:06", "elapsed": 496.218888, "delta": 10.774149}}
{"target": -10000.0, "params": {"omega": 0.021524805274197978, "theta": 9.47970211217681, "u": 8.271154711707325, "v": 0.1501898074212238, "x": 17.619625557505525, "y": 33.206357436683696}, "datetime": {"datetime": "2023-02-09 14:51:12", "elapsed": 501.888874, "delta": 5.669986}}
{"target": -21.10379444224354, "params": {"omega": 0.1309968448109169, "theta": 8.094906921265821, "u": 3.4473665268329343, "v": 9.401074823333671, "x": 58.201417994708, "y": 87.8831984411844}, "datetime": {"datetime": "2023-02-09 14:51:19", "elapsed": 509.545383, "delta": 7.656509}}
{"target": -66.57869319646578, "params": {"omega": 0.8447344453922219, "theta": 9.053923187086493, "u": 4.598802658168069, "v": 5.463468160203733, "x": 79.86035911520393, "y": 28.571885173414756}, "datetime": {"datetime": "2023-02-09 14:51:29", "elapsed": 519.021794, "delta": 9.476411}}
{"target": -13.912706108679034, "params": {"omega": 0.4902535226199277, "theta": 5.991103076458783, "u": 0.15533275550835723, "v": 5.934814081966372, "x": 43.36763489894583, "y": 80.73605288848414}, "datetime": {"datetime": "2023-02-09 14:51:34", "elapsed": 524.667756, "delta": 5.645962}}
{"target": -51.98507415750831, "params": {"omega": 0.31524480309537295, "theta": 8.928887085251514, "u": 5.778572152845355, "v": 1.8401020162746506, "x": 78.79292338255043, "y": 61.203117704493394}, "datetime": {"datetime": "2023-02-09 14:51:51", "elapsed": 541.369032, "delta": 16.701276}}
{"target": -10000.0, "params": {"omega": 0.053909272073752956, "theta": 4.201936800011322, "u": 6.790688365654296, "v": 9.18601777977526, "x": 0.04020248913574331, "y": 97.67591490310596}, "datetime": {"datetime": "2023-02-09 14:52:10", "elapsed": 560.488845, "delta": 19.119813}}
{"target": -35.903961391572906, "params": {"omega": 0.37658031474577447, "theta": 9.737835383583226, "u": 6.04716100974053, "v": 8.28845807980693, "x": 57.47115047081023, "y": 62.80761983073504}, "datetime": {"datetime": "2023-02-09 14:52:19", "elapsed": 569.483507, "delta": 8.994662}}
{"target": -50.46302070513762, "params": {"omega": 0.28557628169569393, "theta": 5.868333406560829, "u": 7.5002176370266, "v": 8.583138364290424, "x": 75.50821884676802, "y": 69.80572484473029}, "datetime": {"datetime": "2023-02-09 14:52:29", "elapsed": 579.465748, "delta": 9.982241}}
{"target": -10000.0, "params": {"omega": 0.8644794300545998, "theta": 3.2268099683674647, "u": 6.707887907875873, "v": 4.508739364133492, "x": 38.210275203151724, "y": 41.08113499221856}, "datetime": {"datetime": "2023-02-09 14:52:33", "elapsed": 582.71547, "delta": 3.249722}}
{"target": -10000.0, "params": {"omega": 0.4014795834695406, "theta": 3.1738394595827693, "u": 6.2191936792030145, "v": 4.302472708212644, "x": 97.38020779272523, "y": 67.78008914343111}, "datetime": {"datetime": "2023-02-09 14:53:04", "elapsed": 614.422482, "delta": 31.707012}}
{"target": -28.24649683475825, "params": {"omega": 0.19856988842711087, "theta": 4.267010093480328, "u": 3.43346239774423, "v": 7.9763880395856654, "x": 87.99982885634317, "y": 90.38419558263719}, "datetime": {"datetime": "2023-02-09 14:53:12", "elapsed": 622.604817, "delta": 8.182335}}
{"target": -51.41798672726953, "params": {"omega": 0.6627198123752622, "theta": 2.7020826202975776, "u": 2.5236670150458975, "v": 8.548979426974023, "x": 52.77146463087467, "y": 80.2161084004598}, "datetime": {"datetime": "2023-02-09 14:53:20", "elapsed": 630.569509, "delta": 7.964692}}
{"target": -57.05341989105955, "params": {"omega": 0.5724885171916063, "theta": 7.331425252875111, "u": 5.190116274640558, "v": 7.70883910501888, "x": 56.885799070471556, "y": 46.570987859198084}, "datetime": {"datetime": "2023-02-09 14:53:31", "elapsed": 640.844666, "delta": 10.275157}}
{"target": -10000.0, "params": {"omega": 0.3426889079532818, "theta": 0.6820934841670412, "u": 3.7792417932809985, "v": 0.7962607769825236, "x": 98.2817113730445, "y": 18.161285133076376}, "datetime": {"datetime": "2023-02-09 14:54:05", "elapsed": 674.799904, "delta": 33.955238}}
{"target": -72.20006527942876, "params": {"omega": 0.8118586977205398, "theta": 8.749616449558982, "u": 6.884132523859433, "v": 5.694944127453757, "x": 16.097143681560876, "y": 46.68800227633063}, "datetime": {"datetime": "2023-02-09 14:54:17", "elapsed": 687.138637, "delta": 12.338733}}
{"target": -10000.0, "params": {"omega": 0.345172051155215, "theta": 2.250399578140846, "u": 5.925118687657967, "v": 3.1226983770191694, "x": 91.63055534683508, "y": 90.96355249515571}, "datetime": {"datetime": "2023-02-09 14:54:43", "elapsed": 713.557218, "delta": 26.418581}}
{"target": -72.95003859067857, "params": {"omega": 0.2571182937821962, "theta": 1.108913007440292, "u": 1.9296273201911285, "v": 4.995841706788861, "x": 72.85856679745962, "y": 20.81944384087915}, "datetime": {"datetime": "2023-02-09 14:54:51", "elapsed": 721.618954, "delta": 8.061736}}
{"target": -35.88093000151572, "params": {"omega": 0.24803355837723073, "theta": 8.516718749363669, "u": 4.158487182675273, "v": 6.166850671552362, "x": 23.366613923925005, "y": 10.196725942579743}, "datetime": {"datetime": "2023-02-09 14:55:00", "elapsed": 730.290457, "delta": 8.671503}}
{"target": -32.86272015716386, "params": {"omega": 0.5158570169685298, "theta": 4.771409870497823, "u": 1.5267164409316325, "v": 6.218062317404155, "x": 54.40101188139381, "y": 65.41373469707443}, "datetime": {"datetime": "2023-02-09 14:55:07", "elapsed": 737.147698, "delta": 6.857241}}
{"target": -26.41331383125776, "params": {"omega": 0.1445455401246598, "theta": 7.515278171352438, "u": 2.220491397999227, "v": 5.19351824366033, "x": 78.52960282216189, "y": 2.233042799180618}, "datetime": {"datetime": "2023-02-09 14:55:15", "elapsed": 744.850091, "delta": 7.702393}}
{"target": -44.97252702818671, "params": {"omega": 0.3243624597261865, "theta": 8.72922376400111, "u": 8.447096076020696, "v": 5.384405925945437, "x": 86.6608274166513, "y": 94.98059913536265}, "datetime": {"datetime": "2023-02-09 14:55:27", "elapsed": 757.199526, "delta": 12.349435}}
{"target": -29.541545557840006, "params": {"omega": 0.8264069976293413, "theta": 8.541154438365387, "u": 0.9874340182034835, "v": 6.51304332340991, "x": 70.3516988152653, "y": 61.02408126466297}, "datetime": {"datetime": "2023-02-09 14:55:34", "elapsed": 763.737364, "delta": 6.537838}}
{"target": -10000.0, "params": {"omega": 0.799615261736028, "theta": 0.3457121987163425, "u": 7.702387345549799, "v": 7.3172860073952695, "x": 25.96983932983531, "y": 25.70692988221467}, "datetime": {"datetime": "2023-02-09 14:55:36", "elapsed": 766.110482, "delta": 2.373118}}
{"target": -10000.0, "params": {"omega": 0.6323033174301278, "theta": 3.4529746159108154, "u": 7.965886780072875, "v": 4.461462320034572, "x": 78.27494147841719, "y": 99.04717836238407}, "datetime": {"datetime": "2023-02-09 14:55:58", "elapsed": 788.531447, "delta": 22.420965}}
{"target": -10000.0, "params": {"omega": 0.30024833953390007, "theta": 1.4300582825809938, "u": 9.013084363492737, "v": 5.415593788873733, "x": 97.47403708550823, "y": 63.66044000018972}, "datetime": {"datetime": "2023-02-09 14:56:20", "elapsed": 809.763565, "delta": 21.232118}}
{"target": -10000.0, "params": {"omega": 0.9939130246104789, "theta": 5.460708041429516, "u": 5.264259339055213, "v": 1.354279030721699, "x": 35.57051709838811, "y": 2.6218567296373285}, "datetime": {"datetime": "2023-02-09 14:56:45", "elapsed": 835.096584, "delta": 25.333019}}
{"target": -8.68627500163688, "params": {"omega": 0.1603951795196491, "theta": 7.456371927074961, "u": 0.3039968992878883, "v": 3.665430972437443, "x": 86.2346252838044, "y": 69.26777175073543}, "datetime": {"datetime": "2023-02-09 14:56:51", "elapsed": 840.90395, "delta": 5.807366}}
{"target": -10000.0, "params": {"omega": 0.6909421420661686, "theta": 1.8863680095531088, "u": 4.419042807484233, "v": 5.8157740734429115, "x": 98.97517076637052, "y": 20.390622523312185}, "datetime": {"datetime": "2023-02-09 14:56:54", "elapsed": 843.810074, "delta": 2.906124}}
{"target": -94.34396465448697, "params": {"omega": 0.24773290176235485, "theta": 2.6217308377291193, "u": 7.501724132979928, "v": 4.569753274356928, "x": 5.692943841109499, "y": 50.85162406102396}, "datetime": {"datetime": "2023-02-09 14:57:07", "elapsed": 857.560973, "delta": 13.750899}}
{"target": -10000.0, "params": {"omega": 0.21196016464367595, "theta": 7.986042447602102, "u": 2.9733138150727223, "v": 0.2760601195450363, "x": 59.34324494646211, "y": 84.38404289311889}, "datetime": {"datetime": "2023-02-09 14:57:30", "elapsed": 880.571466, "delta": 23.010493}}
{"target": -39.4263142317913, "params": {"omega": 0.3810161240622142, "theta": 7.4985831072614335, "u": 5.111414782971282, "v": 5.409518049621886, "x": 95.94343210617524, "y": 80.39608914986468}, "datetime": {"datetime": "2023-02-09 14:57:40", "elapsed": 890.507759, "delta": 9.936293}}
{"target": -31.64058328876474, "params": {"omega": 0.03232306662357398, "theta": 7.0938725123129505, "u": 4.6500148156350605, "v": 9.475489413950998, "x": 22.14327343234883, "y": 26.70720196843658}, "datetime": {"datetime": "2023-02-09 14:57:50", "elapsed": 900.199894, "delta": 9.692135}}
{"target": -12.591485512286996, "params": {"omega": 0.081473964877262, "theta": 4.2861882866378656, "u": 1.090187640190683, "v": 6.337867606119179, "x": 80.29632373737378, "y": 69.68004961201785}, "datetime": {"datetime": "2023-02-09 14:57:58", "elapsed": 907.97481, "delta": 7.774916}}
{"target": -10000.0, "params": {"omega": 0.7662113810757705, "theta": 3.424541198435198, "u": 8.458514830276776, "v": 4.287687749994426, "x": 82.40098704123187, "y": 62.64961586242938}, "datetime": {"datetime": "2023-02-09 14:58:21", "elapsed": 931.590856, "delta": 23.616046}}
{"target": -31.61394838744786, "params": {"omega": 0.1434230486702449, "theta": 0.7838689985494796, "u": 0.1833264291300729, "v": 0.6672499763935646, "x": 45.85838137084318, "y": 11.334192276759048}, "datetime": {"datetime": "2023-02-09 14:58:28", "elapsed": 938.419978, "delta": 6.829122}}
{"target": -24.932270508442006, "params": {"omega": 0.027783348848669953, "theta": 7.548614813904674, "u": 3.948504804606394, "v": 7.469384956075251, "x": 45.24048267464516, "y": 45.008674700076114}, "datetime": {"datetime": "2023-02-09 14:58:37", "elapsed": 947.068846, "delta": 8.648868}}
{"target": -10000.0, "params": {"omega": 0.47807250671783097, "theta": 4.74003926562194, "u": 8.031633421141697, "v": 4.023925198577358, "x": 90.4686160343623, "y": 3.7061047954035864}, "datetime": {"datetime": "2023-02-09 14:59:00", "elapsed": 969.833585, "delta": 22.764739}}
{"target": -10000.0, "params": {"omega": 0.7738743427204187, "theta": 1.2564138113773882, "u": 6.1851356691208546, "v": 0.10364261335231939, "x": 53.86272825763469, "y": 0.30179566195963625}, "datetime": {"datetime": "2023-02-09 14:59:33", "elapsed": 1003.238705, "delta": 33.40512}}
{"target": -80.98843128896134, "params": {"omega": 0.9511937854902045, "theta": 9.054020337027781, "u": 7.959669419422694, "v": 9.152743199147874, "x": 14.555823115839706, "y": 15.773006987053328}, "datetime": {"datetime": "2023-02-09 14:59:43", "elapsed": 1012.723955, "delta": 9.48525}}
{"target": -51.36780333276328, "params": {"omega": 0.187631672902434, "theta": 6.2249590229992116, "u": 9.058094960083018, "v": 9.899551783590736, "x": 71.1122458765816, "y": 73.18004091422952}, "datetime": {"datetime": "2023-02-09 14:59:53", "elapsed": 1023.198107, "delta": 10.474152}}
