{"target": -17.057172232128494, "params": {"omega": 0.01, "theta": 1.0, "u": 0.001, "v": 1.0, "x": 10.0, "y": 10.0}, "datetime": {"datetime": "2023-04-17 11:09:46", "elapsed": 0.0, "delta": 0.0}}
{"target": -10000.0, "params": {"omega": 0.417022004702574, "theta": 7.203244934421581, "u": 0.00011437481734488664, "v": 3.0233257263183977, "x": 6.467558908171131, "y": 5.9233859476879775}, "datetime": {"datetime": "2023-04-17 11:10:00", "elapsed": 14.031372, "delta": 14.031372}}
{"target": -5000.0, "params": {"omega": 0.1862602113776709, "theta": 3.4556072704304777, "u": 0.39676747423066994, "v": 5.3881673400335695, "x": 9.191945144032948, "y": 11.852195003967594}, "datetime": {"datetime": "2023-04-17 11:11:03", "elapsed": 76.941696, "delta": 62.910324}}
{"target": -26.527898978484192, "params": {"omega": 0.20445224973151743, "theta": 8.781174363909454, "u": 0.027387593197926163, "v": 6.704675101784022, "x": 9.17304802367127, "y": 10.586898284457517}, "datetime": {"datetime": "2023-04-17 11:11:08", "elapsed": 82.881045, "delta": 5.939349}}
{"target": -5000.0, "params": {"omega": 0.14038693859523377, "theta": 1.981014890848788, "u": 0.8007445686755367, "v": 9.682615757193975, "x": 8.13424178159243, "y": 11.92322615669314}, "datetime": {"datetime": "2023-04-17 11:12:01", "elapsed": 135.87446, "delta": 52.993415}}
{"target": -10000.0, "params": {"omega": 0.8763891522960383, "theta": 8.946066635038473, "u": 0.08504421136977791, "v": 0.3905478323288236, "x": 6.698304195645689, "y": 13.78142503429413}, "datetime": {"datetime": "2023-04-17 11:12:03", "elapsed": 137.736676, "delta": 1.862216}}
{"target": -5000.0, "params": {"omega": 0.0983468338330501, "theta": 4.211076250050522, "u": 0.9578895301505019, "v": 5.331652849730171, "x": 11.918771139504734, "y": 8.15515631006063}, "datetime": {"datetime": "2023-04-17 11:12:53", "elapsed": 187.292569, "delta": 49.555893}}
{"target": -10000.0, "params": {"omega": 0.6865009276815837, "theta": 8.346256718973729, "u": 0.018288277344191806, "v": 7.501443149449675, "x": 14.888610889064948, "y": 12.481656543798394}, "datetime": {"datetime": "2023-04-17 11:13:03", "elapsed": 197.353216, "delta": 10.060647}}
{"target": -10000.0, "params": {"omega": 0.2804439920644052, "theta": 7.892793284514886, "u": 0.10322600657764203, "v": 4.478935261759052, "x": 14.085955030930956, "y": 7.936141483736795}, "datetime": {"datetime": "2023-04-17 11:13:26", "elapsed": 220.39663, "delta": 23.043414}}
{"target": -5000.0, "params": {"omega": 0.28777533858634874, "theta": 1.3002857211827767, "u": 0.019366957870297075, "v": 6.788355329398909, "x": 7.11628116000059, "y": 7.655466593722262}, "datetime": {"datetime": "2023-04-17 11:14:22", "elapsed": 276.5648, "delta": 56.16817}}
{"target": -5000.0, "params": {"omega": 0.4915731592803383, "theta": 0.5336254511708038, "u": 0.5741176054920131, "v": 1.4672857490581015, "x": 10.893055369032842, "y": 11.997583600209312}, "datetime": {"datetime": "2023-04-17 11:15:07", "elapsed": 321.295332, "delta": 44.730532}}
{"target": -5000.0, "params": {"omega": 0.10233442882782584, "theta": 4.140559878195683, "u": 0.6944001577277451, "v": 4.141792695269027, "x": 5.499534589460872, "y": 10.358964059155117}, "datetime": {"datetime": "2023-04-17 11:15:55", "elapsed": 369.239678, "delta": 47.944346}}
{"target": -5000.0, "params": {"omega": 0.6637946452197888, "theta": 5.148891120583086, "u": 0.9445947559908133, "v": 5.865550405019929, "x": 14.034019152878836, "y": 6.374747041462375}, "datetime": {"datetime": "2023-04-17 11:16:42", "elapsed": 416.854997, "delta": 47.615319}}
{"target": -35.394362865688834, "params": {"omega": 0.13927634725075855, "theta": 8.073912887095238, "u": 0.3976768369855336, "v": 1.6535419711693278, "x": 14.275085803960339, "y": 8.477658597455065}, "datetime": {"datetime": "2023-04-17 11:16:48", "elapsed": 422.164378, "delta": 5.309381}}
{"target": -5000.0, "params": {"omega": 0.7508121031361555, "theta": 7.259979853504515, "u": 0.8833060912058098, "v": 6.236722070556089, "x": 12.509424340273371, "y": 8.488983419778425}, "datetime": {"datetime": "2023-04-17 11:17:36", "elapsed": 470.440276, "delta": 48.275898}}
{"target": -10000.0, "params": {"omega": 0.2699278917650261, "theta": 8.958862181960669, "u": 0.4280911898712949, "v": 9.648400471483855, "x": 11.63441497818448, "y": 11.216957202091217}, "datetime": {"datetime": "2023-04-17 11:18:25", "elapsed": 519.227459, "delta": 48.787183}}
{"target": -26.603249251239493, "params": {"omega": 0.11474597295337519, "theta": 9.494892587070712, "u": 0.4499121334799405, "v": 5.783896143871318, "x": 9.081368027612811, "y": 7.370269802430277}, "datetime": {"datetime": "2023-04-17 11:18:30", "elapsed": 524.020071, "delta": 4.792612}}
{"target": -10000.0, "params": {"omega": 0.9033795205622538, "theta": 5.7367948667228585, "u": 0.00287032703115897, "v": 6.171449136207238, "x": 8.266449017720962, "y": 10.270581022576092}, "datetime": {"datetime": "2023-04-17 11:18:39", "elapsed": 533.193268, "delta": 9.173197}}
{"target": -5000.0, "params": {"omega": 0.8859420993107745, "theta": 3.5726976000249975, "u": 0.9085351509197992, "v": 6.233601157918027, "x": 5.158212428465562, "y": 14.294372337437613}, "datetime": {"datetime": "2023-04-17 11:19:26", "elapsed": 580.663127, "delta": 47.469859}}
{"target": -10000.0, "params": {"omega": 0.690896917516924, "theta": 9.973228504514806, "u": 0.17234050834532855, "v": 1.3713574962887776, "x": 14.325954630371635, "y": 11.968181614899002}, "datetime": {"datetime": "2023-04-17 11:19:28", "elapsed": 582.064658, "delta": 1.401531}}
{"target": -29.035608655870927, "params": {"omega": 0.06600017272206249, "theta": 7.554630526024663, "u": 0.7538761884612464, "v": 9.230245355464833, "x": 12.115247586284717, "y": 6.242709619721647}, "datetime": {"datetime": "2023-04-17 11:19:33", "elapsed": 586.922276, "delta": 4.857618}}
{"target": -5000.0, "params": {"omega": 0.01988013383979559, "theta": 0.2621098687771928, "u": 0.028306488020794607, "v": 2.462110676030459, "x": 13.60027948682888, "y": 10.388310643416528}, "datetime": {"datetime": "2023-04-17 11:20:24", "elapsed": 638.793894, "delta": 51.871618}}
{"target": -10000.0, "params": {"omega": 0.5528219786857659, "theta": 8.420308923596057, "u": 0.12417331511991114, "v": 2.791836790111395, "x": 10.857592714582879, "y": 14.695957483196745}, "datetime": {"datetime": "2023-04-17 11:20:45", "elapsed": 658.927786, "delta": 20.133892}}
{"target": -5000.0, "params": {"omega": 0.56103021925571, "theta": 0.1864728937294302, "u": 0.8006326726806163, "v": 2.3297427384102045, "x": 13.071051956187791, "y": 8.878606440641718}, "datetime": {"datetime": "2023-04-17 11:21:30", "elapsed": 704.358964, "delta": 45.431178}}
{"target": -10000.0, "params": {"omega": 0.8635418545594287, "theta": 7.471216427371846, "u": 0.5562402339904189, "v": 1.3645522566068502, "x": 5.599176895122117, "y": 6.213434557407373}, "datetime": {"datetime": "2023-04-17 11:21:46", "elapsed": 720.446004, "delta": 16.08704}}
{"target": -5000.0, "params": {"omega": 0.044551878544761725, "theta": 1.074941291060929, "u": 0.2257093386078547, "v": 7.129889803826766, "x": 10.597169820541424, "y": 5.125559801591159}, "datetime": {"datetime": "2023-04-17 11:22:32", "elapsed": 766.873843, "delta": 46.427839}}
{"target": -24.5827353956927, "params": {"omega": 0.07197427968948678, "theta": 9.672763300002721, "u": 0.5681004619199421, "v": 2.032932346609905, "x": 7.523257445703234, "y": 12.43825854075093}, "datetime": {"datetime": "2023-04-17 11:22:37", "elapsed": 771.883149, "delta": 5.009306}}
{"target": -5000.0, "params": {"omega": 0.1954294811093188, "theta": 5.813589272732578, "u": 0.9700199890883123, "v": 8.468288014900352, "x": 7.398477591475862, "y": 9.937697142687298}, "datetime": {"datetime": "2023-04-17 11:23:50", "elapsed": 844.135422, "delta": 72.252273}}
{"target": -10000.0, "params": {"omega": 0.6199557183813798, "theta": 8.289808995501787, "u": 0.15679139464608427, "v": 0.18576202177409518, "x": 5.700221437192223, "y": 9.863451109370319}, "datetime": {"datetime": "2023-04-17 11:23:52", "elapsed": 846.254775, "delta": 2.119353}}
{"target": -5000.0, "params": {"omega": 0.6063294616533303, "theta": 5.688514370864813, "u": 0.31736240932216075, "v": 9.886161544124489, "x": 10.79745219245797, "y": 8.801411726235504}, "datetime": {"datetime": "2023-04-17 11:24:56", "elapsed": 910.375115, "delta": 64.12034}}
{"target": -10000.0, "params": {"omega": 0.5509482191178968, "theta": 7.453344309065021, "u": 0.6692328934531846, "v": 2.649195576628094, "x": 5.663348344284415, "y": 8.700841979141064}, "datetime": {"datetime": "2023-04-17 11:25:00", "elapsed": 914.584962, "delta": 4.209847}}
{"target": -5000.0, "params": {"omega": 0.6297175070215645, "theta": 2.1017400991483957, "u": 0.7527555537388139, "v": 0.6653648135411494, "x": 7.60315098578541, "y": 13.047545637433455}, "datetime": {"datetime": "2023-04-17 11:25:49", "elapsed": 963.482674, "delta": 48.897712}}
{"target": -5000.0, "params": {"omega": 0.19343428262332774, "theta": 6.3946088087994015, "u": 0.5246703091237337, "v": 9.248079703993508, "x": 7.63296770487111, "y": 5.659610906840237}, "datetime": {"datetime": "2023-04-17 11:27:00", "elapsed": 1034.378162, "delta": 70.895488}}
{"target": -5000.0, "params": {"omega": 0.7350659632886695, "theta": 7.721780295432468, "u": 0.907815852503524, "v": 9.319720691968373, "x": 5.139515729755971, "y": 7.343620861214205}, "datetime": {"datetime": "2023-04-17 11:27:51", "elapsed": 1085.697285, "delta": 51.319123}}
{"target": -10000.0, "params": {"omega": 0.6167783570016576, "theta": 9.490163206876165, "u": 0.9501761192470797, "v": 5.566531881951564, "x": 14.156063497662746, "y": 11.415662089463375}, "datetime": {"datetime": "2023-04-17 11:27:55", "elapsed": 1089.192621, "delta": 3.495336}}
{"target": -10000.0, "params": {"omega": 0.39000771414124624, "theta": 4.859906670969098, "u": 0.6043104829199732, "v": 5.495479215085625, "x": 14.261814267064537, "y": 14.187334356336061}, "datetime": {"datetime": "2023-04-17 11:28:23", "elapsed": 1117.09199, "delta": 27.899369}}
{"target": -10000.0, "params": {"omega": 0.3948756129235549, "theta": 9.632625284407117, "u": 0.17395566668046436, "v": 1.2632951943963733, "x": 6.350791580467313, "y": 10.056621656768968}, "datetime": {"datetime": "2023-04-17 11:28:28", "elapsed": 1122.813151, "delta": 5.721161}}
{"target": -40.181989159304955, "params": {"omega": 0.021524805274197978, "theta": 9.47970211217681, "u": 0.8271154711707325, "v": 0.1501898074212238, "x": 6.761962555750553, "y": 8.320635743668369}, "datetime": {"datetime": "2023-04-17 11:28:41", "elapsed": 1135.640535, "delta": 12.827384}}
{"target": -30.10502441426138, "params": {"omega": 0.1309968448109169, "theta": 8.094906921265821, "u": 0.34473665268329345, "v": 9.401074823333671, "x": 10.8201417994708, "y": 13.78831984411844}, "datetime": {"datetime": "2023-04-17 11:28:46", "elapsed": 1140.359601, "delta": 4.719066}}
{"target": -10000.0, "params": {"omega": 0.8447344453922219, "theta": 9.053923187086493, "u": 0.45988026581680697, "v": 5.463468160203733, "x": 12.986035911520393, "y": 7.857188517341475}, "datetime": {"datetime": "2023-04-17 11:29:04", "elapsed": 1158.231059, "delta": 17.871458}}
{"target": -10000.0, "params": {"omega": 0.4902535226199277, "theta": 5.991103076458783, "u": 0.015533275550835723, "v": 5.934814081966372, "x": 9.336763489894583, "y": 13.073605288848414}, "datetime": {"datetime": "2023-04-17 11:29:15", "elapsed": 1169.717234, "delta": 11.486175}}
{"target": -10000.0, "params": {"omega": 0.31524480309537295, "theta": 8.928887085251514, "u": 0.5778572152845355, "v": 1.8401020162746506, "x": 12.879292338255043, "y": 11.120311770449339}, "datetime": {"datetime": "2023-04-17 11:29:21", "elapsed": 1175.489776, "delta": 5.772542}}
{"target": -41.667856253169504, "params": {"omega": 0.053909272073752956, "theta": 4.201936800011322, "u": 0.6790688365654296, "v": 9.18601777977526, "x": 5.004020248913575, "y": 14.767591490310597}, "datetime": {"datetime": "2023-04-17 11:29:27", "elapsed": 1181.214714, "delta": 5.724938}}
{"target": -10000.0, "params": {"omega": 0.37658031474577447, "theta": 9.737835383583226, "u": 0.604716100974053, "v": 8.28845807980693, "x": 10.747115047081023, "y": 11.280761983073504}, "datetime": {"datetime": "2023-04-17 11:30:27", "elapsed": 1241.444846, "delta": 60.230132}}
{"target": -10000.0, "params": {"omega": 0.28557628169569393, "theta": 5.868333406560829, "u": 0.7500217637026599, "v": 8.583138364290424, "x": 12.550821884676802, "y": 11.98057248447303}, "datetime": {"datetime": "2023-04-17 11:31:18", "elapsed": 1292.250325, "delta": 50.805479}}
{"target": -5000.0, "params": {"omega": 0.8644794300545998, "theta": 3.2268099683674647, "u": 0.6707887907875872, "v": 4.508739364133492, "x": 8.821027520315173, "y": 9.108113499221856}, "datetime": {"datetime": "2023-04-17 11:32:10", "elapsed": 1343.933291, "delta": 51.682966}}
{"target": -10000.0, "params": {"omega": 0.4014795834695406, "theta": 3.1738394595827693, "u": 0.6219193679203014, "v": 4.302472708212644, "x": 14.738020779272523, "y": 11.778008914343111}, "datetime": {"datetime": "2023-04-17 11:32:32", "elapsed": 1366.605353, "delta": 22.672062}}
{"target": -10000.0, "params": {"omega": 0.19856988842711087, "theta": 4.267010093480328, "u": 0.343346239774423, "v": 7.9763880395856654, "x": 13.799982885634318, "y": 14.038419558263719}, "datetime": {"datetime": "2023-04-17 11:33:05", "elapsed": 1399.563515, "delta": 32.958162}}
{"target": -752.9549424077011, "params": {"omega": 0.6627198123752622, "theta": 2.7020826202975776, "u": 0.25236670150458973, "v": 8.548979426974023, "x": 10.277146463087465, "y": 13.02161084004598}, "datetime": {"datetime": "2023-04-17 11:33:48", "elapsed": 1442.310878, "delta": 42.747363}}
{"target": -10000.0, "params": {"omega": 0.5724885171916063, "theta": 7.331425252875111, "u": 0.5190116274640558, "v": 7.70883910501888, "x": 10.688579907047156, "y": 9.657098785919809}, "datetime": {"datetime": "2023-04-17 11:34:31", "elapsed": 1485.540743, "delta": 43.229865}}
{"target": -10000.0, "params": {"omega": 0.3426889079532818, "theta": 0.6820934841670412, "u": 0.37792417932809985, "v": 0.7962607769825236, "x": 14.82817113730445, "y": 6.816128513307637}, "datetime": {"datetime": "2023-04-17 11:34:42", "elapsed": 1496.603083, "delta": 11.06234}}
{"target": -10000.0, "params": {"omega": 0.8118586977205398, "theta": 8.749616449558982, "u": 0.6884132523859433, "v": 5.694944127453757, "x": 6.609714368156087, "y": 9.668800227633064}, "datetime": {"datetime": "2023-04-17 11:35:24", "elapsed": 1538.234605, "delta": 41.631522}}
{"target": -10000.0, "params": {"omega": 0.345172051155215, "theta": 2.250399578140846, "u": 0.5925118687657968, "v": 3.1226983770191694, "x": 14.163055534683508, "y": 14.096355249515572}, "datetime": {"datetime": "2023-04-17 11:35:51", "elapsed": 1565.645551, "delta": 27.410946}}
{"target": -10000.0, "params": {"omega": 0.2571182937821962, "theta": 1.108913007440292, "u": 0.19296273201911285, "v": 4.995841706788861, "x": 12.285856679745962, "y": 7.081944384087915}, "datetime": {"datetime": "2023-04-17 11:36:40", "elapsed": 1614.174434, "delta": 48.528883}}
{"target": -5000.0, "params": {"omega": 0.24803355837723073, "theta": 8.516718749363669, "u": 0.41584871826752734, "v": 6.166850671552362, "x": 7.3366613923925, "y": 6.019672594257974}, "datetime": {"datetime": "2023-04-17 11:37:45", "elapsed": 1679.86141, "delta": 65.686976}}
{"target": -10000.0, "params": {"omega": 0.5158570169685298, "theta": 4.771409870497823, "u": 0.15267164409316325, "v": 6.218062317404155, "x": 10.440101188139382, "y": 11.541373469707443}, "datetime": {"datetime": "2023-04-17 11:38:34", "elapsed": 1728.55384, "delta": 48.69243}}
{"target": -31.492238737075816, "params": {"omega": 0.1445455401246598, "theta": 7.515278171352438, "u": 0.2220491397999227, "v": 5.19351824366033, "x": 12.85296028221619, "y": 5.223304279918062}, "datetime": {"datetime": "2023-04-17 11:38:39", "elapsed": 1733.532699, "delta": 4.978859}}
{"target": -10000.0, "params": {"omega": 0.3243624597261865, "theta": 8.72922376400111, "u": 0.8447096076020696, "v": 5.384405925945437, "x": 13.66608274166513, "y": 14.498059913536265}, "datetime": {"datetime": "2023-04-17 11:38:43", "elapsed": 1737.2114, "delta": 3.678701}}
{"target": -5000.0, "params": {"omega": 0.8264069976293413, "theta": 8.541154438365387, "u": 0.09874340182034835, "v": 6.51304332340991, "x": 12.03516988152653, "y": 11.102408126466297}, "datetime": {"datetime": "2023-04-17 11:39:55", "elapsed": 1809.267306, "delta": 72.055906}}
{"target": -5000.0, "params": {"omega": 0.799615261736028, "theta": 0.3457121987163425, "u": 0.7702387345549799, "v": 7.3172860073952695, "x": 7.596983932983531, "y": 7.570692988221467}, "datetime": {"datetime": "2023-04-17 11:40:43", "elapsed": 1857.205533, "delta": 47.938227}}
{"target": -5000.0, "params": {"omega": 0.6323033174301278, "theta": 3.4529746159108154, "u": 0.7965886780072875, "v": 4.461462320034572, "x": 12.827494147841719, "y": 14.904717836238406}, "datetime": {"datetime": "2023-04-17 11:41:33", "elapsed": 1907.857104, "delta": 50.651571}}
{"target": -5000.0, "params": {"omega": 0.30024833953390007, "theta": 1.4300582825809938, "u": 0.9013084363492738, "v": 5.415593788873733, "x": 14.747403708550822, "y": 11.366044000018972}, "datetime": {"datetime": "2023-04-17 11:42:24", "elapsed": 1958.25106, "delta": 50.393956}}
{"target": -10000.0, "params": {"omega": 0.9939130246104789, "theta": 5.460708041429516, "u": 0.5264259339055213, "v": 1.354279030721699, "x": 8.557051709838811, "y": 5.262185672963733}, "datetime": {"datetime": "2023-04-17 11:42:50", "elapsed": 1984.546462, "delta": 26.295402}}
{"target": -26.962428938592332, "params": {"omega": 0.1603951795196491, "theta": 7.456371927074961, "u": 0.03039968992878883, "v": 3.665430972437443, "x": 13.623462528380442, "y": 11.926777175073543}, "datetime": {"datetime": "2023-04-17 11:42:56", "elapsed": 1990.004958, "delta": 5.458496}}
{"target": -624.4337573835463, "params": {"omega": 0.6909421420661686, "theta": 1.8863680095531088, "u": 0.44190428074842336, "v": 5.8157740734429115, "x": 14.897517076637053, "y": 7.0390622523312185}, "datetime": {"datetime": "2023-04-17 11:43:34", "elapsed": 2028.627661, "delta": 38.622703}}
{"target": -5000.0, "params": {"omega": 0.24773290176235485, "theta": 2.6217308377291193, "u": 0.7501724132979928, "v": 4.569753274356928, "x": 5.56929438411095, "y": 10.085162406102395}, "datetime": {"datetime": "2023-04-17 11:44:24", "elapsed": 2078.50974, "delta": 49.882079}}
{"target": -10000.0, "params": {"omega": 0.21196016464367595, "theta": 7.986042447602102, "u": 0.29733138150727223, "v": 0.2760601195450363, "x": 10.93432449464621, "y": 13.438404289311888}, "datetime": {"datetime": "2023-04-17 11:44:26", "elapsed": 2080.380535, "delta": 1.870795}}
{"target": -10000.0, "params": {"omega": 0.3810161240622142, "theta": 7.4985831072614335, "u": 0.5111414782971282, "v": 5.409518049621886, "x": 14.594343210617524, "y": 13.039608914986468}, "datetime": {"datetime": "2023-04-17 11:44:56", "elapsed": 2110.452312, "delta": 30.071777}}
{"target": -19.090381488882528, "params": {"omega": 0.03232306662357398, "theta": 7.0938725123129505, "u": 0.46500148156350607, "v": 9.475489413950998, "x": 7.214327343234883, "y": 7.670720196843658}, "datetime": {"datetime": "2023-04-17 11:45:01", "elapsed": 2115.452887, "delta": 5.000575}}
{"target": -30.299064043764382, "params": {"omega": 0.081473964877262, "theta": 4.2861882866378656, "u": 0.10901876401906829, "v": 6.337867606119179, "x": 13.029632373737378, "y": 11.968004961201785}, "datetime": {"datetime": "2023-04-17 11:45:06", "elapsed": 2120.248564, "delta": 4.795677}}
{"target": -5000.0, "params": {"omega": 0.7662113810757705, "theta": 3.424541198435198, "u": 0.8458514830276777, "v": 4.287687749994426, "x": 13.240098704123188, "y": 11.264961586242936}, "datetime": {"datetime": "2023-04-17 11:45:56", "elapsed": 2170.486292, "delta": 50.237728}}
{"target": -10000.0, "params": {"omega": 0.1434230486702449, "theta": 0.7838689985494796, "u": 0.01833264291300729, "v": 0.6672499763935646, "x": 9.585838137084318, "y": 6.133419227675905}, "datetime": {"datetime": "2023-04-17 11:45:58", "elapsed": 2172.604019, "delta": 2.117727}}
{"target": -16.922780250837853, "params": {"omega": 0.027783348848669953, "theta": 7.548614813904674, "u": 0.3948504804606394, "v": 7.469384956075251, "x": 9.524048267464515, "y": 9.500867470007611}, "datetime": {"datetime": "2023-04-17 11:46:03", "elapsed": 2177.743227, "delta": 5.139208}}
{"target": -10000.0, "params": {"omega": 0.47807250671783097, "theta": 4.74003926562194, "u": 0.8031633421141696, "v": 4.023925198577358, "x": 14.04686160343623, "y": 5.370610479540359}, "datetime": {"datetime": "2023-04-17 11:46:42", "elapsed": 2215.965633, "delta": 38.222406}}
{"target": -10000.0, "params": {"omega": 0.7738743427204187, "theta": 1.2564138113773882, "u": 0.6185135669120855, "v": 0.10364261335231939, "x": 10.38627282576347, "y": 5.030179566195963}, "datetime": {"datetime": "2023-04-17 11:47:06", "elapsed": 2240.699586, "delta": 24.733953}}
{"target": -5000.0, "params": {"omega": 0.9511937854902045, "theta": 9.054020337027781, "u": 0.7959669419422694, "v": 9.152743199147874, "x": 6.455582311583971, "y": 6.577300698705333}, "datetime": {"datetime": "2023-04-17 11:48:00", "elapsed": 2294.620122, "delta": 53.920536}}
{"target": -10000.0, "params": {"omega": 0.187631672902434, "theta": 6.2249590229992116, "u": 0.9058094960083019, "v": 9.899551783590736, "x": 12.11122458765816, "y": 12.318004091422953}, "datetime": {"datetime": "2023-04-17 11:49:08", "elapsed": 2362.065336, "delta": 67.445214}}
{"target": -677.273665858645, "params": {"omega": 0.9092932045442544, "theta": 4.008737323711209, "u": 0.24985068022503676, "v": 1.7343017078712286, "x": 6.19457050333729, "y": 13.126105880328288}, "datetime": {"datetime": "2023-04-17 11:49:49", "elapsed": 2403.582873, "delta": 41.517537}}
