{"target": -1.1227531861793496, "params": {"omega": 0.0, "theta": 7.743199920980084, "u": 0.0, "v": 3.7091035418910665, "x": 12.38257618600205, "y": 5.0}, "datetime": {"datetime": "2023-04-17 12:23:14", "elapsed": 4411.486345, "delta": 10.195982}}
{"target": -14.048167102823593, "params": {"omega": 0.0, "theta": 7.984019993661442, "u": 1.0, "v": 10.0, "x": 13.469835966552314, "y": 5.96770372969845}, "datetime": {"datetime": "2023-04-17 12:23:20", "elapsed": 4417.26297, "delta": 5.776625}}
{"target": -4.875490804940828, "params": {"omega": 0.0, "theta": 8.92302646490181, "u": 0.0, "v": 9.725573446887566, "x": 7.438857583156776, "y": 13.741160358259442}, "datetime": {"datetime": "2023-04-17 12:23:29", "elapsed": 4426.063533, "delta": 8.800563}}
{"target": -12.570051095531031, "params": {"omega": 0.0, "theta": 9.270298816321775, "u": 1.0, "v": 10.0, "x": 12.207959210295096, "y": 5.654213908961212}, "datetime": {"datetime": "2023-04-17 12:23:34", "elapsed": 4431.409842, "delta": 5.346309}}
{"target": -2.5743376715314237, "params": {"omega": 0.0, "theta": 8.704521494325949, "u": 0.0, "v": 10.0, "x": 5.640947127153829, "y": 13.854017607016083}, "datetime": {"datetime": "2023-04-17 12:23:43", "elapsed": 4440.940854, "delta": 9.531012}}
{"target": -3.998903648656559, "params": {"omega": 0.0, "theta": 9.95885500213673, "u": 0.0, "v": 10.0, "x": 8.36141448691802, "y": 15.0}, "datetime": {"datetime": "2023-04-17 12:23:53", "elapsed": 4450.383306, "delta": 9.442452}}
{"target": -2.8487567490089813, "params": {"omega": 0.0, "theta": 9.786394475918446, "u": 0.0, "v": 10.0, "x": 6.532619437508434, "y": 15.0}, "datetime": {"datetime": "2023-04-17 12:24:02", "elapsed": 4460.012891, "delta": 9.629585}}
{"target": -10.327118024597375, "params": {"omega": 0.0, "theta": 10.0, "u": 1.0, "v": 3.456708339667902, "x": 7.500666486839549, "y": 13.026439894256267}, "datetime": {"datetime": "2023-04-17 12:24:09", "elapsed": 4466.269003, "delta": 6.256112}}
{"target": -10000.0, "params": {"omega": 1.0, "theta": 3.6909177881347137, "u": 0.0, "v": 1.7122329862351964, "x": 5.0, "y": 14.70664215153989}, "datetime": {"datetime": "2023-04-17 12:24:12", "elapsed": 4470.007101, "delta": 3.738098}}
{"target": -12.333213758905623, "params": {"omega": 0.0, "theta": 9.826821985163063, "u": 1.0, "v": 10.0, "x": 14.092788758603758, "y": 5.0}, "datetime": {"datetime": "2023-04-17 12:24:18", "elapsed": 4475.82606, "delta": 5.818959}}
{"target": -7.525519382829608, "params": {"omega": 0.0, "theta": 9.725599185559307, "u": 0.0, "v": 10.0, "x": 13.554409510091315, "y": 6.477948336889106}, "datetime": {"datetime": "2023-04-17 12:24:29", "elapsed": 4486.272023, "delta": 10.445963}}
{"target": -10000.0, "params": {"omega": 0.0, "theta": 0.0, "u": 0.0, "v": 0.0, "x": 8.932172366746862, "y": 10.331037010490066}, "datetime": {"datetime": "2023-04-17 12:24:29", "elapsed": 4486.931968, "delta": 0.659945}}
{"target": -3.2099162535191463, "params": {"omega": 0.0, "theta": 8.662780449229807, "u": 0.0, "v": 10.0, "x": 15.0, "y": 5.35071374578073}, "datetime": {"datetime": "2023-04-17 12:24:39", "elapsed": 4496.523714, "delta": 9.591746}}
{"target": -12.460715654286815, "params": {"omega": 0.0, "theta": 9.483521160289293, "u": 1.0, "v": 10.0, "x": 15.0, "y": 6.706788895152925}, "datetime": {"datetime": "2023-04-17 12:24:45", "elapsed": 4502.536761, "delta": 6.013047}}
{"target": -13.790609724619602, "params": {"omega": 0.0, "theta": 7.047586219424424, "u": 1.0, "v": 4.802156344505169, "x": 11.571788549621361, "y": 5.0}, "datetime": {"datetime": "2023-04-17 12:24:52", "elapsed": 4509.231502, "delta": 6.694741}}
{"target": -6.490369476068496, "params": {"omega": 0.01843195050834112, "theta": 9.691003206433438, "u": 0.6985229478216716, "v": 8.885366019004719, "x": 14.221526224501313, "y": 5.904713823527276}, "datetime": {"datetime": "2023-04-17 12:24:57", "elapsed": 4514.887385, "delta": 5.655883}}
{"target": -5000.0, "params": {"omega": 1.0, "theta": 0.9011129608875066, "u": 1.0, "v": 6.813713982086234, "x": 15.0, "y": 8.202855221593365}, "datetime": {"datetime": "2023-04-17 12:25:47", "elapsed": 4564.694911, "delta": 49.807526}}
{"target": -10000.0, "params": {"omega": 1.0, "theta": 8.495431977344941, "u": 0.0, "v": 10.0, "x": 14.46537969529207, "y": 6.665925081209433}, "datetime": {"datetime": "2023-04-17 12:25:52", "elapsed": 4569.179937, "delta": 4.485026}}
{"target": -13.21585952868851, "params": {"omega": 0.0, "theta": 8.333154115989945, "u": 1.0, "v": 8.825449958536558, "x": 15.0, "y": 5.0}, "datetime": {"datetime": "2023-04-17 12:25:58", "elapsed": 4575.269602, "delta": 6.089665}}
{"target": -5.56529564276221, "params": {"omega": 0.0, "theta": 10.0, "u": 0.0, "v": 9.222296580728289, "x": 15.0, "y": 5.0}, "datetime": {"datetime": "2023-04-17 12:26:08", "elapsed": 4585.418827, "delta": 10.149225}}
{"target": -5000.0, "params": {"omega": 0.7354476629865804, "theta": 0.5222848481006748, "u": 0.26819348447912716, "v": 8.804768850364212, "x": 10.761998146724183, "y": 13.93253185632655}, "datetime": {"datetime": "2023-04-17 12:27:00", "elapsed": 4637.072329, "delta": 51.653502}}
{"target": -5000.0, "params": {"omega": 0.45499462778850674, "theta": 9.268573001615579, "u": 0.46771575117167463, "v": 9.726303141664522, "x": 5.7584718993890185, "y": 11.975358498041377}, "datetime": {"datetime": "2023-04-17 12:28:08", "elapsed": 4705.390242, "delta": 68.317913}}
{"target": -16.418736101653767, "params": {"omega": 0.0, "theta": 6.427810197567776, "u": 1.0, "v": 10.0, "x": 14.512864124373728, "y": 5.0}, "datetime": {"datetime": "2023-04-17 12:28:14", "elapsed": 4711.492513, "delta": 6.102271}}
{"target": -2.9850404372810004, "params": {"omega": 0.0, "theta": 8.861789923953882, "u": 0.0, "v": 9.342417987756766, "x": 13.217192339572154, "y": 5.0}, "datetime": {"datetime": "2023-04-17 12:28:23", "elapsed": 4720.934249, "delta": 9.441736}}
{"target": -19.630165816780195, "params": {"omega": 0.0, "theta": 4.840699669567071, "u": 1.0, "v": 8.711695564572642, "x": 15.0, "y": 5.0}, "datetime": {"datetime": "2023-04-17 12:28:29", "elapsed": 4726.997708, "delta": 6.063459}}
{"target": -10000.0, "params": {"omega": 0.4813482623202354, "theta": 3.8756917457843363, "u": 0.11641241916002665, "v": 9.77757908051022, "x": 14.922404357650672, "y": 5.148230910450954}, "datetime": {"datetime": "2023-04-17 12:29:05", "elapsed": 4762.53237, "delta": 35.534662}}
{"target": -3.993512540267952, "params": {"omega": 0.0, "theta": 10.0, "u": 0.0, "v": 0.33406189292564503, "x": 15.0, "y": 6.782531357066872}, "datetime": {"datetime": "2023-04-17 12:29:16", "elapsed": 4774.025932, "delta": 11.493562}}
{"target": -10000.0, "params": {"omega": 0.2029214324780707, "theta": 6.51376575939694, "u": 0.2328336067589032, "v": 8.086665895356598, "x": 14.355193395632831, "y": 5.1461309773120725}, "datetime": {"datetime": "2023-04-17 12:29:49", "elapsed": 4806.223864, "delta": 32.197932}}
{"target": -13.096010319831871, "params": {"omega": 0.0, "theta": 8.497305806061904, "u": 1.0, "v": 9.545779864723595, "x": 6.275931873065653, "y": 15.0}, "datetime": {"datetime": "2023-04-17 12:29:54", "elapsed": 4811.839102, "delta": 5.615238}}
{"target": -13.587129692476202, "params": {"omega": 0.0, "theta": 8.1291857575403, "u": 1.0, "v": 10.0, "x": 15.0, "y": 5.0}, "datetime": {"datetime": "2023-04-17 12:30:00", "elapsed": 4817.512397, "delta": 5.673295}}
{"target": -14.93265450846877, "params": {"omega": 0.046530824427563955, "theta": 6.549053989566166, "u": 0.5973556515095767, "v": 1.8962281530676084, "x": 14.51170871205412, "y": 9.712648197371612}, "datetime": {"datetime": "2023-04-17 12:30:06", "elapsed": 4823.317464, "delta": 5.805067}}
{"target": -5.76932532560129, "params": {"omega": 0.0, "theta": 10.0, "u": 0.0, "v": 3.2727674337041606, "x": 8.456917848819325, "y": 11.993597794720309}, "datetime": {"datetime": "2023-04-17 12:30:16", "elapsed": 4833.095739, "delta": 9.778275}}
{"target": -10000.0, "params": {"omega": 0.5569382062145036, "theta": 9.937317176432897, "u": 0.1302624057631414, "v": 1.1078152967610755, "x": 14.580570385579268, "y": 5.508232749591203}, "datetime": {"datetime": "2023-04-17 12:30:17", "elapsed": 4834.587914, "delta": 1.492175}}
{"target": -10000.0, "params": {"omega": 0.2369880394176409, "theta": 4.106129103243765, "u": 0.8747469587368082, "v": 0.6300510863869657, "x": 6.725291925426263, "y": 12.054578286231244}, "datetime": {"datetime": "2023-04-17 12:30:21", "elapsed": 4838.191066, "delta": 3.603152}}
{"target": -4.553859436149309, "params": {"omega": 0.0, "theta": 9.762362798337152, "u": 0.0, "v": 10.0, "x": 9.490272567670551, "y": 7.479997912714087}, "datetime": {"datetime": "2023-04-17 12:30:29", "elapsed": 4846.791693, "delta": 8.600627}}
{"target": -5000.0, "params": {"omega": 0.0, "theta": 10.0, "u": 0.0, "v": 0.0, "x": 15.0, "y": 8.13174341573683}, "datetime": {"datetime": "2023-04-17 12:32:06", "elapsed": 4943.309747, "delta": 96.518054}}
{"target": -6.016555626707896, "params": {"omega": 0.059236867354179545, "theta": 9.756464137526878, "u": 0.15091920481153676, "v": 9.53859903958221, "x": 10.843414694841867, "y": 6.085941318919391}, "datetime": {"datetime": "2023-04-17 12:32:11", "elapsed": 4948.279271, "delta": 4.969524}}
{"target": -10000.0, "params": {"omega": 0.2959272182127113, "theta": 6.770199320892649, "u": 0.1813092719972843, "v": 3.4085167713349565, "x": 14.951441131846117, "y": 10.605617844938621}, "datetime": {"datetime": "2023-04-17 12:32:27", "elapsed": 4964.161144, "delta": 15.881873}}
{"target": -4.623542172696073, "params": {"omega": 0.016839011123827574, "theta": 9.120635441285968, "u": 0.43183390551765355, "v": 9.756154450440391, "x": 9.116791906974823, "y": 6.046436966273962}, "datetime": {"datetime": "2023-04-17 12:32:32", "elapsed": 4969.074454, "delta": 4.91331}}
{"target": -3.931813100331536, "params": {"omega": 0.0, "theta": 6.827663069505379, "u": 0.0, "v": 5.58701606571201, "x": 10.180913302225767, "y": 6.029730587283946}, "datetime": {"datetime": "2023-04-17 12:32:41", "elapsed": 4979.018216, "delta": 9.943762}}
{"target": -12.600913675719422, "params": {"omega": 0.0, "theta": 9.3487072417699, "u": 1.0, "v": 8.830483285053575, "x": 8.147053468465268, "y": 15.0}, "datetime": {"datetime": "2023-04-17 12:32:47", "elapsed": 4984.762432, "delta": 5.744216}}
{"target": -2.744215973454144, "params": {"omega": 0.0, "theta": 10.0, "u": 0.0, "v": 10.0, "x": 7.818860043654596, "y": 8.670910745755359}, "datetime": {"datetime": "2023-04-17 12:32:56", "elapsed": 4993.894874, "delta": 9.132442}}
{"target": -12.198581175236868, "params": {"omega": 0.0, "theta": 7.138240783003492, "u": 1.0, "v": 1.6768970927458982, "x": 15.0, "y": 8.39789197627141}, "datetime": {"datetime": "2023-04-17 12:33:04", "elapsed": 5001.12218, "delta": 7.227306}}
{"target": -4.523512936520896, "params": {"omega": 0.0, "theta": 5.399243477843921, "u": 0.0, "v": 10.0, "x": 6.4940429307040395, "y": 7.99515794723139}, "datetime": {"datetime": "2023-04-17 12:33:13", "elapsed": 5011.001049, "delta": 9.878869}}
{"target": -11.616356684566147, "params": {"omega": 0.03349015921886267, "theta": 4.6200923545791, "u": 0.2797190988934781, "v": 9.970123642062807, "x": 8.409725632240734, "y": 6.713777520945635}, "datetime": {"datetime": "2023-04-17 12:33:18", "elapsed": 5015.810441, "delta": 4.809392}}
{"target": -26.611484069441236, "params": {"omega": 0.0, "theta": 3.6281949330135115, "u": 1.0, "v": 10.0, "x": 6.96753919587978, "y": 7.416901979335146}, "datetime": {"datetime": "2023-04-17 12:33:25", "elapsed": 5022.108734, "delta": 6.298293}}
{"target": -31.318676833391727, "params": {"omega": 0.0, "theta": 3.0597845184883035, "u": 1.0, "v": 10.0, "x": 9.00445080319641, "y": 7.562239257658667}, "datetime": {"datetime": "2023-04-17 12:33:31", "elapsed": 5028.523368, "delta": 6.414634}}
{"target": -21.97890972949552, "params": {"omega": 0.0, "theta": 4.351829837783113, "u": 1.0, "v": 8.516091974049116, "x": 8.336988473323338, "y": 7.4559765427113245}, "datetime": {"datetime": "2023-04-17 12:33:37", "elapsed": 5034.376017, "delta": 5.852649}}
{"target": -644.0697231997162, "params": {"omega": 0.7382048868720823, "theta": 2.906462717380589, "u": 0.25162283765879645, "v": 9.163074063941307, "x": 8.070865425705728, "y": 5.855103469957166}, "datetime": {"datetime": "2023-04-17 12:34:06", "elapsed": 5063.209056, "delta": 28.833039}}
{"target": -5.414545564563827, "params": {"omega": 0.0, "theta": 4.052817003834978, "u": 0.0, "v": 8.592634125555584, "x": 6.776959486978547, "y": 7.017056344726955}, "datetime": {"datetime": "2023-04-17 12:34:14", "elapsed": 5071.172435, "delta": 7.963379}}
{"target": -5000.0, "params": {"omega": 0.9958612559365381, "theta": 4.05229264438136, "u": 0.5201458156813974, "v": 9.57589790944871, "x": 9.984325188479268, "y": 6.842352570584977}, "datetime": {"datetime": "2023-04-17 12:35:00", "elapsed": 5117.652183, "delta": 46.479748}}
{"target": -10000.0, "params": {"omega": 0.21793312465168257, "theta": 4.160259596982369, "u": 0.1550020828161427, "v": 9.907215874712904, "x": 7.896344764961393, "y": 8.056404517865703}, "datetime": {"datetime": "2023-04-17 12:35:54", "elapsed": 5171.308998, "delta": 53.656815}}
{"target": -5000.0, "params": {"omega": 0.13265289700276284, "theta": 3.8912031389226986, "u": 0.5627206180071697, "v": 9.664940417761489, "x": 7.176086573268701, "y": 5.70963896991938}, "datetime": {"datetime": "2023-04-17 12:37:04", "elapsed": 5241.145006, "delta": 69.836008}}
{"target": -4.657182507248272, "params": {"omega": 0.017036128775299808, "theta": 4.738542467105508, "u": 0.17432891575344556, "v": 9.402508749004564, "x": 5.223427788723885, "y": 7.653180625192691}, "datetime": {"datetime": "2023-04-17 12:37:09", "elapsed": 5246.356388, "delta": 5.211382}}
{"target": -31.966287673669907, "params": {"omega": 0.0, "theta": 3.017100423873, "u": 1.0, "v": 8.80397051385317, "x": 5.753679980995169, "y": 7.518912903124326}, "datetime": {"datetime": "2023-04-17 12:37:16", "elapsed": 5253.571082, "delta": 7.214694}}
{"target": -5000.0, "params": {"omega": 0.026763025474679458, "theta": 1.3347837107541793, "u": 0.819441214494436, "v": 9.818352085366337, "x": 8.435557768259299, "y": 6.866000291314781}, "datetime": {"datetime": "2023-04-17 12:38:04", "elapsed": 5301.968103, "delta": 48.397021}}
{"target": -5000.0, "params": {"omega": 0.22910916857716457, "theta": 4.6681909193834015, "u": 0.6332911754144275, "v": 7.896733915067422, "x": 9.030269636980695, "y": 5.797501200254534}, "datetime": {"datetime": "2023-04-17 12:38:57", "elapsed": 5354.458183, "delta": 52.49008}}
{"target": -20.00721989909609, "params": {"omega": 0.0, "theta": 4.870644802704291, "u": 1.0, "v": 8.372930785020248, "x": 6.271679577722297, "y": 7.682088255234668}, "datetime": {"datetime": "2023-04-17 12:39:04", "elapsed": 5361.180133, "delta": 6.72195}}
{"target": -15.300490217749873, "params": {"omega": 0.043316423620911815, "theta": 5.981734857496414, "u": 0.5689979684527184, "v": 9.98290396485099, "x": 5.57584119360445, "y": 8.84233091922153}, "datetime": {"datetime": "2023-04-17 12:39:09", "elapsed": 5366.762787, "delta": 5.582654}}
{"target": -5000.0, "params": {"omega": 1.0, "theta": 3.879175801519652, "u": 1.0, "v": 10.0, "x": 5.164939494924996, "y": 8.140627277882516}, "datetime": {"datetime": "2023-04-17 12:40:01", "elapsed": 5418.979032, "delta": 52.216245}}
{"target": -9.902002327975493, "params": {"omega": 0.0, "theta": 4.050806912848949, "u": 0.0, "v": 7.559231822370628, "x": 5.048266511977734, "y": 7.274768082323742}, "datetime": {"datetime": "2023-04-17 12:40:12", "elapsed": 5429.154738, "delta": 10.175706}}
{"target": -5000.0, "params": {"omega": 0.8705366437616612, "theta": 3.0928952518458717, "u": 0.7559240145329996, "v": 7.544998548392151, "x": 5.352322120203321, "y": 6.2692510928521035}, "datetime": {"datetime": "2023-04-17 12:41:01", "elapsed": 5479.037213, "delta": 49.882475}}
{"target": -5000.0, "params": {"omega": 0.9550041465390126, "theta": 9.423439154400825, "u": 0.7379067917828316, "v": 9.756463988043215, "x": 10.556838863464632, "y": 6.868343787382495}, "datetime": {"datetime": "2023-04-17 12:41:54", "elapsed": 5531.679658, "delta": 52.642445}}
{"target": -2.056525742695909, "params": {"omega": 0.03284706484347155, "theta": 5.7488953470031925, "u": 0.00020511870359707363, "v": 8.20680308146133, "x": 5.962047880193354, "y": 8.661521420222734}, "datetime": {"datetime": "2023-04-17 12:42:03", "elapsed": 5540.579563, "delta": 8.899905}}
{"target": -1.5941585107304987, "params": {"omega": 0.0, "theta": 8.822436764010368, "u": 0.0, "v": 3.4391956632352203, "x": 7.314971716469243, "y": 12.681102255875377}, "datetime": {"datetime": "2023-04-17 12:42:13", "elapsed": 5550.447871, "delta": 9.868308}}
{"target": -10000.0, "params": {"omega": 1.0, "theta": 10.0, "u": 0.0, "v": 3.2158785881596565, "x": 7.327629611069627, "y": 12.691619460440664}, "datetime": {"datetime": "2023-04-17 12:42:18", "elapsed": 5555.846699, "delta": 5.398828}}
{"target": -8.507620434732022, "params": {"omega": 0.010350002169903227, "theta": 9.683516095836945, "u": 0.9983012753983426, "v": 2.301024328998519, "x": 8.347249500431573, "y": 13.446452669913779}, "datetime": {"datetime": "2023-04-17 12:42:25", "elapsed": 5562.211267, "delta": 6.364568}}
{"target": -10.876927878191594, "params": {"omega": 0.0, "theta": 8.831990793227446, "u": 1.0, "v": 2.956100685198925, "x": 8.295049987856403, "y": 12.174308714981418}, "datetime": {"datetime": "2023-04-17 12:42:31", "elapsed": 5568.517267, "delta": 6.306}}
{"target": -19.35073884134307, "params": {"omega": 0.09964703207620185, "theta": 8.539426202447611, "u": 0.703949606171656, "v": 3.5868814363158554, "x": 7.583997302298489, "y": 14.02576074665905}, "datetime": {"datetime": "2023-04-17 12:42:36", "elapsed": 5574.039961, "delta": 5.522694}}
{"target": -5.404591815661722, "params": {"omega": 0.0, "theta": 10.0, "u": 0.0, "v": 10.0, "x": 9.892282065671827, "y": 5.0}, "datetime": {"datetime": "2023-04-17 12:42:47", "elapsed": 5584.110431, "delta": 10.07047}}
{"target": -64.493844921929, "params": {"omega": 0.08337129874773797, "theta": 3.8881201332123236, "u": 0.9346521455850519, "v": 7.538937215279116, "x": 5.866085641205991, "y": 8.953176818325018}, "datetime": {"datetime": "2023-04-17 12:42:53", "elapsed": 5590.816185, "delta": 6.705754}}
{"target": -32.55385958552983, "params": {"omega": 0.0, "theta": 2.9710859245912435, "u": 1.0, "v": 8.321387278868494, "x": 7.591334000363097, "y": 7.1749343684097235}, "datetime": {"datetime": "2023-04-17 12:43:00", "elapsed": 5597.524992, "delta": 6.708807}}
{"target": -11.230277919053533, "params": {"omega": 0.0, "theta": 10.0, "u": 1.0, "v": 7.291474937236306, "x": 15.0, "y": 5.0}, "datetime": {"datetime": "2023-04-17 12:43:06", "elapsed": 5603.268597, "delta": 5.743605}}
{"target": -10000.0, "params": {"omega": 1.0, "theta": 10.0, "u": 1.0, "v": 8.580648902892205, "x": 15.0, "y": 5.0}, "datetime": {"datetime": "2023-04-17 12:43:32", "elapsed": 5629.639009, "delta": 26.370412}}
{"target": -13.573789100689092, "params": {"omega": 0.0, "theta": 7.293896259151816, "u": 1.0, "v": 5.280359433318978, "x": 9.773664273036955, "y": 7.408071143399626}, "datetime": {"datetime": "2023-04-17 12:43:38", "elapsed": 5635.780371, "delta": 6.141362}}
{"target": -5000.0, "params": {"omega": 0.44426703777586685, "theta": 4.555713089249323, "u": 0.11871651654393911, "v": 6.699370076213085, "x": 6.5117198099974605, "y": 7.937489253488871}, "datetime": {"datetime": "2023-04-17 12:44:41", "elapsed": 5698.179729, "delta": 62.399358}}
{"target": -9.72285865729905, "params": {"omega": 0.0, "theta": 10.0, "u": 1.0, "v": 1.929356144267718, "x": 8.898642013234163, "y": 11.684284372223011}, "datetime": {"datetime": "2023-04-17 12:44:48", "elapsed": 5705.2081, "delta": 7.028371}}
{"target": -35.65654875680073, "params": {"omega": 0.09346624310384544, "theta": 4.552305395447277, "u": 0.48228050455077875, "v": 8.599517113278157, "x": 5.005825916776906, "y": 8.76097629702575}, "datetime": {"datetime": "2023-04-17 12:44:53", "elapsed": 5710.896686, "delta": 5.688586}}
{"target": -10.797186559617238, "params": {"omega": 0.0, "theta": 10.0, "u": 1.0, "v": 0.0, "x": 8.950016301772767, "y": 9.755743849302375}, "datetime": {"datetime": "2023-04-17 12:45:23", "elapsed": 5740.132252, "delta": 29.235566}}
{"target": -21.471224232316622, "params": {"omega": 0.13371237202536168, "theta": 9.185696198361422, "u": 0.679141404158673, "v": 5.601704657698152, "x": 14.925609195485425, "y": 5.028203355400286}, "datetime": {"datetime": "2023-04-17 12:45:28", "elapsed": 5745.143608, "delta": 5.011356}}
{"target": -18.036831218578428, "params": {"omega": 0.058521653394168704, "theta": 7.296210808557123, "u": 0.8541837698448704, "v": 3.9006593293874534, "x": 6.482981977045186, "y": 13.712911174300631}, "datetime": {"datetime": "2023-04-17 12:45:33", "elapsed": 5750.610487, "delta": 5.466879}}
{"target": -5000.0, "params": {"omega": 0.1466988501601123, "theta": 5.5442955150024815, "u": 0.8917212167305876, "v": 0.9393238742670973, "x": 14.963691664967666, "y": 9.710462635085175}, "datetime": {"datetime": "2023-04-17 12:46:23", "elapsed": 5800.43527, "delta": 49.824783}}
{"target": -10000.0, "params": {"omega": 0.5655172019606126, "theta": 5.46638963775599, "u": 0.22385412048257425, "v": 2.8248171297831726, "x": 7.075021395619481, "y": 13.65277005859155}, "datetime": {"datetime": "2023-04-17 12:47:07", "elapsed": 5844.581908, "delta": 44.146638}}
{"target": -9.446988443771971, "params": {"omega": 0.0, "theta": 10.0, "u": 1.0, "v": 1.703085270002293, "x": 9.16269762233999, "y": 8.939570858102718}, "datetime": {"datetime": "2023-04-17 12:47:14", "elapsed": 5851.716596, "delta": 7.134688}}
{"target": -7.734307571132869, "params": {"omega": 0.004142662404626241, "theta": 8.40120979512435, "u": 0.5265864361794875, "v": 4.026258174434116, "x": 6.057819506728324, "y": 14.148926986271487}, "datetime": {"datetime": "2023-04-17 12:47:20", "elapsed": 5857.442707, "delta": 5.726111}}
