{"target": -10000.0, "params": {"omega": 1.0, "theta": 2.0518734536300376, "u": 0.0, "v": 10.0, "x": 5.0, "y": 15.0}, "datetime": {"datetime": "2023-04-17 12:51:49", "elapsed": 6123.817696, "delta": 58.213854}}
{"target": -48.157494826839255, "params": {"omega": 0.0, "theta": 2.8483712276395297, "u": 1.0, "v": 10.0, "x": 6.459966770991329, "y": 7.765097790323561}, "datetime": {"datetime": "2023-04-17 12:51:57", "elapsed": 6131.373266, "delta": 7.55557}}
{"target": -17.31599002534083, "params": {"omega": 0.0, "theta": 3.2182600541554156, "u": 0.0, "v": 10.0, "x": 8.113140206579418, "y": 7.528837972558464}, "datetime": {"datetime": "2023-04-17 12:52:07", "elapsed": 6141.71776, "delta": 10.344494}}
{"target": -40.34254820753216, "params": {"omega": 0.0, "theta": 3.5515291016551807, "u": 1.0, "v": 8.976319025849534, "x": 7.533120094243264, "y": 8.45484336235397}, "datetime": {"datetime": "2023-04-17 12:52:15", "elapsed": 6149.282095, "delta": 7.564335}}
{"target": -12.154227119682565, "params": {"omega": 0.0, "theta": 3.6700804758769974, "u": 0.0, "v": 8.866002588934307, "x": 6.887001584221681, "y": 7.023423525247163}, "datetime": {"datetime": "2023-04-17 12:52:25", "elapsed": 6159.568305, "delta": 10.28621}}
{"target": -48.7025301272522, "params": {"omega": 0.0, "theta": 2.807575695851674, "u": 1.0, "v": 9.495129246554855, "x": 7.75714856468891, "y": 6.061838979409354}, "datetime": {"datetime": "2023-04-17 12:52:33", "elapsed": 6167.555261, "delta": 7.986956}}
{"target": -22.8282818051604, "params": {"omega": 0.0, "theta": 1.6201186472667386, "u": 0.0, "v": 10.0, "x": 7.014596739490102, "y": 6.718700294583917}, "datetime": {"datetime": "2023-04-17 12:52:46", "elapsed": 6180.036483, "delta": 12.481222}}
{"target": -5000.0, "params": {"omega": 1.0, "theta": 1.9830940669455577, "u": 1.0, "v": 10.0, "x": 7.953789417129108, "y": 7.628026734581177}, "datetime": {"datetime": "2023-04-17 12:53:50", "elapsed": 6244.363006, "delta": 64.326523}}
{"target": -16.743319943901874, "params": {"omega": 0.0, "theta": 2.9262964178172335, "u": 0.0, "v": 10.0, "x": 6.213728950191848, "y": 5.6224473477548145}, "datetime": {"datetime": "2023-04-17 12:54:00", "elapsed": 6254.717236, "delta": 10.35423}}
{"target": -58.8623020881062, "params": {"omega": 0.0, "theta": 2.050282303434021, "u": 1.0, "v": 8.93967142330017, "x": 5.737893340787758, "y": 6.1616841917890675}, "datetime": {"datetime": "2023-04-17 12:54:09", "elapsed": 6263.491017, "delta": 8.773781}}
{"target": -73.91436113609947, "params": {"omega": 0.0, "theta": 1.277057571214555, "u": 0.9976601643900928, "v": 10.0, "x": 6.634713437630226, "y": 5.0}, "datetime": {"datetime": "2023-04-17 12:54:18", "elapsed": 6272.647176, "delta": 9.156159}}
{"target": -14.617738200659918, "params": {"omega": 0.0, "theta": 2.0198527479544746, "u": 0.0, "v": 10.0, "x": 5.0, "y": 7.317588108796113}, "datetime": {"datetime": "2023-04-17 12:54:28", "elapsed": 6282.210335, "delta": 9.563159}}
{"target": -24.38333201606848, "params": {"omega": 0.0, "theta": 0.8418896870181536, "u": 0.0, "v": 10.0, "x": 5.0402331325671845, "y": 5.550177919772313}, "datetime": {"datetime": "2023-04-17 12:54:38", "elapsed": 6292.09708, "delta": 9.886745}}
{"target": -16.271986903023254, "params": {"omega": 0.0, "theta": 1.8985451000855949, "u": 0.0, "v": 8.587841419922277, "x": 6.96269976505463, "y": 5.0}, "datetime": {"datetime": "2023-04-17 12:54:48", "elapsed": 6302.581201, "delta": 10.484121}}
{"target": -5000.0, "params": {"omega": 0.5920863261883087, "theta": 0.49202631728443635, "u": 0.0028912873997287702, "v": 8.908192959122577, "x": 5.371231758463386, "y": 5.865372549268949}, "datetime": {"datetime": "2023-04-17 12:56:07", "elapsed": 6381.4044, "delta": 78.823199}}
{"target": -5000.0, "params": {"omega": 0.920081374309987, "theta": 2.10398970059249, "u": 0.14167441325234187, "v": 9.83938769895901, "x": 8.157580682053545, "y": 5.339817794289598}, "datetime": {"datetime": "2023-04-17 12:56:56", "elapsed": 6430.138053, "delta": 48.733653}}
{"target": -15.763363671310138, "params": {"omega": 0.0, "theta": 2.7256757064277086, "u": 0.0, "v": 8.708584139691247, "x": 5.885375682910352, "y": 8.554881520709284}, "datetime": {"datetime": "2023-04-17 12:57:06", "elapsed": 6440.547049, "delta": 10.408996}}
{"target": -5000.0, "params": {"omega": 0.15578983322115303, "theta": 3.068464745176688, "u": 0.987648930436666, "v": 7.452807935345962, "x": 7.0877337421292905, "y": 5.1633607453672745}, "datetime": {"datetime": "2023-04-17 12:57:56", "elapsed": 6490.197465, "delta": 49.650416}}
{"target": -5000.0, "params": {"omega": 1.0, "theta": 0.0, "u": 1.0, "v": 10.0, "x": 11.190736680816771, "y": 15.0}, "datetime": {"datetime": "2023-04-17 12:58:44", "elapsed": 6538.085979, "delta": 47.888514}}
{"target": -45.62935559355735, "params": {"omega": 0.0, "theta": 3.057916847211543, "u": 1.0, "v": 10.0, "x": 6.802531502646865, "y": 15.0}, "datetime": {"datetime": "2023-04-17 12:58:51", "elapsed": 6545.390149, "delta": 7.30417}}
{"target": -39.124840923943395, "params": {"omega": 0.031813220002866016, "theta": 3.409487683811138, "u": 0.6352758590167894, "v": 8.67264205330114, "x": 9.098880805992302, "y": 7.201479295691714}, "datetime": {"datetime": "2023-04-17 12:58:58", "elapsed": 6551.951695, "delta": 6.561546}}
{"target": -10000.0, "params": {"omega": 0.1314434461992141, "theta": 5.053012068967586, "u": 0.08627770891401221, "v": 9.553065768640487, "x": 9.146237962006571, "y": 6.511257754853576}, "datetime": {"datetime": "2023-04-17 12:59:46", "elapsed": 6600.800063, "delta": 48.848368}}
{"target": -5000.0, "params": {"omega": 0.8496369589406079, "theta": 2.2573439487844063, "u": 0.11082792006131115, "v": 9.53142697996946, "x": 5.0397477700528315, "y": 5.510315521256679}, "datetime": {"datetime": "2023-04-17 13:00:39", "elapsed": 6652.915785, "delta": 52.115722}}
{"target": -22.207388665423828, "params": {"omega": 0.02999740170444687, "theta": 2.976390933122336, "u": 0.10659043832951598, "v": 9.668842701227929, "x": 9.401147542599197, "y": 8.779001636036869}, "datetime": {"datetime": "2023-04-17 13:00:44", "elapsed": 6658.224635, "delta": 5.30885}}
{"target": -5000.0, "params": {"omega": 0.2944822514015176, "theta": 2.610764425440899, "u": 0.7750677555950676, "v": 8.16222411931632, "x": 9.582736002532991, "y": 8.514880441659326}, "datetime": {"datetime": "2023-04-17 13:01:34", "elapsed": 6708.873982, "delta": 50.649347}}
{"target": -14.197363935047754, "params": {"omega": 0.0, "theta": 4.141342851970363, "u": 0.0, "v": 10.0, "x": 8.452531762011526, "y": 9.907571282248641}, "datetime": {"datetime": "2023-04-17 13:01:44", "elapsed": 6718.805668, "delta": 9.931686}}
{"target": -22.35937418891733, "params": {"omega": 0.0, "theta": 10.0, "u": 0.0, "v": 2.5182971306894686, "x": 15.0, "y": 5.0}, "datetime": {"datetime": "2023-04-17 13:01:56", "elapsed": 6730.275091, "delta": 11.469423}}
{"target": -24.27632376879765, "params": {"omega": 0.0, "theta": 9.142636908810134, "u": 1.0, "v": 8.079279007478883, "x": 15.0, "y": 5.0}, "datetime": {"datetime": "2023-04-17 13:02:02", "elapsed": 6736.125942, "delta": 5.850851}}
{"target": -47.08658353642309, "params": {"omega": 0.0, "theta": 2.909632166545362, "u": 1.0, "v": 8.887230348881356, "x": 5.0, "y": 7.701585686922903}, "datetime": {"datetime": "2023-04-17 13:02:09", "elapsed": 6743.465576, "delta": 7.339634}}
{"target": -14.180386872657603, "params": {"omega": 0.0, "theta": 0.4315418809852148, "u": 0.0, "v": 1.3334281197841946, "x": 11.183629496457213, "y": 9.462066622705686}, "datetime": {"datetime": "2023-04-17 13:02:20", "elapsed": 6754.779329, "delta": 11.313753}}
{"target": -10000.0, "params": {"omega": 1.0, "theta": 2.9923248125928255, "u": 0.0, "v": 10.0, "x": 9.958957920997639, "y": 12.552105170814647}, "datetime": {"datetime": "2023-04-17 13:02:25", "elapsed": 6759.53218, "delta": 4.752851}}
{"target": -27.500721639528358, "params": {"omega": 0.0, "theta": 6.155658956172734, "u": 1.0, "v": 1.6942285293942148, "x": 15.0, "y": 9.65198240613762}, "datetime": {"datetime": "2023-04-17 13:02:33", "elapsed": 6767.281704, "delta": 7.749524}}
{"target": -28.110137016916813, "params": {"omega": 0.0, "theta": 0.33888594568895475, "u": 0.0, "v": 10.0, "x": 8.063867037184854, "y": 14.591612675153367}, "datetime": {"datetime": "2023-04-17 13:02:45", "elapsed": 6779.075024, "delta": 11.79332}}
{"target": -5000.0, "params": {"omega": 0.0, "theta": 0.0, "u": 1.0, "v": 10.0, "x": 5.0, "y": 5.0}, "datetime": {"datetime": "2023-04-17 13:03:35", "elapsed": 6829.529486, "delta": 50.454462}}
{"target": -5000.0, "params": {"omega": 0.9245057205500685, "theta": 0.9587103077561554, "u": 0.9352928777716029, "v": 1.9321746702587284, "x": 10.514392393576212, "y": 9.755002950233497}, "datetime": {"datetime": "2023-04-17 13:04:24", "elapsed": 6878.382524, "delta": 48.853038}}
{"target": -17.040363589923967, "params": {"omega": 0.0, "theta": 3.5941653054330183, "u": 0.0, "v": 10.0, "x": 5.546991258420006, "y": 7.956775751909273}, "datetime": {"datetime": "2023-04-17 13:04:35", "elapsed": 6889.11389, "delta": 10.731366}}
{"target": -10000.0, "params": {"omega": 0.0, "theta": 6.403363768093688, "u": 0.0, "v": 0.5597091534523078, "x": 15.0, "y": 10.662511898253408}, "datetime": {"datetime": "2023-04-17 13:04:38", "elapsed": 6892.242107, "delta": 3.128217}}
{"target": -5000.0, "params": {"omega": 0.25423095552478303, "theta": 0.15325585194835845, "u": 0.07858168617093875, "v": 9.788781098926751, "x": 7.232877277611362, "y": 13.630287701523386}, "datetime": {"datetime": "2023-04-17 13:05:25", "elapsed": 6939.229197, "delta": 46.98709}}
{"target": -12.348191908830628, "params": {"omega": 0.019019513687385747, "theta": 6.29701602675218, "u": 0.12469185950920736, "v": 9.904860589155165, "x": 8.917475645058879, "y": 14.780717727424989}, "datetime": {"datetime": "2023-04-17 13:05:30", "elapsed": 6944.473064, "delta": 5.243867}}
{"target": -18.24744101209812, "params": {"omega": 0.0, "theta": 2.475696247986515, "u": 0.0, "v": 8.626474174957107, "x": 7.837242774809899, "y": 7.190384798337736}, "datetime": {"datetime": "2023-04-17 13:05:40", "elapsed": 6954.443604, "delta": 9.97054}}
{"target": -14.283553524535437, "params": {"omega": 0.0, "theta": 2.9829299622025034, "u": 0.0, "v": 5.626386899300133, "x": 13.208748259084699, "y": 9.812913866595094}, "datetime": {"datetime": "2023-04-17 13:05:50", "elapsed": 6964.584475, "delta": 10.140871}}
{"target": -5000.0, "params": {"omega": 0.39047081422729457, "theta": 1.681544438934457, "u": 0.2572329686727989, "v": 9.906619749304458, "x": 8.770831305030903, "y": 14.894149100494314}, "datetime": {"datetime": "2023-04-17 13:06:39", "elapsed": 7013.703998, "delta": 49.119523}}
{"target": -16.488666350490757, "params": {"omega": 0.0, "theta": 6.030228830691304, "u": 0.0, "v": 10.0, "x": 8.146941580305121, "y": 12.44817889563822}, "datetime": {"datetime": "2023-04-17 13:06:49", "elapsed": 7023.591457, "delta": 9.887459}}
{"target": -32.060749996442546, "params": {"omega": 0.06489099121630282, "theta": 3.6058443548582106, "u": 0.16288737215544102, "v": 8.773756311388999, "x": 6.980800097181521, "y": 10.269068540842554}, "datetime": {"datetime": "2023-04-17 13:06:54", "elapsed": 7028.562283, "delta": 4.970826}}
{"target": -5000.0, "params": {"omega": 0.0, "theta": 10.0, "u": 0.0, "v": 0.0, "x": 10.072612096366123, "y": 7.073697391830262}, "datetime": {"datetime": "2023-04-17 13:08:35", "elapsed": 7129.588882, "delta": 101.026599}}
{"target": -5000.0, "params": {"omega": 1.0, "theta": 0.0, "u": 1.0, "v": 10.0, "x": 15.0, "y": 5.0}, "datetime": {"datetime": "2023-04-17 13:09:24", "elapsed": 7178.621836, "delta": 49.032954}}
{"target": -5000.0, "params": {"omega": 0.15197066395877035, "theta": 0.16744907854413404, "u": 0.06798623572041851, "v": 8.973467640038256, "x": 9.57389192466181, "y": 13.983922937131394}, "datetime": {"datetime": "2023-04-17 13:10:10", "elapsed": 7224.22537, "delta": 45.603534}}
{"target": -5000.0, "params": {"omega": 0.0, "theta": 0.0, "u": 0.0, "v": 4.032566473328371, "x": 8.66520052680722, "y": 10.115402134747184}, "datetime": {"datetime": "2023-04-17 13:11:37", "elapsed": 7311.479453, "delta": 87.254083}}
{"target": -16.76544999087513, "params": {"omega": 0.0, "theta": 1.2815876180802421, "u": 0.0, "v": 10.0, "x": 5.96241663963638, "y": 8.598462911814252}, "datetime": {"datetime": "2023-04-17 13:11:47", "elapsed": 7321.227944, "delta": 9.748491}}
{"target": -43.19665208155267, "params": {"omega": 0.0, "theta": 3.2894470472311714, "u": 1.0, "v": 8.227219968522965, "x": 5.3054854054517575, "y": 10.424706069004438}, "datetime": {"datetime": "2023-04-17 13:11:54", "elapsed": 7327.92972, "delta": 6.701776}}
{"target": -13.850368103620756, "params": {"omega": 0.0, "theta": 10.0, "u": 0.0, "v": 10.0, "x": 11.901728907625145, "y": 15.0}, "datetime": {"datetime": "2023-04-17 13:12:04", "elapsed": 7338.214386, "delta": 10.284666}}
{"target": -14.765358937353865, "params": {"omega": 0.0, "theta": 7.429372458267228, "u": 0.0, "v": 8.70478257421058, "x": 8.364982865214538, "y": 15.0}, "datetime": {"datetime": "2023-04-17 13:12:14", "elapsed": 7348.358131, "delta": 10.143745}}
{"target": -12.475050871715126, "params": {"omega": 0.0, "theta": 5.24931123016074, "u": 0.0, "v": 8.619847095823507, "x": 6.644088279164014, "y": 12.448863408310226}, "datetime": {"datetime": "2023-04-17 13:12:23", "elapsed": 7357.841281, "delta": 9.48315}}
{"target": -23.285800676604026, "params": {"omega": 0.0, "theta": 6.998011725502569, "u": 0.6615776753470654, "v": 2.2386467940226997, "x": 15.0, "y": 8.522043582194868}, "datetime": {"datetime": "2023-04-17 13:12:30", "elapsed": 7364.571726, "delta": 6.730445}}
{"target": -13.820532326866703, "params": {"omega": 0.0, "theta": 10.0, "u": 0.0, "v": 10.0, "x": 13.907823067297189, "y": 15.0}, "datetime": {"datetime": "2023-04-17 13:12:40", "elapsed": 7374.584377, "delta": 10.012651}}
{"target": -32.596364839399214, "params": {"omega": 0.0, "theta": 4.823949579820524, "u": 1.0, "v": 9.460543658139823, "x": 7.634540921425532, "y": 12.449464292821716}, "datetime": {"datetime": "2023-04-17 13:12:47", "elapsed": 7381.142169, "delta": 6.557792}}
{"target": -23.50801002734199, "params": {"omega": 0.0, "theta": 10.0, "u": 1.0, "v": 10.0, "x": 15.0, "y": 15.0}, "datetime": {"datetime": "2023-04-17 13:12:53", "elapsed": 7387.185567, "delta": 6.043398}}
{"target": -13.506265517069105, "params": {"omega": 0.0, "theta": 10.0, "u": 0.0, "v": 8.228129984412448, "x": 11.626778915940559, "y": 15.0}, "datetime": {"datetime": "2023-04-17 13:13:03", "elapsed": 7397.27786, "delta": 10.092293}}
{"target": -36.14572497221326, "params": {"omega": 0.0, "theta": 4.149440460843367, "u": 1.0, "v": 8.58259370003598, "x": 5.963768516335753, "y": 11.853154081215811}, "datetime": {"datetime": "2023-04-17 13:13:09", "elapsed": 7403.659894, "delta": 6.382034}}
{"target": -10000.0, "params": {"omega": 0.40571561811678425, "theta": 9.7978373293298, "u": 0.7562249228505838, "v": 9.48190456681744, "x": 12.707939698089358, "y": 14.31170189805396}, "datetime": {"datetime": "2023-04-17 13:14:05", "elapsed": 7458.914252, "delta": 55.254358}}
{"target": -37.42576766360449, "params": {"omega": 0.0, "theta": 3.919732827901295, "u": 1.0, "v": 10.0, "x": 8.774349191528499, "y": 8.75372792465755}, "datetime": {"datetime": "2023-04-17 13:14:12", "elapsed": 7466.150937, "delta": 7.236685}}
{"target": -13.776438586542831, "params": {"omega": 0.0, "theta": 10.0, "u": 0.0, "v": 7.685991940693354, "x": 9.936939949790167, "y": 15.0}, "datetime": {"datetime": "2023-04-17 13:14:22", "elapsed": 7476.513819, "delta": 10.362882}}
{"target": -22.68122316368498, "params": {"omega": 0.0009087103272383823, "theta": 4.941979524557887, "u": 0.5008221374645413, "v": 7.792047936825929, "x": 6.9316282569940135, "y": 14.905117685768081}, "datetime": {"datetime": "2023-04-17 13:14:28", "elapsed": 7482.899609, "delta": 6.38579}}
{"target": -13.895177074858495, "params": {"omega": 0.0, "theta": 10.0, "u": 0.0, "v": 9.460737169429262, "x": 10.413556224803349, "y": 15.0}, "datetime": {"datetime": "2023-04-17 13:14:39", "elapsed": 7493.652945, "delta": 10.753336}}
{"target": -5000.0, "params": {"omega": 1.0, "theta": 0.0, "u": 1.0, "v": 10.0, "x": 15.0, "y": 15.0}, "datetime": {"datetime": "2023-04-17 13:15:31", "elapsed": 7545.063867, "delta": 51.410922}}
{"target": -13.787495184301086, "params": {"omega": 0.0, "theta": 5.868872816342972, "u": 0.0, "v": 7.966997993505768, "x": 5.0, "y": 15.0}, "datetime": {"datetime": "2023-04-17 13:15:41", "elapsed": 7555.193017, "delta": 10.12915}}
{"target": -13.936382313505348, "params": {"omega": 0.0, "theta": 10.0, "u": 0.0, "v": 8.86927924839074, "x": 15.0, "y": 15.0}, "datetime": {"datetime": "2023-04-17 13:15:51", "elapsed": 7565.381953, "delta": 10.188936}}
{"target": -12.868166757356223, "params": {"omega": 0.0, "theta": 10.0, "u": 0.0, "v": 7.697673733282733, "x": 7.456818519832849, "y": 15.0}, "datetime": {"datetime": "2023-04-17 13:16:01", "elapsed": 7575.591201, "delta": 10.209248}}
{"target": -5000.0, "params": {"omega": 1.0, "theta": 0.0, "u": 1.0, "v": 6.069889444288192, "x": 15.0, "y": 7.308821973859155}, "datetime": {"datetime": "2023-04-17 13:16:48", "elapsed": 7622.584461, "delta": 46.99326}}
{"target": -69.87220476719848, "params": {"omega": 0.0, "theta": 10.0, "u": 1.0, "v": 0.0, "x": 8.811505774088973, "y": 9.810003923873202}, "datetime": {"datetime": "2023-04-17 13:17:17", "elapsed": 7651.517716, "delta": 28.933255}}
{"target": -10000.0, "params": {"omega": 1.0, "theta": 10.0, "u": 0.0, "v": 10.0, "x": 15.0, "y": 15.0}, "datetime": {"datetime": "2023-04-17 13:17:21", "elapsed": 7655.006768, "delta": 3.489052}}
{"target": -25.80847621737923, "params": {"omega": 0.04353967035183326, "theta": 6.936133682934558, "u": 0.7345450587213017, "v": 6.9947184732632826, "x": 6.933519517630357, "y": 14.80314067877924}, "datetime": {"datetime": "2023-04-17 13:17:26", "elapsed": 7660.579064, "delta": 5.572296}}
{"target": -28.168619117096085, "params": {"omega": 0.0, "theta": 6.3784213891326935, "u": 1.0, "v": 6.330577192091585, "x": 5.254477845636301, "y": 15.0}, "datetime": {"datetime": "2023-04-17 13:17:32", "elapsed": 7666.753205, "delta": 6.174141}}
{"target": -5000.0, "params": {"omega": 0.3001515673848789, "theta": 8.539092205519886, "u": 0.7306190311067442, "v": 5.260583026882969, "x": 6.748877627865555, "y": 14.98182646963598}, "datetime": {"datetime": "2023-04-17 13:18:50", "elapsed": 7744.402584, "delta": 77.649379}}
{"target": -22.713246081063062, "params": {"omega": 0.0, "theta": 10.0, "u": 1.0, "v": 3.8007923483288777, "x": 9.10355138817577, "y": 12.879544720209982}, "datetime": {"datetime": "2023-04-17 13:18:56", "elapsed": 7750.599639, "delta": 6.197055}}
{"target": -21.187878573685055, "params": {"omega": 0.06107765873761806, "theta": 5.518350320398907, "u": 0.10314063622805181, "v": 8.38415369855497, "x": 7.875271152542339, "y": 14.001563807641173}, "datetime": {"datetime": "2023-04-17 13:19:01", "elapsed": 7755.762951, "delta": 5.163312}}
{"target": -70.86486847516753, "params": {"omega": 0.0, "theta": 8.484434222947721, "u": 1.0, "v": 0.0, "x": 8.46662147383174, "y": 8.782344293957738}, "datetime": {"datetime": "2023-04-17 13:19:31", "elapsed": 7785.333097, "delta": 29.570146}}
{"target": -10000.0, "params": {"omega": 0.2744148022959172, "theta": 5.833500069756724, "u": 0.15782473922397688, "v": 6.650590157587942, "x": 5.821773618864864, "y": 13.212360346669028}, "datetime": {"datetime": "2023-04-17 13:20:32", "elapsed": 7846.495713, "delta": 61.162616}}
{"target": -56.23436660589412, "params": {"omega": 0.0, "theta": 2.2066816001911267, "u": 1.0, "v": 8.816019208896165, "x": 6.593762666598028, "y": 9.716872447459279}, "datetime": {"datetime": "2023-04-17 13:20:39", "elapsed": 7853.445032, "delta": 6.949319}}
{"target": -17.105960110093385, "params": {"omega": 0.0, "theta": 1.9111447649611948, "u": 0.0, "v": 10.0, "x": 8.067065266376684, "y": 9.341151897512626}, "datetime": {"datetime": "2023-04-17 13:20:48", "elapsed": 7862.863787, "delta": 9.418755}}
{"target": -15.985615560785252, "params": {"omega": 0.0, "theta": 8.593762012811554, "u": 0.0, "v": 7.18912732226029, "x": 8.607004688292852, "y": 15.0}, "datetime": {"datetime": "2023-04-17 13:20:58", "elapsed": 7872.14779, "delta": 9.284003}}
{"target": -5000.0, "params": {"omega": 0.0, "theta": 0.0, "u": 0.0, "v": 10.0, "x": 9.35664194414884, "y": 8.812007057914926}, "datetime": {"datetime": "2023-04-17 13:22:40", "elapsed": 7974.198682, "delta": 102.050892}}
{"target": -23.76431852453647, "params": {"omega": 0.0, "theta": 10.0, "u": 1.0, "v": 10.0, "x": 9.825762758199179, "y": 7.44408089128757}, "datetime": {"datetime": "2023-04-17 13:22:46", "elapsed": 7980.874067, "delta": 6.675385}}
{"target": -23.776352048160277, "params": {"omega": 0.0, "theta": 10.0, "u": 1.0, "v": 10.0, "x": 15.0, "y": 7.863445480176455}, "datetime": {"datetime": "2023-04-17 13:22:53", "elapsed": 7987.356008, "delta": 6.481941}}
{"target": -22.89703910998685, "params": {"omega": 0.0, "theta": 10.0, "u": 1.0, "v": 6.313860717061948, "x": 8.774915490535596, "y": 15.0}, "datetime": {"datetime": "2023-04-17 13:22:59", "elapsed": 7993.675673, "delta": 6.319665}}
{"target": -24.26821625439874, "params": {"omega": 0.0, "theta": 8.69922000121235, "u": 1.0, "v": 10.0, "x": 15.0, "y": 6.703369265662181}, "datetime": {"datetime": "2023-04-17 13:23:05", "elapsed": 7999.862699, "delta": 6.187026}}
{"target": -25.306264933828444, "params": {"omega": 0.0, "theta": 8.6130455767301, "u": 1.0, "v": 7.8927420096729755, "x": 7.578949786696858, "y": 15.0}, "datetime": {"datetime": "2023-04-17 13:23:12", "elapsed": 8006.24748, "delta": 6.384781}}
{"target": -28.59575398704286, "params": {"omega": 0.0, "theta": 6.138756274655945, "u": 1.0, "v": 8.024639736003166, "x": 8.205925523623975, "y": 15.0}, "datetime": {"datetime": "2023-04-17 13:23:19", "elapsed": 8013.104315, "delta": 6.856835}}
