{"target": -54.970136198763086, "params": {"omega": 0.0, "theta": 2.2908905436835716, "u": 1.0, "v": 7.31230242405537, "x": 5.0, "y": 7.305793298011754}, "datetime": {"datetime": "2023-04-17 14:40:14", "elapsed": 12628.83093, "delta": 7.968548}}
{"target": -13.33681511956335, "params": {"omega": 0.0, "theta": 10.0, "u": 0.0, "v": 6.125081050268305, "x": 6.846119260651794, "y": 13.018687896765835}, "datetime": {"datetime": "2023-04-17 14:40:24", "elapsed": 12638.830376, "delta": 9.999446}}
