{"target": -10000.0, "params": {"omega": 1.0, "theta": 0.8832916095199721, "u": 0.0, "v": 8.549611234753893, "x": 15.0, "y": 5.0}, "datetime": {"datetime": "2023-04-17 13:41:02", "elapsed": 8897.15273, "delta": 17.719869}}
{"target": -5000.0, "params": {"omega": 0.0, "theta": 6.310748954775141, "u": 0.0, "v": 0.0, "x": 15.0, "y": 15.0}, "datetime": {"datetime": "2023-04-17 13:42:39", "elapsed": 8994.343803, "delta": 97.191073}}
{"target": -44.03461196970699, "params": {"omega": 0.0, "theta": 3.198870174979289, "u": 1.0, "v": 6.800482300466743, "x": 15.0, "y": 5.0}, "datetime": {"datetime": "2023-04-17 13:42:47", "elapsed": 9001.892722, "delta": 7.548919}}
{"target": -15.488367536828015, "params": {"omega": 0.0, "theta": 7.987012735731444, "u": 0.0, "v": 10.0, "x": 5.0, "y": 5.0}, "datetime": {"datetime": "2023-04-17 13:42:57", "elapsed": 9012.159535, "delta": 10.266813}}
{"target": -27.636012186916332, "params": {"omega": 0.0, "theta": 7.466352616829861, "u": 1.0, "v": 7.847464701832087, "x": 5.0, "y": 5.0}, "datetime": {"datetime": "2023-04-17 13:43:04", "elapsed": 9019.044609, "delta": 6.885074}}
{"target": -14.190984389668117, "params": {"omega": 0.0, "theta": 10.0, "u": 0.0, "v": 7.322927726868392, "x": 8.91092458357929, "y": 15.0}, "datetime": {"datetime": "2023-04-17 13:43:14", "elapsed": 9029.565998, "delta": 10.521389}}
{"target": -26.440421171261182, "params": {"omega": 0.0, "theta": 8.656319871642825, "u": 1.0, "v": 10.0, "x": 8.81514447930697, "y": 5.0}, "datetime": {"datetime": "2023-04-17 13:43:21", "elapsed": 9035.985437, "delta": 6.419439}}
{"target": -25.313243405854795, "params": {"omega": 0.0, "theta": 10.0, "u": 1.0, "v": 10.0, "x": 7.441181015921921, "y": 11.531639030343529}, "datetime": {"datetime": "2023-04-17 13:43:27", "elapsed": 9042.515033, "delta": 6.529596}}
{"target": -30.8394547452984, "params": {"omega": 0.0, "theta": 6.300915142322186, "u": 1.0, "v": 10.0, "x": 5.0, "y": 5.0}, "datetime": {"datetime": "2023-04-17 13:43:34", "elapsed": 9049.387889, "delta": 6.872856}}
{"target": -10000.0, "params": {"omega": 0.7202579162910505, "theta": 3.9528996753419463, "u": 0.004790547743396156, "v": 7.354354448075538, "x": 14.934550456076694, "y": 5.027083263740847}, "datetime": {"datetime": "2023-04-17 13:44:08", "elapsed": 9083.15179, "delta": 33.763901}}
{"target": -49.18133810788671, "params": {"omega": 0.0, "theta": 2.80046792983208, "u": 1.0, "v": 8.288959243717855, "x": 11.9698760952743, "y": 7.154988553378741}, "datetime": {"datetime": "2023-04-17 13:44:15", "elapsed": 9090.509626, "delta": 7.357836}}
{"target": -89.2898402219604, "params": {"omega": 0.0, "theta": 10.0, "u": 1.0, "v": 0.0, "x": 5.0, "y": 15.0}, "datetime": {"datetime": "2023-04-17 13:44:53", "elapsed": 9128.825946, "delta": 38.31632}}
{"target": -10000.0, "params": {"omega": 1.0, "theta": 6.359716596534114, "u": 1.0, "v": 1.7868195953728903, "x": 15.0, "y": 10.374324569806479}, "datetime": {"datetime": "2023-04-17 13:45:21", "elapsed": 9155.920067, "delta": 27.094121}}
{"target": -13.985901547219564, "params": {"omega": 0.0, "theta": 7.115673312408541, "u": 0.0, "v": 2.9557448407209743, "x": 13.118512145579881, "y": 10.083064960959005}, "datetime": {"datetime": "2023-04-17 13:45:30", "elapsed": 9165.352343, "delta": 9.432276}}
{"target": -5000.0, "params": {"omega": 1.0, "theta": 10.0, "u": 1.0, "v": 5.74803942075907, "x": 5.0, "y": 15.0}, "datetime": {"datetime": "2023-04-17 13:46:22", "elapsed": 9217.763526, "delta": 52.411183}}
{"target": -25.464134995649992, "params": {"omega": 0.0, "theta": 10.0, "u": 1.0, "v": 10.0, "x": 6.5045481193785415, "y": 8.468827492222637}, "datetime": {"datetime": "2023-04-17 13:46:29", "elapsed": 9224.277302, "delta": 6.513776}}
{"target": -38.149277285009966, "params": {"omega": 0.0, "theta": 3.9770974978494467, "u": 1.0, "v": 7.058625244989542, "x": 12.868120908428507, "y": 5.0}, "datetime": {"datetime": "2023-04-17 13:46:36", "elapsed": 9231.141806, "delta": 6.864504}}
{"target": -5000.0, "params": {"omega": 0.0, "theta": 6.907601536225365, "u": 0.0, "v": 0.0, "x": 10.931426266902337, "y": 8.71599603205025}, "datetime": {"datetime": "2023-04-17 13:48:16", "elapsed": 9331.696241, "delta": 100.554435}}
{"target": -38.87897289518224, "params": {"omega": 0.0, "theta": 3.7315398503190313, "u": 1.0, "v": 6.205615705064935, "x": 9.137459014062527, "y": 15.0}, "datetime": {"datetime": "2023-04-17 13:48:24", "elapsed": 9339.078985, "delta": 7.382744}}
{"target": -109.92359986667401, "params": {"omega": 0.13021927967746794, "theta": 5.586041823980011, "u": 0.9971564972348943, "v": 7.0655270130442105, "x": 7.627937014983289, "y": 14.945685344125856}, "datetime": {"datetime": "2023-04-17 13:48:32", "elapsed": 9347.831846, "delta": 8.752861}}
{"target": -17.59780122301948, "params": {"omega": 0.0, "theta": 7.694382249610857, "u": 0.0, "v": 7.941176286568646, "x": 5.0, "y": 9.098474484770515}, "datetime": {"datetime": "2023-04-17 13:48:42", "elapsed": 9357.520848, "delta": 9.689002}}
{"target": -33.68505472633529, "params": {"omega": 0.0, "theta": 4.8243637111483535, "u": 1.0, "v": 7.597486756425824, "x": 9.407721928476766, "y": 15.0}, "datetime": {"datetime": "2023-04-17 13:48:49", "elapsed": 9364.226479, "delta": 6.705631}}
{"target": -28.026620052150776, "params": {"omega": 0.0, "theta": 6.992983167346027, "u": 1.0, "v": 1.1770657146798296, "x": 8.790988277222116, "y": 9.542950884369622}, "datetime": {"datetime": "2023-04-17 13:48:56", "elapsed": 9371.839243, "delta": 7.612764}}
{"target": -64.61790287910628, "params": {"omega": 0.0, "theta": 1.7325353442580806, "u": 1.0, "v": 6.618722410971761, "x": 15.0, "y": 5.363183762848016}, "datetime": {"datetime": "2023-04-17 13:49:04", "elapsed": 9379.544242, "delta": 7.704999}}
{"target": -48.48554035524214, "params": {"omega": 0.0, "theta": 2.8385782900626078, "u": 1.0, "v": 7.072900876183131, "x": 10.840662511393921, "y": 13.569815654816098}, "datetime": {"datetime": "2023-04-17 13:49:11", "elapsed": 9386.762316, "delta": 7.218074}}
{"target": -24.777876001639612, "params": {"omega": 0.0, "theta": 10.0, "u": 1.0, "v": 6.382730887994227, "x": 5.0, "y": 7.137696192483437}, "datetime": {"datetime": "2023-04-17 13:49:18", "elapsed": 9392.882242, "delta": 6.119926}}
{"target": -27.857185953432282, "params": {"omega": 0.0, "theta": 7.438951677886835, "u": 1.0, "v": 7.578993129166107, "x": 6.846509715536773, "y": 15.0}, "datetime": {"datetime": "2023-04-17 13:49:24", "elapsed": 9399.009056, "delta": 6.126814}}
{"target": -15.699019078503158, "params": {"omega": 0.0, "theta": 10.0, "u": 0.0, "v": 3.666656651440587, "x": 5.0, "y": 15.0}, "datetime": {"datetime": "2023-04-17 13:49:34", "elapsed": 9408.873494, "delta": 9.864438}}
{"target": -27.01338928383473, "params": {"omega": 0.0, "theta": 8.698867266318752, "u": 1.0, "v": 10.0, "x": 5.0, "y": 5.0}, "datetime": {"datetime": "2023-04-17 13:49:40", "elapsed": 9415.127995, "delta": 6.254501}}
{"target": -28.048448776600274, "params": {"omega": 0.0, "theta": 6.859502822673717, "u": 1.0, "v": 5.821380755583669, "x": 7.8221425931319075, "y": 15.0}, "datetime": {"datetime": "2023-04-17 13:49:47", "elapsed": 9421.998303, "delta": 6.870308}}
{"target": -24.309017133326364, "params": {"omega": 0.0, "theta": 10.0, "u": 1.0, "v": 4.860605947750892, "x": 5.0, "y": 5.280738155935205}, "datetime": {"datetime": "2023-04-17 13:49:53", "elapsed": 9428.547943, "delta": 6.54964}}
{"target": -26.410506537857493, "params": {"omega": 0.0, "theta": 7.302508767730993, "u": 1.0, "v": 3.6174602995885463, "x": 13.873321516618324, "y": 10.261377643980993}, "datetime": {"datetime": "2023-04-17 13:50:00", "elapsed": 9435.177703, "delta": 6.62976}}
{"target": -23.362335572635185, "params": {"omega": 0.025636859224074326, "theta": 3.6574977585724353, "u": 0.21354729732791333, "v": 5.336839239363794, "x": 10.605671095956726, "y": 14.940523015264137}, "datetime": {"datetime": "2023-04-17 13:50:06", "elapsed": 9441.323856, "delta": 6.146153}}
{"target": -5000.0, "params": {"omega": 1.0, "theta": 2.7441894529482123, "u": 1.0, "v": 6.04230391904952, "x": 10.599516859096141, "y": 15.0}, "datetime": {"datetime": "2023-04-17 13:50:54", "elapsed": 9489.741074, "delta": 48.417218}}
{"target": -17.050108123212404, "params": {"omega": 0.0, "theta": 4.74878633863172, "u": 0.0, "v": 6.373839933204662, "x": 9.154906781195997, "y": 15.0}, "datetime": {"datetime": "2023-04-17 13:51:05", "elapsed": 9500.032764, "delta": 10.29169}}
{"target": -60.35342946246989, "params": {"omega": 0.0, "theta": 1.9847559182284777, "u": 1.0, "v": 8.097966264108582, "x": 10.678519468101568, "y": 8.098218060300521}, "datetime": {"datetime": "2023-04-17 13:51:13", "elapsed": 9508.392973, "delta": 8.360209}}
{"target": -25.380887074522697, "params": {"omega": 0.0, "theta": 10.0, "u": 1.0, "v": 10.0, "x": 7.966486069255477, "y": 6.12129546890302}, "datetime": {"datetime": "2023-04-17 13:51:19", "elapsed": 9514.739815, "delta": 6.346842}}
{"target": -16.191738430494155, "params": {"omega": 0.0, "theta": 10.0, "u": 0.0, "v": 10.0, "x": 10.470312783051813, "y": 8.01788341007819}, "datetime": {"datetime": "2023-04-17 13:51:30", "elapsed": 9525.349756, "delta": 10.609941}}
{"target": -50.84864126623131, "params": {"omega": 0.0, "theta": 2.703198555259315, "u": 1.0, "v": 8.294419904738502, "x": 11.1625891232446, "y": 11.975495043069367}, "datetime": {"datetime": "2023-04-17 13:51:38", "elapsed": 9532.896581, "delta": 7.546825}}
{"target": -26.401101078542478, "params": {"omega": 0.0, "theta": 8.97443050538368, "u": 1.0, "v": 2.194178487936532, "x": 15.0, "y": 8.862645192032023}, "datetime": {"datetime": "2023-04-17 13:51:45", "elapsed": 9540.410577, "delta": 7.513996}}
{"target": -32.378490319434256, "params": {"omega": 0.0, "theta": 5.211184757496878, "u": 1.0, "v": 7.585881013071073, "x": 5.0, "y": 15.0}, "datetime": {"datetime": "2023-04-17 13:51:52", "elapsed": 9547.345297, "delta": 6.93472}}
{"target": -32.92218596731174, "params": {"omega": 0.0, "theta": 4.746658230376758, "u": 1.0, "v": 6.237887208764471, "x": 10.817072429858806, "y": 15.0}, "datetime": {"datetime": "2023-04-17 13:51:59", "elapsed": 9554.470522, "delta": 7.125225}}
{"target": -17.02211622007744, "params": {"omega": 0.0, "theta": 3.6314153523645434, "u": 0.0, "v": 7.525848747250765, "x": 10.73987721204252, "y": 13.471011207252774}, "datetime": {"datetime": "2023-04-17 13:52:09", "elapsed": 9564.769509, "delta": 10.298987}}
{"target": -19.307587712116128, "params": {"omega": 0.018560357948784967, "theta": 8.615298044339536, "u": 0.6806209875433293, "v": 6.78990042168585, "x": 5.035852071319748, "y": 6.479597255406211}, "datetime": {"datetime": "2023-04-17 13:52:16", "elapsed": 9570.950881, "delta": 6.181372}}
{"target": -42.9072776212651, "params": {"omega": 0.0, "theta": 3.4318211410501407, "u": 1.0, "v": 6.313370853979192, "x": 7.064310839928151, "y": 5.0}, "datetime": {"datetime": "2023-04-17 13:52:23", "elapsed": 9578.429432, "delta": 7.478551}}
{"target": -51.42163749019676, "params": {"omega": 0.0, "theta": 2.6190400926523183, "u": 1.0, "v": 8.713447188248034, "x": 15.0, "y": 5.0}, "datetime": {"datetime": "2023-04-17 13:52:31", "elapsed": 9586.457589, "delta": 8.028157}}
{"target": -17.243286712674283, "params": {"omega": 0.0, "theta": 8.774508939212794, "u": 0.0, "v": 10.0, "x": 6.526527063332519, "y": 5.0}, "datetime": {"datetime": "2023-04-17 13:52:41", "elapsed": 9596.4927, "delta": 10.035111}}
{"target": -10000.0, "params": {"omega": 0.0, "theta": 0.0, "u": 1.0, "v": 0.0, "x": 5.0, "y": 9.816159548774518}, "datetime": {"datetime": "2023-04-17 13:52:50", "elapsed": 9605.770115, "delta": 9.277415}}
{"target": -5000.0, "params": {"omega": 0.0, "theta": 0.0, "u": 0.0, "v": 7.664263693649116, "x": 5.0, "y": 13.254461530442528}, "datetime": {"datetime": "2023-04-17 13:54:25", "elapsed": 9699.872801, "delta": 94.102686}}
{"target": -26.542822131275702, "params": {"omega": 0.0, "theta": 7.834712651566674, "u": 1.0, "v": 2.2303979509995417, "x": 13.90904716451768, "y": 9.247631192931095}, "datetime": {"datetime": "2023-04-17 13:54:32", "elapsed": 9707.01097, "delta": 7.138169}}
{"target": -15.664521179585485, "params": {"omega": 0.0, "theta": 1.8441932144424826, "u": 0.0, "v": 10.0, "x": 11.648898995803192, "y": 8.978102020838188}, "datetime": {"datetime": "2023-04-17 13:54:43", "elapsed": 9717.992239, "delta": 10.981269}}
{"target": -24.881249216486598, "params": {"omega": 0.0, "theta": 10.0, "u": 1.0, "v": 2.0509508656791806, "x": 6.675908680055809, "y": 15.0}, "datetime": {"datetime": "2023-04-17 13:54:50", "elapsed": 9725.182141, "delta": 7.189902}}
{"target": -49.06502940501453, "params": {"omega": 0.0, "theta": 2.762111801241926, "u": 1.0, "v": 7.2335160156948435, "x": 13.87045222722766, "y": 6.145262676220461}, "datetime": {"datetime": "2023-04-17 13:54:57", "elapsed": 9732.717366, "delta": 7.535225}}
{"target": -15.08870261670758, "params": {"omega": 0.0, "theta": 5.204309815243428, "u": 0.0, "v": 10.0, "x": 5.0, "y": 15.0}, "datetime": {"datetime": "2023-04-17 13:55:07", "elapsed": 9741.862839, "delta": 9.145473}}
{"target": -25.031686343270064, "params": {"omega": 0.0, "theta": 8.570476234769323, "u": 1.0, "v": 3.343622536550232, "x": 8.542418137134716, "y": 10.872141546977401}, "datetime": {"datetime": "2023-04-17 13:55:13", "elapsed": 9748.667783, "delta": 6.804944}}
{"target": -68.9813924821396, "params": {"omega": 0.0, "theta": 1.5278984253349985, "u": 1.0, "v": 6.96092727933352, "x": 5.0, "y": 15.0}, "datetime": {"datetime": "2023-04-17 13:55:22", "elapsed": 9757.027298, "delta": 8.359515}}
{"target": -16.15856900882441, "params": {"omega": 0.0, "theta": 8.524455542978359, "u": 0.0, "v": 7.2874770656122845, "x": 6.694323653171457, "y": 13.274006871091121}, "datetime": {"datetime": "2023-04-17 13:55:32", "elapsed": 9767.446458, "delta": 10.41916}}
{"target": -69.40291228780492, "params": {"omega": 0.0, "theta": 1.4944770360151751, "u": 1.0, "v": 6.242831213043935, "x": 7.789100639127891, "y": 5.0}, "datetime": {"datetime": "2023-04-17 13:55:41", "elapsed": 9776.377538, "delta": 8.93108}}
{"target": -29.328967552591962, "params": {"omega": 0.0, "theta": 6.592391398346134, "u": 1.0, "v": 7.695190039232062, "x": 9.137786186761835, "y": 7.935722621798674}, "datetime": {"datetime": "2023-04-17 13:55:48", "elapsed": 9783.608497, "delta": 7.230959}}
{"target": -55.52155628987928, "params": {"omega": 0.0, "theta": 2.354611778213965, "u": 1.0, "v": 8.092967160150002, "x": 9.30651657763161, "y": 6.885818869753446}, "datetime": {"datetime": "2023-04-17 13:55:56", "elapsed": 9791.760425, "delta": 8.151928}}
{"target": -5000.0, "params": {"omega": 1.0, "theta": 0.0, "u": 0.0, "v": 5.572895159080519, "x": 8.167523675864762, "y": 5.0}, "datetime": {"datetime": "2023-04-17 13:57:31", "elapsed": 9886.616534, "delta": 94.856109}}
{"target": -21.606801595988845, "params": {"omega": 0.05413040616912679, "theta": 9.938015338473582, "u": 0.591596104656994, "v": 5.252811537896868, "x": 6.3921272223304415, "y": 6.250534310540717}, "datetime": {"datetime": "2023-04-17 13:57:37", "elapsed": 9892.652301, "delta": 6.035767}}
{"target": -10000.0, "params": {"omega": 0.0, "theta": 0.4432817522882081, "u": 0.0, "v": 0.0, "x": 11.925138208530397, "y": 10.061111825643763}, "datetime": {"datetime": "2023-04-17 13:57:55", "elapsed": 9910.447232, "delta": 17.794931}}
{"target": -17.827329250925363, "params": {"omega": 0.0, "theta": 1.40591007295849, "u": 0.0, "v": 2.1318307301738404, "x": 9.548461876889382, "y": 10.426269749875967}, "datetime": {"datetime": "2023-04-17 13:58:05", "elapsed": 9920.579336, "delta": 10.132104}}
{"target": -15.733996391628592, "params": {"omega": 0.0, "theta": 2.732067382020163, "u": 0.0, "v": 6.970926099408471, "x": 9.492320605784554, "y": 13.548592308978765}, "datetime": {"datetime": "2023-04-17 13:58:16", "elapsed": 9931.709252, "delta": 11.129916}}
{"target": -16.886265705025075, "params": {"omega": 0.0, "theta": 3.257349128568906, "u": 0.0, "v": 10.0, "x": 11.618890019421551, "y": 10.2760104169322}, "datetime": {"datetime": "2023-04-17 13:58:28", "elapsed": 9942.937525, "delta": 11.228273}}
{"target": -45.42427715000097, "params": {"omega": 0.0, "theta": 3.1734528853052186, "u": 1.0, "v": 7.86242325221111, "x": 5.0, "y": 13.564554117588104}, "datetime": {"datetime": "2023-04-17 13:58:35", "elapsed": 9950.775504, "delta": 7.837979}}
{"target": -5000.0, "params": {"omega": 0.3687495681431715, "theta": 9.994786059515757, "u": 0.3539997949911565, "v": 9.925871732093299, "x": 6.019374270780277, "y": 11.912373414366265}, "datetime": {"datetime": "2023-04-17 13:59:43", "elapsed": 10018.164542, "delta": 67.389038}}
{"target": -18.186818776461994, "params": {"omega": 0.0, "theta": 10.0, "u": 0.0, "v": 1.2461923509675392, "x": 5.0, "y": 15.0}, "datetime": {"datetime": "2023-04-17 13:59:55", "elapsed": 10030.208871, "delta": 12.044329}}
{"target": -89.34255800941189, "params": {"omega": 0.0, "theta": 10.0, "u": 1.0, "v": 0.0, "x": 5.0, "y": 7.859349451156076}, "datetime": {"datetime": "2023-04-17 14:00:38", "elapsed": 10073.223947, "delta": 43.015076}}
{"target": -17.670974985491874, "params": {"omega": 0.0, "theta": 10.0, "u": 0.0, "v": 10.0, "x": 15.0, "y": 9.718488838333965}, "datetime": {"datetime": "2023-04-17 14:00:50", "elapsed": 10084.877986, "delta": 11.654039}}
{"target": -53.527386325983855, "params": {"omega": 0.0, "theta": 2.4837739864384023, "u": 1.0, "v": 6.872913107045814, "x": 7.906531407173611, "y": 5.990861815859305}, "datetime": {"datetime": "2023-04-17 14:00:59", "elapsed": 10093.8928, "delta": 9.014814}}
{"target": -19.351237859716928, "params": {"omega": 0.0, "theta": 10.0, "u": 0.0, "v": 0.9726609935374458, "x": 14.522348218893505, "y": 6.303087449900059}, "datetime": {"datetime": "2023-04-17 14:01:11", "elapsed": 10106.589041, "delta": 12.696241}}
{"target": -60.00829972950932, "params": {"omega": 0.0, "theta": 2.0328421677897563, "u": 1.0, "v": 10.0, "x": 8.811372829131546, "y": 7.18604539523605}, "datetime": {"datetime": "2023-04-17 14:01:21", "elapsed": 10115.927256, "delta": 9.338215}}
{"target": -17.13757054164641, "params": {"omega": 0.0, "theta": 5.4606595967217695, "u": 0.0, "v": 6.828397827564512, "x": 6.077389078552097, "y": 8.623668298335806}, "datetime": {"datetime": "2023-04-17 14:01:31", "elapsed": 10126.334697, "delta": 10.407441}}
{"target": -33.88078930372784, "params": {"omega": 0.0, "theta": 4.791274118782483, "u": 1.0, "v": 10.0, "x": 10.303939544934828, "y": 15.0}, "datetime": {"datetime": "2023-04-17 14:01:38", "elapsed": 10133.72396, "delta": 7.389263}}
{"target": -70.80038155753499, "params": {"omega": 0.0, "theta": 5.578281995469511, "u": 1.0, "v": 0.0, "x": 9.003879449200173, "y": 9.56419302997516}, "datetime": {"datetime": "2023-04-17 14:02:10", "elapsed": 10165.66564, "delta": 31.94168}}
{"target": -28.473562332723667, "params": {"omega": 0.0, "theta": 7.028770656102375, "u": 1.0, "v": 5.999203515386323, "x": 13.16983384085129, "y": 5.0}, "datetime": {"datetime": "2023-04-17 14:02:18", "elapsed": 10173.214658, "delta": 7.549018}}
{"target": -14.459993754475251, "params": {"omega": 0.0, "theta": 5.851786414931825, "u": 0.0, "v": 8.562206818519568, "x": 5.0, "y": 5.0}, "datetime": {"datetime": "2023-04-17 14:02:29", "elapsed": 10183.978428, "delta": 10.76377}}
{"target": -40.531653645752165, "params": {"omega": 0.18941700897143088, "theta": 9.918035077952783, "u": 0.8466205224723461, "v": 9.837268421035736, "x": 8.766004974019072, "y": 13.835895362308806}, "datetime": {"datetime": "2023-04-17 14:02:35", "elapsed": 10190.576296, "delta": 6.597868}}
{"target": -15.300868508223, "params": {"omega": 0.0, "theta": 10.0, "u": 0.0, "v": 8.545042394076734, "x": 5.0, "y": 15.0}, "datetime": {"datetime": "2023-04-17 14:02:46", "elapsed": 10201.725425, "delta": 11.149129}}
{"target": -15.93000788423269, "params": {"omega": 0.0, "theta": 10.0, "u": 0.0, "v": 3.2178751258232023, "x": 5.0, "y": 5.0}, "datetime": {"datetime": "2023-04-17 14:02:59", "elapsed": 10214.076975, "delta": 12.35155}}
{"target": -26.706628871315996, "params": {"omega": 0.0, "theta": 8.307697309990063, "u": 1.0, "v": 10.0, "x": 15.0, "y": 8.933793017823803}, "datetime": {"datetime": "2023-04-17 14:03:06", "elapsed": 10221.835569, "delta": 7.758594}}
{"target": -16.115503077781327, "params": {"omega": 0.0, "theta": 9.255587261263702, "u": 0.0, "v": 8.838582346093315, "x": 5.0, "y": 6.628184448830421}, "datetime": {"datetime": "2023-04-17 14:03:17", "elapsed": 10232.043613, "delta": 10.208044}}
{"target": -14.947129894077115, "params": {"omega": 0.0, "theta": 10.0, "u": 0.0, "v": 6.0111427455745154, "x": 8.410464409545565, "y": 6.927414910234431}, "datetime": {"datetime": "2023-04-17 14:03:27", "elapsed": 10242.650658, "delta": 10.607045}}
{"target": -15.3471844252663, "params": {"omega": 0.007772226095599355, "theta": 8.53162896191739, "u": 0.1267668468745784, "v": 7.545148415429301, "x": 8.620901424889766, "y": 14.758083149823374}, "datetime": {"datetime": "2023-04-17 14:03:33", "elapsed": 10248.63158, "delta": 5.980922}}
{"target": -24.80111216428265, "params": {"omega": 0.0, "theta": 10.0, "u": 1.0, "v": 7.627172688604685, "x": 5.897102877393161, "y": 6.289573468297482}, "datetime": {"datetime": "2023-04-17 14:03:40", "elapsed": 10255.559602, "delta": 6.928022}}
{"target": -41.631160485641594, "params": {"omega": 0.0, "theta": 3.5320123347405805, "u": 1.0, "v": 7.8718728119814925, "x": 6.824160174976973, "y": 15.0}, "datetime": {"datetime": "2023-04-17 14:03:48", "elapsed": 10263.295324, "delta": 7.735722}}
{"target": -21.13044520886401, "params": {"omega": 0.0, "theta": 3.6567769655079645, "u": 0.0, "v": 10.0, "x": 6.252903179035713, "y": 11.954975691623144}, "datetime": {"datetime": "2023-04-17 14:03:59", "elapsed": 10274.606962, "delta": 11.311638}}
{"target": -5000.0, "params": {"omega": 0.0, "theta": 0.0, "u": 1.0, "v": 5.961842190115288, "x": 15.0, "y": 15.0}, "datetime": {"datetime": "2023-04-17 14:04:49", "elapsed": 10324.663811, "delta": 50.056849}}
