{"target": -5000.0, "params": {"omega": 0.15943028138827486, "theta": 7.201800506395443, "u": 0.9974438283636209, "v": 5.12137900506535, "x": 5.496697924202176, "y": 14.56439229642894}, "datetime": {"datetime": "2023-04-17 12:48:36", "elapsed": 5933.521333, "delta": 76.078626}}
{"target": -5.3938384629177705, "params": {"omega": 0.0035286417026095807, "theta": 8.83394621977667, "u": 0.6727936236257024, "v": 0.237390836605178, "x": 9.04573757672734, "y": 9.012445567157489}, "datetime": {"datetime": "2023-04-17 12:48:46", "elapsed": 5943.997183, "delta": 10.47585}}
{"target": -25.649504129882445, "params": {"omega": 0.14653797474219687, "theta": 8.620169137196596, "u": 0.9869906944052645, "v": 3.7502799046232758, "x": 5.606343564473208, "y": 12.655928540530255}, "datetime": {"datetime": "2023-04-17 12:48:52", "elapsed": 5949.534321, "delta": 5.537138}}
{"target": -10000.0, "params": {"omega": 0.42996222037227827, "theta": 9.984943997648253, "u": 0.4720556793591164, "v": 0.7775660456910849, "x": 9.434410968681046, "y": 8.123836008841074}, "datetime": {"datetime": "2023-04-17 12:48:54", "elapsed": 5952.034894, "delta": 2.500573}}
{"target": -4.247520083225113, "params": {"omega": 0.038731566385203364, "theta": 9.144998248003866, "u": 0.12322535538854529, "v": 1.7931445526769307, "x": 8.790044410097131, "y": 10.176076187730839}, "datetime": {"datetime": "2023-04-17 12:49:00", "elapsed": 5957.228693, "delta": 5.193799}}
{"target": -28.246283115076842, "params": {"omega": 0.18271934644021448, "theta": 9.482007384217981, "u": 0.8833245863618036, "v": 2.9873205413784056, "x": 9.01121084935857, "y": 9.091707223843548}, "datetime": {"datetime": "2023-04-17 12:49:05", "elapsed": 5962.955821, "delta": 5.727128}}
{"target": -10000.0, "params": {"omega": 0.27245017604885735, "theta": 7.5363225504875855, "u": 0.3995009768680694, "v": 4.153649703971938, "x": 10.680753125895883, "y": 6.446418166883163}, "datetime": {"datetime": "2023-04-17 12:49:39", "elapsed": 5996.340765, "delta": 33.384944}}
{"target": -11.511382806486788, "params": {"omega": 0.06471612096597368, "theta": 7.51790475482549, "u": 0.2957031122526065, "v": 6.256750095098242, "x": 8.866335984569197, "y": 6.5278387992832645}, "datetime": {"datetime": "2023-04-17 12:49:44", "elapsed": 6001.235455, "delta": 4.89469}}
{"target": -7.94533856710077, "params": {"omega": 0.019246979870434444, "theta": 8.50938618557414, "u": 0.8543102311225343, "v": 3.0025952449013706, "x": 6.56399370826532, "y": 13.11355974393527}, "datetime": {"datetime": "2023-04-17 12:49:50", "elapsed": 6007.120093, "delta": 5.884638}}
{"target": -7.692517489345274, "params": {"omega": 0.0, "theta": 8.511404022509819, "u": 1.0, "v": 0.5770333388542966, "x": 8.861030738851566, "y": 10.407213730084877}, "datetime": {"datetime": "2023-04-17 12:49:59", "elapsed": 6016.240063, "delta": 9.11997}}
{"target": -10000.0, "params": {"omega": 0.4689768831134943, "theta": 7.599989949266696, "u": 0.6989045741433828, "v": 6.744308858810575, "x": 10.490290322462368, "y": 5.104954326229806}, "datetime": {"datetime": "2023-04-17 12:51:05", "elapsed": 6082.326461, "delta": 66.086398}}
{"target": -31.10787703141678, "params": {"omega": 0.19462927251526885, "theta": 8.818815651397458, "u": 0.5291389545317178, "v": 5.0482148677829475, "x": 7.680524193169721, "y": 13.435105295195518}, "datetime": {"datetime": "2023-04-17 12:51:11", "elapsed": 6088.18591, "delta": 5.859449}}
{"target": -24.809541402403234, "params": {"omega": 0.1504627086945406, "theta": 9.853322370401003, "u": 0.7878665739722153, "v": 1.80281473012878, "x": 10.021235319525983, "y": 10.291842459520204}, "datetime": {"datetime": "2023-04-17 12:51:17", "elapsed": 6094.876384, "delta": 6.690474}}
{"target": -2.542887610912338, "params": {"omega": 0.0, "theta": 7.754997251900671, "u": 0.0, "v": 8.161957141950237, "x": 7.615143864539383, "y": 13.978298362141897}, "datetime": {"datetime": "2023-04-17 12:51:28", "elapsed": 6105.468377, "delta": 10.591993}}
{"target": -19.62994000054773, "params": {"omega": 0.10297468848485536, "theta": 7.9271082579177055, "u": 0.5612535698746017, "v": 5.177399244068564, "x": 6.332002062120554, "y": 12.738216449226908}, "datetime": {"datetime": "2023-04-17 12:51:33", "elapsed": 6110.999413, "delta": 5.531036}}
{"target": -28.248051154007214, "params": {"omega": 0.0, "theta": 3.2037383649921596, "u": 1.0, "v": 6.995945568155271, "x": 15.0, "y": 6.677483475351251}, "datetime": {"datetime": "2023-04-17 12:51:41", "elapsed": 6118.084641, "delta": 7.085228}}
{"target": -5000.0, "params": {"omega": 0.634952292787805, "theta": 3.187873230985553, "u": 0.08724802313993563, "v": 9.909803229393631, "x": 10.362400972161222, "y": 14.513675684749645}, "datetime": {"datetime": "2023-04-17 12:52:39", "elapsed": 6176.43136, "delta": 58.346719}}
{"target": -32.148526416680774, "params": {"omega": 0.16099070411436056, "theta": 8.435101622782469, "u": 0.9202612859473589, "v": 1.8461414202264481, "x": 9.545002880410507, "y": 9.833853383871146}, "datetime": {"datetime": "2023-04-17 12:52:46", "elapsed": 6183.219302, "delta": 6.787942}}
{"target": -5.817404811608502, "params": {"omega": 0.0, "theta": 2.8251055379168464, "u": 0.0, "v": 7.909905691577466, "x": 5.0, "y": 8.747455418183161}, "datetime": {"datetime": "2023-04-17 12:52:55", "elapsed": 6192.922873, "delta": 9.703571}}
{"target": -20.753602135489405, "params": {"omega": 0.10709405573741304, "theta": 9.722066121524364, "u": 0.9735589337192999, "v": 2.6916225558957017, "x": 8.602894153388938, "y": 10.493624036750607}, "datetime": {"datetime": "2023-04-17 12:53:02", "elapsed": 6199.248974, "delta": 6.326101}}
{"target": -11.580766833762159, "params": {"omega": 0.054113943086062655, "theta": 9.513863535650383, "u": 0.7560466455808265, "v": 7.282805664114193, "x": 13.201403338916268, "y": 5.0247709457838186}, "datetime": {"datetime": "2023-04-17 12:53:08", "elapsed": 6205.060636, "delta": 5.811662}}
{"target": -2.280569741401834, "params": {"omega": 0.01880687395536651, "theta": 9.727092986845637, "u": 0.13646787309569863, "v": 4.7786447583448135, "x": 9.119280951747749, "y": 11.43395029070284}, "datetime": {"datetime": "2023-04-17 12:53:13", "elapsed": 6210.664483, "delta": 5.603847}}
{"target": -29.142898968265918, "params": {"omega": 0.0, "theta": 3.307046397245369, "u": 1.0, "v": 7.786438372664316, "x": 5.0, "y": 10.570715440185907}, "datetime": {"datetime": "2023-04-17 12:53:20", "elapsed": 6217.794598, "delta": 7.130115}}
{"target": -4.846407605276547, "params": {"omega": 0.0, "theta": 6.501631560655109, "u": 0.0, "v": 5.977519666990214, "x": 9.427008314614282, "y": 7.395346448711536}, "datetime": {"datetime": "2023-04-17 12:53:30", "elapsed": 6228.029633, "delta": 10.235035}}
{"target": -5000.0, "params": {"omega": 0.2935600868739373, "theta": 8.899353426113496, "u": 0.04009910807382833, "v": 6.928622799888471, "x": 8.455465901397435, "y": 14.891055222466266}, "datetime": {"datetime": "2023-04-17 12:55:08", "elapsed": 6325.862816, "delta": 97.833183}}
{"target": -7.472526240323887, "params": {"omega": 0.03658172237860702, "theta": 9.476094482246598, "u": 0.5847799598063247, "v": 5.635786133449274, "x": 13.45737070097125, "y": 5.257226344198482}, "datetime": {"datetime": "2023-04-17 12:55:14", "elapsed": 6331.7227, "delta": 5.859884}}
{"target": -5.107401259106076, "params": {"omega": 0.0, "theta": 4.713821913594091, "u": 0.0, "v": 7.360146402048697, "x": 5.0, "y": 10.248058871923046}, "datetime": {"datetime": "2023-04-17 12:55:24", "elapsed": 6341.19046, "delta": 9.46776}}
{"target": -5000.0, "params": {"omega": 0.0, "theta": 0.0, "u": 0.0, "v": 10.0, "x": 5.0, "y": 15.0}, "datetime": {"datetime": "2023-04-17 12:57:05", "elapsed": 6442.313452, "delta": 101.122992}}
{"target": -5.001505039957709, "params": {"omega": 0.0, "theta": 10.0, "u": 0.0, "v": 3.4316702758366846, "x": 9.809734298415684, "y": 10.388221079370785}, "datetime": {"datetime": "2023-04-17 12:57:15", "elapsed": 6452.462194, "delta": 10.148742}}
{"target": -5000.0, "params": {"omega": 0.3074553667962918, "theta": 6.258788295550835, "u": 0.0710012595305396, "v": 8.931099905066104, "x": 5.145349184624518, "y": 10.109013047413601}, "datetime": {"datetime": "2023-04-17 12:58:37", "elapsed": 6534.863222, "delta": 82.401028}}
{"target": -5000.0, "params": {"omega": 0.7490417988292596, "theta": 3.229817855116346, "u": 0.16517448896530595, "v": 6.934266322508071, "x": 5.031962959762533, "y": 9.95598345746948}, "datetime": {"datetime": "2023-04-17 12:59:31", "elapsed": 6588.438752, "delta": 53.57553}}
{"target": -5000.0, "params": {"omega": 0.0, "theta": 0.0, "u": 0.0, "v": 10.0, "x": 5.0, "y": 5.0}, "datetime": {"datetime": "2023-04-17 13:01:08", "elapsed": 6685.240252, "delta": 96.8015}}
{"target": -27.761230833491194, "params": {"omega": 0.0, "theta": 3.460880350191586, "u": 1.0, "v": 10.0, "x": 9.023989930496379, "y": 6.061837123888067}, "datetime": {"datetime": "2023-04-17 13:01:15", "elapsed": 6692.234266, "delta": 6.994014}}
{"target": -5000.0, "params": {"omega": 0.0, "theta": 0.0, "u": 1.0, "v": 5.391511847042548, "x": 5.0, "y": 15.0}, "datetime": {"datetime": "2023-04-17 13:02:08", "elapsed": 6745.128073, "delta": 52.893807}}
{"target": -17.24469523154033, "params": {"omega": 0.056508855666003055, "theta": 5.803625141351901, "u": 0.46062533802583006, "v": 9.928812415289697, "x": 9.643596931422628, "y": 5.924975730366084}, "datetime": {"datetime": "2023-04-17 13:02:13", "elapsed": 6750.748537, "delta": 5.620464}}
{"target": -49.2896120685871, "params": {"omega": 0.0, "theta": 1.612472841395047, "u": 1.0, "v": 7.1345004377990735, "x": 9.887651666709282, "y": 12.482280506360741}, "datetime": {"datetime": "2023-04-17 13:02:21", "elapsed": 6758.942872, "delta": 8.194335}}
{"target": -5000.0, "params": {"omega": 1.0, "theta": 0.25998514602048906, "u": 1.0, "v": 6.869329581471076, "x": 9.461422706379262, "y": 11.331755241553434}, "datetime": {"datetime": "2023-04-17 13:03:11", "elapsed": 6808.566068, "delta": 49.623196}}
{"target": -17.81743482034944, "params": {"omega": 0.0, "theta": 5.650422769962223, "u": 1.0, "v": 10.0, "x": 8.739768694627566, "y": 6.859736403612784}, "datetime": {"datetime": "2023-04-17 13:03:18", "elapsed": 6815.242558, "delta": 6.67649}}
{"target": -5000.0, "params": {"omega": 0.6338642865786411, "theta": 2.0153258346215863, "u": 0.46550484352794474, "v": 6.895278846587791, "x": 8.588895878780855, "y": 13.402682649197654}, "datetime": {"datetime": "2023-04-17 13:04:08", "elapsed": 6865.518819, "delta": 50.276261}}
{"target": -41.25753344321274, "params": {"omega": 0.04352640154731913, "theta": 2.6628129663264897, "u": 0.5574324167221477, "v": 6.912444927309071, "x": 11.55582380425008, "y": 13.267864009922787}, "datetime": {"datetime": "2023-04-17 13:04:15", "elapsed": 6872.610143, "delta": 7.091324}}
{"target": -10000.0, "params": {"omega": 1.0, "theta": 1.8127687475157854, "u": 0.0, "v": 7.18900560325869, "x": 11.141230618355532, "y": 12.43747786402793}, "datetime": {"datetime": "2023-04-17 13:04:27", "elapsed": 6884.603861, "delta": 11.993718}}
{"target": -33.2413875473854, "params": {"omega": 0.0, "theta": 2.7709019199878555, "u": 1.0, "v": 7.5726130986871425, "x": 10.428561427075774, "y": 13.99791674251145}, "datetime": {"datetime": "2023-04-17 13:04:34", "elapsed": 6891.90411, "delta": 7.300249}}
{"target": -23.77189587426083, "params": {"omega": 0.0, "theta": 3.7693586199396942, "u": 1.0, "v": 6.0018060318873605, "x": 12.071781436474739, "y": 12.948408027576281}, "datetime": {"datetime": "2023-04-17 13:04:41", "elapsed": 6898.763884, "delta": 6.859774}}
{"target": -5000.0, "params": {"omega": 1.0, "theta": 0.0, "u": 1.0, "v": 10.0, "x": 15.0, "y": 15.0}, "datetime": {"datetime": "2023-04-17 13:05:27", "elapsed": 6944.314261, "delta": 45.550377}}
{"target": -10.478678727050436, "params": {"omega": 0.0, "theta": 10.0, "u": 1.0, "v": 3.97819740986693, "x": 9.247730886505323, "y": 12.835542751827083}, "datetime": {"datetime": "2023-04-17 13:05:33", "elapsed": 6950.251362, "delta": 5.937101}}
{"target": -4.728210011593769, "params": {"omega": 0.0, "theta": 3.407028341467255, "u": 0.0, "v": 9.218799785457852, "x": 5.0, "y": 10.511518776070666}, "datetime": {"datetime": "2023-04-17 13:05:42", "elapsed": 6959.489273, "delta": 9.237911}}
{"target": -2.8788374841396904, "params": {"omega": 0.0, "theta": 10.0, "u": 0.0, "v": 10.0, "x": 5.0, "y": 5.0}, "datetime": {"datetime": "2023-04-17 13:05:51", "elapsed": 6968.58556, "delta": 9.096287}}
{"target": -3.8323780079014793, "params": {"omega": 0.0, "theta": 10.0, "u": 0.0, "v": 10.0, "x": 7.3994376592781155, "y": 5.0}, "datetime": {"datetime": "2023-04-17 13:06:00", "elapsed": 6977.829809, "delta": 9.244249}}
{"target": -4.272345777071978, "params": {"omega": 0.0, "theta": 0.3546268537679211, "u": 0.0, "v": 2.6057179741532934, "x": 10.127172554651724, "y": 9.72977203157308}, "datetime": {"datetime": "2023-04-17 13:06:10", "elapsed": 6987.455316, "delta": 9.625507}}
{"target": -11.498480068377722, "params": {"omega": 0.0, "theta": 8.996284208894089, "u": 1.0, "v": 0.0, "x": 7.85605997093982, "y": 9.0869184824118}, "datetime": {"datetime": "2023-04-17 13:06:41", "elapsed": 7018.098854, "delta": 30.643538}}
{"target": -3.1841859173064884, "params": {"omega": 0.0, "theta": 10.0, "u": 0.0, "v": 8.849669335584915, "x": 12.125109894121913, "y": 5.0}, "datetime": {"datetime": "2023-04-17 13:06:50", "elapsed": 7027.898985, "delta": 9.800131}}
{"target": -34.05957897986945, "params": {"omega": 0.0, "theta": 2.5959051697213384, "u": 1.0, "v": 5.962636577187589, "x": 11.112219673524223, "y": 14.530928117811257}, "datetime": {"datetime": "2023-04-17 13:06:57", "elapsed": 7034.89266, "delta": 6.993675}}
{"target": -2.5609997119113137, "params": {"omega": 0.0, "theta": 10.0, "u": 0.0, "v": 8.02129769740302, "x": 5.0, "y": 5.0}, "datetime": {"datetime": "2023-04-17 13:07:07", "elapsed": 7044.555827, "delta": 9.663167}}
{"target": -2.5098122234832703, "params": {"omega": 0.0, "theta": 10.0, "u": 0.0, "v": 4.373733865770128, "x": 8.764195061090051, "y": 8.001803745161583}, "datetime": {"datetime": "2023-04-17 13:07:15", "elapsed": 7052.87826, "delta": 8.322433}}
{"target": -5000.0, "params": {"omega": 1.0, "theta": 10.0, "u": 1.0, "v": 9.04911463257559, "x": 5.0, "y": 5.0}, "datetime": {"datetime": "2023-04-17 13:08:05", "elapsed": 7102.982242, "delta": 50.103982}}
{"target": -11.734440584566647, "params": {"omega": 0.0, "theta": 8.378700463421747, "u": 1.0, "v": 4.244398011169217, "x": 7.127773796880174, "y": 12.792796047412928}, "datetime": {"datetime": "2023-04-17 13:08:11", "elapsed": 7108.964817, "delta": 5.982575}}
{"target": -4.73586910790253, "params": {"omega": 0.0, "theta": 10.0, "u": 0.0, "v": 10.0, "x": 5.0, "y": 7.3367750965543514}, "datetime": {"datetime": "2023-04-17 13:08:21", "elapsed": 7118.683117, "delta": 9.7183}}
{"target": -14.477873945221047, "params": {"omega": 0.0, "theta": 7.568562768679237, "u": 1.0, "v": 10.0, "x": 9.808817629992474, "y": 5.477419805024595}, "datetime": {"datetime": "2023-04-17 13:08:27", "elapsed": 7124.62612, "delta": 5.943003}}
{"target": -136.19988250904697, "params": {"omega": 0.0, "theta": 0.5271714816250429, "u": 1.0, "v": 1.5147008839664875, "x": 10.787160406834953, "y": 9.482457042560387}, "datetime": {"datetime": "2023-04-17 13:08:40", "elapsed": 7137.163586, "delta": 12.537466}}
{"target": -35.1731861409907, "params": {"omega": 0.0, "theta": 2.735020207733146, "u": 1.0, "v": 9.13228767820482, "x": 5.0, "y": 12.126529192141273}, "datetime": {"datetime": "2023-04-17 13:08:47", "elapsed": 7144.234574, "delta": 7.070988}}
{"target": -8.190102313638643, "params": {"omega": 0.0, "theta": 6.080091413325839, "u": 0.0, "v": 6.867422319399695, "x": 5.0, "y": 12.578880517821759}, "datetime": {"datetime": "2023-04-17 13:08:56", "elapsed": 7153.669076, "delta": 9.434502}}
{"target": -2.057659563275325, "params": {"omega": 0.0, "theta": 10.0, "u": 0.0, "v": 8.20505010215257, "x": 6.945206041692672, "y": 5.0}, "datetime": {"datetime": "2023-04-17 13:09:05", "elapsed": 7162.819393, "delta": 9.150317}}
{"target": -2.759581038888647, "params": {"omega": 0.0, "theta": 7.175767927533355, "u": 0.0, "v": 4.354157888797098, "x": 5.0, "y": 12.422951992459002}, "datetime": {"datetime": "2023-04-17 13:09:14", "elapsed": 7171.806423, "delta": 8.98703}}
{"target": -3.4279906066348533, "params": {"omega": 0.0, "theta": 10.0, "u": 0.0, "v": 10.0, "x": 7.521329528081163, "y": 6.90351272600351}, "datetime": {"datetime": "2023-04-17 13:09:23", "elapsed": 7180.566869, "delta": 8.760446}}
{"target": -5000.0, "params": {"omega": 0.10168895938601985, "theta": 4.138787701310588, "u": 0.2582583214609404, "v": 8.312673936064083, "x": 5.041920549632183, "y": 11.88105228307272}, "datetime": {"datetime": "2023-04-17 13:10:26", "elapsed": 7243.394016, "delta": 62.827147}}
{"target": -5000.0, "params": {"omega": 0.2644558534446646, "theta": 9.923211552570983, "u": 0.8397941633851503, "v": 9.89620614016557, "x": 5.490554104986332, "y": 8.843716057162604}, "datetime": {"datetime": "2023-04-17 13:11:25", "elapsed": 7302.364637, "delta": 58.970621}}
{"target": -40.298907544602024, "params": {"omega": 0.0, "theta": 2.319470374488813, "u": 1.0, "v": 10.0, "x": 5.0, "y": 10.52458341205203}, "datetime": {"datetime": "2023-04-17 13:11:32", "elapsed": 7309.661721, "delta": 7.297084}}
{"target": -20.628487141559155, "params": {"omega": 0.06384277825279217, "theta": 6.577166368535632, "u": 0.8971080902579316, "v": 5.568519185273882, "x": 5.266011976242159, "y": 11.59936145477549}, "datetime": {"datetime": "2023-04-17 13:11:38", "elapsed": 7315.600885, "delta": 5.939164}}
{"target": -3.8027370952854387, "params": {"omega": 0.0, "theta": 10.0, "u": 0.0, "v": 7.988939409140792, "x": 5.0, "y": 6.881823184748416}, "datetime": {"datetime": "2023-04-17 13:11:48", "elapsed": 7325.89317, "delta": 10.292285}}
{"target": -2.3632051993174654, "params": {"omega": 0.01080510300709736, "theta": 8.266975506361188, "u": 0.0527925443686712, "v": 5.04164453301006, "x": 9.013614777393109, "y": 7.709195201670434}, "datetime": {"datetime": "2023-04-17 13:11:53", "elapsed": 7330.809599, "delta": 4.916429}}
{"target": -35.14363415960185, "params": {"omega": 0.0, "theta": 2.721275699398109, "u": 1.0, "v": 8.771166132630821, "x": 5.99725512382502, "y": 9.613133027649559}, "datetime": {"datetime": "2023-04-17 13:12:00", "elapsed": 7337.642057, "delta": 6.832458}}
{"target": -5000.0, "params": {"omega": 0.0, "theta": 0.0, "u": 1.0, "v": 10.0, "x": 12.384875983565845, "y": 5.0}, "datetime": {"datetime": "2023-04-17 13:12:49", "elapsed": 7386.884339, "delta": 49.242282}}
{"target": -66.63455248512814, "params": {"omega": 0.0, "theta": 1.1861883838791265, "u": 1.0, "v": 10.0, "x": 5.0, "y": 12.392735834241122}, "datetime": {"datetime": "2023-04-17 13:12:58", "elapsed": 7395.803109, "delta": 8.91877}}
{"target": -5000.0, "params": {"omega": 1.0, "theta": 2.322751106664578, "u": 1.0, "v": 10.0, "x": 5.0, "y": 11.974122951791145}, "datetime": {"datetime": "2023-04-17 13:13:51", "elapsed": 7448.549876, "delta": 52.746767}}
{"target": -5000.0, "params": {"omega": 1.0, "theta": 0.7517518630286668, "u": 1.0, "v": 2.262603693490964, "x": 9.620678548824502, "y": 9.83574963277075}, "datetime": {"datetime": "2023-04-17 13:14:42", "elapsed": 7499.947494, "delta": 51.397618}}
{"target": -10000.0, "params": {"omega": 0.0, "theta": 0.0, "u": 1.0, "v": 0.0, "x": 5.0, "y": 15.0}, "datetime": {"datetime": "2023-04-17 13:14:52", "elapsed": 7509.362848, "delta": 9.415354}}
{"target": -5000.0, "params": {"omega": 0.6714540240442853, "theta": 7.516118275562453, "u": 0.18819967926753212, "v": 6.579209097036117, "x": 5.005468053495613, "y": 11.794840440960403}, "datetime": {"datetime": "2023-04-17 13:15:56", "elapsed": 7573.503534, "delta": 64.140686}}
{"target": -62.32457405360604, "params": {"omega": 0.0, "theta": 1.2118795953168395, "u": 1.0, "v": 8.044073630403213, "x": 5.0, "y": 12.312032165791187}, "datetime": {"datetime": "2023-04-17 13:16:07", "elapsed": 7584.394265, "delta": 10.890731}}
{"target": -46.84829510260179, "params": {"omega": 0.0, "theta": 1.803941066625935, "u": 1.0, "v": 8.725735591738038, "x": 5.0, "y": 13.833478388895847}, "datetime": {"datetime": "2023-04-17 13:16:17", "elapsed": 7594.73767, "delta": 10.343405}}
{"target": -17.876659589194624, "params": {"omega": 0.0, "theta": 5.433027844012927, "u": 1.0, "v": 6.944000529991877, "x": 5.0, "y": 9.24611747423798}, "datetime": {"datetime": "2023-04-17 13:16:25", "elapsed": 7602.803113, "delta": 8.065443}}
{"target": -10000.0, "params": {"omega": 0.0, "theta": 0.0, "u": 0.0, "v": 0.0, "x": 15.0, "y": 15.0}, "datetime": {"datetime": "2023-04-17 13:16:26", "elapsed": 7603.984498, "delta": 1.181385}}
{"target": -5.975485380010938, "params": {"omega": 0.0, "theta": 6.835107843535467, "u": 0.0, "v": 4.202045511931326, "x": 12.459470505816135, "y": 11.770387452284702}, "datetime": {"datetime": "2023-04-17 13:16:41", "elapsed": 7618.553756, "delta": 14.569258}}
{"target": -26.040633778812296, "params": {"omega": 0.0, "theta": 3.573218234613085, "u": 1.0, "v": 7.170027774152094, "x": 15.0, "y": 5.0}, "datetime": {"datetime": "2023-04-17 13:16:50", "elapsed": 7627.423934, "delta": 8.870178}}
{"target": -7.021736228821194, "params": {"omega": 0.0, "theta": 5.337838172986795, "u": 0.0, "v": 5.324321727820778, "x": 5.0, "y": 12.227311237942398}, "datetime": {"datetime": "2023-04-17 13:17:00", "elapsed": 7637.858093, "delta": 10.434159}}
{"target": -50.61917878362937, "params": {"omega": 0.0, "theta": 1.5117140615754183, "u": 1.0, "v": 10.0, "x": 5.0, "y": 8.370739532825546}, "datetime": {"datetime": "2023-04-17 13:17:09", "elapsed": 7647.023914, "delta": 9.165821}}
{"target": -10000.0, "params": {"omega": 1.0, "theta": 2.7868102934123065, "u": 0.0, "v": 2.6267586481969647, "x": 5.742746382982967, "y": 12.274551585249581}, "datetime": {"datetime": "2023-04-17 13:17:13", "elapsed": 7650.451595, "delta": 3.427681}}
