{"target": -5000.0, "params": {"omega": 1.0, "theta": 0.0, "u": 0.0, "v": 0.0, "x": 5.0, "y": 5.0}, "datetime": {"datetime": "2023-04-17 13:25:03", "elapsed": 8117.311019, "delta": 104.206704}}
{"target": -15.00715035821065, "params": {"omega": 0.0, "theta": 10.0, "u": 0.0, "v": 7.242815427619806, "x": 8.122683605241196, "y": 10.648637767018384}, "datetime": {"datetime": "2023-04-17 13:25:13", "elapsed": 8127.043423, "delta": 9.732404}}
{"target": -24.11034408543766, "params": {"omega": 0.0, "theta": 10.0, "u": 1.0, "v": 10.0, "x": 5.0, "y": 5.0}, "datetime": {"datetime": "2023-04-17 13:25:19", "elapsed": 8133.465694, "delta": 6.422271}}
{"target": -10000.0, "params": {"omega": 0.0, "theta": 0.0, "u": 1.0, "v": 0.0, "x": 5.0, "y": 15.0}, "datetime": {"datetime": "2023-04-17 13:25:28", "elapsed": 8142.317173, "delta": 8.851479}}
{"target": -27.92921616738676, "params": {"omega": 0.1017467653681714, "theta": 9.627726856659192, "u": 0.6846956482151744, "v": 9.976697593132606, "x": 7.727745523805256, "y": 5.136850280883004}, "datetime": {"datetime": "2023-04-17 13:25:33", "elapsed": 8147.702982, "delta": 5.385809}}
{"target": -10000.0, "params": {"omega": 0.5668539712346173, "theta": 8.148545699483236, "u": 0.298793191141975, "v": 9.931244373077993, "x": 14.810098844389545, "y": 8.692868822817747}, "datetime": {"datetime": "2023-04-17 13:25:54", "elapsed": 8168.442722, "delta": 20.73974}}
{"target": -76.14902707709639, "params": {"omega": 0.0, "theta": 1.262462667704583, "u": 1.0, "v": 9.077633275609468, "x": 5.0, "y": 8.194437799502651}, "datetime": {"datetime": "2023-04-17 13:26:03", "elapsed": 8176.910847, "delta": 8.468125}}
{"target": -14.382159322451983, "params": {"omega": 0.0, "theta": 10.0, "u": 0.0, "v": 10.0, "x": 9.065137444340525, "y": 5.0}, "datetime": {"datetime": "2023-04-17 13:26:12", "elapsed": 8186.900455, "delta": 9.989608}}
{"target": -12.93529981420975, "params": {"omega": 0.0, "theta": 10.0, "u": 0.0, "v": 10.0, "x": 8.345504130057423, "y": 6.795692936741001}, "datetime": {"datetime": "2023-04-17 13:26:22", "elapsed": 8196.720907, "delta": 9.820452}}
{"target": -10000.0, "params": {"omega": 1.0, "theta": 10.0, "u": 0.0, "v": 10.0, "x": 6.186631486371244, "y": 5.0}, "datetime": {"datetime": "2023-04-17 13:26:34", "elapsed": 8208.86577, "delta": 12.144863}}
{"target": -24.024143603362447, "params": {"omega": 0.0, "theta": 10.0, "u": 1.0, "v": 10.0, "x": 5.0, "y": 7.127851890054431}, "datetime": {"datetime": "2023-04-17 13:26:41", "elapsed": 8214.998274, "delta": 6.132504}}
{"target": -5000.0, "params": {"omega": 1.0, "theta": 0.0, "u": 0.0, "v": 0.0, "x": 15.0, "y": 15.0}, "datetime": {"datetime": "2023-04-17 13:28:21", "elapsed": 8315.433868, "delta": 100.435594}}
{"target": -23.196043447766034, "params": {"omega": 0.0, "theta": 10.0, "u": 1.0, "v": 8.870265151785937, "x": 15.0, "y": 6.649026983007638}, "datetime": {"datetime": "2023-04-17 13:28:27", "elapsed": 8321.192109, "delta": 5.758241}}
{"target": -23.277195205570585, "params": {"omega": 0.0, "theta": 10.0, "u": 1.0, "v": 8.178775363261156, "x": 5.0, "y": 5.8915420406039525}, "datetime": {"datetime": "2023-04-17 13:28:33", "elapsed": 8326.978337, "delta": 5.786228}}
{"target": -5000.0, "params": {"omega": 0.0, "theta": 0.0, "u": 0.0, "v": 5.816967874775242, "x": 5.0, "y": 15.0}, "datetime": {"datetime": "2023-04-17 13:30:12", "elapsed": 8426.491028, "delta": 99.512691}}
{"target": -243.0004578361743, "params": {"omega": 0.0, "theta": 1.0268593296634576, "u": 1.0, "v": 10.0, "x": 5.811816627947954, "y": 7.002099427754003}, "datetime": {"datetime": "2023-04-17 13:30:29", "elapsed": 8443.2627, "delta": 16.771672}}
{"target": -57.24041452504437, "params": {"omega": 0.0, "theta": 6.501396278744503, "u": 1.0, "v": 0.0, "x": 15.0, "y": 5.0}, "datetime": {"datetime": "2023-04-17 13:30:54", "elapsed": 8468.468812, "delta": 25.206112}}
{"target": -26.754847406771006, "params": {"omega": 0.07356843169375016, "theta": 9.737274557832599, "u": 0.9338716112183715, "v": 9.364124811324428, "x": 8.718447226420114, "y": 5.767082980015308}, "datetime": {"datetime": "2023-04-17 13:31:00", "elapsed": 8474.48454, "delta": 6.015728}}
{"target": -25.277724031566958, "params": {"omega": 0.0, "theta": 8.523313152300549, "u": 1.0, "v": 10.0, "x": 8.931225173447487, "y": 5.0}, "datetime": {"datetime": "2023-04-17 13:31:06", "elapsed": 8480.871735, "delta": 6.387195}}
{"target": -56.26929450305177, "params": {"omega": 0.0, "theta": 2.179143679053055, "u": 1.0, "v": 7.385125295772385, "x": 5.0, "y": 8.997254442610323}, "datetime": {"datetime": "2023-04-17 13:31:14", "elapsed": 8488.687085, "delta": 7.81535}}
{"target": -24.49959209451391, "params": {"omega": 0.0, "theta": 8.768083651873523, "u": 1.0, "v": 10.0, "x": 15.0, "y": 5.0}, "datetime": {"datetime": "2023-04-17 13:31:21", "elapsed": 8495.280306, "delta": 6.593221}}
{"target": -23.717719325182518, "params": {"omega": 0.0, "theta": 10.0, "u": 1.0, "v": 10.0, "x": 13.23160291965102, "y": 7.379985550906207}, "datetime": {"datetime": "2023-04-17 13:31:27", "elapsed": 8501.533543, "delta": 6.253237}}
{"target": -10000.0, "params": {"omega": 0.598989336892774, "theta": 4.338315486911978, "u": 0.5230772922116164, "v": 0.29175937670785745, "x": 14.808760041371334, "y": 5.195157059744407}, "datetime": {"datetime": "2023-04-17 13:31:36", "elapsed": 8510.041257, "delta": 8.507714}}
{"target": -13.211402071190719, "params": {"omega": 0.0, "theta": 10.0, "u": 0.0, "v": 8.359603699490606, "x": 5.0, "y": 7.786829050271962}, "datetime": {"datetime": "2023-04-17 13:31:45", "elapsed": 8519.443099, "delta": 9.401842}}
{"target": -15.270920889138534, "params": {"omega": 0.0, "theta": 10.0, "u": 0.0, "v": 5.805678726366398, "x": 10.248159430471839, "y": 15.0}, "datetime": {"datetime": "2023-04-17 13:31:55", "elapsed": 8528.969084, "delta": 9.525985}}
{"target": -26.853082307731825, "params": {"omega": 0.0, "theta": 7.876983848818376, "u": 1.0, "v": 0.7298721498338118, "x": 15.0, "y": 5.0}, "datetime": {"datetime": "2023-04-17 13:32:04", "elapsed": 8538.190043, "delta": 9.220959}}
{"target": -23.865489555484928, "params": {"omega": 0.0, "theta": 10.0, "u": 1.0, "v": 10.0, "x": 6.89832921152264, "y": 8.560925918370403}, "datetime": {"datetime": "2023-04-17 13:32:10", "elapsed": 8544.616049, "delta": 6.426006}}
{"target": -5000.0, "params": {"omega": 0.0, "theta": 7.6121342893980035, "u": 0.0, "v": 0.0, "x": 13.505885395955012, "y": 5.0}, "datetime": {"datetime": "2023-04-17 13:33:51", "elapsed": 8645.367026, "delta": 100.750977}}
{"target": -17.295503358331842, "params": {"omega": 0.0, "theta": 10.0, "u": 0.0, "v": 10.0, "x": 7.98177385247087, "y": 9.963556298458387}, "datetime": {"datetime": "2023-04-17 13:34:02", "elapsed": 8656.37489, "delta": 11.007864}}
{"target": -10000.0, "params": {"omega": 1.0, "theta": 0.0, "u": 1.0, "v": 0.0, "x": 5.0, "y": 9.186055296183598}, "datetime": {"datetime": "2023-04-17 13:34:59", "elapsed": 8713.226956, "delta": 56.852066}}
{"target": -5000.0, "params": {"omega": 0.0, "theta": 0.0, "u": 1.0, "v": 10.0, "x": 11.094670727833746, "y": 5.0}, "datetime": {"datetime": "2023-04-17 13:35:47", "elapsed": 8761.264592, "delta": 48.037636}}
{"target": -25.052976222631045, "params": {"omega": 0.0, "theta": 6.659118440817702, "u": 1.0, "v": 2.4090664116968856, "x": 13.707686649004911, "y": 9.70399997960702}, "datetime": {"datetime": "2023-04-17 13:35:54", "elapsed": 8768.10504, "delta": 6.840448}}
{"target": -33.153194464971776, "params": {"omega": 0.0, "theta": 4.821593609322631, "u": 1.0, "v": 10.0, "x": 5.0, "y": 5.0}, "datetime": {"datetime": "2023-04-17 13:36:00", "elapsed": 8774.483312, "delta": 6.378272}}
{"target": -17.391582150485906, "params": {"omega": 0.0, "theta": 10.0, "u": 0.0, "v": 10.0, "x": 5.0, "y": 8.83915550863157}, "datetime": {"datetime": "2023-04-17 13:36:11", "elapsed": 8784.940475, "delta": 10.457163}}
{"target": -15.168183745071229, "params": {"omega": 0.07987300456675461, "theta": 9.095767457136812, "u": 0.01594212979980847, "v": 9.753800302713506, "x": 6.601217264170023, "y": 9.60448577335492}, "datetime": {"datetime": "2023-04-17 13:36:16", "elapsed": 8790.436854, "delta": 5.496379}}
{"target": -15.068939353954542, "params": {"omega": 0.0, "theta": 5.225499288320964, "u": 0.0, "v": 8.427657907228914, "x": 5.0, "y": 5.0}, "datetime": {"datetime": "2023-04-17 13:36:26", "elapsed": 8800.397015, "delta": 9.960161}}
{"target": -11.770679136931884, "params": {"omega": 0.0, "theta": 10.0, "u": 0.0, "v": 6.490297541383191, "x": 5.0, "y": 5.0}, "datetime": {"datetime": "2023-04-17 13:36:36", "elapsed": 8810.318037, "delta": 9.921022}}
{"target": -5000.0, "params": {"omega": 0.0, "theta": 0.0, "u": 1.0, "v": 10.0, "x": 15.0, "y": 9.551321875730146}, "datetime": {"datetime": "2023-04-17 13:37:25", "elapsed": 8859.208238, "delta": 48.890201}}
{"target": -23.359183134570877, "params": {"omega": 0.0, "theta": 10.0, "u": 1.0, "v": 6.326928375399055, "x": 5.0, "y": 6.70663890309786}, "datetime": {"datetime": "2023-04-17 13:37:31", "elapsed": 8865.575857, "delta": 6.367619}}
{"target": -51.868790446637774, "params": {"omega": 0.0, "theta": 2.5340027244754686, "u": 1.0, "v": 8.496437504268007, "x": 6.125176464473514, "y": 15.0}, "datetime": {"datetime": "2023-04-17 13:37:39", "elapsed": 8873.339265, "delta": 7.763408}}
{"target": -16.315276488652078, "params": {"omega": 0.0, "theta": 10.0, "u": 0.0, "v": 10.0, "x": 7.630171439047927, "y": 11.616251820735076}, "datetime": {"datetime": "2023-04-17 13:37:49", "elapsed": 8883.220562, "delta": 9.881297}}
{"target": -10000.0, "params": {"omega": 1.0, "theta": 9.20664111806564, "u": 1.0, "v": 0.0, "x": 9.721861168333922, "y": 9.18669435698885}, "datetime": {"datetime": "2023-04-17 13:37:51", "elapsed": 8884.939888, "delta": 1.719326}}
{"target": -15.333771032749665, "params": {"omega": 0.0, "theta": 6.404595652899146, "u": 0.0, "v": 8.408728721763419, "x": 6.714890070434613, "y": 15.0}, "datetime": {"datetime": "2023-04-17 13:38:01", "elapsed": 8895.581799, "delta": 10.641911}}
{"target": -26.04068075691547, "params": {"omega": 0.0, "theta": 7.469337830286056, "u": 1.0, "v": 0.9294949025905307, "x": 15.0, "y": 6.589448482882219}, "datetime": {"datetime": "2023-04-17 13:38:10", "elapsed": 8904.371736, "delta": 8.789937}}
{"target": -71.2813434913003, "params": {"omega": 0.0, "theta": 10.0, "u": 1.0, "v": 0.0, "x": 8.306290683200334, "y": 11.571839648633208}, "datetime": {"datetime": "2023-04-17 13:38:41", "elapsed": 8935.229427, "delta": 30.857691}}
{"target": -22.41457796079471, "params": {"omega": 0.0, "theta": 2.0114701175316347, "u": 0.0, "v": 7.32460705701336, "x": 5.0, "y": 10.658988581114365}, "datetime": {"datetime": "2023-04-17 13:38:51", "elapsed": 8945.239715, "delta": 10.010288}}
{"target": -25.54055138530807, "params": {"omega": 0.0, "theta": 8.199283806769472, "u": 1.0, "v": 7.834724947175106, "x": 5.0, "y": 5.0}, "datetime": {"datetime": "2023-04-17 13:38:57", "elapsed": 8951.902093, "delta": 6.662378}}
{"target": -18.416836952548287, "params": {"omega": 0.0, "theta": 6.573551646848775, "u": 0.0, "v": 10.0, "x": 5.0, "y": 5.0}, "datetime": {"datetime": "2023-04-17 13:39:07", "elapsed": 8961.89795, "delta": 9.995857}}
{"target": -15.52687609525881, "params": {"omega": 0.0, "theta": 7.924082200942784, "u": 0.0, "v": 10.0, "x": 7.789775046045178, "y": 10.780887613838708}, "datetime": {"datetime": "2023-04-17 13:39:17", "elapsed": 8971.158526, "delta": 9.260576}}
{"target": -5000.0, "params": {"omega": 0.0, "theta": 10.0, "u": 0.0, "v": 0.0, "x": 7.8646093814982825, "y": 8.979853216399098}, "datetime": {"datetime": "2023-04-17 13:40:55", "elapsed": 9069.543315, "delta": 98.384789}}
{"target": -22.759371247917354, "params": {"omega": 0.0, "theta": 10.0, "u": 1.0, "v": 4.271011083639629, "x": 8.84652195348494, "y": 15.0}, "datetime": {"datetime": "2023-04-17 13:41:01", "elapsed": 9075.796325, "delta": 6.25301}}
{"target": -5000.0, "params": {"omega": 0.0, "theta": 0.0, "u": 0.0, "v": 10.0, "x": 7.509957175567043, "y": 5.0}, "datetime": {"datetime": "2023-04-17 13:42:34", "elapsed": 9168.095794, "delta": 92.299469}}
{"target": -55.03632871076324, "params": {"omega": 0.0, "theta": 2.247256754171959, "u": 1.0, "v": 7.0774903814033845, "x": 6.633015079390344, "y": 10.914583459598761}, "datetime": {"datetime": "2023-04-17 13:42:42", "elapsed": 9176.223688, "delta": 8.127894}}
{"target": -23.191022394015306, "params": {"omega": 0.0, "theta": 10.0, "u": 1.0, "v": 7.153734771370871, "x": 6.509535324540665, "y": 5.0}, "datetime": {"datetime": "2023-04-17 13:42:49", "elapsed": 9182.953648, "delta": 6.72996}}
{"target": -13.848255639704147, "params": {"omega": 0.0, "theta": 8.462558656458933, "u": 0.0, "v": 7.461207019002613, "x": 10.819749910067959, "y": 15.0}, "datetime": {"datetime": "2023-04-17 13:42:59", "elapsed": 9193.845707, "delta": 10.892059}}
{"target": -5000.0, "params": {"omega": 0.0, "theta": 0.2782610564351337, "u": 1.0, "v": 6.196113379206316, "x": 5.0, "y": 10.923967772357694}, "datetime": {"datetime": "2023-04-17 13:43:49", "elapsed": 9243.667211, "delta": 49.821504}}
{"target": -23.08954009131456, "params": {"omega": 0.0, "theta": 10.0, "u": 1.0, "v": 8.671991884431394, "x": 5.0, "y": 8.921351105757566}, "datetime": {"datetime": "2023-04-17 13:43:56", "elapsed": 9250.089185, "delta": 6.421974}}
{"target": -27.455825338712277, "params": {"omega": 0.03397497984132358, "theta": 2.81978333145114, "u": 0.1574285010945452, "v": 7.258825471539615, "x": 5.8357145970791535, "y": 10.211223177793098}, "datetime": {"datetime": "2023-04-17 13:44:01", "elapsed": 9255.665328, "delta": 5.576143}}
{"target": -14.896154070708771, "params": {"omega": 0.0, "theta": 3.780736820051697, "u": 0.0, "v": 8.886655078079697, "x": 8.34866470870941, "y": 8.659843340363178}, "datetime": {"datetime": "2023-04-17 13:44:11", "elapsed": 9265.492214, "delta": 9.826886}}
{"target": -15.684540893458939, "params": {"omega": 0.0, "theta": 8.900892809018902, "u": 0.0, "v": 7.171423940284404, "x": 5.0, "y": 6.245020115255139}, "datetime": {"datetime": "2023-04-17 13:44:22", "elapsed": 9276.200938, "delta": 10.708724}}
{"target": -5000.0, "params": {"omega": 0.0, "theta": 0.0, "u": 0.0, "v": 10.0, "x": 5.0, "y": 7.829045118647136}, "datetime": {"datetime": "2023-04-17 13:45:52", "elapsed": 9366.514941, "delta": 90.314003}}
{"target": -23.535452500073575, "params": {"omega": 0.0, "theta": 10.0, "u": 1.0, "v": 8.197305363022439, "x": 7.918136867383167, "y": 5.0}, "datetime": {"datetime": "2023-04-17 13:45:58", "elapsed": 9372.410744, "delta": 5.895803}}
{"target": -25.766367321346358, "params": {"omega": 0.0, "theta": 8.144477505604273, "u": 1.0, "v": 10.0, "x": 5.0, "y": 5.0}, "datetime": {"datetime": "2023-04-17 13:46:04", "elapsed": 9378.269867, "delta": 5.859123}}
{"target": -5000.0, "params": {"omega": 1.0, "theta": 9.655338079350336, "u": 1.0, "v": 6.771813190092289, "x": 5.0, "y": 5.0}, "datetime": {"datetime": "2023-04-17 13:46:56", "elapsed": 9430.476638, "delta": 52.206771}}
{"target": -18.159013304467244, "params": {"omega": 0.09055522711088637, "theta": 9.959886597311144, "u": 0.0854660148046179, "v": 5.966311755544842, "x": 8.70905921161162, "y": 13.853391007559681}, "datetime": {"datetime": "2023-04-17 13:47:03", "elapsed": 9437.124742, "delta": 6.648104}}
{"target": -13.469814165993869, "params": {"omega": 0.0, "theta": 6.981493507788425, "u": 0.0, "v": 8.191347707870976, "x": 5.0, "y": 5.0}, "datetime": {"datetime": "2023-04-17 13:47:13", "elapsed": 9447.252032, "delta": 10.12729}}
{"target": -29.702828325823965, "params": {"omega": 0.0, "theta": 5.918503298215498, "u": 1.0, "v": 7.337234047242471, "x": 5.0, "y": 5.0}, "datetime": {"datetime": "2023-04-17 13:47:20", "elapsed": 9454.234995, "delta": 6.982963}}
{"target": -17.030770738162772, "params": {"omega": 0.0, "theta": 1.5523684993893592, "u": 0.0, "v": 7.849348029705501, "x": 7.11973019678498, "y": 10.31042575781229}, "datetime": {"datetime": "2023-04-17 13:47:31", "elapsed": 9465.280307, "delta": 11.045312}}
{"target": -23.13710321135045, "params": {"omega": 0.0, "theta": 10.0, "u": 1.0, "v": 8.893904573568065, "x": 7.299723481859123, "y": 10.225034705529499}, "datetime": {"datetime": "2023-04-17 13:47:37", "elapsed": 9471.355529, "delta": 6.075222}}
{"target": -14.68563796387887, "params": {"omega": 0.0, "theta": 8.122279247383753, "u": 0.0, "v": 10.0, "x": 5.0, "y": 9.330888309757603}, "datetime": {"datetime": "2023-04-17 13:47:47", "elapsed": 9481.692562, "delta": 10.337033}}
{"target": -38.88697811286765, "params": {"omega": 0.0, "theta": 3.676850224242604, "u": 1.0, "v": 8.090265151601745, "x": 7.670593939769859, "y": 13.304214560221926}, "datetime": {"datetime": "2023-04-17 13:47:55", "elapsed": 9489.256679, "delta": 7.564117}}
{"target": -13.962276902124133, "params": {"omega": 0.0, "theta": 10.0, "u": 0.0, "v": 6.476589229334477, "x": 5.0, "y": 7.950369029943198}, "datetime": {"datetime": "2023-04-17 13:48:06", "elapsed": 9500.330685, "delta": 11.074006}}
{"target": -21.147252874341568, "params": {"omega": 0.0, "theta": 10.0, "u": 0.0, "v": 4.981733852967924, "x": 5.0, "y": 6.423311067388781}, "datetime": {"datetime": "2023-04-17 13:48:17", "elapsed": 9510.903854, "delta": 10.573169}}
{"target": -10000.0, "params": {"omega": 1.0, "theta": 2.180412351461096, "u": 0.0, "v": 8.414426152631126, "x": 10.923842139787455, "y": 14.656165312053211}, "datetime": {"datetime": "2023-04-17 13:48:31", "elapsed": 9525.706555, "delta": 14.802701}}
{"target": -73.70190217573983, "params": {"omega": 0.0, "theta": 8.54268180747575, "u": 1.0, "v": 0.0, "x": 7.67209041033552, "y": 7.538180000227475}, "datetime": {"datetime": "2023-04-17 13:49:03", "elapsed": 9557.66529, "delta": 31.958735}}
{"target": -29.00181659017913, "params": {"omega": 0.0, "theta": 6.29056028305903, "u": 1.0, "v": 8.984873235045646, "x": 5.0, "y": 5.0}, "datetime": {"datetime": "2023-04-17 13:49:10", "elapsed": 9564.610393, "delta": 6.945103}}
{"target": -12.836155741584887, "params": {"omega": 0.0, "theta": 2.801828633325577, "u": 0.0, "v": 7.89731190778789, "x": 6.861214879499552, "y": 11.862477670982594}, "datetime": {"datetime": "2023-04-17 13:49:21", "elapsed": 9575.000119, "delta": 10.389726}}
{"target": -26.321339107325947, "params": {"omega": 0.0, "theta": 7.121408390434768, "u": 1.0, "v": 6.158950070009348, "x": 13.384131981211816, "y": 5.0}, "datetime": {"datetime": "2023-04-17 13:49:27", "elapsed": 9581.397181, "delta": 6.397062}}
{"target": -49.07962220128582, "params": {"omega": 0.0, "theta": 2.703057625296828, "u": 1.0, "v": 7.562147317785249, "x": 8.63821301897906, "y": 11.94684842017655}, "datetime": {"datetime": "2023-04-17 13:49:35", "elapsed": 9588.90499, "delta": 7.507809}}
{"target": -24.41916061154243, "params": {"omega": 0.0, "theta": 8.526928641654528, "u": 1.0, "v": 5.779234831083788, "x": 9.536263193044212, "y": 15.0}, "datetime": {"datetime": "2023-04-17 13:49:41", "elapsed": 9594.916251, "delta": 6.011261}}
{"target": -12.568182881285166, "params": {"omega": 0.0, "theta": 2.83381706869964, "u": 0.0, "v": 7.470270477683943, "x": 15.0, "y": 11.032695138791844}, "datetime": {"datetime": "2023-04-17 13:49:50", "elapsed": 9604.28924, "delta": 9.372989}}
{"target": -12.589506326219858, "params": {"omega": 0.0, "theta": 3.971522661868573, "u": 0.0, "v": 8.376795510264335, "x": 8.253529716288732, "y": 12.221945225503589}, "datetime": {"datetime": "2023-04-17 13:50:00", "elapsed": 9613.92057, "delta": 9.63133}}
{"target": -56.34264220318775, "params": {"omega": 0.0, "theta": 10.0, "u": 1.0, "v": 0.0, "x": 15.0, "y": 15.0}, "datetime": {"datetime": "2023-04-17 13:50:22", "elapsed": 9636.610091, "delta": 22.689521}}
{"target": -10000.0, "params": {"omega": 1.0, "theta": 10.0, "u": 0.0, "v": 0.0, "x": 15.0, "y": 15.0}, "datetime": {"datetime": "2023-04-17 13:50:24", "elapsed": 9638.05259, "delta": 1.442499}}
{"target": -35.70195013960271, "params": {"omega": 0.0, "theta": 4.215381203821194, "u": 1.0, "v": 10.0, "x": 5.990261841471402, "y": 6.410496436759887}, "datetime": {"datetime": "2023-04-17 13:50:30", "elapsed": 9644.499721, "delta": 6.447131}}
{"target": -23.975285969584057, "params": {"omega": 0.0, "theta": 10.0, "u": 1.0, "v": 10.0, "x": 10.610182377332746, "y": 5.0}, "datetime": {"datetime": "2023-04-17 13:50:36", "elapsed": 9650.326628, "delta": 5.826907}}
{"target": -34.81154805483681, "params": {"omega": 0.0, "theta": 4.483367853686445, "u": 1.0, "v": 7.84407652990202, "x": 5.0, "y": 6.275067029641068}, "datetime": {"datetime": "2023-04-17 13:50:43", "elapsed": 9657.304931, "delta": 6.978303}}
{"target": -56.652528486321046, "params": {"omega": 0.0, "theta": 7.589474094514777, "u": 1.0, "v": 0.0, "x": 15.0, "y": 15.0}, "datetime": {"datetime": "2023-04-17 13:51:06", "elapsed": 9680.616431, "delta": 23.3115}}
{"target": -10000.0, "params": {"omega": 1.0, "theta": 10.0, "u": 0.0, "v": 5.688926631568783, "x": 9.004787420709368, "y": 15.0}, "datetime": {"datetime": "2023-04-17 13:51:13", "elapsed": 9687.664959, "delta": 7.048528}}
{"target": -17.112900899736655, "params": {"omega": 0.0051169539453342905, "theta": 9.710018079032364, "u": 0.42993447097571025, "v": 7.272486922736067, "x": 6.639235383212089, "y": 13.149345944322357}, "datetime": {"datetime": "2023-04-17 13:51:19", "elapsed": 9693.311759, "delta": 5.6468}}
{"target": -5000.0, "params": {"omega": 0.9860496419205454, "theta": 2.328462142954298, "u": 0.760942845275532, "v": 6.923597089374525, "x": 7.981051502296477, "y": 11.034255108531266}, "datetime": {"datetime": "2023-04-17 13:52:05", "elapsed": 9739.088368, "delta": 45.776609}}
{"target": -23.014252347654583, "params": {"omega": 0.0, "theta": 10.0, "u": 1.0, "v": 6.999252620061449, "x": 8.012129337452995, "y": 13.562773596673152}, "datetime": {"datetime": "2023-04-17 13:52:11", "elapsed": 9744.996205, "delta": 5.907837}}
