{"target": -24.166970478173084, "params": {"omega": 0.0, "theta": 10.0, "u": 1.0, "v": 3.452834710322136, "x": 7.60159163684995, "y": 12.820368918281968}, "datetime": {"datetime": "2023-04-17 12:19:44", "elapsed": 4019.176515, "delta": 6.714115}}
{"target": -24.991863690194716, "params": {"omega": 0.0, "theta": 10.0, "u": 1.0, "v": 2.823678203201586, "x": 8.63517560570452, "y": 11.67182968282031}, "datetime": {"datetime": "2023-04-17 12:19:50", "elapsed": 4025.73426, "delta": 6.557745}}
{"target": -37.23490001565368, "params": {"omega": 0.0, "theta": 2.6871546395639596, "u": 0.6435224274092133, "v": 10.0, "x": 5.0, "y": 13.334176169417905}, "datetime": {"datetime": "2023-04-17 12:19:57", "elapsed": 4032.536891, "delta": 6.802631}}
{"target": -15.405755296318091, "params": {"omega": 0.0, "theta": 10.0, "u": 0.0, "v": 10.0, "x": 9.301728029277866, "y": 5.869788020651452}, "datetime": {"datetime": "2023-04-17 12:20:06", "elapsed": 4041.35496, "delta": 8.818069}}
{"target": -62.52781187267625, "params": {"omega": 0.0, "theta": 1.9172484484122663, "u": 1.0, "v": 9.033436517829717, "x": 5.0, "y": 14.887343154505285}, "datetime": {"datetime": "2023-04-17 12:20:14", "elapsed": 4049.155032, "delta": 7.800072}}
{"target": -17.756522797543646, "params": {"omega": 0.0, "theta": 1.3182036120060685, "u": 0.0, "v": 10.0, "x": 5.964673827662534, "y": 14.364900676860273}, "datetime": {"datetime": "2023-04-17 12:20:23", "elapsed": 4058.379996, "delta": 9.224964}}
{"target": -5000.0, "params": {"omega": 1.0, "theta": 1.018170691757211, "u": 1.0, "v": 10.0, "x": 5.0, "y": 14.096034195964886}, "datetime": {"datetime": "2023-04-17 12:21:10", "elapsed": 4105.278616, "delta": 46.89862}}
{"target": -19.67622763424921, "params": {"omega": 0.0, "theta": 10.0, "u": 0.0, "v": 4.117462951087225, "x": 8.184094552015328, "y": 11.607400083189892}, "datetime": {"datetime": "2023-04-17 12:21:20", "elapsed": 4115.740056, "delta": 10.46144}}
{"target": -28.153224822101134, "params": {"omega": 0.0, "theta": 7.261512937615869, "u": 1.0, "v": 10.0, "x": 5.0, "y": 15.0}, "datetime": {"datetime": "2023-04-17 12:21:26", "elapsed": 4121.701549, "delta": 5.961493}}
{"target": -17.462195080297583, "params": {"omega": 0.0, "theta": 1.887525807990429, "u": 0.0, "v": 8.582774756635978, "x": 6.680406380157299, "y": 15.0}, "datetime": {"datetime": "2023-04-17 12:21:35", "elapsed": 4130.580683, "delta": 8.879134}}
{"target": -18.514396588070447, "params": {"omega": 0.0, "theta": 2.129823443999692, "u": 0.0, "v": 10.0, "x": 8.072345112745069, "y": 15.0}, "datetime": {"datetime": "2023-04-17 12:21:44", "elapsed": 4139.767886, "delta": 9.187203}}
{"target": -5000.0, "params": {"omega": 0.5083472002521545, "theta": 1.5534656218096343, "u": 0.7402927786448739, "v": 8.636852271275735, "x": 8.985899695618292, "y": 14.552051545245668}, "datetime": {"datetime": "2023-04-17 12:22:34", "elapsed": 4189.722139, "delta": 49.954253}}
{"target": -28.955532555509784, "params": {"omega": 0.0, "theta": 6.946041572240025, "u": 1.0, "v": 10.0, "x": 5.0, "y": 13.050685670610406}, "datetime": {"datetime": "2023-04-17 12:22:40", "elapsed": 4195.784821, "delta": 6.062682}}
{"target": -16.201261717479802, "params": {"omega": 0.0, "theta": 8.46675189686731, "u": 0.0, "v": 10.0, "x": 5.0, "y": 13.758213224123304}, "datetime": {"datetime": "2023-04-17 12:22:50", "elapsed": 4205.525065, "delta": 9.740244}}
{"target": -5000.0, "params": {"omega": 0.2703909161778648, "theta": 7.356129159310438, "u": 0.21351076299385796, "v": 9.791632179688476, "x": 6.341523744477716, "y": 14.008788926651889}, "datetime": {"datetime": "2023-04-17 12:23:58", "elapsed": 4273.419293, "delta": 67.894228}}
{"target": -25.451806126367064, "params": {"omega": 0.0, "theta": 9.632924042773285, "u": 1.0, "v": 10.0, "x": 5.0, "y": 14.915491944820578}, "datetime": {"datetime": "2023-04-17 12:24:04", "elapsed": 4279.277977, "delta": 5.858684}}
{"target": -10000.0, "params": {"omega": 0.0, "theta": 0.0, "u": 0.0, "v": 0.0, "x": 8.93082629532522, "y": 10.316529942707445}, "datetime": {"datetime": "2023-04-17 12:24:05", "elapsed": 4279.919432, "delta": 0.641455}}
{"target": -25.48619800772528, "params": {"omega": 0.0, "theta": 9.633901357007705, "u": 1.0, "v": 10.0, "x": 5.0, "y": 12.782416363652777}, "datetime": {"datetime": "2023-04-17 12:24:10", "elapsed": 4285.837717, "delta": 5.918285}}
{"target": -5000.0, "params": {"omega": 0.9815114962785058, "theta": 9.594276097119725, "u": 0.9377448350798443, "v": 8.543439782396193, "x": 5.487774693259329, "y": 13.85250142733767}, "datetime": {"datetime": "2023-04-17 12:25:08", "elapsed": 4343.233498, "delta": 57.395781}}
{"target": -28.463054639905035, "params": {"omega": 0.0, "theta": 7.2878015540422245, "u": 1.0, "v": 10.0, "x": 13.800398664763657, "y": 5.737272681369211}, "datetime": {"datetime": "2023-04-17 12:25:16", "elapsed": 4351.000348, "delta": 7.76685}}
{"target": -17.026673543830285, "params": {"omega": 0.0, "theta": 8.866323085041941, "u": 0.0, "v": 10.0, "x": 14.212471326364868, "y": 5.075273397392298}, "datetime": {"datetime": "2023-04-17 12:25:28", "elapsed": 4363.482286, "delta": 12.481938}}
{"target": -17.79775739924846, "params": {"omega": 0.0, "theta": 8.269726923793005, "u": 0.23098208750119922, "v": 10.0, "x": 5.0, "y": 11.302380943437907}, "datetime": {"datetime": "2023-04-17 12:25:34", "elapsed": 4369.69918, "delta": 6.216894}}
{"target": -71.35892106876649, "params": {"omega": 0.0, "theta": 10.0, "u": 1.0, "v": 0.0, "x": 8.342791156667614, "y": 8.022587210950933}, "datetime": {"datetime": "2023-04-17 12:26:13", "elapsed": 4408.143314, "delta": 38.444134}}
{"target": -26.10808809983886, "params": {"omega": 0.0, "theta": 8.79749552730977, "u": 1.0, "v": 10.0, "x": 15.0, "y": 6.555377328257888}, "datetime": {"datetime": "2023-04-17 12:26:20", "elapsed": 4415.808788, "delta": 7.665474}}
{"target": -10000.0, "params": {"omega": 1.0, "theta": 7.684957333531617, "u": 0.0, "v": 10.0, "x": 15.0, "y": 6.044067203894995}, "datetime": {"datetime": "2023-04-17 12:26:25", "elapsed": 4420.328683, "delta": 4.519895}}
{"target": -10000.0, "params": {"omega": 0.3917023690678366, "theta": 9.682356131471453, "u": 0.952568424999345, "v": 8.622128544889742, "x": 14.013609820621083, "y": 5.158436325125775}, "datetime": {"datetime": "2023-04-17 12:27:33", "elapsed": 4488.316111, "delta": 67.987428}}
{"target": -16.15589661717435, "params": {"omega": 0.0, "theta": 3.9730529591341925, "u": 0.0, "v": 10.0, "x": 8.577118507321817, "y": 15.0}, "datetime": {"datetime": "2023-04-17 12:27:42", "elapsed": 4497.767142, "delta": 9.451031}}
{"target": -30.94932432287934, "params": {"omega": 0.21533900053908483, "theta": 9.765214470692296, "u": 0.10671654565974587, "v": 9.31562704158409, "x": 6.490084766182233, "y": 10.713979882691342}, "datetime": {"datetime": "2023-04-17 12:27:48", "elapsed": 4503.259354, "delta": 5.492212}}
{"target": -5000.0, "params": {"omega": 0.5664233963384531, "theta": 8.56139850541347, "u": 0.9985561210823736, "v": 9.865796908471653, "x": 5.78180103252607, "y": 9.879277323221826}, "datetime": {"datetime": "2023-04-17 12:28:46", "elapsed": 4560.909326, "delta": 57.649972}}
{"target": -10000.0, "params": {"omega": 1.0, "theta": 3.6729923136043916, "u": 0.0, "v": 1.6529778959876014, "x": 5.0, "y": 14.740825733642843}, "datetime": {"datetime": "2023-04-17 12:28:48", "elapsed": 4563.789271, "delta": 2.879945}}
{"target": -17.906356277167294, "params": {"omega": 0.0, "theta": 0.7604662518143706, "u": 0.0, "v": 7.767935528122095, "x": 5.119563525506082, "y": 15.0}, "datetime": {"datetime": "2023-04-17 12:28:58", "elapsed": 4573.41935, "delta": 9.630079}}
{"target": -10000.0, "params": {"omega": 1.0, "theta": 10.0, "u": 0.0, "v": 3.025173955878699, "x": 8.289016419032782, "y": 12.513624660040817}, "datetime": {"datetime": "2023-04-17 12:29:32", "elapsed": 4607.45499, "delta": 34.03564}}
{"target": -15.236502574391878, "params": {"omega": 0.0, "theta": 10.0, "u": 0.0, "v": 10.0, "x": 7.921521647596656, "y": 9.819413079325779}, "datetime": {"datetime": "2023-04-17 12:29:41", "elapsed": 4616.018711, "delta": 8.563721}}
{"target": -24.14800380677989, "params": {"omega": 0.0, "theta": 10.0, "u": 1.0, "v": 4.098727416203418, "x": 8.708919485314047, "y": 10.195009589713058}, "datetime": {"datetime": "2023-04-17 12:29:47", "elapsed": 4622.377615, "delta": 6.358904}}
{"target": -24.3649478002023, "params": {"omega": 0.0, "theta": 10.0, "u": 1.0, "v": 3.3887294617328134, "x": 7.1262209505230905, "y": 11.408386130975503}, "datetime": {"datetime": "2023-04-17 12:29:54", "elapsed": 4629.087772, "delta": 6.710157}}
{"target": -5000.0, "params": {"omega": 0.0, "theta": 0.0, "u": 0.0, "v": 8.850581729668457, "x": 6.543555432996514, "y": 15.0}, "datetime": {"datetime": "2023-04-17 12:31:27", "elapsed": 4721.874321, "delta": 92.786549}}
{"target": -24.76822470896515, "params": {"omega": 0.0, "theta": 10.0, "u": 1.0, "v": 3.018751062653234, "x": 5.885300186662382, "y": 13.012302863401263}, "datetime": {"datetime": "2023-04-17 12:31:33", "elapsed": 4727.961707, "delta": 6.087386}}
{"target": -23.393062048101875, "params": {"omega": 0.0, "theta": 2.099994744275857, "u": 0.0, "v": 8.319131293711255, "x": 5.115870782736344, "y": 13.73813145917765}, "datetime": {"datetime": "2023-04-17 12:31:42", "elapsed": 4737.718513, "delta": 9.756806}}
{"target": -25.061738672680466, "params": {"omega": 0.0, "theta": 10.0, "u": 1.0, "v": 2.3094677587205577, "x": 8.920716023141656, "y": 8.69624068873981}, "datetime": {"datetime": "2023-04-17 12:31:49", "elapsed": 4743.889731, "delta": 6.171218}}
{"target": -25.46246283395725, "params": {"omega": 0.0, "theta": 10.0, "u": 1.0, "v": 0.7716596639910523, "x": 9.043882327667104, "y": 9.891679763416343}, "datetime": {"datetime": "2023-04-17 12:31:56", "elapsed": 4751.828985, "delta": 7.939254}}
{"target": -17.061277248799534, "params": {"omega": 0.0, "theta": 10.0, "u": 0.0, "v": 3.1623016454715125, "x": 9.622451886094945, "y": 9.74487982960292}, "datetime": {"datetime": "2023-04-17 12:32:06", "elapsed": 4761.381031, "delta": 9.552046}}
{"target": -18.86426874189973, "params": {"omega": 0.00471016702304905, "theta": 5.5595588020647435, "u": 0.3467178462065752, "v": 9.971995149547158, "x": 5.075660931402242, "y": 11.810484120501595}, "datetime": {"datetime": "2023-04-17 12:32:11", "elapsed": 4766.625293, "delta": 5.244262}}
{"target": -18.031486535710016, "params": {"omega": 0.0, "theta": 2.479313691486345, "u": 0.0, "v": 7.767002117619798, "x": 5.0, "y": 15.0}, "datetime": {"datetime": "2023-04-17 12:32:21", "elapsed": 4775.874904, "delta": 9.249611}}
{"target": -18.724929031186285, "params": {"omega": 0.0, "theta": 5.432165546196949, "u": 0.0, "v": 10.0, "x": 5.0, "y": 9.576034649230808}, "datetime": {"datetime": "2023-04-17 12:32:30", "elapsed": 4785.221342, "delta": 9.346438}}
{"target": -14.809218106961431, "params": {"omega": 0.0, "theta": 3.629483226445264, "u": 0.0, "v": 10.0, "x": 5.0, "y": 11.143474503340327}, "datetime": {"datetime": "2023-04-17 12:32:39", "elapsed": 4794.261569, "delta": 9.040227}}
{"target": -5000.0, "params": {"omega": 0.6146044002205172, "theta": 3.663137859030352, "u": 0.8203702669159673, "v": 9.907530095123567, "x": 5.1788794815387735, "y": 9.154093977676382}, "datetime": {"datetime": "2023-04-17 12:33:26", "elapsed": 4841.169719, "delta": 46.90815}}
{"target": -23.641804588817298, "params": {"omega": 0.0, "theta": 10.0, "u": 1.0, "v": 4.958500969274114, "x": 6.200370839302839, "y": 12.858928014552092}, "datetime": {"datetime": "2023-04-17 12:33:32", "elapsed": 4847.020245, "delta": 5.850526}}
{"target": -23.75443698450433, "params": {"omega": 0.0, "theta": 10.0, "u": 1.0, "v": 4.327734734569334, "x": 5.674482577472263, "y": 14.805164952988697}, "datetime": {"datetime": "2023-04-17 12:33:38", "elapsed": 4852.998394, "delta": 5.978149}}
{"target": -22.44083072192172, "params": {"omega": 0.027621544302876888, "theta": 8.174906664259066, "u": 0.7875791464567352, "v": 4.278771983464541, "x": 6.7098116481063474, "y": 14.691924044719075}, "datetime": {"datetime": "2023-04-17 12:33:43", "elapsed": 4858.406177, "delta": 5.407783}}
{"target": -5000.0, "params": {"omega": 0.3737989716580923, "theta": 8.38697755398873, "u": 0.5719287692277744, "v": 3.652644474658863, "x": 5.138794843404658, "y": 13.557591253400563}, "datetime": {"datetime": "2023-04-17 12:35:05", "elapsed": 4940.536871, "delta": 82.130694}}
{"target": -5000.0, "params": {"omega": 0.30974738836016813, "theta": 9.765197301469595, "u": 0.6683485211668476, "v": 4.529012643642169, "x": 7.40845720372072, "y": 14.931081467952705}, "datetime": {"datetime": "2023-04-17 12:35:58", "elapsed": 4993.069223, "delta": 52.532352}}
{"target": -22.10277939736762, "params": {"omega": 0.0, "theta": 10.0, "u": 0.0, "v": 0.8890293302222679, "x": 9.730635995912495, "y": 8.501775726855003}, "datetime": {"datetime": "2023-04-17 12:36:07", "elapsed": 5002.15907, "delta": 9.089847}}
{"target": -25.816604355557494, "params": {"omega": 0.0, "theta": 8.460039930129813, "u": 1.0, "v": 5.739582616502661, "x": 5.378134791060868, "y": 15.0}, "datetime": {"datetime": "2023-04-17 12:36:13", "elapsed": 5007.862929, "delta": 5.703859}}
{"target": -5000.0, "params": {"omega": 1.0, "theta": 2.0682203801811663, "u": 1.0, "v": 7.729207447393715, "x": 15.0, "y": 7.428691979546503}, "datetime": {"datetime": "2023-04-17 12:37:00", "elapsed": 5055.18759, "delta": 47.324661}}
{"target": -18.324984503359506, "params": {"omega": 0.0, "theta": 6.621974631155959, "u": 0.0, "v": 8.73758444977311, "x": 5.0, "y": 10.715015863733669}, "datetime": {"datetime": "2023-04-17 12:37:09", "elapsed": 5064.403333, "delta": 9.215743}}
{"target": -14.346324266090143, "params": {"omega": 0.018885668158372115, "theta": 9.064538273594273, "u": 0.25120687536525355, "v": 9.811463704408665, "x": 7.13630537361579, "y": 12.06297414749961}, "datetime": {"datetime": "2023-04-17 12:37:14", "elapsed": 5069.625448, "delta": 5.222115}}
{"target": -17.037230769167074, "params": {"omega": 0.0, "theta": 0.7087631013462248, "u": 0.0, "v": 6.053054637683587, "x": 5.0, "y": 13.837691961424289}, "datetime": {"datetime": "2023-04-17 12:37:23", "elapsed": 5078.383215, "delta": 8.757767}}
{"target": -18.725155438243238, "params": {"omega": 0.0, "theta": 10.0, "u": 0.0, "v": 5.991541636075722, "x": 8.558965212510481, "y": 10.631732915480994}, "datetime": {"datetime": "2023-04-17 12:37:34", "elapsed": 5089.171001, "delta": 10.787786}}
{"target": -25.03674766684876, "params": {"omega": 0.0, "theta": 10.0, "u": 1.0, "v": 8.523765065450714, "x": 8.68263735119724, "y": 5.0}, "datetime": {"datetime": "2023-04-17 12:37:39", "elapsed": 5094.756889, "delta": 5.585888}}
{"target": -69.75980185971842, "params": {"omega": 0.0, "theta": 8.400816829210859, "u": 1.0, "v": 0.0, "x": 8.950457929071776, "y": 8.80106427886898}, "datetime": {"datetime": "2023-04-17 12:38:10", "elapsed": 5125.698831, "delta": 30.941942}}
{"target": -13.739341834413983, "params": {"omega": 0.0, "theta": 10.0, "u": 0.0, "v": 5.808879778969095, "x": 5.0, "y": 14.30050421115558}, "datetime": {"datetime": "2023-04-17 12:38:21", "elapsed": 5136.300738, "delta": 10.601907}}
{"target": -15.93167782837788, "params": {"omega": 0.0, "theta": 10.0, "u": 0.0, "v": 1.1896359550934836, "x": 15.0, "y": 5.0}, "datetime": {"datetime": "2023-04-17 12:38:33", "elapsed": 5148.109245, "delta": 11.808507}}
{"target": -5000.0, "params": {"omega": 0.28549081919155384, "theta": 1.0368855687985157, "u": 0.7622141755967826, "v": 6.266590526363746, "x": 6.60232882181557, "y": 14.773330435970134}, "datetime": {"datetime": "2023-04-17 12:39:24", "elapsed": 5199.186276, "delta": 51.077031}}
{"target": -5000.0, "params": {"omega": 0.0, "theta": 10.0, "u": 0.0, "v": 0.0, "x": 12.993859292584304, "y": 5.0}, "datetime": {"datetime": "2023-04-17 12:41:04", "elapsed": 5299.541324, "delta": 100.355048}}
{"target": -10000.0, "params": {"omega": 0.19812117345863434, "theta": 8.250272353499062, "u": 0.5972481962313941, "v": 0.5264551184636479, "x": 14.794520012394635, "y": 5.56240543184635}, "datetime": {"datetime": "2023-04-17 12:41:07", "elapsed": 5302.612404, "delta": 3.07108}}
{"target": -10000.0, "params": {"omega": 0.29939240949325696, "theta": 9.953348495893108, "u": 0.3725945009341596, "v": 0.017250393871099945, "x": 13.042221183039027, "y": 7.760011040932909}, "datetime": {"datetime": "2023-04-17 12:41:10", "elapsed": 5305.593999, "delta": 2.981595}}
{"target": -25.26788128917565, "params": {"omega": 0.06837229138673628, "theta": 7.9251513642231295, "u": 0.4718564563919502, "v": 8.030715504147766, "x": 5.032724799981885, "y": 12.650177098296496}, "datetime": {"datetime": "2023-04-17 12:41:16", "elapsed": 5310.922238, "delta": 5.328239}}
{"target": -26.254850961125285, "params": {"omega": 0.0, "theta": 8.656722326387404, "u": 1.0, "v": 2.120691066230852, "x": 9.145492441127727, "y": 9.986052804951008}, "datetime": {"datetime": "2023-04-17 12:41:23", "elapsed": 5317.966333, "delta": 7.044095}}
{"target": -5000.0, "params": {"omega": 0.0, "theta": 9.445337679175552, "u": 0.0, "v": 0.0, "x": 8.371180087880889, "y": 8.953715011801291}, "datetime": {"datetime": "2023-04-17 12:43:16", "elapsed": 5431.333155, "delta": 113.366822}}
{"target": -19.305464656246073, "params": {"omega": 0.0, "theta": 3.0362427570187918, "u": 0.0, "v": 10.0, "x": 10.351050626536875, "y": 14.431967825921094}, "datetime": {"datetime": "2023-04-17 12:43:26", "elapsed": 5441.216058, "delta": 9.882903}}
{"target": -18.636379214195564, "params": {"omega": 0.0, "theta": 1.4006322364064385, "u": 0.0, "v": 10.0, "x": 11.080449871434029, "y": 13.347352233468294}, "datetime": {"datetime": "2023-04-17 12:43:36", "elapsed": 5451.542136, "delta": 10.326078}}
{"target": -10000.0, "params": {"omega": 1.0, "theta": 1.5816376520306186, "u": 0.0, "v": 10.0, "x": 11.484790695946801, "y": 15.0}, "datetime": {"datetime": "2023-04-17 12:44:04", "elapsed": 5478.964559, "delta": 27.422423}}
{"target": -18.90828789627191, "params": {"omega": 0.0, "theta": 9.58055488654211, "u": 0.0, "v": 8.483162230746819, "x": 5.0, "y": 11.78985778978173}, "datetime": {"datetime": "2023-04-17 12:44:14", "elapsed": 5489.495591, "delta": 10.531032}}
{"target": -25.28008249770948, "params": {"omega": 0.0, "theta": 10.0, "u": 1.0, "v": 10.0, "x": 15.0, "y": 8.0664802058487}, "datetime": {"datetime": "2023-04-17 12:44:20", "elapsed": 5495.344551, "delta": 5.84896}}
{"target": -5000.0, "params": {"omega": 0.06884750506230375, "theta": 0.7566847731534154, "u": 0.13507610756714405, "v": 7.6007126470660635, "x": 10.97482709128442, "y": 12.009952421846581}, "datetime": {"datetime": "2023-04-17 12:45:11", "elapsed": 5546.65216, "delta": 51.307609}}
{"target": -5000.0, "params": {"omega": 0.1821308048828275, "theta": 3.5657705443660994, "u": 0.6363779954537162, "v": 9.74008776175851, "x": 9.385199976395661, "y": 13.278283914093755}, "datetime": {"datetime": "2023-04-17 12:46:11", "elapsed": 5606.445245, "delta": 59.793085}}
{"target": -25.168012215547417, "params": {"omega": 0.0, "theta": 8.489266435522604, "u": 1.0, "v": 3.0996702724798366, "x": 7.4663623279903195, "y": 12.18955568769092}, "datetime": {"datetime": "2023-04-17 12:46:18", "elapsed": 5613.832956, "delta": 7.387711}}
{"target": -17.758612009871456, "params": {"omega": 0.0, "theta": 2.304559482586966, "u": 0.0, "v": 10.0, "x": 10.900636176563026, "y": 12.099396654717243}, "datetime": {"datetime": "2023-04-17 12:46:27", "elapsed": 5622.789393, "delta": 8.956437}}
{"target": -25.191230080098755, "params": {"omega": 0.0, "theta": 8.882349463279484, "u": 1.0, "v": 1.220672952743698, "x": 9.264005300674308, "y": 7.742308682408452}, "datetime": {"datetime": "2023-04-17 12:46:35", "elapsed": 5629.961651, "delta": 7.172258}}
{"target": -17.103294984331125, "params": {"omega": 0.0, "theta": 9.64142875974204, "u": 0.0, "v": 10.0, "x": 13.72470648103962, "y": 7.150380054622324}, "datetime": {"datetime": "2023-04-17 12:46:44", "elapsed": 5639.017541, "delta": 9.05589}}
{"target": -16.026243856325795, "params": {"omega": 0.0, "theta": 10.0, "u": 0.0, "v": 10.0, "x": 11.032815665771016, "y": 5.0}, "datetime": {"datetime": "2023-04-17 12:46:53", "elapsed": 5647.992833, "delta": 8.975292}}
{"target": -5000.0, "params": {"omega": 1.0, "theta": 0.0, "u": 0.0, "v": 5.869858080711751, "x": 5.0, "y": 12.207420741816602}, "datetime": {"datetime": "2023-04-17 12:48:25", "elapsed": 5740.834033, "delta": 92.8412}}
{"target": -10000.0, "params": {"omega": 0.19244895475720347, "theta": 4.7859797251056175, "u": 0.8841566854665339, "v": 0.3383738210569631, "x": 6.461526640813577, "y": 11.964440516776541}, "datetime": {"datetime": "2023-04-17 12:48:30", "elapsed": 5745.005689, "delta": 4.171656}}
{"target": -24.560315128165183, "params": {"omega": 0.0, "theta": 10.0, "u": 1.0, "v": 6.52271226628726, "x": 5.0, "y": 12.564299144204341}, "datetime": {"datetime": "2023-04-17 12:48:36", "elapsed": 5750.974892, "delta": 5.969203}}
{"target": -25.52811613459296, "params": {"omega": 0.12949378469216422, "theta": 8.52222387518691, "u": 0.0980921112018367, "v": 6.2170508803564335, "x": 5.410858070062167, "y": 12.888744208807204}, "datetime": {"datetime": "2023-04-17 12:48:41", "elapsed": 5756.079112, "delta": 5.10422}}
{"target": -18.361252000845077, "params": {"omega": 0.0, "theta": 10.0, "u": 0.0, "v": 10.0, "x": 7.449919096155688, "y": 5.0}, "datetime": {"datetime": "2023-04-17 12:48:51", "elapsed": 5766.809361, "delta": 10.730249}}
{"target": -5000.0, "params": {"omega": 0.0, "theta": 0.26314670487671316, "u": 0.0, "v": 10.0, "x": 10.32952519302116, "y": 11.996640174762526}, "datetime": {"datetime": "2023-04-17 12:50:19", "elapsed": 5854.174852, "delta": 87.365491}}
{"target": -26.315409734717658, "params": {"omega": 0.0, "theta": 7.4392433651640975, "u": 1.0, "v": 2.28068221324053, "x": 15.0, "y": 9.481586425965903}, "datetime": {"datetime": "2023-04-17 12:50:27", "elapsed": 5861.864941, "delta": 7.690089}}
