{"target": -25.576803850364513, "params": {"omega": 0.0, "theta": 10.0, "u": 5.614639594285213, "v": 3.982888626034355, "x": 89.00797845716922, "y": 76.10779966223899}, "datetime": {"datetime": "2023-02-09 17:50:51", "elapsed": 11281.379932, "delta": 35.916599}}
{"target": -40.739543091686535, "params": {"omega": 0.0, "theta": 10.0, "u": 9.102376745411663, "v": 3.428629753393233, "x": 76.23504523426624, "y": 76.80499108065906}, "datetime": {"datetime": "2023-02-09 17:51:38", "elapsed": 11328.571277, "delta": 47.191345}}
{"target": -27.968461429288407, "params": {"omega": 0.0, "theta": 10.0, "u": 5.630812092115015, "v": 2.0974290966471822, "x": 88.20651048310285, "y": 68.07286883989258}, "datetime": {"datetime": "2023-02-09 17:52:22", "elapsed": 11372.502179, "delta": 43.930902}}
{"target": -10000.0, "params": {"omega": 0.06926128428081946, "theta": 9.372228577004096, "u": 8.943888585511628, "v": 1.0282360913411714, "x": 79.28472541069851, "y": 83.34884166884153}, "datetime": {"datetime": "2023-02-09 17:53:07", "elapsed": 11417.517555, "delta": 45.015376}}
{"target": -4.86483573464315, "params": {"omega": 0.0, "theta": 1.6343651546547493, "u": 0.0, "v": 3.674991713922116, "x": 76.54756724207233, "y": 66.66491736952807}, "datetime": {"datetime": "2023-02-09 17:54:09", "elapsed": 11479.375802, "delta": 61.858247}}
{"target": -66.6986144272516, "params": {"omega": 0.0, "theta": 5.7171604522790584, "u": 10.0, "v": 7.476966166034365, "x": 75.66126998402184, "y": 1.3390196719194432}, "datetime": {"datetime": "2023-02-09 17:54:49", "elapsed": 11519.439126, "delta": 40.063324}}
{"target": -45.64531409042134, "params": {"omega": 0.0, "theta": 10.0, "u": 10.0, "v": 10.0, "x": 0.0, "y": 18.408923648131474}, "datetime": {"datetime": "2023-02-09 17:55:23", "elapsed": 11553.354689, "delta": 33.915563}}
{"target": -47.67459376207944, "params": {"omega": 0.0, "theta": 10.0, "u": 10.0, "v": 9.376597536369777, "x": 80.24475632663655, "y": 1.2964017364045486}, "datetime": {"datetime": "2023-02-09 17:55:59", "elapsed": 11589.403085, "delta": 36.048396}}
{"target": -75.23463738777615, "params": {"omega": 0.33593059310496454, "theta": 4.698213409574334, "u": 8.28609005113635, "v": 8.987616470327199, "x": 40.522241556366154, "y": 27.300439961039448}, "datetime": {"datetime": "2023-02-09 17:56:31", "elapsed": 11621.224124, "delta": 31.821039}}
{"target": -10000.0, "params": {"omega": 0.3074362406231266, "theta": 9.819071088150926, "u": 9.894600977486013, "v": 0.14241612910875, "x": 72.52015661177369, "y": 61.46203411601176}, "datetime": {"datetime": "2023-02-09 17:56:50", "elapsed": 11640.596602, "delta": 19.372478}}
{"target": -31.07777574414587, "params": {"omega": 0.0, "theta": 10.0, "u": 7.369949334465785, "v": 7.939547320761623, "x": 43.93498007805709, "y": 100.0}, "datetime": {"datetime": "2023-02-09 17:57:23", "elapsed": 11673.46075, "delta": 32.864148}}
{"target": -36.868171816274725, "params": {"omega": 0.0, "theta": 10.0, "u": 7.671714877242352, "v": 10.0, "x": 29.836196063356855, "y": 20.542945667539474}, "datetime": {"datetime": "2023-02-09 17:57:54", "elapsed": 11704.419289, "delta": 30.958539}}
{"target": -3.352304183249484, "params": {"omega": 0.0, "theta": 1.2252068916847998, "u": 0.0, "v": 0.0, "x": 49.969869571123155, "y": 15.458861043133378}, "datetime": {"datetime": "2023-02-09 17:58:54", "elapsed": 11764.354801, "delta": 59.935512}}
{"target": -10000.0, "params": {"omega": 1.0, "theta": 3.691500168393734, "u": 0.0, "v": 0.0, "x": 90.69844526413742, "y": 56.10825958547517}, "datetime": {"datetime": "2023-02-09 18:00:52", "elapsed": 11882.445923, "delta": 118.091122}}
{"target": -29.3485727438111, "params": {"omega": 0.2227427987003744, "theta": 9.810146478715554, "u": 3.9257785451433644, "v": 9.88300975431978, "x": 33.16880178980948, "y": 27.572568291555687}, "datetime": {"datetime": "2023-02-09 18:01:18", "elapsed": 11908.232464, "delta": 25.786541}}
{"target": -22.484445213246392, "params": {"omega": 1.0, "theta": 10.0, "u": 0.5555315548969665, "v": 8.716177385060675, "x": 43.334360766896474, "y": 100.0}, "datetime": {"datetime": "2023-02-09 18:01:39", "elapsed": 11929.513302, "delta": 21.280838}}
{"target": -3.402848638424992, "params": {"omega": 0.0, "theta": 2.7234121412156584, "u": 0.0, "v": 0.46819111348549797, "x": 80.25221514866489, "y": 55.560202750102846}, "datetime": {"datetime": "2023-02-09 18:02:46", "elapsed": 11996.485755, "delta": 66.972453}}
{"target": -67.54139900573631, "params": {"omega": 1.0, "theta": 10.0, "u": 3.753142464606102, "v": 3.0799910077020742, "x": 40.76425699171491, "y": 100.0}, "datetime": {"datetime": "2023-02-09 18:03:23", "elapsed": 12033.429511, "delta": 36.943756}}
{"target": -31.604132670165352, "params": {"omega": 0.0, "theta": 4.702787407271997, "u": 3.758414352822169, "v": 6.795409535853811, "x": 42.48228828752142, "y": 100.0}, "datetime": {"datetime": "2023-02-09 18:03:56", "elapsed": 12066.420718, "delta": 32.991207}}
{"target": -22.382504329096864, "params": {"omega": 0.0, "theta": 8.916943026468147, "u": 4.445496818706863, "v": 9.215392545811556, "x": 37.64981601633584, "y": 100.0}, "datetime": {"datetime": "2023-02-09 18:04:30", "elapsed": 12100.445181, "delta": 34.024463}}
{"target": -4.0244198010132335, "params": {"omega": 0.0, "theta": 6.0520252477666245, "u": 0.0, "v": 5.190040702869198, "x": 37.24948651588606, "y": 100.0}, "datetime": {"datetime": "2023-02-09 18:05:25", "elapsed": 12155.537427, "delta": 55.092246}}
{"target": -10000.0, "params": {"omega": 0.8302075675278671, "theta": 4.329959432563506, "u": 8.829262279227825, "v": 5.855248342880932, "x": 38.2229769758086, "y": 97.40133834726583}, "datetime": {"datetime": "2023-02-09 18:05:42", "elapsed": 12172.291926, "delta": 16.754499}}
{"target": -39.71375463005963, "params": {"omega": 0.5214032890846758, "theta": 4.665028433365315, "u": 0.8040186148357398, "v": 9.942537338619141, "x": 22.500126165094315, "y": 15.857953308605566}, "datetime": {"datetime": "2023-02-09 18:06:09", "elapsed": 12199.342357, "delta": 27.050431}}
{"target": -4.243966817409502, "params": {"omega": 0.0, "theta": 4.805053643374913, "u": 0.0, "v": 10.0, "x": 40.244245259792606, "y": 100.0}, "datetime": {"datetime": "2023-02-09 18:06:59", "elapsed": 12249.58253, "delta": 50.240173}}
{"target": -40.8348268910713, "params": {"omega": 0.0, "theta": 10.0, "u": 10.0, "v": 10.0, "x": 69.41018679065868, "y": 78.8284245683228}, "datetime": {"datetime": "2023-02-09 18:07:36", "elapsed": 12286.312378, "delta": 36.729848}}
{"target": -17.519184111621303, "params": {"omega": 0.36443715339271865, "theta": 8.751192453807178, "u": 0.28092370158488755, "v": 3.9214569804438537, "x": 37.086528344029155, "y": 29.003425168112084}, "datetime": {"datetime": "2023-02-09 18:07:58", "elapsed": 12308.513077, "delta": 22.200699}}
{"target": -10000.0, "params": {"omega": 1.0, "theta": 10.0, "u": 0.0, "v": 10.0, "x": 74.46795520414325, "y": 81.23065915643372}, "datetime": {"datetime": "2023-02-09 18:09:52", "elapsed": 12422.326401, "delta": 113.813324}}
{"target": -12.105357305693646, "params": {"omega": 0.0, "theta": 8.828043890773687, "u": 1.7475456084426113, "v": 5.805878221268687, "x": 44.83409444257238, "y": 95.4834633161474}, "datetime": {"datetime": "2023-02-09 18:10:21", "elapsed": 12451.354636, "delta": 29.028235}}
{"target": -30.93983184183613, "params": {"omega": 0.06297038656937382, "theta": 8.201306741001002, "u": 4.916220423496313, "v": 8.98412488456919, "x": 19.71676899774061, "y": 14.561435397297029}, "datetime": {"datetime": "2023-02-09 18:10:51", "elapsed": 12481.331123, "delta": 29.976487}}
{"target": -47.348285439883405, "params": {"omega": 0.9756170835037774, "theta": 8.17793467175676, "u": 3.5703211789595066, "v": 9.552565792821623, "x": 84.53664297573596, "y": 84.41254382674236}, "datetime": {"datetime": "2023-02-09 18:11:18", "elapsed": 12508.516804, "delta": 27.185681}}
{"target": -4.162509331534824, "params": {"omega": 0.0, "theta": 6.2607996603651195, "u": 0.0, "v": 3.543225474452665, "x": 71.70752799230645, "y": 18.42499458681135}, "datetime": {"datetime": "2023-02-09 18:12:19", "elapsed": 12569.510372, "delta": 60.993568}}
{"target": -10000.0, "params": {"omega": 1.0, "theta": 8.498718257322695, "u": 0.0, "v": 3.082793786434426, "x": 41.35401514895187, "y": 18.14230051624866}, "datetime": {"datetime": "2023-02-09 18:14:16", "elapsed": 12686.260428, "delta": 116.750056}}
{"target": -3.2588003863504524, "params": {"omega": 0.0, "theta": 6.919475563652616, "u": 0.0, "v": 6.339299277010435, "x": 49.09598379482003, "y": 18.947023280647475}, "datetime": {"datetime": "2023-02-09 18:15:05", "elapsed": 12735.541979, "delta": 49.281551}}
{"target": -37.93814152356334, "params": {"omega": 0.5542495059697273, "theta": 8.126623915760117, "u": 1.983902364854705, "v": 7.633266896826783, "x": 44.922230318797006, "y": 27.748975980732382}, "datetime": {"datetime": "2023-02-09 18:15:29", "elapsed": 12759.468162, "delta": 23.926183}}
{"target": -2.6628000807736667, "params": {"omega": 0.0, "theta": 10.0, "u": 0.0, "v": 4.459137729662166, "x": 74.28954622207422, "y": 25.84925542658925}, "datetime": {"datetime": "2023-02-09 18:16:21", "elapsed": 12811.244799, "delta": 51.776637}}
{"target": -4.440414443041716, "params": {"omega": 0.0, "theta": 10.0, "u": 0.0, "v": 6.639957854236686, "x": 64.93634726706887, "y": 23.65082854398175}, "datetime": {"datetime": "2023-02-09 18:17:12", "elapsed": 12862.536759, "delta": 51.29196}}
{"target": -71.60888825148689, "params": {"omega": 0.7853622866656127, "theta": 9.952258859483086, "u": 7.697232121064001, "v": 6.1724920498394065, "x": 37.77411558329724, "y": 27.817427104060776}, "datetime": {"datetime": "2023-02-09 18:17:56", "elapsed": 12906.301851, "delta": 43.765092}}
