{"target": -3.065922732899532, "params": {"omega": 0.0, "theta": 5.877010442141492, "u": 0.0, "v": 10.0, "x": 58.67329335777299, "y": 53.415076873558846}, "datetime": {"datetime": "2023-02-09 15:34:05", "elapsed": 3075.187736, "delta": 22.415482}}
{"target": -2.150488238471446, "params": {"omega": 0.0, "theta": 5.315033501145455, "u": 0.0, "v": 5.363002249395959, "x": 55.10106887703501, "y": 59.14003367365425}, "datetime": {"datetime": "2023-02-09 15:34:24", "elapsed": 3094.637859, "delta": 19.450123}}
{"target": -38.956151310827934, "params": {"omega": 0.0, "theta": 8.732220472411221, "u": 6.9244378300508975, "v": 2.5360493834458415, "x": 43.00277374039018, "y": 70.09090299748158}, "datetime": {"datetime": "2023-02-09 15:34:41", "elapsed": 3111.690623, "delta": 17.052764}}
{"target": -18.45640310533652, "params": {"omega": 0.0, "theta": 9.243475325862189, "u": 3.646901419711707, "v": 7.043523974339488, "x": 88.75277289864069, "y": 82.26833284585872}, "datetime": {"datetime": "2023-02-09 15:34:50", "elapsed": 3120.442978, "delta": 8.752355}}
{"target": -36.79250261909131, "params": {"omega": 0.8739443942909259, "theta": 3.7348084165853224, "u": 0.6219758344888748, "v": 2.9150103775988114, "x": 71.09584938493158, "y": 63.827371012124324}, "datetime": {"datetime": "2023-02-09 15:34:58", "elapsed": 3127.875603, "delta": 7.432625}}
{"target": -2.267800438929381, "params": {"omega": 0.0, "theta": 10.0, "u": 0.0, "v": 5.779182396325151, "x": 85.36488068797446, "y": 21.019135782136317}, "datetime": {"datetime": "2023-02-09 15:35:18", "elapsed": 3148.601891, "delta": 20.726288}}
{"target": -35.92238000991553, "params": {"omega": 0.0, "theta": 5.190257099007467, "u": 4.682830208324124, "v": 3.6202456731185317, "x": 39.75952294161501, "y": 73.71240471347579}, "datetime": {"datetime": "2023-02-09 15:35:31", "elapsed": 3161.475549, "delta": 12.873658}}
{"target": -29.855141932003054, "params": {"omega": 0.0, "theta": 5.658213199113972, "u": 3.728737298227854, "v": 10.0, "x": 25.44179432149419, "y": 46.972018556800215}, "datetime": {"datetime": "2023-02-09 15:35:41", "elapsed": 3171.408988, "delta": 9.933439}}
{"target": -27.15582786837859, "params": {"omega": 0.0, "theta": 10.0, "u": 6.071454641192014, "v": 10.0, "x": 86.4689911768466, "y": 75.59761214734635}, "datetime": {"datetime": "2023-02-09 15:35:51", "elapsed": 3181.178098, "delta": 9.76911}}
{"target": -123.27364106259532, "params": {"omega": 1.0, "theta": 6.205590401641553, "u": 4.812941923621631, "v": 10.0, "x": 53.46096716631363, "y": 52.030186121559225}, "datetime": {"datetime": "2023-02-09 15:36:01", "elapsed": 3191.30524, "delta": 10.127142}}
{"target": -8.97846888820291, "params": {"omega": 0.0, "theta": 7.5300216372397015, "u": 0.9666112251051188, "v": 10.0, "x": 76.85705331280518, "y": 69.59858264774225}, "datetime": {"datetime": "2023-02-09 15:36:08", "elapsed": 3198.199176, "delta": 6.893936}}
{"target": -24.4526226716696, "params": {"omega": 0.0, "theta": 1.5957861741037531, "u": 1.6553866613711248, "v": 7.873033636392013, "x": 73.65441274958751, "y": 69.10495213426488}, "datetime": {"datetime": "2023-02-09 15:36:17", "elapsed": 3207.425905, "delta": 9.226729}}
{"target": -3.14753137633593, "params": {"omega": 0.0, "theta": 10.0, "u": 0.0, "v": 5.70790455961692, "x": 90.0978375625819, "y": 65.68631811783267}, "datetime": {"datetime": "2023-02-09 15:36:37", "elapsed": 3227.050121, "delta": 19.624216}}
{"target": -10000.0, "params": {"omega": 0.0, "theta": 3.26740914268204, "u": 6.093996288843512, "v": 3.622279929483403, "x": 68.90892123877917, "y": 54.75677620770356}, "datetime": {"datetime": "2023-02-09 15:36:56", "elapsed": 3246.333182, "delta": 19.283061}}
{"target": -42.562626509763085, "params": {"omega": 0.19470275744607957, "theta": 9.233656389070964, "u": 9.532685777206702, "v": 7.464308509497717, "x": 45.41416493143029, "y": 65.53787725071855}, "datetime": {"datetime": "2023-02-09 15:37:09", "elapsed": 3258.859197, "delta": 12.526015}}
{"target": -86.62628594727768, "params": {"omega": 0.9046807774009562, "theta": 7.207997023856473, "u": 6.295607288364672, "v": 10.0, "x": 15.864234644440684, "y": 22.65336501609475}, "datetime": {"datetime": "2023-02-09 15:37:18", "elapsed": 3268.502064, "delta": 9.642867}}
{"target": -31.687011532419646, "params": {"omega": 0.0, "theta": 10.0, "u": 5.96222853342753, "v": 6.14668159597166, "x": 69.41637513084562, "y": 0.0}, "datetime": {"datetime": "2023-02-09 15:37:30", "elapsed": 3280.079643, "delta": 11.577579}}
{"target": -21.353123175388568, "params": {"omega": 0.41939841886038565, "theta": 8.921726224850083, "u": 0.843726243148345, "v": 4.277762814554902, "x": 67.75969558930218, "y": 47.29009795717369}, "datetime": {"datetime": "2023-02-09 15:37:37", "elapsed": 3287.158548, "delta": 7.078905}}
{"target": -4.4479545642795415, "params": {"omega": 0.0, "theta": 5.177946995275694, "u": 0.0, "v": 10.0, "x": 47.89598757102291, "y": 47.39110261898042}, "datetime": {"datetime": "2023-02-09 15:37:54", "elapsed": 3304.369427, "delta": 17.210879}}
{"target": -11.139922936383648, "params": {"omega": 0.0, "theta": 10.0, "u": 0.928462425754745, "v": 10.0, "x": 76.98421329774757, "y": 27.733609702571954}, "datetime": {"datetime": "2023-02-09 15:38:01", "elapsed": 3310.947263, "delta": 6.577836}}
{"target": -46.50149022260732, "params": {"omega": 0.0, "theta": 8.433914696140638, "u": 8.831817411047629, "v": 7.402597877990873, "x": 75.973052729055, "y": 16.832026911564263}, "datetime": {"datetime": "2023-02-09 15:38:13", "elapsed": 3323.299941, "delta": 12.352678}}
{"target": -10000.0, "params": {"omega": 1.0, "theta": 4.568511981693823, "u": 6.958187852489962, "v": 5.132474902840415, "x": 69.75163684432754, "y": 68.69689253420766}, "datetime": {"datetime": "2023-02-09 15:38:18", "elapsed": 3327.791422, "delta": 4.491481}}
{"target": -29.950868142512352, "params": {"omega": 0.0, "theta": 7.639093601116298, "u": 4.6233926965048795, "v": 7.5996424540321685, "x": 81.55076463796338, "y": 15.939702746994113}, "datetime": {"datetime": "2023-02-09 15:38:27", "elapsed": 3337.529755, "delta": 9.738333}}
{"target": -20.559551086085506, "params": {"omega": 0.703751023490636, "theta": 9.774443486357422, "u": 0.619621277859338, "v": 7.319143240497103, "x": 72.40002724359648, "y": 71.56023410327907}, "datetime": {"datetime": "2023-02-09 15:38:34", "elapsed": 3344.034317, "delta": 6.504562}}
{"target": -29.45852705719331, "params": {"omega": 0.16686410358570913, "theta": 8.894243791781623, "u": 5.955679691960883, "v": 8.77324806757468, "x": 73.30664251556173, "y": 76.02726616136754}, "datetime": {"datetime": "2023-02-09 15:38:45", "elapsed": 3354.732032, "delta": 10.697715}}
{"target": -10000.0, "params": {"omega": 0.819909914829977, "theta": 3.7268844740372087, "u": 5.8313029786380834, "v": 9.4728230093993, "x": 81.09894553026356, "y": 72.05735630787161}, "datetime": {"datetime": "2023-02-09 15:38:49", "elapsed": 3359.576258, "delta": 4.844226}}
{"target": -76.42932101268096, "params": {"omega": 0.9207202602788437, "theta": 9.725117906475077, "u": 9.78935769472532, "v": 8.562691484108381, "x": 74.82859733414473, "y": 72.54317357557437}, "datetime": {"datetime": "2023-02-09 15:39:02", "elapsed": 3372.273104, "delta": 12.696846}}
{"target": -6.696756810768481, "params": {"omega": 0.0, "theta": 10.0, "u": 0.0, "v": 1.3321383500728152, "x": 88.97226242618524, "y": 25.177693182771353}, "datetime": {"datetime": "2023-02-09 15:39:28", "elapsed": 3397.838431, "delta": 25.565327}}
{"target": -3.3121186477590836, "params": {"omega": 0.0, "theta": 10.0, "u": 0.0, "v": 10.0, "x": 86.75787354030679, "y": 78.31700423205947}, "datetime": {"datetime": "2023-02-09 15:39:48", "elapsed": 3417.956499, "delta": 20.118068}}
{"target": -10000.0, "params": {"omega": 0.6004663369305696, "theta": 8.986386382152018, "u": 7.555834331703503, "v": 2.2812241867934437, "x": 49.423208449200374, "y": 66.11466609190386}, "datetime": {"datetime": "2023-02-09 15:40:13", "elapsed": 3443.392013, "delta": 25.435514}}
{"target": -10000.0, "params": {"omega": 1.0, "theta": 2.818482022501437, "u": 0.0, "v": 7.723596629019152, "x": 67.09186119956124, "y": 49.194317975510124}, "datetime": {"datetime": "2023-02-09 15:40:18", "elapsed": 3447.980381, "delta": 4.588368}}
{"target": -21.180760274867872, "params": {"omega": 0.0, "theta": 10.0, "u": 4.22232803112067, "v": 7.275086678983461, "x": 51.68425459838003, "y": 57.59151211056902}, "datetime": {"datetime": "2023-02-09 15:40:27", "elapsed": 3457.338064, "delta": 9.357683}}
{"target": -26.558952641499395, "params": {"omega": 0.2565586724285397, "theta": 8.741849902010232, "u": 3.622101968330347, "v": 9.265941462718853, "x": 67.27025422435354, "y": 49.39610156849522}, "datetime": {"datetime": "2023-02-09 15:40:35", "elapsed": 3465.698711, "delta": 8.360647}}
{"target": -22.669353397424498, "params": {"omega": 0.0, "theta": 4.600922425511804, "u": 2.43413298996916, "v": 10.0, "x": 62.55236803833531, "y": 56.76215584696019}, "datetime": {"datetime": "2023-02-09 15:40:44", "elapsed": 3474.162641, "delta": 8.46393}}
{"target": -25.057865995311747, "params": {"omega": 0.19048399127312732, "theta": 7.690470806720562, "u": 3.298463638143864, "v": 8.771042518739115, "x": 63.861461695771496, "y": 42.53738349619226}, "datetime": {"datetime": "2023-02-09 15:40:52", "elapsed": 3482.235745, "delta": 8.073104}}
{"target": -45.02325958609409, "params": {"omega": 0.7151790857410578, "theta": 9.4707486739993, "u": 3.7047021053658478, "v": 6.807782316403463, "x": 69.66177660800777, "y": 55.794281296420536}, "datetime": {"datetime": "2023-02-09 15:41:01", "elapsed": 3490.988802, "delta": 8.753057}}
{"target": -5.208206777654059, "params": {"omega": 0.0, "theta": 10.0, "u": 0.0, "v": 4.76301509506255, "x": 71.17687752848234, "y": 7.261796469188479}, "datetime": {"datetime": "2023-02-09 15:41:20", "elapsed": 3510.43201, "delta": 19.443208}}
{"target": -24.193018488197186, "params": {"omega": 0.0, "theta": 10.0, "u": 5.18855107748108, "v": 10.0, "x": 74.43113941288232, "y": 70.7396683021929}, "datetime": {"datetime": "2023-02-09 15:41:30", "elapsed": 3519.945821, "delta": 9.513811}}
{"target": -25.022730365310448, "params": {"omega": 0.0, "theta": 9.781579122109486, "u": 5.183808443792972, "v": 9.999008509333631, "x": 71.91123150979057, "y": 60.801235327903406}, "datetime": {"datetime": "2023-02-09 15:41:39", "elapsed": 3529.654482, "delta": 9.708661}}
{"target": -2.6577641533871326, "params": {"omega": 0.0, "theta": 10.0, "u": 0.0, "v": 9.69023533884283, "x": 68.40408010477458, "y": 43.5589137403669}, "datetime": {"datetime": "2023-02-09 15:41:56", "elapsed": 3546.436124, "delta": 16.781642}}
{"target": -10000.0, "params": {"omega": 0.0, "theta": 4.18699692956399, "u": 5.497386398828703, "v": 10.0, "x": 22.528382438390693, "y": 52.117268044320646}, "datetime": {"datetime": "2023-02-09 15:42:16", "elapsed": 3566.098946, "delta": 19.662822}}
{"target": -22.90908460648534, "params": {"omega": 0.0, "theta": 10.0, "u": 5.110404895593562, "v": 6.054602370163594, "x": 98.2364408816128, "y": 84.69324532365569}, "datetime": {"datetime": "2023-02-09 15:42:26", "elapsed": 3576.295054, "delta": 10.196108}}
{"target": -17.58677702739306, "params": {"omega": 0.0, "theta": 7.611585279370719, "u": 2.288747260142387, "v": 7.570795859063232, "x": 20.76701487379993, "y": 44.8906073141234}, "datetime": {"datetime": "2023-02-09 15:42:34", "elapsed": 3584.340168, "delta": 8.045114}}
{"target": -4.119581753755859, "params": {"omega": 0.0, "theta": 8.406526509103882, "u": 0.0, "v": 0.6970460938712966, "x": 69.55603280165933, "y": 60.8782003541669}, "datetime": {"datetime": "2023-02-09 15:42:55", "elapsed": 3604.853641, "delta": 20.513473}}
{"target": -29.105682043994477, "params": {"omega": 0.0, "theta": 7.235078642871572, "u": 4.650719284195486, "v": 7.232361553660551, "x": 69.57836591852102, "y": 44.293943916214126}, "datetime": {"datetime": "2023-02-09 15:43:05", "elapsed": 3615.597113, "delta": 10.743472}}
{"target": -32.816661079302044, "params": {"omega": 1.0, "theta": 6.0942575291112995, "u": 1.38301645921119, "v": 10.0, "x": 91.17895440953781, "y": 87.43529150184621}, "datetime": {"datetime": "2023-02-09 15:43:13", "elapsed": 3622.805988, "delta": 7.208875}}
{"target": -29.18887176454968, "params": {"omega": 0.0, "theta": 7.2765722318230095, "u": 4.682916646928149, "v": 10.0, "x": 60.917201609342605, "y": 49.879791817610005}, "datetime": {"datetime": "2023-02-09 15:43:22", "elapsed": 3632.198763, "delta": 9.392775}}
{"target": -32.526052769841684, "params": {"omega": 0.0, "theta": 9.815861847574054, "u": 5.7136704376745, "v": 2.0132276354293666, "x": 43.18143152911761, "y": 75.6323772516265}, "datetime": {"datetime": "2023-02-09 15:43:39", "elapsed": 3648.766823, "delta": 16.56806}}
{"target": -26.923601181219244, "params": {"omega": 0.0, "theta": 9.047574294143347, "u": 4.296372818945011, "v": 6.678778945781055, "x": 61.22922022606987, "y": 6.580149330439161}, "datetime": {"datetime": "2023-02-09 15:43:48", "elapsed": 3658.22088, "delta": 9.454057}}
{"target": -13.480478829569241, "params": {"omega": 0.0, "theta": 9.626789951202952, "u": 1.8954151036465414, "v": 7.699795140091464, "x": 73.0708966132345, "y": 49.70452833952928}, "datetime": {"datetime": "2023-02-09 15:43:56", "elapsed": 3665.714104, "delta": 7.493224}}
{"target": -36.08045783961257, "params": {"omega": 0.966179745348227, "theta": 3.8802051983059807, "u": 0.5881438156925944, "v": 5.415769549999821, "x": 59.492499141499636, "y": 54.15252592507538}, "datetime": {"datetime": "2023-02-09 15:44:03", "elapsed": 3673.339976, "delta": 7.625872}}
{"target": -10000.0, "params": {"omega": 1.0, "theta": 6.466825334527792, "u": 0.0, "v": 10.0, "x": 44.539856835648386, "y": 52.74827197950677}, "datetime": {"datetime": "2023-02-09 15:44:43", "elapsed": 3713.185003, "delta": 39.845027}}
{"target": -3.285942199538905, "params": {"omega": 0.0, "theta": 6.490028856830897, "u": 0.0, "v": 5.445706687419769, "x": 66.73319894209416, "y": 41.37696312791081}, "datetime": {"datetime": "2023-02-09 15:45:01", "elapsed": 3731.29639, "delta": 18.111387}}
{"target": -14.152741925975903, "params": {"omega": 0.3625029652311662, "theta": 9.71228579671786, "u": 0.41548310128903254, "v": 9.529768791939933, "x": 61.18294325448087, "y": 59.36941155844807}, "datetime": {"datetime": "2023-02-09 15:45:09", "elapsed": 3739.004324, "delta": 7.707934}}
{"target": -30.78839515643747, "params": {"omega": 0.0, "theta": 10.0, "u": 3.6702049547663624, "v": 0.09317134487005603, "x": 89.15120003186426, "y": 30.09812459069663}, "datetime": {"datetime": "2023-02-09 15:45:26", "elapsed": 3756.527735, "delta": 17.523411}}
{"target": -20.138416655071183, "params": {"omega": 0.0, "theta": 4.884378768425074, "u": 2.068573365678183, "v": 3.689794719730424, "x": 17.310037168939164, "y": 47.462240931013824}, "datetime": {"datetime": "2023-02-09 15:45:36", "elapsed": 3765.841676, "delta": 9.313941}}
{"target": -4.060925073560395, "params": {"omega": 0.0, "theta": 10.0, "u": 0.0, "v": 8.317549487402616, "x": 72.12339793265758, "y": 17.974467520719045}, "datetime": {"datetime": "2023-02-09 15:45:54", "elapsed": 3783.952706, "delta": 18.11103}}
{"target": -3.5934887311050816, "params": {"omega": 0.0, "theta": 10.0, "u": 0.0, "v": 10.0, "x": 46.13096505573034, "y": 44.53729584568214}, "datetime": {"datetime": "2023-02-09 15:46:10", "elapsed": 3800.43463, "delta": 16.481924}}
{"target": -2.0785089531715872, "params": {"omega": 0.0, "theta": 10.0, "u": 0.0, "v": 6.160551130307703, "x": 81.99853853493987, "y": 66.13274667272029}, "datetime": {"datetime": "2023-02-09 15:46:29", "elapsed": 3819.087144, "delta": 18.652514}}
{"target": -33.45839560734387, "params": {"omega": 0.0, "theta": 10.0, "u": 6.657444413941816, "v": 4.224975714383563, "x": 76.36604075509732, "y": 2.321893929513598}, "datetime": {"datetime": "2023-02-09 15:46:42", "elapsed": 3831.905738, "delta": 12.818594}}
{"target": -4.997463533601554, "params": {"omega": 0.0, "theta": 6.054699318186451, "u": 0.26155545625845217, "v": 9.089507384442507, "x": 87.74866746636646, "y": 94.89287180809058}, "datetime": {"datetime": "2023-02-09 15:46:48", "elapsed": 3838.281113, "delta": 6.375375}}
{"target": -25.423719310092014, "params": {"omega": 0.7612606952708021, "theta": 6.0748929402549114, "u": 0.3943767236821716, "v": 1.9286882155601803, "x": 76.30281650157713, "y": 61.08907419729055}, "datetime": {"datetime": "2023-02-09 15:46:56", "elapsed": 3845.984121, "delta": 7.703008}}
{"target": -26.178848017710802, "params": {"omega": 0.326368819600226, "theta": 9.77586657066561, "u": 3.1955170153591683, "v": 5.617872902132658, "x": 75.96114245741008, "y": 61.05301557657924}, "datetime": {"datetime": "2023-02-09 15:47:05", "elapsed": 3855.026996, "delta": 9.042875}}
{"target": -19.889155813987124, "params": {"omega": 0.0, "theta": 10.0, "u": 4.165706373101428, "v": 10.0, "x": 81.98734517676525, "y": 80.15657047004598}, "datetime": {"datetime": "2023-02-09 15:47:14", "elapsed": 3864.093263, "delta": 9.066267}}
{"target": -36.71117878426077, "params": {"omega": 0.1345763657878407, "theta": 9.953278931347624, "u": 8.271697925800979, "v": 9.473177081361271, "x": 25.89597438777642, "y": 44.64602374776852}, "datetime": {"datetime": "2023-02-09 15:47:26", "elapsed": 3875.849037, "delta": 11.755774}}
{"target": -3.9329574723948166, "params": {"omega": 0.0, "theta": 10.0, "u": 0.0, "v": 6.043552007268605, "x": 78.66126746891912, "y": 12.880122166603849}, "datetime": {"datetime": "2023-02-09 15:47:44", "elapsed": 3894.325208, "delta": 18.476171}}
{"target": -33.12260276261583, "params": {"omega": 1.0, "theta": 10.0, "u": 2.139791193955203, "v": 10.0, "x": 97.03061701207551, "y": 87.52829465256204}, "datetime": {"datetime": "2023-02-09 15:47:52", "elapsed": 3902.335329, "delta": 8.010121}}
{"target": -31.20889603427761, "params": {"omega": 0.0, "theta": 5.51011991989412, "u": 4.006472638229443, "v": 2.2327290486742495, "x": 64.7116152269162, "y": 45.09544298664068}, "datetime": {"datetime": "2023-02-09 15:48:06", "elapsed": 3915.819763, "delta": 13.484434}}
{"target": -44.991247517720154, "params": {"omega": 0.0, "theta": 9.531872480434515, "u": 9.156419875590233, "v": 6.49732212494562, "x": 23.651077443678574, "y": 6.073245674456113}, "datetime": {"datetime": "2023-02-09 15:48:19", "elapsed": 3929.649109, "delta": 13.829346}}
{"target": -28.24994382765647, "params": {"omega": 0.5796001415492383, "theta": 9.778345092251369, "u": 1.2583309841437673, "v": 4.910651615339026, "x": 36.64152659550732, "y": 54.82169650501285}, "datetime": {"datetime": "2023-02-09 15:48:27", "elapsed": 3937.42186, "delta": 7.772751}}
{"target": -69.78527257341425, "params": {"omega": 0.0, "theta": 4.032989587692943, "u": 8.096172240098614, "v": 8.383551786977689, "x": 21.329336727728816, "y": 7.130717087635188}, "datetime": {"datetime": "2023-02-09 15:48:39", "elapsed": 3949.294868, "delta": 11.873008}}
{"target": -44.94919499024677, "params": {"omega": 0.2843509303434796, "theta": 9.380922182540921, "u": 9.803511301101478, "v": 8.477298986826447, "x": 48.56120123754769, "y": 59.418588671685924}, "datetime": {"datetime": "2023-02-09 15:48:51", "elapsed": 3961.226132, "delta": 11.931264}}
{"target": -2.697395894261827, "params": {"omega": 0.0, "theta": 10.0, "u": 0.0, "v": 9.735580350007805, "x": 34.471248281761056, "y": 50.65330305796609}, "datetime": {"datetime": "2023-02-09 15:49:08", "elapsed": 3978.358006, "delta": 17.131874}}
{"target": -15.189236433308505, "params": {"omega": 0.0, "theta": 10.0, "u": 1.224951093532049, "v": 10.0, "x": 54.537236730707484, "y": 7.549623998112978}, "datetime": {"datetime": "2023-02-09 15:49:15", "elapsed": 3985.121583, "delta": 6.763577}}
{"target": -27.63095730830747, "params": {"omega": 0.0, "theta": 10.0, "u": 6.480906923088876, "v": 5.1245425408401735, "x": 89.66579926771931, "y": 99.50813573804048}, "datetime": {"datetime": "2023-02-09 15:49:29", "elapsed": 3999.517459, "delta": 14.395876}}
{"target": -3.321157523418871, "params": {"omega": 0.0, "theta": 8.114847154035372, "u": 0.0, "v": 4.108343204581918, "x": 73.98274041615797, "y": 54.80433599470028}, "datetime": {"datetime": "2023-02-09 15:49:52", "elapsed": 4022.589908, "delta": 23.072449}}
{"target": -28.936949180232567, "params": {"omega": 0.0, "theta": 10.0, "u": 4.709181024645381, "v": 10.0, "x": 21.425131158732064, "y": 6.758823891172997}, "datetime": {"datetime": "2023-02-09 15:50:02", "elapsed": 4032.689572, "delta": 10.099664}}
{"target": -3.5632099574801552, "params": {"omega": 0.0, "theta": 8.279865413585187, "u": 0.0, "v": 0.0, "x": 68.40492362263416, "y": 52.2354508594996}, "datetime": {"datetime": "2023-02-09 15:50:21", "elapsed": 4051.612279, "delta": 18.922707}}
{"target": -8.951804490553885, "params": {"omega": 0.0, "theta": 9.081869295322166, "u": 0.5166454254294641, "v": 1.962327178862555, "x": 39.88354051575589, "y": 79.58423359823135}, "datetime": {"datetime": "2023-02-09 15:50:29", "elapsed": 4059.338291, "delta": 7.726012}}
{"target": -50.64197699817318, "params": {"omega": 0.17795931379737417, "theta": 5.519752729413706, "u": 7.837905068250263, "v": 9.924017792525834, "x": 45.352089479527834, "y": 65.74634083102444}, "datetime": {"datetime": "2023-02-09 15:50:40", "elapsed": 4070.046066, "delta": 10.707775}}
{"target": -10000.0, "params": {"omega": 0.3373100952754759, "theta": 2.6687330137212606, "u": 0.0, "v": 6.231479576830573, "x": 23.944400882581977, "y": 46.11741211132026}, "datetime": {"datetime": "2023-02-09 15:51:18", "elapsed": 4107.937077, "delta": 37.891011}}
{"target": -53.71283966789255, "params": {"omega": 1.0, "theta": 10.0, "u": 2.6185199532769388, "v": 6.181160593321843, "x": 19.516279008725967, "y": 23.631681946540596}, "datetime": {"datetime": "2023-02-09 15:51:27", "elapsed": 4116.792639, "delta": 8.855562}}
