{"target": -24.910135219925984, "params": {"omega": 0.01, "theta": 0.2, "u": 0.001, "v": 1.0, "x": 99.0, "y": 99.0}, "datetime": {"datetime": "2023-02-08 11:35:06", "elapsed": 0.0, "delta": 0.0}}
{"target": -91.38464623183623, "params": {"omega": 0.417022004702574, "theta": 7.203244934421581, "u": 0.0011437481734488664, "v": 3.0233257263183977, "x": 14.675589081711305, "y": 9.233859476879779}, "datetime": {"datetime": "2023-02-08 11:35:26", "elapsed": 19.35907, "delta": 19.35907}}
{"target": -316.24628401517845, "params": {"omega": 0.1862602113776709, "theta": 3.4556072704304777, "u": 3.9676747423066994, "v": 5.3881673400335695, "x": 41.91945144032948, "y": 68.52195003967594}, "datetime": {"datetime": "2023-02-08 11:36:20", "elapsed": 73.251654, "delta": 53.892584}}
{"target": -182.77430673900673, "params": {"omega": 0.20445224973151743, "theta": 8.781174363909454, "u": 0.27387593197926163, "v": 6.704675101784022, "x": 41.730480236712694, "y": 55.868982844575164}, "datetime": {"datetime": "2023-02-08 11:36:59", "elapsed": 112.815597, "delta": 39.563943}}
{"target": -1000.0, "params": {"omega": 0.14038693859523377, "theta": 1.981014890848788, "u": 8.007445686755366, "v": 9.682615757193975, "x": 31.342417815924286, "y": 69.23226156693141}, "datetime": {"datetime": "2023-02-08 11:37:07", "elapsed": 120.638023, "delta": 7.822426}}
{"target": -664.239870870299, "params": {"omega": 0.8763891522960383, "theta": 8.946066635038473, "u": 0.8504421136977791, "v": 0.3905478323288236, "x": 16.98304195645689, "y": 87.8142503429413}, "datetime": {"datetime": "2023-02-08 11:37:58", "elapsed": 172.016105, "delta": 51.378082}}
{"target": -617.5739901464491, "params": {"omega": 0.0983468338330501, "theta": 4.211076250050522, "u": 9.57889530150502, "v": 5.331652849730171, "x": 69.18771139504733, "y": 31.551563100606295}, "datetime": {"datetime": "2023-02-08 11:38:48", "elapsed": 221.784465, "delta": 49.76836}}
{"target": -84.74515005073424, "params": {"omega": 0.6865009276815837, "theta": 8.346256718973729, "u": 0.18288277344191806, "v": 7.501443149449675, "x": 98.88610889064947, "y": 74.81656543798394}, "datetime": {"datetime": "2023-02-08 11:39:06", "elapsed": 239.460387, "delta": 17.675922}}
{"target": -1000.0, "params": {"omega": 0.2804439920644052, "theta": 7.892793284514886, "u": 1.0322600657764203, "v": 4.478935261759052, "x": 90.85955030930955, "y": 29.36141483736795}, "datetime": {"datetime": "2023-02-08 11:39:43", "elapsed": 276.213422, "delta": 36.753035}}
{"target": -898.3850855847336, "params": {"omega": 0.28777533858634874, "theta": 1.3002857211827767, "u": 0.19366957870297075, "v": 6.788355329398909, "x": 21.162811600005902, "y": 26.554665937222623}, "datetime": {"datetime": "2023-02-08 11:40:28", "elapsed": 322.077758, "delta": 45.864336}}
{"target": -545.2661853284575, "params": {"omega": 0.4915731592803383, "theta": 0.5336254511708038, "u": 5.741176054920131, "v": 1.4672857490581015, "x": 58.93055369032842, "y": 69.97583600209312}, "datetime": {"datetime": "2023-02-08 11:41:15", "elapsed": 369.084142, "delta": 47.006384}}
{"target": -533.104464215328, "params": {"omega": 0.10233442882782584, "theta": 4.140559878195683, "u": 6.944001577277451, "v": 4.141792695269027, "x": 4.995345894608716, "y": 53.58964059155116}, "datetime": {"datetime": "2023-02-08 11:42:01", "elapsed": 414.586655, "delta": 45.502513}}
{"target": -2203.4202477326185, "params": {"omega": 0.6637946452197888, "theta": 5.148891120583086, "u": 9.445947559908133, "v": 5.865550405019929, "x": 90.34019152878835, "y": 13.747470414623752}, "datetime": {"datetime": "2023-02-08 11:42:48", "elapsed": 461.784445, "delta": 47.19779}}
{"target": -358.32849334588474, "params": {"omega": 0.13927634725075855, "theta": 8.073912887095238, "u": 3.9767683698553355, "v": 1.6535419711693278, "x": 92.75085803960339, "y": 34.776585974550656}, "datetime": {"datetime": "2023-02-08 11:43:33", "elapsed": 506.69644, "delta": 44.911995}}
{"target": -1006.3102421346954, "params": {"omega": 0.7508121031361555, "theta": 7.259979853504515, "u": 8.833060912058098, "v": 6.236722070556089, "x": 75.09424340273372, "y": 34.88983419778425}, "datetime": {"datetime": "2023-02-08 11:44:18", "elapsed": 551.36626, "delta": 44.66982}}
{"target": -101.60791291329333, "params": {"omega": 0.2699278917650261, "theta": 8.958862181960669, "u": 4.280911898712949, "v": 9.648400471483855, "x": 66.3441497818448, "y": 62.16957202091218}, "datetime": {"datetime": "2023-02-08 11:45:07", "elapsed": 600.128671, "delta": 48.762411}}
{"target": -132.40934082044038, "params": {"omega": 0.11474597295337519, "theta": 9.494892587070712, "u": 4.499121334799405, "v": 5.783896143871318, "x": 40.81368027612812, "y": 23.70269802430277}, "datetime": {"datetime": "2023-02-08 11:45:56", "elapsed": 649.376759, "delta": 49.248088}}
{"target": -108.99156208747911, "params": {"omega": 0.9033795205622538, "theta": 5.7367948667228585, "u": 0.0287032703115897, "v": 6.171449136207238, "x": 32.664490177209615, "y": 52.70581022576093}, "datetime": {"datetime": "2023-02-08 11:46:11", "elapsed": 664.612676, "delta": 15.235917}}
{"target": -762.2553434328216, "params": {"omega": 0.8859420993107745, "theta": 3.5726976000249975, "u": 9.085351509197992, "v": 6.233601157918027, "x": 1.5821242846556283, "y": 92.94372337437613}, "datetime": {"datetime": "2023-02-08 11:46:56", "elapsed": 709.698846, "delta": 45.08617}}
{"target": -457.4014467648053, "params": {"omega": 0.690896917516924, "theta": 9.973228504514806, "u": 1.7234050834532855, "v": 1.3713574962887776, "x": 93.25954630371636, "y": 69.68181614899002}, "datetime": {"datetime": "2023-02-08 11:47:45", "elapsed": 758.495225, "delta": 48.796379}}
{"target": -239.53626458733905, "params": {"omega": 0.06600017272206249, "theta": 7.554630526024663, "u": 7.538761884612464, "v": 9.230245355464833, "x": 71.15247586284717, "y": 12.42709619721647}, "datetime": {"datetime": "2023-02-08 11:48:34", "elapsed": 807.143471, "delta": 48.648246}}
{"target": -290.73669472528667, "params": {"omega": 0.01988013383979559, "theta": 0.2621098687771928, "u": 0.28306488020794607, "v": 2.462110676030459, "x": 86.0027948682888, "y": 53.883106434165285}, "datetime": {"datetime": "2023-02-08 11:49:20", "elapsed": 853.164115, "delta": 46.020644}}
{"target": -92.78794078485652, "params": {"omega": 0.5528219786857659, "theta": 8.420308923596057, "u": 1.2417331511991114, "v": 2.791836790111395, "x": 58.575927145828786, "y": 96.95957483196746}, "datetime": {"datetime": "2023-02-08 11:50:08", "elapsed": 901.867458, "delta": 48.703343}}
{"target": -1000.0, "params": {"omega": 0.56103021925571, "theta": 0.1864728937294302, "u": 8.006326726806163, "v": 2.3297427384102045, "x": 80.71051956187792, "y": 38.786064406417175}, "datetime": {"datetime": "2023-02-08 11:50:16", "elapsed": 909.487533, "delta": 7.620075}}
{"target": -901.8078085114164, "params": {"omega": 0.8635418545594287, "theta": 7.471216427371846, "u": 5.562402339904189, "v": 1.3645522566068502, "x": 5.991768951221166, "y": 12.134345574073734}, "datetime": {"datetime": "2023-02-08 11:51:01", "elapsed": 954.527334, "delta": 45.039801}}
{"target": -1064.5574866811542, "params": {"omega": 0.044551878544761725, "theta": 1.074941291060929, "u": 2.257093386078547, "v": 7.129889803826766, "x": 55.97169820541424, "y": 1.2555980159115854}, "datetime": {"datetime": "2023-02-08 11:51:49", "elapsed": 1002.198334, "delta": 47.671}}
{"target": -328.350559000836, "params": {"omega": 0.07197427968948678, "theta": 9.672763300002721, "u": 5.681004619199421, "v": 2.032932346609905, "x": 25.232574457032342, "y": 74.3825854075093}, "datetime": {"datetime": "2023-02-08 11:52:33", "elapsed": 1046.478923, "delta": 44.280589}}
{"target": -481.75712327581374, "params": {"omega": 0.1954294811093188, "theta": 5.813589272732578, "u": 9.700199890883123, "v": 8.468288014900352, "x": 23.984775914758615, "y": 49.376971426873}, "datetime": {"datetime": "2023-02-08 11:53:17", "elapsed": 1091.084906, "delta": 44.605983}}
{"target": -468.83276861170805, "params": {"omega": 0.6199557183813798, "theta": 8.289808995501787, "u": 1.5679139464608427, "v": 0.18576202177409518, "x": 7.002214371922233, "y": 48.63451109370318}, "datetime": {"datetime": "2023-02-08 11:54:02", "elapsed": 1135.22992, "delta": 44.145014}}
{"target": -213.62753853075336, "params": {"omega": 0.6063294616533303, "theta": 5.688514370864813, "u": 3.1736240932216075, "v": 9.886161544124489, "x": 57.97452192457969, "y": 38.01411726235504}, "datetime": {"datetime": "2023-02-08 11:54:50", "elapsed": 1183.419827, "delta": 48.189907}}
{"target": -700.4447412981693, "params": {"omega": 0.5509482191178968, "theta": 7.453344309065021, "u": 6.6923289345318455, "v": 2.649195576628094, "x": 6.633483442844157, "y": 37.00841979141063}, "datetime": {"datetime": "2023-02-08 11:55:34", "elapsed": 1227.48288, "delta": 44.063053}}
{"target": -815.2322058851555, "params": {"omega": 0.6297175070215645, "theta": 2.1017400991483957, "u": 7.527555537388139, "v": 0.6653648135411494, "x": 26.031509857854097, "y": 80.47545637433454}, "datetime": {"datetime": "2023-02-08 11:56:19", "elapsed": 1272.303233, "delta": 44.820353}}
{"target": -208.60943451180566, "params": {"omega": 0.19343428262332774, "theta": 6.3946088087994015, "u": 5.246703091237337, "v": 9.248079703993508, "x": 26.329677048711098, "y": 6.596109068402378}, "datetime": {"datetime": "2023-02-08 11:57:07", "elapsed": 1320.42925, "delta": 48.126017}}
{"target": -461.78934478023706, "params": {"omega": 0.7350659632886695, "theta": 7.721780295432468, "u": 9.07815852503524, "v": 9.319720691968373, "x": 1.3951572975597015, "y": 23.43620861214205}, "datetime": {"datetime": "2023-02-08 11:57:55", "elapsed": 1368.708678, "delta": 48.279428}}
{"target": -680.6367771105234, "params": {"omega": 0.6167783570016576, "theta": 9.490163206876165, "u": 9.501761192470797, "v": 5.566531881951564, "x": 91.56063497662745, "y": 64.15662089463375}, "datetime": {"datetime": "2023-02-08 11:58:40", "elapsed": 1413.172506, "delta": 44.463828}}
{"target": -719.7794117323011, "params": {"omega": 0.39000771414124624, "theta": 4.859906670969098, "u": 6.0431048291997325, "v": 5.495479215085625, "x": 92.61814267064537, "y": 91.8733435633606}, "datetime": {"datetime": "2023-02-08 11:59:24", "elapsed": 1457.784057, "delta": 44.611551}}
{"target": -387.2458793727184, "params": {"omega": 0.3948756129235549, "theta": 9.632625284407117, "u": 1.7395566668046436, "v": 1.2632951943963733, "x": 13.507915804673132, "y": 50.56621656768967}, "datetime": {"datetime": "2023-02-08 12:00:09", "elapsed": 1502.487164, "delta": 44.703107}}
{"target": -232.47603165927868, "params": {"omega": 0.021524805274197978, "theta": 9.47970211217681, "u": 8.271154711707325, "v": 0.1501898074212238, "x": 17.619625557505525, "y": 33.206357436683696}, "datetime": {"datetime": "2023-02-08 12:00:53", "elapsed": 1546.230245, "delta": 43.743081}}
{"target": -1000.0, "params": {"omega": 0.1309968448109169, "theta": 8.094906921265821, "u": 3.4473665268329343, "v": 9.401074823333671, "x": 58.201417994708, "y": 87.8831984411844}, "datetime": {"datetime": "2023-02-08 12:01:35", "elapsed": 1589.035155, "delta": 42.80491}}
{"target": -378.61073060653814, "params": {"omega": 0.8447344453922219, "theta": 9.053923187086493, "u": 4.598802658168069, "v": 5.463468160203733, "x": 79.86035911520393, "y": 28.571885173414756}, "datetime": {"datetime": "2023-02-08 12:02:23", "elapsed": 1636.765389, "delta": 47.730234}}
{"target": -62.30272428917274, "params": {"omega": 0.4902535226199277, "theta": 5.991103076458783, "u": 0.15533275550835723, "v": 5.934814081966372, "x": 43.36763489894583, "y": 80.73605288848414}, "datetime": {"datetime": "2023-02-08 12:02:40", "elapsed": 1653.976143, "delta": 17.210754}}
{"target": -502.0574417853738, "params": {"omega": 0.31524480309537295, "theta": 8.928887085251514, "u": 5.778572152845355, "v": 1.8401020162746506, "x": 78.79292338255043, "y": 61.203117704493394}, "datetime": {"datetime": "2023-02-08 12:03:24", "elapsed": 1697.962375, "delta": 43.986232}}
{"target": -350.2704359438673, "params": {"omega": 0.053909272073752956, "theta": 4.201936800011322, "u": 6.790688365654296, "v": 9.18601777977526, "x": 0.04020248913574331, "y": 97.67591490310596}, "datetime": {"datetime": "2023-02-08 12:04:12", "elapsed": 1745.6061, "delta": 47.643725}}
{"target": -205.05526437348306, "params": {"omega": 0.37658031474577447, "theta": 9.737835383583226, "u": 6.04716100974053, "v": 8.28845807980693, "x": 57.47115047081023, "y": 62.80761983073504}, "datetime": {"datetime": "2023-02-08 12:05:00", "elapsed": 1793.215283, "delta": 47.609183}}
{"target": -358.049769519809, "params": {"omega": 0.28557628169569393, "theta": 5.868333406560829, "u": 7.5002176370266, "v": 8.583138364290424, "x": 75.50821884676802, "y": 69.80572484473029}, "datetime": {"datetime": "2023-02-08 12:05:47", "elapsed": 1840.94855, "delta": 47.733267}}
{"target": -1000.0, "params": {"omega": 0.8644794300545998, "theta": 3.2268099683674647, "u": 6.707887907875873, "v": 4.508739364133492, "x": 38.210275203151724, "y": 41.08113499221856}, "datetime": {"datetime": "2023-02-08 12:05:55", "elapsed": 1848.688205, "delta": 7.739655}}
{"target": -2157.8581691472496, "params": {"omega": 0.4014795834695406, "theta": 3.1738394595827693, "u": 6.2191936792030145, "v": 4.302472708212644, "x": 97.38020779272523, "y": 67.78008914343111}, "datetime": {"datetime": "2023-02-08 12:06:42", "elapsed": 1895.380841, "delta": 46.692636}}
{"target": -161.78318990460153, "params": {"omega": 0.19856988842711087, "theta": 4.267010093480328, "u": 3.43346239774423, "v": 7.9763880395856654, "x": 87.99982885634317, "y": 90.38419558263719}, "datetime": {"datetime": "2023-02-08 12:07:30", "elapsed": 1943.219904, "delta": 47.839063}}
{"target": -1000.0, "params": {"omega": 0.6627198123752622, "theta": 2.7020826202975776, "u": 2.5236670150458975, "v": 8.548979426974023, "x": 52.77146463087467, "y": 80.2161084004598}, "datetime": {"datetime": "2023-02-08 12:07:36", "elapsed": 1949.341382, "delta": 6.121478}}
{"target": -303.27746641633314, "params": {"omega": 0.5724885171916063, "theta": 7.331425252875111, "u": 5.190116274640558, "v": 7.70883910501888, "x": 56.885799070471556, "y": 46.570987859198084}, "datetime": {"datetime": "2023-02-08 12:08:24", "elapsed": 1997.11453, "delta": 47.773148}}
{"target": -1000.0, "params": {"omega": 0.3426889079532818, "theta": 0.6820934841670412, "u": 3.7792417932809985, "v": 0.7962607769825236, "x": 98.2817113730445, "y": 18.161285133076376}, "datetime": {"datetime": "2023-02-08 12:08:31", "elapsed": 2004.51745, "delta": 7.40292}}
{"target": -635.3564924880858, "params": {"omega": 0.8118586977205398, "theta": 8.749616449558982, "u": 6.884132523859433, "v": 5.694944127453757, "x": 16.097143681560876, "y": 46.68800227633063}, "datetime": {"datetime": "2023-02-08 12:09:15", "elapsed": 2048.816207, "delta": 44.298757}}
{"target": -2375.414517154131, "params": {"omega": 0.345172051155215, "theta": 2.250399578140846, "u": 5.925118687657967, "v": 3.1226983770191694, "x": 91.63055534683508, "y": 90.96355249515571}, "datetime": {"datetime": "2023-02-08 12:10:03", "elapsed": 2096.814077, "delta": 47.99787}}
{"target": -1000.0, "params": {"omega": 0.2571182937821962, "theta": 1.108913007440292, "u": 1.9296273201911285, "v": 4.995841706788861, "x": 72.85856679745962, "y": 20.81944384087915}, "datetime": {"datetime": "2023-02-08 12:10:09", "elapsed": 2102.891835, "delta": 6.077758}}
{"target": -1000.0, "params": {"omega": 0.24803355837723073, "theta": 8.516718749363669, "u": 4.158487182675273, "v": 6.166850671552362, "x": 23.366613923925005, "y": 10.196725942579743}, "datetime": {"datetime": "2023-02-08 12:10:49", "elapsed": 2142.562918, "delta": 39.671083}}
{"target": -1000.0, "params": {"omega": 0.5158570169685298, "theta": 4.771409870497823, "u": 1.5267164409316325, "v": 6.218062317404155, "x": 54.40101188139381, "y": 65.41373469707443}, "datetime": {"datetime": "2023-02-08 12:10:50", "elapsed": 2143.938307, "delta": 1.375389}}
{"target": -1000.0, "params": {"omega": 0.1445455401246598, "theta": 7.515278171352438, "u": 2.220491397999227, "v": 5.19351824366033, "x": 78.52960282216189, "y": 2.233042799180618}, "datetime": {"datetime": "2023-02-08 12:10:51", "elapsed": 2144.436796, "delta": 0.498489}}
